WARNING:tensorflow:From /usr/local/lib/python3.6/dist-packages/tensorflow/python/ops/resource_variable_ops.py:435: colocate_with (from tensorflow.python.framework.ops) is deprecated and will be removed in a future version.
Instructions for updating:
Colocations handled automatically by placer.
WARNING:tensorflow:From /usr/local/lib/python3.6/dist-packages/tensorflow/python/keras/backend.py:4010: calling dropout (from tensorflow.python.ops.nn_ops) with keep_prob is deprecated and will be removed in a future version.
Instructions for updating:
Please use `rate` instead of `keep_prob`. Rate should be set to `rate = 1 - keep_prob`.
WARNING:tensorflow:From /usr/local/lib/python3.6/dist-packages/tensorflow/python/ops/math_ops.py:3066: to_int32 (from tensorflow.python.ops.math_ops) is deprecated and will be removed in a future version.
Instructions for updating:
Use tf.cast instead.
2019-06-26 13:08:40.638021: I tensorflow/core/platform/profile_utils/cpu_utils.cc:94] CPU Frequency: 2593550000 Hz
2019-06-26 13:08:40.640033: I tensorflow/compiler/xla/service/service.cc:150] XLA service 0x185efd0 executing computations on platform Host. Devices:
2019-06-26 13:08:40.640061: I tensorflow/compiler/xla/service/service.cc:158]   StreamExecutor device (0): <undefined>, <undefined>
_________________________________________________________________
Layer (type)                 Output Shape              Param #   
=================================================================
input_2 (InputLayer)         (None, 512, 256)          0         
_________________________________________________________________
lstm (LSTM)                  (None, 16)                17472     
_________________________________________________________________
dense (Dense)                (None, 3)                 51        
_________________________________________________________________
activation (Activation)      (None, 3)                 0         
=================================================================
Total params: 17,523
Trainable params: 17,523
Non-trainable params: 0
_________________________________________________________________
Epoch 1/150
10/10 [==============================] - 2s 168ms/step - loss: 0.6381 - acc: 0.6900
100/100 [==============================] - 54s 543ms/step - loss: 0.9784 - acc: 0.5333 - val_loss: 0.6381 - val_acc: 0.6900
Epoch 2/150
10/10 [==============================] - 2s 150ms/step - loss: 0.5680 - acc: 0.6100
100/100 [==============================] - 53s 531ms/step - loss: 0.6474 - acc: 0.6833 - val_loss: 0.5680 - val_acc: 0.6100
Epoch 3/150
10/10 [==============================] - 2s 152ms/step - loss: 0.5302 - acc: 0.6800
100/100 [==============================] - 53s 533ms/step - loss: 0.5553 - acc: 0.7500 - val_loss: 0.5302 - val_acc: 0.6800
Epoch 4/150
10/10 [==============================] - 2s 150ms/step - loss: 0.5919 - acc: 0.5900
100/100 [==============================] - 54s 536ms/step - loss: 0.5065 - acc: 0.7333 - val_loss: 0.5919 - val_acc: 0.5900
Epoch 5/150
10/10 [==============================] - 1s 150ms/step - loss: 0.4391 - acc: 0.7300
100/100 [==============================] - 53s 535ms/step - loss: 0.5307 - acc: 0.7900 - val_loss: 0.4391 - val_acc: 0.7300
Epoch 6/150
10/10 [==============================] - 2s 151ms/step - loss: 0.5294 - acc: 0.7100
100/100 [==============================] - 54s 537ms/step - loss: 0.4911 - acc: 0.7333 - val_loss: 0.5294 - val_acc: 0.7100
Epoch 7/150
10/10 [==============================] - 1s 148ms/step - loss: 0.4992 - acc: 0.6600
100/100 [==============================] - 53s 527ms/step - loss: 0.4570 - acc: 0.8100 - val_loss: 0.4992 - val_acc: 0.6600
Epoch 8/150
10/10 [==============================] - 1s 145ms/step - loss: 0.5001 - acc: 0.6800
100/100 [==============================] - 53s 529ms/step - loss: 0.4596 - acc: 0.7967 - val_loss: 0.5001 - val_acc: 0.6800
Epoch 9/150
10/10 [==============================] - 1s 148ms/step - loss: 0.4342 - acc: 0.7600
100/100 [==============================] - 52s 524ms/step - loss: 0.4596 - acc: 0.8233 - val_loss: 0.4342 - val_acc: 0.7600
Epoch 10/150
10/10 [==============================] - 1s 149ms/step - loss: 0.5939 - acc: 0.6200
100/100 [==============================] - 53s 532ms/step - loss: 0.4371 - acc: 0.8167 - val_loss: 0.5939 - val_acc: 0.6200
Epoch 11/150
10/10 [==============================] - 1s 150ms/step - loss: 0.5010 - acc: 0.7100
100/100 [==============================] - 54s 536ms/step - loss: 0.3985 - acc: 0.8633 - val_loss: 0.5010 - val_acc: 0.7100
Epoch 12/150
10/10 [==============================] - 1s 133ms/step - loss: 0.5070 - acc: 0.6500
100/100 [==============================] - 53s 533ms/step - loss: 0.3773 - acc: 0.8300 - val_loss: 0.5070 - val_acc: 0.6500
Epoch 13/150
10/10 [==============================] - 2s 151ms/step - loss: 0.5147 - acc: 0.7300
100/100 [==============================] - 54s 538ms/step - loss: 0.3881 - acc: 0.8600 - val_loss: 0.5147 - val_acc: 0.7300
Epoch 14/150
10/10 [==============================] - 2s 154ms/step - loss: 0.3600 - acc: 0.8200
100/100 [==============================] - 54s 538ms/step - loss: 0.3424 - acc: 0.8900 - val_loss: 0.3600 - val_acc: 0.8200
Epoch 15/150
10/10 [==============================] - 1s 147ms/step - loss: 0.6096 - acc: 0.6500
100/100 [==============================] - 54s 535ms/step - loss: 0.3055 - acc: 0.8733 - val_loss: 0.6096 - val_acc: 0.6500
Epoch 16/150
10/10 [==============================] - 2s 152ms/step - loss: 0.4704 - acc: 0.7800
100/100 [==============================] - 54s 538ms/step - loss: 0.2944 - acc: 0.8800 - val_loss: 0.4704 - val_acc: 0.7800
Epoch 17/150
10/10 [==============================] - 1s 149ms/step - loss: 0.6698 - acc: 0.6900
100/100 [==============================] - 54s 537ms/step - loss: 0.2236 - acc: 0.9200 - val_loss: 0.6698 - val_acc: 0.6900

real	15m12.794s
user	64m54.965s
sys	18m16.667s
