WARNING:tensorflow:From /usr/local/lib/python3.6/dist-packages/tensorflow/python/ops/resource_variable_ops.py:435: colocate_with (from tensorflow.python.framework.ops) is deprecated and will be removed in a future version.
Instructions for updating:
Colocations handled automatically by placer.
WARNING:tensorflow:From /usr/local/lib/python3.6/dist-packages/tensorflow/python/keras/backend.py:4010: calling dropout (from tensorflow.python.ops.nn_ops) with keep_prob is deprecated and will be removed in a future version.
Instructions for updating:
Please use `rate` instead of `keep_prob`. Rate should be set to `rate = 1 - keep_prob`.
WARNING:tensorflow:From /usr/local/lib/python3.6/dist-packages/tensorflow/python/ops/math_ops.py:3066: to_int32 (from tensorflow.python.ops.math_ops) is deprecated and will be removed in a future version.
Instructions for updating:
Use tf.cast instead.
2019-06-26 09:41:56.151934: I tensorflow/core/platform/profile_utils/cpu_utils.cc:94] CPU Frequency: 2593550000 Hz
2019-06-26 09:41:56.153900: I tensorflow/compiler/xla/service/service.cc:150] XLA service 0x14d4a70 executing computations on platform Host. Devices:
2019-06-26 09:41:56.153924: I tensorflow/compiler/xla/service/service.cc:158]   StreamExecutor device (0): <undefined>, <undefined>
_________________________________________________________________
Layer (type)                 Output Shape              Param #   
=================================================================
input_2 (InputLayer)         (None, 512, 256)          0         
_________________________________________________________________
conv1d (Conv1D)              (None, 512, 16)           16400     
_________________________________________________________________
max_pooling1d (MaxPooling1D) (None, 256, 16)           0         
_________________________________________________________________
lstm (LSTM)                  (None, 16)                2112      
_________________________________________________________________
dense (Dense)                (None, 3)                 51        
_________________________________________________________________
activation (Activation)      (None, 3)                 0         
=================================================================
Total params: 18,563
Trainable params: 18,563
Non-trainable params: 0
_________________________________________________________________
Epoch 1/1000
10/10 [==============================] - 1s 89ms/step - loss: 1.0979 - acc: 0.3700
100/100 [==============================] - 33s 328ms/step - loss: 1.0986 - acc: 0.3400 - val_loss: 1.0979 - val_acc: 0.3700
Epoch 2/1000
10/10 [==============================] - 1s 72ms/step - loss: 1.0895 - acc: 0.3500
100/100 [==============================] - 32s 319ms/step - loss: 1.0813 - acc: 0.4333 - val_loss: 1.0895 - val_acc: 0.3500
Epoch 3/1000
10/10 [==============================] - 1s 73ms/step - loss: 1.0658 - acc: 0.4000
100/100 [==============================] - 32s 320ms/step - loss: 1.0512 - acc: 0.4800 - val_loss: 1.0658 - val_acc: 0.4000
Epoch 4/1000
10/10 [==============================] - 1s 71ms/step - loss: 1.2444 - acc: 0.2900
100/100 [==============================] - 32s 318ms/step - loss: 1.0165 - acc: 0.4633 - val_loss: 1.2444 - val_acc: 0.2900
Epoch 5/1000
10/10 [==============================] - 1s 71ms/step - loss: 1.0463 - acc: 0.3900
100/100 [==============================] - 32s 319ms/step - loss: 0.9846 - acc: 0.4633 - val_loss: 1.0463 - val_acc: 0.3900
Epoch 6/1000
10/10 [==============================] - 1s 73ms/step - loss: 1.1302 - acc: 0.3300
100/100 [==============================] - 32s 319ms/step - loss: 0.9584 - acc: 0.5200 - val_loss: 1.1302 - val_acc: 0.3300
Epoch 7/1000
10/10 [==============================] - 1s 69ms/step - loss: 1.0959 - acc: 0.3700
100/100 [==============================] - 32s 316ms/step - loss: 0.8960 - acc: 0.5633 - val_loss: 1.0959 - val_acc: 0.3700
Epoch 8/1000
10/10 [==============================] - 1s 72ms/step - loss: 1.0462 - acc: 0.4600
100/100 [==============================] - 32s 318ms/step - loss: 0.9897 - acc: 0.5000 - val_loss: 1.0462 - val_acc: 0.4600
Epoch 9/1000
10/10 [==============================] - 1s 70ms/step - loss: 1.0116 - acc: 0.5000
100/100 [==============================] - 32s 317ms/step - loss: 1.0329 - acc: 0.4900 - val_loss: 1.0116 - val_acc: 0.5000
Epoch 10/1000
10/10 [==============================] - 1s 72ms/step - loss: 1.0776 - acc: 0.4200
100/100 [==============================] - 32s 316ms/step - loss: 1.0746 - acc: 0.4000 - val_loss: 1.0776 - val_acc: 0.4200
Epoch 11/1000
10/10 [==============================] - 1s 73ms/step - loss: 1.0659 - acc: 0.3500
100/100 [==============================] - 32s 318ms/step - loss: 1.0555 - acc: 0.4767 - val_loss: 1.0659 - val_acc: 0.3500
Epoch 12/1000
10/10 [==============================] - 1s 70ms/step - loss: 1.0696 - acc: 0.3900
100/100 [==============================] - 32s 317ms/step - loss: 1.0530 - acc: 0.4800 - val_loss: 1.0696 - val_acc: 0.3900
Epoch 13/1000
10/10 [==============================] - 1s 71ms/step - loss: 1.0540 - acc: 0.4200
100/100 [==============================] - 32s 318ms/step - loss: 1.0509 - acc: 0.5733 - val_loss: 1.0540 - val_acc: 0.4200
Epoch 14/1000
10/10 [==============================] - 1s 70ms/step - loss: 1.0492 - acc: 0.3500
100/100 [==============================] - 30s 298ms/step - loss: 1.0399 - acc: 0.4867 - val_loss: 1.0492 - val_acc: 0.3500
Epoch 15/1000
10/10 [==============================] - 1s 66ms/step - loss: 1.0514 - acc: 0.4300
100/100 [==============================] - 29s 287ms/step - loss: 1.0346 - acc: 0.4900 - val_loss: 1.0514 - val_acc: 0.4300
Epoch 16/1000
10/10 [==============================] - 1s 65ms/step - loss: 1.0885 - acc: 0.3200
100/100 [==============================] - 29s 289ms/step - loss: 0.9875 - acc: 0.5467 - val_loss: 1.0885 - val_acc: 0.3200
Epoch 17/1000
10/10 [==============================] - 1s 64ms/step - loss: 1.0466 - acc: 0.3900
100/100 [==============================] - 29s 285ms/step - loss: 0.9620 - acc: 0.5333 - val_loss: 1.0466 - val_acc: 0.3900
Epoch 18/1000
10/10 [==============================] - 1s 72ms/step - loss: 1.0910 - acc: 0.3700
100/100 [==============================] - 29s 287ms/step - loss: 0.9141 - acc: 0.5667 - val_loss: 1.0910 - val_acc: 0.3700
Epoch 19/1000
10/10 [==============================] - 1s 70ms/step - loss: 1.0876 - acc: 0.3800
100/100 [==============================] - 29s 288ms/step - loss: 0.9528 - acc: 0.5233 - val_loss: 1.0876 - val_acc: 0.3800
Epoch 20/1000
10/10 [==============================] - 1s 61ms/step - loss: 1.0490 - acc: 0.3600
100/100 [==============================] - 28s 282ms/step - loss: 0.9015 - acc: 0.5467 - val_loss: 1.0490 - val_acc: 0.3600
Epoch 21/1000
10/10 [==============================] - 1s 69ms/step - loss: 1.1488 - acc: 0.3500
100/100 [==============================] - 31s 307ms/step - loss: 0.8734 - acc: 0.5800 - val_loss: 1.1488 - val_acc: 0.3500
Epoch 22/1000
10/10 [==============================] - 1s 72ms/step - loss: 1.1321 - acc: 0.4000
100/100 [==============================] - 32s 318ms/step - loss: 0.8607 - acc: 0.6167 - val_loss: 1.1321 - val_acc: 0.4000
Epoch 23/1000
10/10 [==============================] - 1s 72ms/step - loss: 1.1592 - acc: 0.3600
100/100 [==============================] - 32s 318ms/step - loss: 0.8739 - acc: 0.5467 - val_loss: 1.1592 - val_acc: 0.3600
Epoch 24/1000
10/10 [==============================] - 1s 70ms/step - loss: 1.1341 - acc: 0.4000
100/100 [==============================] - 32s 317ms/step - loss: 0.8645 - acc: 0.5833 - val_loss: 1.1341 - val_acc: 0.4000
Epoch 25/1000
10/10 [==============================] - 1s 71ms/step - loss: 1.1084 - acc: 0.3500
100/100 [==============================] - 32s 318ms/step - loss: 0.8250 - acc: 0.5967 - val_loss: 1.1084 - val_acc: 0.3500
Epoch 26/1000
10/10 [==============================] - 1s 70ms/step - loss: 1.0747 - acc: 0.3400
100/100 [==============================] - 32s 319ms/step - loss: 0.8397 - acc: 0.5900 - val_loss: 1.0747 - val_acc: 0.3400
Epoch 27/1000
10/10 [==============================] - 1s 72ms/step - loss: 1.0998 - acc: 0.4200
100/100 [==============================] - 32s 317ms/step - loss: 0.7678 - acc: 0.6600 - val_loss: 1.0998 - val_acc: 0.4200
Epoch 28/1000
10/10 [==============================] - 1s 70ms/step - loss: 1.2071 - acc: 0.3200
100/100 [==============================] - 32s 317ms/step - loss: 0.7868 - acc: 0.6267 - val_loss: 1.2071 - val_acc: 0.3200
Epoch 29/1000
10/10 [==============================] - 1s 71ms/step - loss: 1.0661 - acc: 0.4300
100/100 [==============================] - 32s 318ms/step - loss: 0.7768 - acc: 0.6300 - val_loss: 1.0661 - val_acc: 0.4300
Epoch 30/1000
10/10 [==============================] - 1s 72ms/step - loss: 1.2287 - acc: 0.3100
100/100 [==============================] - 32s 318ms/step - loss: 0.7367 - acc: 0.6167 - val_loss: 1.2287 - val_acc: 0.3100
Epoch 31/1000
10/10 [==============================] - 1s 69ms/step - loss: 1.1801 - acc: 0.4200
100/100 [==============================] - 32s 317ms/step - loss: 0.7160 - acc: 0.6833 - val_loss: 1.1801 - val_acc: 0.4200
Epoch 32/1000
10/10 [==============================] - 1s 71ms/step - loss: 1.3027 - acc: 0.3200
100/100 [==============================] - 32s 317ms/step - loss: 0.7144 - acc: 0.6933 - val_loss: 1.3027 - val_acc: 0.3200
Epoch 33/1000
10/10 [==============================] - 1s 71ms/step - loss: 1.2274 - acc: 0.3500
100/100 [==============================] - 32s 317ms/step - loss: 0.7219 - acc: 0.7133 - val_loss: 1.2274 - val_acc: 0.3500
Epoch 34/1000
10/10 [==============================] - 1s 69ms/step - loss: 1.2456 - acc: 0.3000
100/100 [==============================] - 32s 316ms/step - loss: 0.7275 - acc: 0.6500 - val_loss: 1.2456 - val_acc: 0.3000
Epoch 35/1000
10/10 [==============================] - 1s 70ms/step - loss: 1.3326 - acc: 0.3400
100/100 [==============================] - 32s 318ms/step - loss: 0.7243 - acc: 0.6800 - val_loss: 1.3326 - val_acc: 0.3400
Epoch 36/1000
10/10 [==============================] - 1s 72ms/step - loss: 1.2758 - acc: 0.3200
100/100 [==============================] - 32s 318ms/step - loss: 0.7074 - acc: 0.6867 - val_loss: 1.2758 - val_acc: 0.3200
Epoch 37/1000
10/10 [==============================] - 1s 71ms/step - loss: 1.1120 - acc: 0.3300
100/100 [==============================] - 32s 317ms/step - loss: 0.6903 - acc: 0.6800 - val_loss: 1.1120 - val_acc: 0.3300
Epoch 38/1000
10/10 [==============================] - 1s 70ms/step - loss: 1.5742 - acc: 0.2800
100/100 [==============================] - 32s 318ms/step - loss: 0.6587 - acc: 0.6833 - val_loss: 1.5742 - val_acc: 0.2800
Epoch 39/1000
10/10 [==============================] - 1s 73ms/step - loss: 1.2834 - acc: 0.3200
100/100 [==============================] - 32s 317ms/step - loss: 0.6497 - acc: 0.7033 - val_loss: 1.2834 - val_acc: 0.3200
Epoch 40/1000
10/10 [==============================] - 1s 74ms/step - loss: 1.2432 - acc: 0.4300
100/100 [==============================] - 32s 317ms/step - loss: 0.6793 - acc: 0.6833 - val_loss: 1.2432 - val_acc: 0.4300
Epoch 41/1000
10/10 [==============================] - 1s 71ms/step - loss: 1.4333 - acc: 0.3400
100/100 [==============================] - 32s 318ms/step - loss: 0.6247 - acc: 0.7433 - val_loss: 1.4333 - val_acc: 0.3400
Epoch 42/1000
10/10 [==============================] - 1s 73ms/step - loss: 1.2823 - acc: 0.3500
100/100 [==============================] - 32s 318ms/step - loss: 0.6448 - acc: 0.7400 - val_loss: 1.2823 - val_acc: 0.3500
Epoch 43/1000
10/10 [==============================] - 1s 72ms/step - loss: 1.5318 - acc: 0.4200
100/100 [==============================] - 32s 318ms/step - loss: 0.6028 - acc: 0.7333 - val_loss: 1.5318 - val_acc: 0.4200
Epoch 44/1000
10/10 [==============================] - 1s 72ms/step - loss: 1.0877 - acc: 0.3900
100/100 [==============================] - 32s 319ms/step - loss: 0.6224 - acc: 0.7367 - val_loss: 1.0877 - val_acc: 0.3900
Epoch 45/1000
10/10 [==============================] - 1s 71ms/step - loss: 1.1850 - acc: 0.3800
100/100 [==============================] - 32s 318ms/step - loss: 0.6693 - acc: 0.6867 - val_loss: 1.1850 - val_acc: 0.3800
Epoch 46/1000
10/10 [==============================] - 1s 72ms/step - loss: 1.1489 - acc: 0.4100
100/100 [==============================] - 32s 319ms/step - loss: 0.6749 - acc: 0.6933 - val_loss: 1.1489 - val_acc: 0.4100
Epoch 47/1000
10/10 [==============================] - 1s 72ms/step - loss: 1.3673 - acc: 0.4400
100/100 [==============================] - 32s 317ms/step - loss: 0.5920 - acc: 0.7267 - val_loss: 1.3673 - val_acc: 0.4400
Epoch 48/1000
10/10 [==============================] - 1s 72ms/step - loss: 1.4655 - acc: 0.3600
100/100 [==============================] - 32s 317ms/step - loss: 0.5493 - acc: 0.7733 - val_loss: 1.4655 - val_acc: 0.3600
Epoch 49/1000
10/10 [==============================] - 1s 70ms/step - loss: 1.1577 - acc: 0.4900
100/100 [==============================] - 32s 317ms/step - loss: 0.5549 - acc: 0.7667 - val_loss: 1.1577 - val_acc: 0.4900
Epoch 50/1000
10/10 [==============================] - 1s 73ms/step - loss: 1.5121 - acc: 0.3800
100/100 [==============================] - 32s 318ms/step - loss: 0.5837 - acc: 0.7633 - val_loss: 1.5121 - val_acc: 0.3800
Epoch 51/1000
10/10 [==============================] - 1s 70ms/step - loss: 1.2690 - acc: 0.4900
100/100 [==============================] - 32s 316ms/step - loss: 0.5247 - acc: 0.7933 - val_loss: 1.2690 - val_acc: 0.4900
Epoch 52/1000
10/10 [==============================] - 1s 71ms/step - loss: 1.5357 - acc: 0.4000
100/100 [==============================] - 32s 318ms/step - loss: 0.5203 - acc: 0.7433 - val_loss: 1.5357 - val_acc: 0.4000
Epoch 53/1000
10/10 [==============================] - 1s 74ms/step - loss: 1.4252 - acc: 0.4200
100/100 [==============================] - 32s 318ms/step - loss: 0.5802 - acc: 0.7767 - val_loss: 1.4252 - val_acc: 0.4200
Epoch 54/1000
10/10 [==============================] - 1s 72ms/step - loss: 1.4178 - acc: 0.4400
100/100 [==============================] - 32s 318ms/step - loss: 0.4891 - acc: 0.8267 - val_loss: 1.4178 - val_acc: 0.4400
Epoch 55/1000
10/10 [==============================] - 1s 75ms/step - loss: 1.4722 - acc: 0.3800
100/100 [==============================] - 32s 318ms/step - loss: 0.4880 - acc: 0.8067 - val_loss: 1.4722 - val_acc: 0.3800
Epoch 56/1000
10/10 [==============================] - 1s 70ms/step - loss: 1.4720 - acc: 0.4000
100/100 [==============================] - 32s 318ms/step - loss: 0.4576 - acc: 0.8267 - val_loss: 1.4720 - val_acc: 0.4000
Epoch 57/1000
10/10 [==============================] - 1s 71ms/step - loss: 1.7250 - acc: 0.3600
100/100 [==============================] - 32s 318ms/step - loss: 0.4899 - acc: 0.8167 - val_loss: 1.7250 - val_acc: 0.3600
Epoch 58/1000
10/10 [==============================] - 1s 66ms/step - loss: 1.5129 - acc: 0.4200
100/100 [==============================] - 32s 318ms/step - loss: 0.4793 - acc: 0.8067 - val_loss: 1.5129 - val_acc: 0.4200
Epoch 59/1000
10/10 [==============================] - 1s 70ms/step - loss: 1.7369 - acc: 0.4200
100/100 [==============================] - 32s 315ms/step - loss: 0.4878 - acc: 0.7967 - val_loss: 1.7369 - val_acc: 0.4200
Epoch 60/1000
10/10 [==============================] - 1s 70ms/step - loss: 1.7552 - acc: 0.3600
100/100 [==============================] - 32s 317ms/step - loss: 0.4525 - acc: 0.8000 - val_loss: 1.7552 - val_acc: 0.3600
Epoch 61/1000
10/10 [==============================] - 1s 71ms/step - loss: 1.5048 - acc: 0.4400
100/100 [==============================] - 32s 318ms/step - loss: 0.4410 - acc: 0.8400 - val_loss: 1.5048 - val_acc: 0.4400
Epoch 62/1000
10/10 [==============================] - 1s 71ms/step - loss: 1.6303 - acc: 0.3900
100/100 [==============================] - 32s 318ms/step - loss: 0.4145 - acc: 0.8467 - val_loss: 1.6303 - val_acc: 0.3900
Epoch 63/1000
10/10 [==============================] - 1s 73ms/step - loss: 1.6875 - acc: 0.3400
100/100 [==============================] - 32s 317ms/step - loss: 0.4022 - acc: 0.8667 - val_loss: 1.6875 - val_acc: 0.3400
Epoch 64/1000
10/10 [==============================] - 1s 72ms/step - loss: 1.9085 - acc: 0.3500
100/100 [==============================] - 32s 317ms/step - loss: 0.4086 - acc: 0.8367 - val_loss: 1.9085 - val_acc: 0.3500
Epoch 65/1000
10/10 [==============================] - 1s 70ms/step - loss: 1.8399 - acc: 0.4100
100/100 [==============================] - 32s 317ms/step - loss: 0.3754 - acc: 0.8567 - val_loss: 1.8399 - val_acc: 0.4100
Epoch 66/1000
10/10 [==============================] - 1s 70ms/step - loss: 1.6462 - acc: 0.4600
100/100 [==============================] - 32s 319ms/step - loss: 0.3837 - acc: 0.8567 - val_loss: 1.6462 - val_acc: 0.4600
Epoch 67/1000
10/10 [==============================] - 1s 71ms/step - loss: 1.6214 - acc: 0.4100
100/100 [==============================] - 32s 318ms/step - loss: 0.3726 - acc: 0.8467 - val_loss: 1.6214 - val_acc: 0.4100
Epoch 68/1000
10/10 [==============================] - 1s 72ms/step - loss: 1.8120 - acc: 0.3800
100/100 [==============================] - 32s 318ms/step - loss: 0.3503 - acc: 0.8667 - val_loss: 1.8120 - val_acc: 0.3800
Epoch 69/1000
10/10 [==============================] - 1s 70ms/step - loss: 1.4417 - acc: 0.4600
100/100 [==============================] - 32s 318ms/step - loss: 0.3664 - acc: 0.8867 - val_loss: 1.4417 - val_acc: 0.4600
Epoch 70/1000
10/10 [==============================] - 1s 73ms/step - loss: 1.8580 - acc: 0.3600
100/100 [==============================] - 32s 317ms/step - loss: 0.3773 - acc: 0.8667 - val_loss: 1.8580 - val_acc: 0.3600
Epoch 71/1000
10/10 [==============================] - 1s 74ms/step - loss: 1.9460 - acc: 0.4500
100/100 [==============================] - 32s 318ms/step - loss: 0.3454 - acc: 0.8833 - val_loss: 1.9460 - val_acc: 0.4500
Epoch 72/1000
10/10 [==============================] - 1s 73ms/step - loss: 1.6592 - acc: 0.3600
100/100 [==============================] - 32s 317ms/step - loss: 0.3486 - acc: 0.8700 - val_loss: 1.6592 - val_acc: 0.3600
Epoch 73/1000
10/10 [==============================] - 1s 73ms/step - loss: 1.9687 - acc: 0.3400
100/100 [==============================] - 32s 317ms/step - loss: 0.3701 - acc: 0.8633 - val_loss: 1.9687 - val_acc: 0.3400
Epoch 74/1000
10/10 [==============================] - 1s 69ms/step - loss: 1.8452 - acc: 0.4300
100/100 [==============================] - 32s 316ms/step - loss: 0.3164 - acc: 0.9100 - val_loss: 1.8452 - val_acc: 0.4300

real	38m54.587s
user	139m43.961s
sys	41m27.707s
