WARNING:tensorflow:From /usr/local/lib/python3.6/dist-packages/tensorflow/python/ops/resource_variable_ops.py:435: colocate_with (from tensorflow.python.framework.ops) is deprecated and will be removed in a future version.
Instructions for updating:
Colocations handled automatically by placer.
2019-06-27 09:19:01.605102: I tensorflow/core/platform/profile_utils/cpu_utils.cc:94] CPU Frequency: 2593550000 Hz
2019-06-27 09:19:01.606759: I tensorflow/compiler/xla/service/service.cc:150] XLA service 0x2592310 executing computations on platform Host. Devices:
2019-06-27 09:19:01.606784: I tensorflow/compiler/xla/service/service.cc:158]   StreamExecutor device (0): <undefined>, <undefined>
WARNING:tensorflow:From /usr/local/lib/python3.6/dist-packages/tensorflow/python/ops/math_ops.py:3066: to_int32 (from tensorflow.python.ops.math_ops) is deprecated and will be removed in a future version.
Instructions for updating:
Use tf.cast instead.
_________________________________________________________________
Layer (type)                 Output Shape              Param #   
=================================================================
input_1 (InputLayer)         (None, 512, 256)          0         
_________________________________________________________________
conv1d (Conv1D)              (None, 16, 32)            262176    
_________________________________________________________________
max_pooling1d (MaxPooling1D) (None, 16, 16)            0         
_________________________________________________________________
lstm (LSTM)                  (None, 3)                 240       
_________________________________________________________________
activation (Activation)      (None, 3)                 0         
=================================================================
Total params: 262,416
Trainable params: 262,416
Non-trainable params: 0
_________________________________________________________________
Epoch 1/150
100/100 [==============================] - 1s 11ms/step - loss: 0.8413 - acc: 0.6380
1000/1000 [==============================] - 31s 31ms/step - loss: 0.9727 - acc: 0.5287 - val_loss: 0.8413 - val_acc: 0.6380
Epoch 2/150
100/100 [==============================] - 1s 11ms/step - loss: 0.7536 - acc: 0.7090
1000/1000 [==============================] - 25s 25ms/step - loss: 0.8077 - acc: 0.6577 - val_loss: 0.7536 - val_acc: 0.7090
Epoch 3/150
100/100 [==============================] - 2s 15ms/step - loss: 0.7380 - acc: 0.6980
1000/1000 [==============================] - 29s 29ms/step - loss: 0.7385 - acc: 0.6957 - val_loss: 0.7380 - val_acc: 0.6980
Epoch 4/150
100/100 [==============================] - 1s 11ms/step - loss: 0.7017 - acc: 0.7310
1000/1000 [==============================] - 25s 25ms/step - loss: 0.7051 - acc: 0.7210 - val_loss: 0.7017 - val_acc: 0.7310
Epoch 5/150
100/100 [==============================] - 1s 11ms/step - loss: 0.6695 - acc: 0.7530
1000/1000 [==============================] - 29s 29ms/step - loss: 0.6774 - acc: 0.7447 - val_loss: 0.6695 - val_acc: 0.7530
Epoch 6/150
100/100 [==============================] - 1s 11ms/step - loss: 0.6478 - acc: 0.7550
1000/1000 [==============================] - 30s 30ms/step - loss: 0.6493 - acc: 0.7627 - val_loss: 0.6478 - val_acc: 0.7550
Epoch 7/150
100/100 [==============================] - 1s 11ms/step - loss: 0.6460 - acc: 0.7680
1000/1000 [==============================] - 30s 30ms/step - loss: 0.6301 - acc: 0.7787 - val_loss: 0.6460 - val_acc: 0.7680
Epoch 8/150
100/100 [==============================] - 1s 10ms/step - loss: 0.6467 - acc: 0.7630
1000/1000 [==============================] - 30s 30ms/step - loss: 0.6195 - acc: 0.7900 - val_loss: 0.6467 - val_acc: 0.7630
Epoch 9/150
100/100 [==============================] - 1s 11ms/step - loss: 0.5993 - acc: 0.7940
1000/1000 [==============================] - 30s 30ms/step - loss: 0.6052 - acc: 0.7967 - val_loss: 0.5993 - val_acc: 0.7940
Epoch 10/150
100/100 [==============================] - 1s 11ms/step - loss: 0.6106 - acc: 0.7760
1000/1000 [==============================] - 30s 30ms/step - loss: 0.6059 - acc: 0.7950 - val_loss: 0.6106 - val_acc: 0.7760
Epoch 11/150
100/100 [==============================] - 1s 10ms/step - loss: 0.5959 - acc: 0.7970
1000/1000 [==============================] - 30s 30ms/step - loss: 0.6033 - acc: 0.7883 - val_loss: 0.5959 - val_acc: 0.7970
Epoch 12/150
100/100 [==============================] - 1s 10ms/step - loss: 0.6222 - acc: 0.7910
1000/1000 [==============================] - 30s 30ms/step - loss: 0.5759 - acc: 0.8097 - val_loss: 0.6222 - val_acc: 0.7910
Epoch 13/150
100/100 [==============================] - 1s 10ms/step - loss: 0.6036 - acc: 0.8050
1000/1000 [==============================] - 30s 30ms/step - loss: 0.5736 - acc: 0.8197 - val_loss: 0.6036 - val_acc: 0.8050
Epoch 14/150
100/100 [==============================] - 1s 11ms/step - loss: 0.6122 - acc: 0.7830
1000/1000 [==============================] - 25s 25ms/step - loss: 0.5797 - acc: 0.8097 - val_loss: 0.6122 - val_acc: 0.7830
Epoch 15/150
100/100 [==============================] - 2s 16ms/step - loss: 0.6037 - acc: 0.7870
1000/1000 [==============================] - 25s 25ms/step - loss: 0.5737 - acc: 0.8183 - val_loss: 0.6037 - val_acc: 0.7870
Epoch 16/150
100/100 [==============================] - 1s 11ms/step - loss: 0.5985 - acc: 0.7940
1000/1000 [==============================] - 27s 27ms/step - loss: 0.5705 - acc: 0.8183 - val_loss: 0.5985 - val_acc: 0.7940
Epoch 17/150
100/100 [==============================] - 1s 10ms/step - loss: 0.6112 - acc: 0.7830
1000/1000 [==============================] - 30s 30ms/step - loss: 0.5578 - acc: 0.8297 - val_loss: 0.6112 - val_acc: 0.7830
Epoch 18/150
100/100 [==============================] - 1s 10ms/step - loss: 0.5831 - acc: 0.8180
1000/1000 [==============================] - 28s 28ms/step - loss: 0.5710 - acc: 0.8183 - val_loss: 0.5831 - val_acc: 0.8180
Epoch 19/150
100/100 [==============================] - 1s 14ms/step - loss: 0.5951 - acc: 0.8060
1000/1000 [==============================] - 26s 26ms/step - loss: 0.5575 - acc: 0.8330 - val_loss: 0.5951 - val_acc: 0.8060
Epoch 20/150
100/100 [==============================] - 1s 11ms/step - loss: 0.5634 - acc: 0.8320
1000/1000 [==============================] - 29s 29ms/step - loss: 0.5616 - acc: 0.8253 - val_loss: 0.5634 - val_acc: 0.8320
Epoch 21/150
100/100 [==============================] - 1s 11ms/step - loss: 0.5916 - acc: 0.7980
1000/1000 [==============================] - 30s 30ms/step - loss: 0.5486 - acc: 0.8360 - val_loss: 0.5916 - val_acc: 0.7980
Epoch 22/150
100/100 [==============================] - 1s 11ms/step - loss: 0.5747 - acc: 0.8180
1000/1000 [==============================] - 29s 29ms/step - loss: 0.5492 - acc: 0.8357 - val_loss: 0.5747 - val_acc: 0.8180
Epoch 23/150
100/100 [==============================] - 1s 14ms/step - loss: 0.6061 - acc: 0.8070
1000/1000 [==============================] - 25s 25ms/step - loss: 0.5513 - acc: 0.8337 - val_loss: 0.6061 - val_acc: 0.8070
Epoch 24/150
100/100 [==============================] - 1s 11ms/step - loss: 0.5828 - acc: 0.8010
1000/1000 [==============================] - 25s 25ms/step - loss: 0.5506 - acc: 0.8340 - val_loss: 0.5828 - val_acc: 0.8010
Epoch 25/150
100/100 [==============================] - 1s 10ms/step - loss: 0.5833 - acc: 0.8220
1000/1000 [==============================] - 29s 29ms/step - loss: 0.5453 - acc: 0.8420 - val_loss: 0.5833 - val_acc: 0.8220
Epoch 26/150
100/100 [==============================] - 1s 11ms/step - loss: 0.5816 - acc: 0.8080
1000/1000 [==============================] - 24s 24ms/step - loss: 0.5350 - acc: 0.8427 - val_loss: 0.5816 - val_acc: 0.8080
Epoch 27/150
100/100 [==============================] - 1s 11ms/step - loss: 0.5715 - acc: 0.8100
1000/1000 [==============================] - 21s 21ms/step - loss: 0.5421 - acc: 0.8343 - val_loss: 0.5715 - val_acc: 0.8100
Epoch 28/150
100/100 [==============================] - 1s 11ms/step - loss: 0.5591 - acc: 0.8230
1000/1000 [==============================] - 25s 25ms/step - loss: 0.5210 - acc: 0.8393 - val_loss: 0.5591 - val_acc: 0.8230
Epoch 29/150
100/100 [==============================] - 1s 10ms/step - loss: 0.5873 - acc: 0.8160
1000/1000 [==============================] - 29s 29ms/step - loss: 0.5339 - acc: 0.8333 - val_loss: 0.5873 - val_acc: 0.8160
Epoch 30/150
100/100 [==============================] - 1s 12ms/step - loss: 0.5468 - acc: 0.8330
1000/1000 [==============================] - 30s 30ms/step - loss: 0.5124 - acc: 0.8460 - val_loss: 0.5468 - val_acc: 0.8330
Epoch 31/150
100/100 [==============================] - 1s 11ms/step - loss: 0.5509 - acc: 0.8170
1000/1000 [==============================] - 29s 29ms/step - loss: 0.5213 - acc: 0.8393 - val_loss: 0.5509 - val_acc: 0.8170
Epoch 32/150
100/100 [==============================] - 1s 11ms/step - loss: 0.5478 - acc: 0.8170
1000/1000 [==============================] - 30s 30ms/step - loss: 0.5204 - acc: 0.8387 - val_loss: 0.5478 - val_acc: 0.8170
Epoch 33/150
100/100 [==============================] - 1s 10ms/step - loss: 0.5394 - acc: 0.8160
1000/1000 [==============================] - 30s 30ms/step - loss: 0.5158 - acc: 0.8433 - val_loss: 0.5394 - val_acc: 0.8160
Epoch 34/150
100/100 [==============================] - 1s 11ms/step - loss: 0.5400 - acc: 0.8290
1000/1000 [==============================] - 29s 29ms/step - loss: 0.5320 - acc: 0.8307 - val_loss: 0.5400 - val_acc: 0.8290
Epoch 35/150
100/100 [==============================] - 1s 11ms/step - loss: 0.5500 - acc: 0.8240
1000/1000 [==============================] - 29s 29ms/step - loss: 0.4892 - acc: 0.8620 - val_loss: 0.5500 - val_acc: 0.8240
Epoch 36/150
100/100 [==============================] - 1s 11ms/step - loss: 0.5482 - acc: 0.8250
1000/1000 [==============================] - 30s 30ms/step - loss: 0.5150 - acc: 0.8433 - val_loss: 0.5482 - val_acc: 0.8250
Epoch 37/150
100/100 [==============================] - 1s 10ms/step - loss: 0.5157 - acc: 0.8350
1000/1000 [==============================] - 30s 30ms/step - loss: 0.4948 - acc: 0.8550 - val_loss: 0.5157 - val_acc: 0.8350
Epoch 38/150
100/100 [==============================] - 1s 11ms/step - loss: 0.5366 - acc: 0.8330
1000/1000 [==============================] - 26s 26ms/step - loss: 0.5275 - acc: 0.8417 - val_loss: 0.5366 - val_acc: 0.8330
Epoch 39/150
100/100 [==============================] - 1s 12ms/step - loss: 0.5130 - acc: 0.8420
1000/1000 [==============================] - 21s 21ms/step - loss: 0.5053 - acc: 0.8500 - val_loss: 0.5130 - val_acc: 0.8420
Epoch 40/150
100/100 [==============================] - 1s 10ms/step - loss: 0.5210 - acc: 0.8350
1000/1000 [==============================] - 25s 25ms/step - loss: 0.5135 - acc: 0.8407 - val_loss: 0.5210 - val_acc: 0.8350
Epoch 41/150
100/100 [==============================] - 1s 10ms/step - loss: 0.5293 - acc: 0.8260
1000/1000 [==============================] - 21s 21ms/step - loss: 0.4998 - acc: 0.8503 - val_loss: 0.5293 - val_acc: 0.8260
Epoch 42/150
100/100 [==============================] - 1s 11ms/step - loss: 0.5785 - acc: 0.7930
1000/1000 [==============================] - 25s 25ms/step - loss: 0.5076 - acc: 0.8443 - val_loss: 0.5785 - val_acc: 0.7930
Epoch 43/150
100/100 [==============================] - 1s 10ms/step - loss: 0.5372 - acc: 0.8310
1000/1000 [==============================] - 30s 30ms/step - loss: 0.4881 - acc: 0.8553 - val_loss: 0.5372 - val_acc: 0.8310
Epoch 44/150
100/100 [==============================] - 1s 11ms/step - loss: 0.5667 - acc: 0.8010
1000/1000 [==============================] - 30s 30ms/step - loss: 0.5067 - acc: 0.8477 - val_loss: 0.5667 - val_acc: 0.8010
Epoch 45/150
100/100 [==============================] - 1s 10ms/step - loss: 0.5215 - acc: 0.8340
1000/1000 [==============================] - 29s 29ms/step - loss: 0.5093 - acc: 0.8477 - val_loss: 0.5215 - val_acc: 0.8340
Epoch 46/150
100/100 [==============================] - 1s 11ms/step - loss: 0.5262 - acc: 0.8310
1000/1000 [==============================] - 26s 26ms/step - loss: 0.4937 - acc: 0.8563 - val_loss: 0.5262 - val_acc: 0.8310
Epoch 47/150
100/100 [==============================] - 1s 11ms/step - loss: 0.5219 - acc: 0.8420
1000/1000 [==============================] - 22s 22ms/step - loss: 0.4956 - acc: 0.8520 - val_loss: 0.5219 - val_acc: 0.8420
Epoch 48/150
100/100 [==============================] - 1s 11ms/step - loss: 0.5465 - acc: 0.8200
1000/1000 [==============================] - 27s 27ms/step - loss: 0.4991 - acc: 0.8503 - val_loss: 0.5465 - val_acc: 0.8200
Epoch 49/150
100/100 [==============================] - 1s 10ms/step - loss: 0.5169 - acc: 0.8320
1000/1000 [==============================] - 20s 20ms/step - loss: 0.5017 - acc: 0.8467 - val_loss: 0.5169 - val_acc: 0.8320
Epoch 50/150
100/100 [==============================] - 1s 11ms/step - loss: 0.5247 - acc: 0.8290
1000/1000 [==============================] - 20s 20ms/step - loss: 0.5033 - acc: 0.8520 - val_loss: 0.5247 - val_acc: 0.8290
Epoch 51/150
100/100 [==============================] - 1s 11ms/step - loss: 0.5330 - acc: 0.8230
1000/1000 [==============================] - 20s 20ms/step - loss: 0.4927 - acc: 0.8533 - val_loss: 0.5330 - val_acc: 0.8230
Epoch 52/150
100/100 [==============================] - 1s 11ms/step - loss: 0.5291 - acc: 0.8340
1000/1000 [==============================] - 20s 20ms/step - loss: 0.4971 - acc: 0.8517 - val_loss: 0.5291 - val_acc: 0.8340
Epoch 53/150
100/100 [==============================] - 1s 11ms/step - loss: 0.5452 - acc: 0.8200
1000/1000 [==============================] - 20s 20ms/step - loss: 0.5008 - acc: 0.8523 - val_loss: 0.5452 - val_acc: 0.8200
Epoch 54/150
100/100 [==============================] - 1s 11ms/step - loss: 0.5413 - acc: 0.8280
1000/1000 [==============================] - 20s 20ms/step - loss: 0.4924 - acc: 0.8547 - val_loss: 0.5413 - val_acc: 0.8280
Epoch 55/150
100/100 [==============================] - 1s 10ms/step - loss: 0.5118 - acc: 0.8460
1000/1000 [==============================] - 21s 21ms/step - loss: 0.4882 - acc: 0.8557 - val_loss: 0.5118 - val_acc: 0.8460
Epoch 56/150
100/100 [==============================] - 1s 11ms/step - loss: 0.5053 - acc: 0.8440
1000/1000 [==============================] - 20s 20ms/step - loss: 0.4788 - acc: 0.8580 - val_loss: 0.5053 - val_acc: 0.8440
Epoch 57/150
100/100 [==============================] - 1s 11ms/step - loss: 0.5314 - acc: 0.8330
1000/1000 [==============================] - 20s 20ms/step - loss: 0.5024 - acc: 0.8493 - val_loss: 0.5314 - val_acc: 0.8330
Epoch 58/150
100/100 [==============================] - 1s 11ms/step - loss: 0.4887 - acc: 0.8530
1000/1000 [==============================] - 20s 20ms/step - loss: 0.4813 - acc: 0.8603 - val_loss: 0.4887 - val_acc: 0.8530
Epoch 59/150
100/100 [==============================] - 1s 10ms/step - loss: 0.4956 - acc: 0.8580
1000/1000 [==============================] - 20s 20ms/step - loss: 0.4929 - acc: 0.8547 - val_loss: 0.4956 - val_acc: 0.8580
Epoch 60/150
100/100 [==============================] - 1s 11ms/step - loss: 0.5340 - acc: 0.8250
1000/1000 [==============================] - 20s 20ms/step - loss: 0.4974 - acc: 0.8520 - val_loss: 0.5340 - val_acc: 0.8250
Epoch 61/150
100/100 [==============================] - 1s 11ms/step - loss: 0.5187 - acc: 0.8410
1000/1000 [==============================] - 20s 20ms/step - loss: 0.4687 - acc: 0.8707 - val_loss: 0.5187 - val_acc: 0.8410
Epoch 62/150
100/100 [==============================] - 1s 11ms/step - loss: 0.5372 - acc: 0.8300
1000/1000 [==============================] - 20s 20ms/step - loss: 0.4783 - acc: 0.8613 - val_loss: 0.5372 - val_acc: 0.8300
Epoch 63/150
100/100 [==============================] - 1s 11ms/step - loss: 0.5163 - acc: 0.8380
1000/1000 [==============================] - 20s 20ms/step - loss: 0.4807 - acc: 0.8623 - val_loss: 0.5163 - val_acc: 0.8380
Epoch 64/150
100/100 [==============================] - 1s 11ms/step - loss: 0.5187 - acc: 0.8430
1000/1000 [==============================] - 20s 20ms/step - loss: 0.4837 - acc: 0.8570 - val_loss: 0.5187 - val_acc: 0.8430
Epoch 65/150
100/100 [==============================] - 1s 11ms/step - loss: 0.4756 - acc: 0.8620
1000/1000 [==============================] - 20s 20ms/step - loss: 0.4684 - acc: 0.8660 - val_loss: 0.4756 - val_acc: 0.8620
Epoch 66/150
100/100 [==============================] - 1s 11ms/step - loss: 0.5179 - acc: 0.8340
1000/1000 [==============================] - 20s 20ms/step - loss: 0.4924 - acc: 0.8523 - val_loss: 0.5179 - val_acc: 0.8340
Epoch 67/150
100/100 [==============================] - 1s 10ms/step - loss: 0.5277 - acc: 0.8290
1000/1000 [==============================] - 20s 20ms/step - loss: 0.4790 - acc: 0.8600 - val_loss: 0.5277 - val_acc: 0.8290
Epoch 68/150
100/100 [==============================] - 1s 11ms/step - loss: 0.5308 - acc: 0.8310
1000/1000 [==============================] - 21s 21ms/step - loss: 0.4728 - acc: 0.8673 - val_loss: 0.5308 - val_acc: 0.8310
Epoch 69/150
100/100 [==============================] - 1s 11ms/step - loss: 0.5213 - acc: 0.8430
1000/1000 [==============================] - 20s 20ms/step - loss: 0.4854 - acc: 0.8573 - val_loss: 0.5213 - val_acc: 0.8430
Epoch 70/150
100/100 [==============================] - 1s 11ms/step - loss: 0.5229 - acc: 0.8300
1000/1000 [==============================] - 20s 20ms/step - loss: 0.4821 - acc: 0.8647 - val_loss: 0.5229 - val_acc: 0.8300
Epoch 71/150
100/100 [==============================] - 1s 10ms/step - loss: 0.5345 - acc: 0.8280
1000/1000 [==============================] - 20s 20ms/step - loss: 0.4617 - acc: 0.8740 - val_loss: 0.5345 - val_acc: 0.8280
Epoch 72/150
100/100 [==============================] - 1s 11ms/step - loss: 0.5253 - acc: 0.8270
1000/1000 [==============================] - 21s 21ms/step - loss: 0.4782 - acc: 0.8637 - val_loss: 0.5253 - val_acc: 0.8270
Epoch 73/150
100/100 [==============================] - 1s 11ms/step - loss: 0.5151 - acc: 0.8320
1000/1000 [==============================] - 21s 21ms/step - loss: 0.4594 - acc: 0.8760 - val_loss: 0.5151 - val_acc: 0.8320
Epoch 74/150
100/100 [==============================] - 1s 11ms/step - loss: 0.5026 - acc: 0.8360
1000/1000 [==============================] - 21s 21ms/step - loss: 0.4821 - acc: 0.8583 - val_loss: 0.5026 - val_acc: 0.8360
Epoch 75/150
100/100 [==============================] - 1s 11ms/step - loss: 0.5088 - acc: 0.8410
1000/1000 [==============================] - 20s 20ms/step - loss: 0.4896 - acc: 0.8600 - val_loss: 0.5088 - val_acc: 0.8410
Epoch 76/150
100/100 [==============================] - 1s 11ms/step - loss: 0.5090 - acc: 0.8430
1000/1000 [==============================] - 20s 20ms/step - loss: 0.4670 - acc: 0.8713 - val_loss: 0.5090 - val_acc: 0.8430
Epoch 77/150
100/100 [==============================] - 1s 11ms/step - loss: 0.5132 - acc: 0.8410
1000/1000 [==============================] - 20s 20ms/step - loss: 0.4871 - acc: 0.8583 - val_loss: 0.5132 - val_acc: 0.8410
Epoch 78/150
100/100 [==============================] - 1s 11ms/step - loss: 0.5077 - acc: 0.8440
1000/1000 [==============================] - 20s 20ms/step - loss: 0.4666 - acc: 0.8753 - val_loss: 0.5077 - val_acc: 0.8440
Epoch 79/150
100/100 [==============================] - 1s 11ms/step - loss: 0.5170 - acc: 0.8330
1000/1000 [==============================] - 20s 20ms/step - loss: 0.4641 - acc: 0.8723 - val_loss: 0.5170 - val_acc: 0.8330
Epoch 80/150
100/100 [==============================] - 1s 11ms/step - loss: 0.5361 - acc: 0.8250
1000/1000 [==============================] - 19s 19ms/step - loss: 0.4630 - acc: 0.8707 - val_loss: 0.5361 - val_acc: 0.8250
Epoch 81/150
100/100 [==============================] - 1s 11ms/step - loss: 0.4952 - acc: 0.8520
1000/1000 [==============================] - 19s 19ms/step - loss: 0.4765 - acc: 0.8623 - val_loss: 0.4952 - val_acc: 0.8520
Epoch 82/150
100/100 [==============================] - 1s 10ms/step - loss: 0.5031 - acc: 0.8410
1000/1000 [==============================] - 19s 19ms/step - loss: 0.4697 - acc: 0.8700 - val_loss: 0.5031 - val_acc: 0.8410
Epoch 83/150
100/100 [==============================] - 1s 11ms/step - loss: 0.5383 - acc: 0.8270
1000/1000 [==============================] - 20s 20ms/step - loss: 0.4805 - acc: 0.8613 - val_loss: 0.5383 - val_acc: 0.8270
Epoch 84/150
100/100 [==============================] - 1s 11ms/step - loss: 0.5166 - acc: 0.8390
1000/1000 [==============================] - 20s 20ms/step - loss: 0.4627 - acc: 0.8690 - val_loss: 0.5166 - val_acc: 0.8390
Epoch 85/150
100/100 [==============================] - 1s 11ms/step - loss: 0.5213 - acc: 0.8460
1000/1000 [==============================] - 21s 21ms/step - loss: 0.4722 - acc: 0.8650 - val_loss: 0.5213 - val_acc: 0.8460
Epoch 86/150
100/100 [==============================] - 1s 11ms/step - loss: 0.5557 - acc: 0.8110
1000/1000 [==============================] - 21s 21ms/step - loss: 0.4778 - acc: 0.8620 - val_loss: 0.5557 - val_acc: 0.8110
Epoch 87/150
100/100 [==============================] - 1s 11ms/step - loss: 0.4960 - acc: 0.8480
1000/1000 [==============================] - 20s 20ms/step - loss: 0.4604 - acc: 0.8727 - val_loss: 0.4960 - val_acc: 0.8480
Epoch 88/150
100/100 [==============================] - 1s 11ms/step - loss: 0.5053 - acc: 0.8380
1000/1000 [==============================] - 20s 20ms/step - loss: 0.4839 - acc: 0.8580 - val_loss: 0.5053 - val_acc: 0.8380
Epoch 89/150
100/100 [==============================] - 1s 10ms/step - loss: 0.5256 - acc: 0.8290
1000/1000 [==============================] - 20s 20ms/step - loss: 0.4680 - acc: 0.8603 - val_loss: 0.5256 - val_acc: 0.8290
Epoch 90/150
100/100 [==============================] - 1s 11ms/step - loss: 0.5070 - acc: 0.8420
1000/1000 [==============================] - 20s 20ms/step - loss: 0.4650 - acc: 0.8730 - val_loss: 0.5070 - val_acc: 0.8420
Epoch 91/150
100/100 [==============================] - 1s 11ms/step - loss: 0.5045 - acc: 0.8430
1000/1000 [==============================] - 21s 21ms/step - loss: 0.4734 - acc: 0.8670 - val_loss: 0.5045 - val_acc: 0.8430
Epoch 92/150
100/100 [==============================] - 1s 11ms/step - loss: 0.5139 - acc: 0.8480
1000/1000 [==============================] - 20s 20ms/step - loss: 0.4464 - acc: 0.8833 - val_loss: 0.5139 - val_acc: 0.8480
Epoch 93/150
100/100 [==============================] - 1s 10ms/step - loss: 0.5119 - acc: 0.8370
1000/1000 [==============================] - 20s 20ms/step - loss: 0.4503 - acc: 0.8810 - val_loss: 0.5119 - val_acc: 0.8370
Epoch 94/150
100/100 [==============================] - 1s 11ms/step - loss: 0.5219 - acc: 0.8330
1000/1000 [==============================] - 20s 20ms/step - loss: 0.4610 - acc: 0.8730 - val_loss: 0.5219 - val_acc: 0.8330
Epoch 95/150
100/100 [==============================] - 1s 11ms/step - loss: 0.4954 - acc: 0.8520
1000/1000 [==============================] - 20s 20ms/step - loss: 0.4588 - acc: 0.8750 - val_loss: 0.4954 - val_acc: 0.8520
Epoch 96/150
100/100 [==============================] - 1s 11ms/step - loss: 0.4872 - acc: 0.8610
1000/1000 [==============================] - 21s 21ms/step - loss: 0.4483 - acc: 0.8830 - val_loss: 0.4872 - val_acc: 0.8610
Epoch 97/150
100/100 [==============================] - 1s 10ms/step - loss: 0.5170 - acc: 0.8430
1000/1000 [==============================] - 20s 20ms/step - loss: 0.4641 - acc: 0.8710 - val_loss: 0.5170 - val_acc: 0.8430
Epoch 98/150
100/100 [==============================] - 1s 11ms/step - loss: 0.5359 - acc: 0.8230
1000/1000 [==============================] - 20s 20ms/step - loss: 0.4664 - acc: 0.8690 - val_loss: 0.5359 - val_acc: 0.8230
Epoch 99/150
100/100 [==============================] - 1s 11ms/step - loss: 0.4871 - acc: 0.8490
1000/1000 [==============================] - 20s 20ms/step - loss: 0.4633 - acc: 0.8750 - val_loss: 0.4871 - val_acc: 0.8490
Epoch 100/150
100/100 [==============================] - 1s 11ms/step - loss: 0.5182 - acc: 0.8330
1000/1000 [==============================] - 20s 20ms/step - loss: 0.4670 - acc: 0.8700 - val_loss: 0.5182 - val_acc: 0.8330
Epoch 101/150
100/100 [==============================] - 1s 11ms/step - loss: 0.5042 - acc: 0.8450
1000/1000 [==============================] - 20s 20ms/step - loss: 0.4668 - acc: 0.8717 - val_loss: 0.5042 - val_acc: 0.8450
Epoch 102/150
100/100 [==============================] - 1s 11ms/step - loss: 0.5173 - acc: 0.8410
1000/1000 [==============================] - 20s 20ms/step - loss: 0.4693 - acc: 0.8627 - val_loss: 0.5173 - val_acc: 0.8410
Epoch 103/150
100/100 [==============================] - 1s 11ms/step - loss: 0.5117 - acc: 0.8380
1000/1000 [==============================] - 20s 20ms/step - loss: 0.4600 - acc: 0.8730 - val_loss: 0.5117 - val_acc: 0.8380
Epoch 104/150
100/100 [==============================] - 1s 11ms/step - loss: 0.5183 - acc: 0.8390
1000/1000 [==============================] - 20s 20ms/step - loss: 0.4668 - acc: 0.8680 - val_loss: 0.5183 - val_acc: 0.8390
Epoch 105/150
100/100 [==============================] - 1s 10ms/step - loss: 0.5038 - acc: 0.8440
1000/1000 [==============================] - 20s 20ms/step - loss: 0.4707 - acc: 0.8683 - val_loss: 0.5038 - val_acc: 0.8440
Epoch 106/150
100/100 [==============================] - 1s 10ms/step - loss: 0.4982 - acc: 0.8450
1000/1000 [==============================] - 20s 20ms/step - loss: 0.4555 - acc: 0.8780 - val_loss: 0.4982 - val_acc: 0.8450
Epoch 107/150
100/100 [==============================] - 1s 10ms/step - loss: 0.5183 - acc: 0.8340
1000/1000 [==============================] - 20s 20ms/step - loss: 0.4590 - acc: 0.8763 - val_loss: 0.5183 - val_acc: 0.8340
Epoch 108/150
100/100 [==============================] - 1s 11ms/step - loss: 0.4989 - acc: 0.8480
1000/1000 [==============================] - 20s 20ms/step - loss: 0.4514 - acc: 0.8793 - val_loss: 0.4989 - val_acc: 0.8480
Epoch 109/150
100/100 [==============================] - 1s 10ms/step - loss: 0.4892 - acc: 0.8460
1000/1000 [==============================] - 20s 20ms/step - loss: 0.4626 - acc: 0.8723 - val_loss: 0.4892 - val_acc: 0.8460
Epoch 110/150
100/100 [==============================] - 1s 11ms/step - loss: 0.4986 - acc: 0.8590
1000/1000 [==============================] - 20s 20ms/step - loss: 0.4537 - acc: 0.8773 - val_loss: 0.4986 - val_acc: 0.8590
Epoch 111/150
100/100 [==============================] - 1s 10ms/step - loss: 0.4891 - acc: 0.8560
1000/1000 [==============================] - 20s 20ms/step - loss: 0.4498 - acc: 0.8800 - val_loss: 0.4891 - val_acc: 0.8560
Epoch 112/150
100/100 [==============================] - 1s 10ms/step - loss: 0.5131 - acc: 0.8360
1000/1000 [==============================] - 20s 20ms/step - loss: 0.4635 - acc: 0.8717 - val_loss: 0.5131 - val_acc: 0.8360
Epoch 113/150
100/100 [==============================] - 1s 10ms/step - loss: 0.5195 - acc: 0.8320
1000/1000 [==============================] - 20s 20ms/step - loss: 0.4707 - acc: 0.8707 - val_loss: 0.5195 - val_acc: 0.8320
Epoch 114/150
100/100 [==============================] - 1s 11ms/step - loss: 0.4825 - acc: 0.8510
1000/1000 [==============================] - 20s 20ms/step - loss: 0.4568 - acc: 0.8753 - val_loss: 0.4825 - val_acc: 0.8510
Epoch 115/150
100/100 [==============================] - 1s 11ms/step - loss: 0.5267 - acc: 0.8320
1000/1000 [==============================] - 20s 20ms/step - loss: 0.4573 - acc: 0.8720 - val_loss: 0.5267 - val_acc: 0.8320
Epoch 116/150
100/100 [==============================] - 1s 10ms/step - loss: 0.5097 - acc: 0.8380
1000/1000 [==============================] - 20s 20ms/step - loss: 0.4551 - acc: 0.8727 - val_loss: 0.5097 - val_acc: 0.8380
Epoch 117/150
100/100 [==============================] - 1s 11ms/step - loss: 0.4834 - acc: 0.8610
1000/1000 [==============================] - 20s 20ms/step - loss: 0.4547 - acc: 0.8773 - val_loss: 0.4834 - val_acc: 0.8610
Epoch 118/150
100/100 [==============================] - 1s 10ms/step - loss: 0.4848 - acc: 0.8600
1000/1000 [==============================] - 20s 20ms/step - loss: 0.4433 - acc: 0.8860 - val_loss: 0.4848 - val_acc: 0.8600
Epoch 119/150
100/100 [==============================] - 1s 10ms/step - loss: 0.4829 - acc: 0.8550
1000/1000 [==============================] - 20s 20ms/step - loss: 0.4607 - acc: 0.8710 - val_loss: 0.4829 - val_acc: 0.8550
Epoch 120/150
100/100 [==============================] - 1s 11ms/step - loss: 0.5006 - acc: 0.8480
1000/1000 [==============================] - 21s 21ms/step - loss: 0.4651 - acc: 0.8697 - val_loss: 0.5006 - val_acc: 0.8480
Epoch 121/150
100/100 [==============================] - 1s 11ms/step - loss: 0.5082 - acc: 0.8510
1000/1000 [==============================] - 20s 20ms/step - loss: 0.4504 - acc: 0.8810 - val_loss: 0.5082 - val_acc: 0.8510
Epoch 122/150
100/100 [==============================] - 1s 10ms/step - loss: 0.4926 - acc: 0.8520
1000/1000 [==============================] - 20s 20ms/step - loss: 0.4574 - acc: 0.8750 - val_loss: 0.4926 - val_acc: 0.8520
Epoch 123/150
100/100 [==============================] - 1s 11ms/step - loss: 0.4945 - acc: 0.8500
1000/1000 [==============================] - 20s 20ms/step - loss: 0.4417 - acc: 0.8817 - val_loss: 0.4945 - val_acc: 0.8500
Epoch 124/150
100/100 [==============================] - 1s 11ms/step - loss: 0.4762 - acc: 0.8600
1000/1000 [==============================] - 20s 20ms/step - loss: 0.4612 - acc: 0.8697 - val_loss: 0.4762 - val_acc: 0.8600
Epoch 125/150
100/100 [==============================] - 1s 10ms/step - loss: 0.4868 - acc: 0.8560
1000/1000 [==============================] - 20s 20ms/step - loss: 0.4473 - acc: 0.8833 - val_loss: 0.4868 - val_acc: 0.8560
Epoch 126/150
100/100 [==============================] - 1s 11ms/step - loss: 0.4982 - acc: 0.8480
1000/1000 [==============================] - 20s 20ms/step - loss: 0.4604 - acc: 0.8747 - val_loss: 0.4982 - val_acc: 0.8480
Epoch 127/150
100/100 [==============================] - 1s 11ms/step - loss: 0.4968 - acc: 0.8450
1000/1000 [==============================] - 20s 20ms/step - loss: 0.4567 - acc: 0.8767 - val_loss: 0.4968 - val_acc: 0.8450
Epoch 128/150
100/100 [==============================] - 1s 10ms/step - loss: 0.5162 - acc: 0.8310
1000/1000 [==============================] - 20s 20ms/step - loss: 0.4402 - acc: 0.8857 - val_loss: 0.5162 - val_acc: 0.8310
Epoch 129/150
100/100 [==============================] - 1s 11ms/step - loss: 0.5083 - acc: 0.8420
1000/1000 [==============================] - 20s 20ms/step - loss: 0.4487 - acc: 0.8810 - val_loss: 0.5083 - val_acc: 0.8420
Epoch 130/150
100/100 [==============================] - 1s 11ms/step - loss: 0.4922 - acc: 0.8500
1000/1000 [==============================] - 20s 20ms/step - loss: 0.4506 - acc: 0.8810 - val_loss: 0.4922 - val_acc: 0.8500
Epoch 131/150
100/100 [==============================] - 1s 11ms/step - loss: 0.4906 - acc: 0.8580
1000/1000 [==============================] - 20s 20ms/step - loss: 0.4629 - acc: 0.8723 - val_loss: 0.4906 - val_acc: 0.8580
Epoch 132/150
100/100 [==============================] - 1s 11ms/step - loss: 0.4913 - acc: 0.8520
1000/1000 [==============================] - 20s 20ms/step - loss: 0.4471 - acc: 0.8817 - val_loss: 0.4913 - val_acc: 0.8520
Epoch 133/150
100/100 [==============================] - 1s 11ms/step - loss: 0.5182 - acc: 0.8350
1000/1000 [==============================] - 20s 20ms/step - loss: 0.4416 - acc: 0.8807 - val_loss: 0.5182 - val_acc: 0.8350
Epoch 134/150
100/100 [==============================] - 1s 10ms/step - loss: 0.5097 - acc: 0.8370
1000/1000 [==============================] - 20s 20ms/step - loss: 0.4539 - acc: 0.8753 - val_loss: 0.5097 - val_acc: 0.8370
Epoch 135/150
100/100 [==============================] - 1s 11ms/step - loss: 0.4866 - acc: 0.8560
1000/1000 [==============================] - 20s 20ms/step - loss: 0.4507 - acc: 0.8753 - val_loss: 0.4866 - val_acc: 0.8560
Epoch 136/150
100/100 [==============================] - 1s 11ms/step - loss: 0.4955 - acc: 0.8550
1000/1000 [==============================] - 20s 20ms/step - loss: 0.4471 - acc: 0.8810 - val_loss: 0.4955 - val_acc: 0.8550
Epoch 137/150
100/100 [==============================] - 1s 11ms/step - loss: 0.4879 - acc: 0.8570
1000/1000 [==============================] - 20s 20ms/step - loss: 0.4493 - acc: 0.8827 - val_loss: 0.4879 - val_acc: 0.8570
Epoch 138/150
100/100 [==============================] - 1s 11ms/step - loss: 0.4802 - acc: 0.8620
1000/1000 [==============================] - 20s 20ms/step - loss: 0.4404 - acc: 0.8860 - val_loss: 0.4802 - val_acc: 0.8620
Epoch 139/150
100/100 [==============================] - 1s 11ms/step - loss: 0.4873 - acc: 0.8560
1000/1000 [==============================] - 20s 20ms/step - loss: 0.4423 - acc: 0.8853 - val_loss: 0.4873 - val_acc: 0.8560
Epoch 140/150
100/100 [==============================] - 1s 11ms/step - loss: 0.5259 - acc: 0.8350
1000/1000 [==============================] - 20s 20ms/step - loss: 0.4495 - acc: 0.8800 - val_loss: 0.5259 - val_acc: 0.8350
Epoch 141/150
100/100 [==============================] - 1s 11ms/step - loss: 0.5049 - acc: 0.8470
1000/1000 [==============================] - 20s 20ms/step - loss: 0.4555 - acc: 0.8760 - val_loss: 0.5049 - val_acc: 0.8470
Epoch 142/150
100/100 [==============================] - 1s 11ms/step - loss: 0.4833 - acc: 0.8650
1000/1000 [==============================] - 20s 20ms/step - loss: 0.4522 - acc: 0.8737 - val_loss: 0.4833 - val_acc: 0.8650
Epoch 143/150
100/100 [==============================] - 1s 10ms/step - loss: 0.4875 - acc: 0.8520
1000/1000 [==============================] - 20s 20ms/step - loss: 0.4449 - acc: 0.8783 - val_loss: 0.4875 - val_acc: 0.8520
Epoch 144/150
100/100 [==============================] - 1s 11ms/step - loss: 0.5141 - acc: 0.8380
1000/1000 [==============================] - 20s 20ms/step - loss: 0.4640 - acc: 0.8757 - val_loss: 0.5141 - val_acc: 0.8380
Epoch 145/150
100/100 [==============================] - 1s 11ms/step - loss: 0.4951 - acc: 0.8530
1000/1000 [==============================] - 20s 20ms/step - loss: 0.4383 - acc: 0.8887 - val_loss: 0.4951 - val_acc: 0.8530
Epoch 146/150
100/100 [==============================] - 1s 11ms/step - loss: 0.5208 - acc: 0.8250
1000/1000 [==============================] - 20s 20ms/step - loss: 0.4517 - acc: 0.8757 - val_loss: 0.5208 - val_acc: 0.8250
Epoch 147/150
100/100 [==============================] - 1s 11ms/step - loss: 0.4802 - acc: 0.8590
1000/1000 [==============================] - 20s 20ms/step - loss: 0.4532 - acc: 0.8760 - val_loss: 0.4802 - val_acc: 0.8590
Epoch 148/150
100/100 [==============================] - 1s 11ms/step - loss: 0.4995 - acc: 0.8590
1000/1000 [==============================] - 20s 20ms/step - loss: 0.4399 - acc: 0.8867 - val_loss: 0.4995 - val_acc: 0.8590
Epoch 149/150
100/100 [==============================] - 1s 11ms/step - loss: 0.4690 - acc: 0.8720
1000/1000 [==============================] - 20s 20ms/step - loss: 0.4340 - acc: 0.8893 - val_loss: 0.4690 - val_acc: 0.8720
Epoch 150/150
100/100 [==============================] - 1s 11ms/step - loss: 0.4722 - acc: 0.8550
1000/1000 [==============================] - 20s 20ms/step - loss: 0.4454 - acc: 0.8827 - val_loss: 0.4722 - val_acc: 0.8550

real	56m44.371s
user	212m9.866s
sys	61m40.485s
