WARNING:tensorflow:From /usr/local/lib/python3.6/dist-packages/tensorflow/python/ops/resource_variable_ops.py:435: colocate_with (from tensorflow.python.framework.ops) is deprecated and will be removed in a future version.
Instructions for updating:
Colocations handled automatically by placer.
WARNING:tensorflow:From /usr/local/lib/python3.6/dist-packages/tensorflow/python/ops/math_ops.py:3066: to_int32 (from tensorflow.python.ops.math_ops) is deprecated and will be removed in a future version.
Instructions for updating:
Use tf.cast instead.
2019-06-27 08:15:28.458928: I tensorflow/core/platform/profile_utils/cpu_utils.cc:94] CPU Frequency: 2593550000 Hz
2019-06-27 08:15:28.461034: I tensorflow/compiler/xla/service/service.cc:150] XLA service 0x2ea7fc0 executing computations on platform Host. Devices:
2019-06-27 08:15:28.461080: I tensorflow/compiler/xla/service/service.cc:158]   StreamExecutor device (0): <undefined>, <undefined>
_________________________________________________________________
Layer (type)                 Output Shape              Param #   
=================================================================
input_1 (InputLayer)         (None, 512, 256)          0         
_________________________________________________________________
conv1d (Conv1D)              (None, 16, 32)            262176    
_________________________________________________________________
lstm (LSTM)                  (None, 3)                 432       
_________________________________________________________________
activation (Activation)      (None, 3)                 0         
=================================================================
Total params: 262,608
Trainable params: 262,608
Non-trainable params: 0
_________________________________________________________________
Epoch 1/150
100/100 [==============================] - 1s 12ms/step - loss: 0.7945 - acc: 0.6680
1000/1000 [==============================] - 28s 28ms/step - loss: 0.9127 - acc: 0.5727 - val_loss: 0.7945 - val_acc: 0.6680
Epoch 2/150
100/100 [==============================] - 1s 11ms/step - loss: 0.7550 - acc: 0.6940
1000/1000 [==============================] - 28s 28ms/step - loss: 0.7604 - acc: 0.6847 - val_loss: 0.7550 - val_acc: 0.6940
Epoch 3/150
100/100 [==============================] - 1s 10ms/step - loss: 0.7237 - acc: 0.7030
1000/1000 [==============================] - 28s 28ms/step - loss: 0.7192 - acc: 0.7190 - val_loss: 0.7237 - val_acc: 0.7030
Epoch 4/150
100/100 [==============================] - 1s 10ms/step - loss: 0.6807 - acc: 0.7500
1000/1000 [==============================] - 28s 28ms/step - loss: 0.6976 - acc: 0.7303 - val_loss: 0.6807 - val_acc: 0.7500
Epoch 5/150
100/100 [==============================] - 1s 10ms/step - loss: 0.6585 - acc: 0.7510
1000/1000 [==============================] - 28s 28ms/step - loss: 0.6661 - acc: 0.7490 - val_loss: 0.6585 - val_acc: 0.7510
Epoch 6/150
100/100 [==============================] - 1s 10ms/step - loss: 0.6661 - acc: 0.7510
1000/1000 [==============================] - 28s 28ms/step - loss: 0.6483 - acc: 0.7640 - val_loss: 0.6661 - val_acc: 0.7510
Epoch 7/150
100/100 [==============================] - 1s 10ms/step - loss: 0.6348 - acc: 0.7690
1000/1000 [==============================] - 28s 28ms/step - loss: 0.6338 - acc: 0.7703 - val_loss: 0.6348 - val_acc: 0.7690
Epoch 8/150
100/100 [==============================] - 1s 10ms/step - loss: 0.6481 - acc: 0.7620
1000/1000 [==============================] - 28s 28ms/step - loss: 0.6009 - acc: 0.7937 - val_loss: 0.6481 - val_acc: 0.7620
Epoch 9/150
100/100 [==============================] - 1s 10ms/step - loss: 0.6546 - acc: 0.7710
1000/1000 [==============================] - 28s 28ms/step - loss: 0.6227 - acc: 0.7837 - val_loss: 0.6546 - val_acc: 0.7710
Epoch 10/150
100/100 [==============================] - 1s 11ms/step - loss: 0.6296 - acc: 0.7630
1000/1000 [==============================] - 28s 28ms/step - loss: 0.6212 - acc: 0.7783 - val_loss: 0.6296 - val_acc: 0.7630
Epoch 11/150
100/100 [==============================] - 1s 10ms/step - loss: 0.6298 - acc: 0.7760
1000/1000 [==============================] - 27s 27ms/step - loss: 0.6056 - acc: 0.7837 - val_loss: 0.6298 - val_acc: 0.7760
Epoch 12/150
100/100 [==============================] - 1s 11ms/step - loss: 0.6303 - acc: 0.7690
1000/1000 [==============================] - 28s 28ms/step - loss: 0.6263 - acc: 0.7773 - val_loss: 0.6303 - val_acc: 0.7690
Epoch 13/150
100/100 [==============================] - 1s 10ms/step - loss: 0.6437 - acc: 0.7640
1000/1000 [==============================] - 27s 27ms/step - loss: 0.6004 - acc: 0.7793 - val_loss: 0.6437 - val_acc: 0.7640
Epoch 14/150
100/100 [==============================] - 1s 12ms/step - loss: 0.6452 - acc: 0.7550
1000/1000 [==============================] - 26s 26ms/step - loss: 0.5923 - acc: 0.8000 - val_loss: 0.6452 - val_acc: 0.7550
Epoch 15/150
100/100 [==============================] - 1s 10ms/step - loss: 0.6570 - acc: 0.7620
1000/1000 [==============================] - 28s 28ms/step - loss: 0.5879 - acc: 0.8063 - val_loss: 0.6570 - val_acc: 0.7620
Epoch 16/150
100/100 [==============================] - 1s 10ms/step - loss: 0.5975 - acc: 0.7990
1000/1000 [==============================] - 28s 28ms/step - loss: 0.5957 - acc: 0.7993 - val_loss: 0.5975 - val_acc: 0.7990
Epoch 17/150
100/100 [==============================] - 1s 10ms/step - loss: 0.6210 - acc: 0.7790
1000/1000 [==============================] - 25s 25ms/step - loss: 0.5875 - acc: 0.8000 - val_loss: 0.6210 - val_acc: 0.7790
Epoch 18/150
100/100 [==============================] - 1s 11ms/step - loss: 0.6199 - acc: 0.7800
1000/1000 [==============================] - 27s 27ms/step - loss: 0.5711 - acc: 0.8137 - val_loss: 0.6199 - val_acc: 0.7800
Epoch 19/150
100/100 [==============================] - 1s 10ms/step - loss: 0.6046 - acc: 0.7920
1000/1000 [==============================] - 28s 28ms/step - loss: 0.5818 - acc: 0.8030 - val_loss: 0.6046 - val_acc: 0.7920
Epoch 20/150
100/100 [==============================] - 1s 11ms/step - loss: 0.6511 - acc: 0.7720
1000/1000 [==============================] - 27s 27ms/step - loss: 0.5756 - acc: 0.8063 - val_loss: 0.6511 - val_acc: 0.7720
Epoch 21/150
100/100 [==============================] - 1s 10ms/step - loss: 0.6491 - acc: 0.7590
1000/1000 [==============================] - 28s 28ms/step - loss: 0.5965 - acc: 0.7953 - val_loss: 0.6491 - val_acc: 0.7590
Epoch 22/150
100/100 [==============================] - 1s 12ms/step - loss: 0.6039 - acc: 0.7910
1000/1000 [==============================] - 25s 25ms/step - loss: 0.5727 - acc: 0.8097 - val_loss: 0.6039 - val_acc: 0.7910
Epoch 23/150
100/100 [==============================] - 1s 11ms/step - loss: 0.6054 - acc: 0.7990
1000/1000 [==============================] - 20s 20ms/step - loss: 0.5851 - acc: 0.8023 - val_loss: 0.6054 - val_acc: 0.7990
Epoch 24/150
100/100 [==============================] - 1s 10ms/step - loss: 0.6179 - acc: 0.7720
1000/1000 [==============================] - 24s 24ms/step - loss: 0.5743 - acc: 0.8127 - val_loss: 0.6179 - val_acc: 0.7720
Epoch 25/150
100/100 [==============================] - 1s 10ms/step - loss: 0.5839 - acc: 0.8020
1000/1000 [==============================] - 28s 28ms/step - loss: 0.5788 - acc: 0.8107 - val_loss: 0.5839 - val_acc: 0.8020
Epoch 26/150
100/100 [==============================] - 1s 10ms/step - loss: 0.6010 - acc: 0.7870
1000/1000 [==============================] - 28s 28ms/step - loss: 0.5730 - acc: 0.8070 - val_loss: 0.6010 - val_acc: 0.7870
Epoch 27/150
100/100 [==============================] - 1s 10ms/step - loss: 0.6047 - acc: 0.7950
1000/1000 [==============================] - 28s 28ms/step - loss: 0.5737 - acc: 0.8053 - val_loss: 0.6047 - val_acc: 0.7950
Epoch 28/150
100/100 [==============================] - 1s 10ms/step - loss: 0.5692 - acc: 0.8110
1000/1000 [==============================] - 28s 28ms/step - loss: 0.5702 - acc: 0.8097 - val_loss: 0.5692 - val_acc: 0.8110
Epoch 29/150
100/100 [==============================] - 1s 10ms/step - loss: 0.5957 - acc: 0.7990
1000/1000 [==============================] - 28s 28ms/step - loss: 0.5609 - acc: 0.8210 - val_loss: 0.5957 - val_acc: 0.7990
Epoch 30/150
100/100 [==============================] - 1s 10ms/step - loss: 0.6039 - acc: 0.7880
1000/1000 [==============================] - 27s 27ms/step - loss: 0.5707 - acc: 0.8083 - val_loss: 0.6039 - val_acc: 0.7880
Epoch 31/150
100/100 [==============================] - 1s 10ms/step - loss: 0.5988 - acc: 0.7960
1000/1000 [==============================] - 28s 28ms/step - loss: 0.5404 - acc: 0.8300 - val_loss: 0.5988 - val_acc: 0.7960
Epoch 32/150
100/100 [==============================] - 1s 10ms/step - loss: 0.5912 - acc: 0.7930
1000/1000 [==============================] - 28s 28ms/step - loss: 0.5621 - acc: 0.8163 - val_loss: 0.5912 - val_acc: 0.7930
Epoch 33/150
100/100 [==============================] - 1s 10ms/step - loss: 0.5909 - acc: 0.7980
1000/1000 [==============================] - 28s 28ms/step - loss: 0.5609 - acc: 0.8210 - val_loss: 0.5909 - val_acc: 0.7980
Epoch 34/150
100/100 [==============================] - 1s 10ms/step - loss: 0.5637 - acc: 0.8160
1000/1000 [==============================] - 28s 28ms/step - loss: 0.5521 - acc: 0.8233 - val_loss: 0.5637 - val_acc: 0.8160
Epoch 35/150
100/100 [==============================] - 1s 10ms/step - loss: 0.5779 - acc: 0.8070
1000/1000 [==============================] - 28s 28ms/step - loss: 0.5699 - acc: 0.8103 - val_loss: 0.5779 - val_acc: 0.8070
Epoch 36/150
100/100 [==============================] - 1s 10ms/step - loss: 0.5781 - acc: 0.8020
1000/1000 [==============================] - 28s 28ms/step - loss: 0.5540 - acc: 0.8233 - val_loss: 0.5781 - val_acc: 0.8020
Epoch 37/150
100/100 [==============================] - 1s 10ms/step - loss: 0.5782 - acc: 0.8170
1000/1000 [==============================] - 28s 28ms/step - loss: 0.5552 - acc: 0.8250 - val_loss: 0.5782 - val_acc: 0.8170
Epoch 38/150
100/100 [==============================] - 1s 10ms/step - loss: 0.6099 - acc: 0.7790
1000/1000 [==============================] - 27s 27ms/step - loss: 0.5565 - acc: 0.8203 - val_loss: 0.6099 - val_acc: 0.7790
Epoch 39/150
100/100 [==============================] - 1s 10ms/step - loss: 0.5880 - acc: 0.7970
1000/1000 [==============================] - 26s 26ms/step - loss: 0.5462 - acc: 0.8240 - val_loss: 0.5880 - val_acc: 0.7970
Epoch 40/150
100/100 [==============================] - 1s 10ms/step - loss: 0.5999 - acc: 0.7870
1000/1000 [==============================] - 27s 27ms/step - loss: 0.5479 - acc: 0.8333 - val_loss: 0.5999 - val_acc: 0.7870
Epoch 41/150
100/100 [==============================] - 1s 10ms/step - loss: 0.5463 - acc: 0.8270
1000/1000 [==============================] - 26s 26ms/step - loss: 0.5512 - acc: 0.8203 - val_loss: 0.5463 - val_acc: 0.8270
Epoch 42/150
100/100 [==============================] - 1s 10ms/step - loss: 0.5852 - acc: 0.8010
1000/1000 [==============================] - 28s 28ms/step - loss: 0.5400 - acc: 0.8343 - val_loss: 0.5852 - val_acc: 0.8010
Epoch 43/150
100/100 [==============================] - 1s 10ms/step - loss: 0.5801 - acc: 0.7990
1000/1000 [==============================] - 24s 24ms/step - loss: 0.5444 - acc: 0.8260 - val_loss: 0.5801 - val_acc: 0.7990
Epoch 44/150
100/100 [==============================] - 1s 11ms/step - loss: 0.5708 - acc: 0.8080
1000/1000 [==============================] - 26s 26ms/step - loss: 0.5455 - acc: 0.8223 - val_loss: 0.5708 - val_acc: 0.8080
Epoch 45/150
100/100 [==============================] - 1s 12ms/step - loss: 0.5706 - acc: 0.8000
1000/1000 [==============================] - 21s 21ms/step - loss: 0.5452 - acc: 0.8257 - val_loss: 0.5706 - val_acc: 0.8000
Epoch 46/150
100/100 [==============================] - 1s 13ms/step - loss: 0.5519 - acc: 0.8140
1000/1000 [==============================] - 20s 20ms/step - loss: 0.5484 - acc: 0.8227 - val_loss: 0.5519 - val_acc: 0.8140
Epoch 47/150
100/100 [==============================] - 1s 10ms/step - loss: 0.5782 - acc: 0.7940
1000/1000 [==============================] - 23s 23ms/step - loss: 0.5479 - acc: 0.8233 - val_loss: 0.5782 - val_acc: 0.7940
Epoch 48/150
100/100 [==============================] - 1s 12ms/step - loss: 0.5945 - acc: 0.8010
1000/1000 [==============================] - 22s 22ms/step - loss: 0.5511 - acc: 0.8180 - val_loss: 0.5945 - val_acc: 0.8010
Epoch 49/150
100/100 [==============================] - 1s 13ms/step - loss: 0.5551 - acc: 0.8160
1000/1000 [==============================] - 20s 20ms/step - loss: 0.5662 - acc: 0.8107 - val_loss: 0.5551 - val_acc: 0.8160
Epoch 50/150
100/100 [==============================] - 1s 14ms/step - loss: 0.5728 - acc: 0.8100
1000/1000 [==============================] - 20s 20ms/step - loss: 0.5335 - acc: 0.8397 - val_loss: 0.5728 - val_acc: 0.8100
Epoch 51/150
100/100 [==============================] - 1s 12ms/step - loss: 0.5896 - acc: 0.7860
1000/1000 [==============================] - 20s 20ms/step - loss: 0.5378 - acc: 0.8273 - val_loss: 0.5896 - val_acc: 0.7860
Epoch 52/150
100/100 [==============================] - 1s 12ms/step - loss: 0.5540 - acc: 0.8150
1000/1000 [==============================] - 22s 22ms/step - loss: 0.5482 - acc: 0.8290 - val_loss: 0.5540 - val_acc: 0.8150
Epoch 53/150
100/100 [==============================] - 1s 10ms/step - loss: 0.6003 - acc: 0.7880
1000/1000 [==============================] - 28s 28ms/step - loss: 0.5427 - acc: 0.8217 - val_loss: 0.6003 - val_acc: 0.7880
Epoch 54/150
100/100 [==============================] - 1s 10ms/step - loss: 0.5971 - acc: 0.7900
1000/1000 [==============================] - 28s 28ms/step - loss: 0.5362 - acc: 0.8320 - val_loss: 0.5971 - val_acc: 0.7900
Epoch 55/150
100/100 [==============================] - 1s 10ms/step - loss: 0.5467 - acc: 0.8200
1000/1000 [==============================] - 28s 28ms/step - loss: 0.5347 - acc: 0.8357 - val_loss: 0.5467 - val_acc: 0.8200
Epoch 56/150
100/100 [==============================] - 1s 10ms/step - loss: 0.5731 - acc: 0.8070
1000/1000 [==============================] - 28s 28ms/step - loss: 0.5529 - acc: 0.8163 - val_loss: 0.5731 - val_acc: 0.8070
Epoch 57/150
100/100 [==============================] - 1s 10ms/step - loss: 0.5671 - acc: 0.8070
1000/1000 [==============================] - 28s 28ms/step - loss: 0.5406 - acc: 0.8323 - val_loss: 0.5671 - val_acc: 0.8070
Epoch 58/150
100/100 [==============================] - 1s 10ms/step - loss: 0.5619 - acc: 0.8140
1000/1000 [==============================] - 28s 28ms/step - loss: 0.5320 - acc: 0.8370 - val_loss: 0.5619 - val_acc: 0.8140
Epoch 59/150
100/100 [==============================] - 1s 10ms/step - loss: 0.5673 - acc: 0.8060
1000/1000 [==============================] - 28s 28ms/step - loss: 0.5282 - acc: 0.8380 - val_loss: 0.5673 - val_acc: 0.8060
Epoch 60/150
100/100 [==============================] - 1s 10ms/step - loss: 0.5798 - acc: 0.8010
1000/1000 [==============================] - 26s 26ms/step - loss: 0.5403 - acc: 0.8293 - val_loss: 0.5798 - val_acc: 0.8010
Epoch 61/150
100/100 [==============================] - 1s 10ms/step - loss: 0.5704 - acc: 0.8130
1000/1000 [==============================] - 28s 28ms/step - loss: 0.5447 - acc: 0.8313 - val_loss: 0.5704 - val_acc: 0.8130
Epoch 62/150
100/100 [==============================] - 1s 10ms/step - loss: 0.5643 - acc: 0.8100
1000/1000 [==============================] - 28s 28ms/step - loss: 0.5401 - acc: 0.8353 - val_loss: 0.5643 - val_acc: 0.8100
Epoch 63/150
100/100 [==============================] - 1s 10ms/step - loss: 0.5616 - acc: 0.8160
1000/1000 [==============================] - 28s 28ms/step - loss: 0.5528 - acc: 0.8213 - val_loss: 0.5616 - val_acc: 0.8160
Epoch 64/150
100/100 [==============================] - 1s 10ms/step - loss: 0.5580 - acc: 0.8230
1000/1000 [==============================] - 28s 28ms/step - loss: 0.5346 - acc: 0.8337 - val_loss: 0.5580 - val_acc: 0.8230
Epoch 65/150
100/100 [==============================] - 1s 10ms/step - loss: 0.5253 - acc: 0.8400
1000/1000 [==============================] - 28s 28ms/step - loss: 0.5388 - acc: 0.8290 - val_loss: 0.5253 - val_acc: 0.8400
Epoch 66/150
100/100 [==============================] - 1s 11ms/step - loss: 0.5549 - acc: 0.8140
1000/1000 [==============================] - 26s 26ms/step - loss: 0.5344 - acc: 0.8333 - val_loss: 0.5549 - val_acc: 0.8140
Epoch 67/150
100/100 [==============================] - 1s 12ms/step - loss: 0.5729 - acc: 0.8010
1000/1000 [==============================] - 20s 20ms/step - loss: 0.5170 - acc: 0.8380 - val_loss: 0.5729 - val_acc: 0.8010
Epoch 68/150
100/100 [==============================] - 1s 12ms/step - loss: 0.5503 - acc: 0.8280
1000/1000 [==============================] - 20s 20ms/step - loss: 0.5275 - acc: 0.8373 - val_loss: 0.5503 - val_acc: 0.8280
Epoch 69/150
100/100 [==============================] - 1s 11ms/step - loss: 0.5645 - acc: 0.8110
1000/1000 [==============================] - 20s 20ms/step - loss: 0.5191 - acc: 0.8473 - val_loss: 0.5645 - val_acc: 0.8110
Epoch 70/150
100/100 [==============================] - 1s 10ms/step - loss: 0.5485 - acc: 0.8260
1000/1000 [==============================] - 24s 24ms/step - loss: 0.5435 - acc: 0.8280 - val_loss: 0.5485 - val_acc: 0.8260
Epoch 71/150
100/100 [==============================] - 1s 10ms/step - loss: 0.5624 - acc: 0.8150
1000/1000 [==============================] - 27s 27ms/step - loss: 0.5295 - acc: 0.8373 - val_loss: 0.5624 - val_acc: 0.8150
Epoch 72/150
100/100 [==============================] - 1s 10ms/step - loss: 0.5561 - acc: 0.8200
1000/1000 [==============================] - 28s 28ms/step - loss: 0.5350 - acc: 0.8307 - val_loss: 0.5561 - val_acc: 0.8200
Epoch 73/150
100/100 [==============================] - 1s 10ms/step - loss: 0.5902 - acc: 0.7990
1000/1000 [==============================] - 28s 28ms/step - loss: 0.5327 - acc: 0.8337 - val_loss: 0.5902 - val_acc: 0.7990
Epoch 74/150
100/100 [==============================] - 1s 10ms/step - loss: 0.5531 - acc: 0.8240
1000/1000 [==============================] - 28s 28ms/step - loss: 0.5254 - acc: 0.8363 - val_loss: 0.5531 - val_acc: 0.8240
Epoch 75/150
100/100 [==============================] - 1s 10ms/step - loss: 0.5645 - acc: 0.8080
1000/1000 [==============================] - 27s 27ms/step - loss: 0.5291 - acc: 0.8363 - val_loss: 0.5645 - val_acc: 0.8080
Epoch 76/150
100/100 [==============================] - 1s 10ms/step - loss: 0.5831 - acc: 0.7930
1000/1000 [==============================] - 28s 28ms/step - loss: 0.5324 - acc: 0.8347 - val_loss: 0.5831 - val_acc: 0.7930
Epoch 77/150
100/100 [==============================] - 1s 10ms/step - loss: 0.5753 - acc: 0.8100
1000/1000 [==============================] - 27s 27ms/step - loss: 0.5204 - acc: 0.8380 - val_loss: 0.5753 - val_acc: 0.8100
Epoch 78/150
100/100 [==============================] - 1s 10ms/step - loss: 0.5609 - acc: 0.8070
1000/1000 [==============================] - 24s 24ms/step - loss: 0.5211 - acc: 0.8413 - val_loss: 0.5609 - val_acc: 0.8070
Epoch 79/150
100/100 [==============================] - 1s 10ms/step - loss: 0.5639 - acc: 0.8180
1000/1000 [==============================] - 24s 24ms/step - loss: 0.5179 - acc: 0.8433 - val_loss: 0.5639 - val_acc: 0.8180
Epoch 80/150
100/100 [==============================] - 1s 10ms/step - loss: 0.5666 - acc: 0.8050
1000/1000 [==============================] - 24s 24ms/step - loss: 0.5190 - acc: 0.8453 - val_loss: 0.5666 - val_acc: 0.8050
Epoch 81/150
100/100 [==============================] - 1s 11ms/step - loss: 0.5555 - acc: 0.8140
1000/1000 [==============================] - 24s 24ms/step - loss: 0.5332 - acc: 0.8310 - val_loss: 0.5555 - val_acc: 0.8140
Epoch 82/150
100/100 [==============================] - 1s 11ms/step - loss: 0.5725 - acc: 0.8170
1000/1000 [==============================] - 24s 24ms/step - loss: 0.5157 - acc: 0.8413 - val_loss: 0.5725 - val_acc: 0.8170
Epoch 83/150
100/100 [==============================] - 1s 10ms/step - loss: 0.5524 - acc: 0.8160
1000/1000 [==============================] - 23s 23ms/step - loss: 0.5322 - acc: 0.8337 - val_loss: 0.5524 - val_acc: 0.8160
Epoch 84/150
100/100 [==============================] - 1s 11ms/step - loss: 0.5617 - acc: 0.8150
1000/1000 [==============================] - 21s 21ms/step - loss: 0.5225 - acc: 0.8360 - val_loss: 0.5617 - val_acc: 0.8150
Epoch 85/150
100/100 [==============================] - 1s 11ms/step - loss: 0.5806 - acc: 0.8050
1000/1000 [==============================] - 18s 18ms/step - loss: 0.5239 - acc: 0.8420 - val_loss: 0.5806 - val_acc: 0.8050
Epoch 86/150
100/100 [==============================] - 1s 10ms/step - loss: 0.5694 - acc: 0.8120
1000/1000 [==============================] - 24s 24ms/step - loss: 0.5264 - acc: 0.8407 - val_loss: 0.5694 - val_acc: 0.8120
Epoch 87/150
100/100 [==============================] - 1s 12ms/step - loss: 0.5758 - acc: 0.8080
1000/1000 [==============================] - 25s 25ms/step - loss: 0.5249 - acc: 0.8407 - val_loss: 0.5758 - val_acc: 0.8080
Epoch 88/150
100/100 [==============================] - 1s 12ms/step - loss: 0.5769 - acc: 0.8120
1000/1000 [==============================] - 20s 20ms/step - loss: 0.5339 - acc: 0.8330 - val_loss: 0.5769 - val_acc: 0.8120
Epoch 89/150
100/100 [==============================] - 1s 11ms/step - loss: 0.5684 - acc: 0.8200
1000/1000 [==============================] - 24s 24ms/step - loss: 0.5258 - acc: 0.8423 - val_loss: 0.5684 - val_acc: 0.8200
Epoch 90/150
100/100 [==============================] - 1s 11ms/step - loss: 0.5712 - acc: 0.8060
1000/1000 [==============================] - 19s 19ms/step - loss: 0.5112 - acc: 0.8487 - val_loss: 0.5712 - val_acc: 0.8060
Epoch 91/150
100/100 [==============================] - 1s 11ms/step - loss: 0.5657 - acc: 0.8100
1000/1000 [==============================] - 19s 19ms/step - loss: 0.5255 - acc: 0.8373 - val_loss: 0.5657 - val_acc: 0.8100
Epoch 92/150
100/100 [==============================] - 1s 11ms/step - loss: 0.5322 - acc: 0.8350
1000/1000 [==============================] - 19s 19ms/step - loss: 0.5146 - acc: 0.8477 - val_loss: 0.5322 - val_acc: 0.8350
Epoch 93/150
100/100 [==============================] - 1s 11ms/step - loss: 0.5821 - acc: 0.7950
1000/1000 [==============================] - 19s 19ms/step - loss: 0.5278 - acc: 0.8390 - val_loss: 0.5821 - val_acc: 0.7950
Epoch 94/150
100/100 [==============================] - 1s 12ms/step - loss: 0.5626 - acc: 0.8210
1000/1000 [==============================] - 22s 22ms/step - loss: 0.5341 - acc: 0.8367 - val_loss: 0.5626 - val_acc: 0.8210
Epoch 95/150
100/100 [==============================] - 1s 10ms/step - loss: 0.5657 - acc: 0.8140
1000/1000 [==============================] - 28s 28ms/step - loss: 0.5323 - acc: 0.8363 - val_loss: 0.5657 - val_acc: 0.8140
Epoch 96/150
100/100 [==============================] - 1s 10ms/step - loss: 0.5669 - acc: 0.8200
1000/1000 [==============================] - 28s 28ms/step - loss: 0.5228 - acc: 0.8410 - val_loss: 0.5669 - val_acc: 0.8200
Epoch 97/150
100/100 [==============================] - 1s 10ms/step - loss: 0.5843 - acc: 0.8020
1000/1000 [==============================] - 26s 26ms/step - loss: 0.5232 - acc: 0.8457 - val_loss: 0.5843 - val_acc: 0.8020
Epoch 98/150
100/100 [==============================] - 1s 10ms/step - loss: 0.5670 - acc: 0.8010
1000/1000 [==============================] - 28s 28ms/step - loss: 0.5198 - acc: 0.8430 - val_loss: 0.5670 - val_acc: 0.8010
Epoch 99/150
100/100 [==============================] - 1s 10ms/step - loss: 0.5613 - acc: 0.8200
1000/1000 [==============================] - 28s 28ms/step - loss: 0.5320 - acc: 0.8327 - val_loss: 0.5613 - val_acc: 0.8200
Epoch 100/150
100/100 [==============================] - 1s 12ms/step - loss: 0.5642 - acc: 0.8060
1000/1000 [==============================] - 25s 25ms/step - loss: 0.5445 - acc: 0.8240 - val_loss: 0.5642 - val_acc: 0.8060
Epoch 101/150
100/100 [==============================] - 1s 11ms/step - loss: 0.5719 - acc: 0.8060
1000/1000 [==============================] - 20s 20ms/step - loss: 0.5160 - acc: 0.8467 - val_loss: 0.5719 - val_acc: 0.8060
Epoch 102/150
100/100 [==============================] - 1s 10ms/step - loss: 0.5718 - acc: 0.8110
1000/1000 [==============================] - 23s 23ms/step - loss: 0.5319 - acc: 0.8310 - val_loss: 0.5718 - val_acc: 0.8110
Epoch 103/150
100/100 [==============================] - 1s 10ms/step - loss: 0.5557 - acc: 0.8270
1000/1000 [==============================] - 20s 20ms/step - loss: 0.5429 - acc: 0.8317 - val_loss: 0.5557 - val_acc: 0.8270
Epoch 104/150
100/100 [==============================] - 1s 10ms/step - loss: 0.5425 - acc: 0.8240
1000/1000 [==============================] - 20s 20ms/step - loss: 0.5372 - acc: 0.8310 - val_loss: 0.5425 - val_acc: 0.8240
Epoch 105/150
100/100 [==============================] - 1s 10ms/step - loss: 0.5802 - acc: 0.8050
1000/1000 [==============================] - 28s 28ms/step - loss: 0.5303 - acc: 0.8380 - val_loss: 0.5802 - val_acc: 0.8050
Epoch 106/150
100/100 [==============================] - 1s 10ms/step - loss: 0.5754 - acc: 0.8160
1000/1000 [==============================] - 23s 23ms/step - loss: 0.5039 - acc: 0.8523 - val_loss: 0.5754 - val_acc: 0.8160
Epoch 107/150
100/100 [==============================] - 1s 11ms/step - loss: 0.5558 - acc: 0.8170
1000/1000 [==============================] - 19s 19ms/step - loss: 0.5259 - acc: 0.8410 - val_loss: 0.5558 - val_acc: 0.8170
Epoch 108/150
100/100 [==============================] - 1s 13ms/step - loss: 0.5827 - acc: 0.8000
1000/1000 [==============================] - 27s 27ms/step - loss: 0.5182 - acc: 0.8443 - val_loss: 0.5827 - val_acc: 0.8000
Epoch 109/150
100/100 [==============================] - 1s 12ms/step - loss: 0.5945 - acc: 0.7880
1000/1000 [==============================] - 25s 25ms/step - loss: 0.5228 - acc: 0.8363 - val_loss: 0.5945 - val_acc: 0.7880
Epoch 110/150
100/100 [==============================] - 1s 13ms/step - loss: 0.5387 - acc: 0.8250
1000/1000 [==============================] - 21s 21ms/step - loss: 0.5305 - acc: 0.8300 - val_loss: 0.5387 - val_acc: 0.8250
Epoch 111/150
100/100 [==============================] - 1s 12ms/step - loss: 0.5517 - acc: 0.8170
1000/1000 [==============================] - 20s 20ms/step - loss: 0.5240 - acc: 0.8373 - val_loss: 0.5517 - val_acc: 0.8170
Epoch 112/150
100/100 [==============================] - 1s 11ms/step - loss: 0.5454 - acc: 0.8300
1000/1000 [==============================] - 24s 24ms/step - loss: 0.5032 - acc: 0.8577 - val_loss: 0.5454 - val_acc: 0.8300
Epoch 113/150
100/100 [==============================] - 1s 10ms/step - loss: 0.5393 - acc: 0.8230
1000/1000 [==============================] - 27s 27ms/step - loss: 0.5105 - acc: 0.8460 - val_loss: 0.5393 - val_acc: 0.8230
Epoch 114/150
100/100 [==============================] - 1s 10ms/step - loss: 0.5451 - acc: 0.8200
1000/1000 [==============================] - 28s 28ms/step - loss: 0.5249 - acc: 0.8363 - val_loss: 0.5451 - val_acc: 0.8200
Epoch 115/150
100/100 [==============================] - 1s 10ms/step - loss: 0.5695 - acc: 0.8150
1000/1000 [==============================] - 26s 26ms/step - loss: 0.5252 - acc: 0.8420 - val_loss: 0.5695 - val_acc: 0.8150
Epoch 116/150
100/100 [==============================] - 1s 12ms/step - loss: 0.5435 - acc: 0.8180
1000/1000 [==============================] - 22s 22ms/step - loss: 0.5227 - acc: 0.8397 - val_loss: 0.5435 - val_acc: 0.8180
Epoch 117/150
100/100 [==============================] - 1s 13ms/step - loss: 0.5961 - acc: 0.7930
1000/1000 [==============================] - 20s 20ms/step - loss: 0.5190 - acc: 0.8483 - val_loss: 0.5961 - val_acc: 0.7930
Epoch 118/150
100/100 [==============================] - 1s 13ms/step - loss: 0.5508 - acc: 0.8190
1000/1000 [==============================] - 20s 20ms/step - loss: 0.5287 - acc: 0.8363 - val_loss: 0.5508 - val_acc: 0.8190
Epoch 119/150
100/100 [==============================] - 1s 12ms/step - loss: 0.5537 - acc: 0.8160
1000/1000 [==============================] - 20s 20ms/step - loss: 0.5226 - acc: 0.8390 - val_loss: 0.5537 - val_acc: 0.8160
Epoch 120/150
100/100 [==============================] - 1s 10ms/step - loss: 0.5364 - acc: 0.8290
1000/1000 [==============================] - 25s 25ms/step - loss: 0.5355 - acc: 0.8347 - val_loss: 0.5364 - val_acc: 0.8290
Epoch 121/150
100/100 [==============================] - 1s 10ms/step - loss: 0.5647 - acc: 0.8200
1000/1000 [==============================] - 28s 28ms/step - loss: 0.5164 - acc: 0.8463 - val_loss: 0.5647 - val_acc: 0.8200
Epoch 122/150
100/100 [==============================] - 1s 10ms/step - loss: 0.5771 - acc: 0.8040
1000/1000 [==============================] - 28s 28ms/step - loss: 0.5106 - acc: 0.8487 - val_loss: 0.5771 - val_acc: 0.8040
Epoch 123/150
100/100 [==============================] - 1s 12ms/step - loss: 0.5536 - acc: 0.8170
1000/1000 [==============================] - 28s 28ms/step - loss: 0.5150 - acc: 0.8420 - val_loss: 0.5536 - val_acc: 0.8170
Epoch 124/150
100/100 [==============================] - 1s 11ms/step - loss: 0.5414 - acc: 0.8260
1000/1000 [==============================] - 25s 25ms/step - loss: 0.5276 - acc: 0.8403 - val_loss: 0.5414 - val_acc: 0.8260
Epoch 125/150
100/100 [==============================] - 1s 10ms/step - loss: 0.5649 - acc: 0.8100
1000/1000 [==============================] - 27s 27ms/step - loss: 0.5117 - acc: 0.8467 - val_loss: 0.5649 - val_acc: 0.8100
Epoch 126/150
100/100 [==============================] - 1s 11ms/step - loss: 0.5675 - acc: 0.8080
1000/1000 [==============================] - 28s 28ms/step - loss: 0.5211 - acc: 0.8393 - val_loss: 0.5675 - val_acc: 0.8080
Epoch 127/150
100/100 [==============================] - 1s 11ms/step - loss: 0.5677 - acc: 0.8160
1000/1000 [==============================] - 28s 28ms/step - loss: 0.5284 - acc: 0.8363 - val_loss: 0.5677 - val_acc: 0.8160
Epoch 128/150
100/100 [==============================] - 1s 11ms/step - loss: 0.5602 - acc: 0.8180
1000/1000 [==============================] - 28s 28ms/step - loss: 0.5210 - acc: 0.8417 - val_loss: 0.5602 - val_acc: 0.8180
Epoch 129/150
100/100 [==============================] - 1s 10ms/step - loss: 0.5574 - acc: 0.8130
1000/1000 [==============================] - 28s 28ms/step - loss: 0.5194 - acc: 0.8367 - val_loss: 0.5574 - val_acc: 0.8130
Epoch 130/150
100/100 [==============================] - 1s 11ms/step - loss: 0.5592 - acc: 0.8130
1000/1000 [==============================] - 28s 28ms/step - loss: 0.5240 - acc: 0.8410 - val_loss: 0.5592 - val_acc: 0.8130
Epoch 131/150
100/100 [==============================] - 1s 11ms/step - loss: 0.5277 - acc: 0.8370
1000/1000 [==============================] - 27s 27ms/step - loss: 0.5328 - acc: 0.8300 - val_loss: 0.5277 - val_acc: 0.8370
Epoch 132/150
100/100 [==============================] - 1s 11ms/step - loss: 0.5917 - acc: 0.7920
1000/1000 [==============================] - 25s 25ms/step - loss: 0.5340 - acc: 0.8313 - val_loss: 0.5917 - val_acc: 0.7920
Epoch 133/150
100/100 [==============================] - 1s 10ms/step - loss: 0.5888 - acc: 0.7980
1000/1000 [==============================] - 25s 25ms/step - loss: 0.5050 - acc: 0.8533 - val_loss: 0.5888 - val_acc: 0.7980
Epoch 134/150
100/100 [==============================] - 1s 10ms/step - loss: 0.5326 - acc: 0.8240
1000/1000 [==============================] - 25s 25ms/step - loss: 0.5300 - acc: 0.8407 - val_loss: 0.5326 - val_acc: 0.8240
Epoch 135/150
100/100 [==============================] - 1s 11ms/step - loss: 0.5660 - acc: 0.8130
1000/1000 [==============================] - 25s 25ms/step - loss: 0.5101 - acc: 0.8490 - val_loss: 0.5660 - val_acc: 0.8130
Epoch 136/150
100/100 [==============================] - 1s 11ms/step - loss: 0.5550 - acc: 0.8250
1000/1000 [==============================] - 25s 25ms/step - loss: 0.5345 - acc: 0.8360 - val_loss: 0.5550 - val_acc: 0.8250
Epoch 137/150
100/100 [==============================] - 1s 11ms/step - loss: 0.5648 - acc: 0.8090
1000/1000 [==============================] - 25s 25ms/step - loss: 0.5235 - acc: 0.8433 - val_loss: 0.5648 - val_acc: 0.8090
Epoch 138/150
100/100 [==============================] - 1s 10ms/step - loss: 0.5552 - acc: 0.8260
1000/1000 [==============================] - 25s 25ms/step - loss: 0.5162 - acc: 0.8460 - val_loss: 0.5552 - val_acc: 0.8260
Epoch 139/150
100/100 [==============================] - 1s 11ms/step - loss: 0.5378 - acc: 0.8310
1000/1000 [==============================] - 25s 25ms/step - loss: 0.5270 - acc: 0.8343 - val_loss: 0.5378 - val_acc: 0.8310
Epoch 140/150
100/100 [==============================] - 1s 11ms/step - loss: 0.5413 - acc: 0.8320
1000/1000 [==============================] - 25s 25ms/step - loss: 0.5104 - acc: 0.8470 - val_loss: 0.5413 - val_acc: 0.8320
Epoch 141/150
100/100 [==============================] - 1s 12ms/step - loss: 0.5495 - acc: 0.8150
1000/1000 [==============================] - 25s 25ms/step - loss: 0.5193 - acc: 0.8443 - val_loss: 0.5495 - val_acc: 0.8150
Epoch 142/150
100/100 [==============================] - 1s 11ms/step - loss: 0.5689 - acc: 0.8040
1000/1000 [==============================] - 25s 25ms/step - loss: 0.5067 - acc: 0.8523 - val_loss: 0.5689 - val_acc: 0.8040
Epoch 143/150
100/100 [==============================] - 1s 10ms/step - loss: 0.5310 - acc: 0.8400
1000/1000 [==============================] - 25s 25ms/step - loss: 0.5093 - acc: 0.8503 - val_loss: 0.5310 - val_acc: 0.8400
Epoch 144/150
100/100 [==============================] - 1s 12ms/step - loss: 0.5463 - acc: 0.8230
1000/1000 [==============================] - 25s 25ms/step - loss: 0.5297 - acc: 0.8363 - val_loss: 0.5463 - val_acc: 0.8230
Epoch 145/150
100/100 [==============================] - 1s 11ms/step - loss: 0.5581 - acc: 0.8250
1000/1000 [==============================] - 25s 25ms/step - loss: 0.5190 - acc: 0.8420 - val_loss: 0.5581 - val_acc: 0.8250
Epoch 146/150
100/100 [==============================] - 1s 10ms/step - loss: 0.5644 - acc: 0.8170
1000/1000 [==============================] - 25s 25ms/step - loss: 0.5236 - acc: 0.8433 - val_loss: 0.5644 - val_acc: 0.8170
Epoch 147/150
100/100 [==============================] - 1s 10ms/step - loss: 0.5456 - acc: 0.8320
1000/1000 [==============================] - 28s 28ms/step - loss: 0.5062 - acc: 0.8510 - val_loss: 0.5456 - val_acc: 0.8320
Epoch 148/150
100/100 [==============================] - 1s 10ms/step - loss: 0.5469 - acc: 0.8280
1000/1000 [==============================] - 28s 28ms/step - loss: 0.5244 - acc: 0.8393 - val_loss: 0.5469 - val_acc: 0.8280
Epoch 149/150
100/100 [==============================] - 1s 10ms/step - loss: 0.5515 - acc: 0.8190
1000/1000 [==============================] - 28s 28ms/step - loss: 0.5240 - acc: 0.8383 - val_loss: 0.5515 - val_acc: 0.8190
Epoch 150/150
100/100 [==============================] - 1s 11ms/step - loss: 0.5084 - acc: 0.8520
1000/1000 [==============================] - 28s 28ms/step - loss: 0.5153 - acc: 0.8453 - val_loss: 0.5084 - val_acc: 0.8520

real	63m34.814s
user	250m1.169s
sys	70m20.582s
