WARNING:tensorflow:From /usr/local/lib/python3.6/dist-packages/tensorflow/python/ops/resource_variable_ops.py:435: colocate_with (from tensorflow.python.framework.ops) is deprecated and will be removed in a future version.
Instructions for updating:
Colocations handled automatically by placer.
WARNING:tensorflow:From /usr/local/lib/python3.6/dist-packages/tensorflow/python/keras/backend.py:4010: calling dropout (from tensorflow.python.ops.nn_ops) with keep_prob is deprecated and will be removed in a future version.
Instructions for updating:
Please use `rate` instead of `keep_prob`. Rate should be set to `rate = 1 - keep_prob`.
WARNING:tensorflow:From /usr/local/lib/python3.6/dist-packages/tensorflow/python/ops/math_ops.py:3066: to_int32 (from tensorflow.python.ops.math_ops) is deprecated and will be removed in a future version.
Instructions for updating:
Use tf.cast instead.
2019-06-26 13:33:24.606937: I tensorflow/core/platform/profile_utils/cpu_utils.cc:94] CPU Frequency: 2593550000 Hz
2019-06-26 13:33:24.608677: I tensorflow/compiler/xla/service/service.cc:150] XLA service 0x3433050 executing computations on platform Host. Devices:
2019-06-26 13:33:24.608708: I tensorflow/compiler/xla/service/service.cc:158]   StreamExecutor device (0): <undefined>, <undefined>
_________________________________________________________________
Layer (type)                 Output Shape              Param #   
=================================================================
input_1 (InputLayer)         (None, None, 256)         0         
_________________________________________________________________
simple_rnn (SimpleRNN)       (None, None, 64)          20544     
_________________________________________________________________
lstm (LSTM)                  (None, 16)                5184      
_________________________________________________________________
dense (Dense)                (None, 3)                 51        
_________________________________________________________________
activation (Activation)      (None, 3)                 0         
=================================================================
Total params: 25,779
Trainable params: 25,779
Non-trainable params: 0
_________________________________________________________________
Epoch 1/150
10/10 [==============================] - 2s 192ms/step - loss: 0.5844 - acc: 0.6300
100/100 [==============================] - 74s 739ms/step - loss: 0.7619 - acc: 0.6167 - val_loss: 0.5844 - val_acc: 0.6300
Epoch 2/150
10/10 [==============================] - 2s 159ms/step - loss: 0.5464 - acc: 0.6400
100/100 [==============================] - 71s 706ms/step - loss: 0.5867 - acc: 0.6667 - val_loss: 0.5464 - val_acc: 0.6400
Epoch 3/150
10/10 [==============================] - 2s 169ms/step - loss: 0.5303 - acc: 0.7200
100/100 [==============================] - 72s 721ms/step - loss: 0.5504 - acc: 0.7500 - val_loss: 0.5303 - val_acc: 0.7200
Epoch 4/150
10/10 [==============================] - 2s 169ms/step - loss: 0.5599 - acc: 0.6200
100/100 [==============================] - 73s 726ms/step - loss: 0.4807 - acc: 0.7967 - val_loss: 0.5599 - val_acc: 0.6200
Epoch 5/150
10/10 [==============================] - 2s 170ms/step - loss: 0.5248 - acc: 0.6900
100/100 [==============================] - 72s 724ms/step - loss: 0.4150 - acc: 0.9033 - val_loss: 0.5248 - val_acc: 0.6900

real	6m6.843s
user	23m36.938s
sys	7m5.423s
