WARNING:tensorflow:From /usr/local/lib/python3.6/dist-packages/tensorflow/python/ops/resource_variable_ops.py:435: colocate_with (from tensorflow.python.framework.ops) is deprecated and will be removed in a future version.
Instructions for updating:
Colocations handled automatically by placer.
WARNING:tensorflow:From /usr/local/lib/python3.6/dist-packages/tensorflow/python/ops/math_ops.py:3066: to_int32 (from tensorflow.python.ops.math_ops) is deprecated and will be removed in a future version.
Instructions for updating:
Use tf.cast instead.
2019-06-27 15:55:32.190957: I tensorflow/core/platform/profile_utils/cpu_utils.cc:94] CPU Frequency: 2593550000 Hz
2019-06-27 15:55:32.192967: I tensorflow/compiler/xla/service/service.cc:150] XLA service 0x33b61c0 executing computations on platform Host. Devices:
2019-06-27 15:55:32.192989: I tensorflow/compiler/xla/service/service.cc:158]   StreamExecutor device (0): <undefined>, <undefined>
_________________________________________________________________
Layer (type)                 Output Shape              Param #   
=================================================================
input_1 (InputLayer)         (None, 512, 256)          0         
_________________________________________________________________
conv1d (Conv1D)              (None, 256, 256)          131328    
_________________________________________________________________
conv1d_1 (Conv1D)            (None, 128, 128)          65664     
_________________________________________________________________
conv1d_2 (Conv1D)            (None, 64, 64)            16448     
_________________________________________________________________
conv1d_3 (Conv1D)            (None, 32, 32)            4128      
_________________________________________________________________
lstm (LSTM)                  (None, 32)                8320      
_________________________________________________________________
dense (Dense)                (None, 3)                 99        
_________________________________________________________________
activation (Activation)      (None, 3)                 0         
=================================================================
Total params: 225,987
Trainable params: 225,987
Non-trainable params: 0
_________________________________________________________________
Epoch 1/150
100/100 [==============================] - 2s 17ms/step - loss: 0.7607 - acc: 0.6700
1000/1000 [==============================] - 50s 50ms/step - loss: 0.9318 - acc: 0.5283 - val_loss: 0.7607 - val_acc: 0.6700
Epoch 2/150
100/100 [==============================] - 2s 15ms/step - loss: 0.8020 - acc: 0.6160
1000/1000 [==============================] - 49s 49ms/step - loss: 0.7581 - acc: 0.6697 - val_loss: 0.8020 - val_acc: 0.6160
Epoch 3/150
100/100 [==============================] - 2s 16ms/step - loss: 0.6591 - acc: 0.7320
1000/1000 [==============================] - 52s 52ms/step - loss: 0.7158 - acc: 0.6863 - val_loss: 0.6591 - val_acc: 0.7320
Epoch 4/150
100/100 [==============================] - 2s 16ms/step - loss: 0.6556 - acc: 0.7290
1000/1000 [==============================] - 54s 54ms/step - loss: 0.6862 - acc: 0.7093 - val_loss: 0.6556 - val_acc: 0.7290
Epoch 5/150
100/100 [==============================] - 2s 16ms/step - loss: 0.6475 - acc: 0.7440
1000/1000 [==============================] - 53s 53ms/step - loss: 0.6364 - acc: 0.7393 - val_loss: 0.6475 - val_acc: 0.7440
Epoch 6/150
100/100 [==============================] - 2s 16ms/step - loss: 0.6450 - acc: 0.7300
1000/1000 [==============================] - 53s 53ms/step - loss: 0.6371 - acc: 0.7427 - val_loss: 0.6450 - val_acc: 0.7300
Epoch 7/150
100/100 [==============================] - 2s 16ms/step - loss: 0.6296 - acc: 0.7500
1000/1000 [==============================] - 54s 54ms/step - loss: 0.6239 - acc: 0.7507 - val_loss: 0.6296 - val_acc: 0.7500
Epoch 8/150
100/100 [==============================] - 2s 16ms/step - loss: 0.6383 - acc: 0.7320
1000/1000 [==============================] - 52s 52ms/step - loss: 0.6144 - acc: 0.7480 - val_loss: 0.6383 - val_acc: 0.7320
Epoch 9/150
100/100 [==============================] - 2s 16ms/step - loss: 0.5751 - acc: 0.7730
1000/1000 [==============================] - 52s 52ms/step - loss: 0.5786 - acc: 0.7677 - val_loss: 0.5751 - val_acc: 0.7730
Epoch 10/150
100/100 [==============================] - 2s 15ms/step - loss: 0.6663 - acc: 0.7180
1000/1000 [==============================] - 49s 49ms/step - loss: 0.5858 - acc: 0.7693 - val_loss: 0.6663 - val_acc: 0.7180
Epoch 11/150
100/100 [==============================] - 2s 16ms/step - loss: 0.6354 - acc: 0.7370
1000/1000 [==============================] - 47s 47ms/step - loss: 0.6244 - acc: 0.7427 - val_loss: 0.6354 - val_acc: 0.7370
Epoch 12/150
100/100 [==============================] - 1s 15ms/step - loss: 0.6695 - acc: 0.7020
1000/1000 [==============================] - 51s 51ms/step - loss: 0.5647 - acc: 0.7733 - val_loss: 0.6695 - val_acc: 0.7020
Epoch 13/150
100/100 [==============================] - 2s 16ms/step - loss: 0.7344 - acc: 0.6870
1000/1000 [==============================] - 54s 54ms/step - loss: 0.5598 - acc: 0.7753 - val_loss: 0.7344 - val_acc: 0.6870
Epoch 14/150
100/100 [==============================] - 2s 15ms/step - loss: 0.5558 - acc: 0.7790
1000/1000 [==============================] - 51s 51ms/step - loss: 0.5618 - acc: 0.7807 - val_loss: 0.5558 - val_acc: 0.7790
Epoch 15/150
100/100 [==============================] - 2s 16ms/step - loss: 0.5583 - acc: 0.7870
1000/1000 [==============================] - 54s 54ms/step - loss: 0.5503 - acc: 0.7813 - val_loss: 0.5583 - val_acc: 0.7870
Epoch 16/150
100/100 [==============================] - 2s 15ms/step - loss: 0.6068 - acc: 0.7550
1000/1000 [==============================] - 53s 53ms/step - loss: 0.5606 - acc: 0.7820 - val_loss: 0.6068 - val_acc: 0.7550
Epoch 17/150
100/100 [==============================] - 2s 16ms/step - loss: 0.5893 - acc: 0.7510
1000/1000 [==============================] - 54s 54ms/step - loss: 0.5403 - acc: 0.7923 - val_loss: 0.5893 - val_acc: 0.7510
Epoch 18/150
100/100 [==============================] - 2s 16ms/step - loss: 0.5373 - acc: 0.7960
1000/1000 [==============================] - 54s 54ms/step - loss: 0.5276 - acc: 0.7943 - val_loss: 0.5373 - val_acc: 0.7960
Epoch 19/150
100/100 [==============================] - 2s 16ms/step - loss: 0.5457 - acc: 0.7740
1000/1000 [==============================] - 54s 54ms/step - loss: 0.5402 - acc: 0.7953 - val_loss: 0.5457 - val_acc: 0.7740
Epoch 20/150
100/100 [==============================] - 2s 15ms/step - loss: 0.5193 - acc: 0.7890
1000/1000 [==============================] - 53s 53ms/step - loss: 0.5524 - acc: 0.7800 - val_loss: 0.5193 - val_acc: 0.7890
Epoch 21/150
100/100 [==============================] - 2s 16ms/step - loss: 0.5206 - acc: 0.7920
1000/1000 [==============================] - 54s 54ms/step - loss: 0.4939 - acc: 0.8067 - val_loss: 0.5206 - val_acc: 0.7920
Epoch 22/150
100/100 [==============================] - 2s 15ms/step - loss: 0.4885 - acc: 0.8130
1000/1000 [==============================] - 54s 54ms/step - loss: 0.5252 - acc: 0.7953 - val_loss: 0.4885 - val_acc: 0.8130
Epoch 23/150
100/100 [==============================] - 2s 15ms/step - loss: 0.5187 - acc: 0.7920
1000/1000 [==============================] - 54s 54ms/step - loss: 0.5419 - acc: 0.7900 - val_loss: 0.5187 - val_acc: 0.7920
Epoch 24/150
100/100 [==============================] - 2s 16ms/step - loss: 0.5073 - acc: 0.7990
1000/1000 [==============================] - 54s 54ms/step - loss: 0.5384 - acc: 0.7893 - val_loss: 0.5073 - val_acc: 0.7990
Epoch 25/150
100/100 [==============================] - 2s 16ms/step - loss: 0.4876 - acc: 0.8200
1000/1000 [==============================] - 54s 54ms/step - loss: 0.5410 - acc: 0.7913 - val_loss: 0.4876 - val_acc: 0.8200
Epoch 26/150
100/100 [==============================] - 2s 16ms/step - loss: 0.5655 - acc: 0.7470
1000/1000 [==============================] - 54s 54ms/step - loss: 0.5143 - acc: 0.7977 - val_loss: 0.5655 - val_acc: 0.7470
Epoch 27/150
100/100 [==============================] - 2s 16ms/step - loss: 0.6273 - acc: 0.7490
1000/1000 [==============================] - 54s 54ms/step - loss: 0.5392 - acc: 0.7910 - val_loss: 0.6273 - val_acc: 0.7490
Epoch 28/150
100/100 [==============================] - 2s 15ms/step - loss: 0.5448 - acc: 0.7820
1000/1000 [==============================] - 54s 54ms/step - loss: 0.5448 - acc: 0.7867 - val_loss: 0.5448 - val_acc: 0.7820
Epoch 29/150
100/100 [==============================] - 2s 16ms/step - loss: 0.5228 - acc: 0.7800
1000/1000 [==============================] - 54s 54ms/step - loss: 0.5504 - acc: 0.7793 - val_loss: 0.5228 - val_acc: 0.7800
Epoch 30/150
100/100 [==============================] - 2s 16ms/step - loss: 0.6111 - acc: 0.7480
1000/1000 [==============================] - 54s 54ms/step - loss: 0.5403 - acc: 0.7907 - val_loss: 0.6111 - val_acc: 0.7480
Epoch 31/150
100/100 [==============================] - 2s 16ms/step - loss: 0.5408 - acc: 0.7880
1000/1000 [==============================] - 54s 54ms/step - loss: 0.5518 - acc: 0.7803 - val_loss: 0.5408 - val_acc: 0.7880
Epoch 32/150
100/100 [==============================] - 2s 16ms/step - loss: 0.5357 - acc: 0.7810
1000/1000 [==============================] - 54s 54ms/step - loss: 0.5487 - acc: 0.7830 - val_loss: 0.5357 - val_acc: 0.7810
Epoch 33/150
100/100 [==============================] - 2s 16ms/step - loss: 0.5924 - acc: 0.7550
1000/1000 [==============================] - 54s 54ms/step - loss: 0.5403 - acc: 0.7747 - val_loss: 0.5924 - val_acc: 0.7550
Epoch 34/150
100/100 [==============================] - 2s 16ms/step - loss: 0.5751 - acc: 0.7450
1000/1000 [==============================] - 54s 54ms/step - loss: 0.5356 - acc: 0.7783 - val_loss: 0.5751 - val_acc: 0.7450
Epoch 35/150
100/100 [==============================] - 2s 16ms/step - loss: 0.5276 - acc: 0.7810
1000/1000 [==============================] - 54s 54ms/step - loss: 0.5784 - acc: 0.7697 - val_loss: 0.5276 - val_acc: 0.7810
Epoch 36/150
100/100 [==============================] - 2s 16ms/step - loss: 0.5520 - acc: 0.7860
1000/1000 [==============================] - 54s 54ms/step - loss: 0.5938 - acc: 0.7547 - val_loss: 0.5520 - val_acc: 0.7860
Epoch 37/150
100/100 [==============================] - 2s 16ms/step - loss: 0.5336 - acc: 0.7880
1000/1000 [==============================] - 54s 54ms/step - loss: 0.5553 - acc: 0.7677 - val_loss: 0.5336 - val_acc: 0.7880
Epoch 38/150
100/100 [==============================] - 2s 16ms/step - loss: 0.5954 - acc: 0.7470
1000/1000 [==============================] - 54s 54ms/step - loss: 0.5764 - acc: 0.7707 - val_loss: 0.5954 - val_acc: 0.7470
Epoch 39/150
100/100 [==============================] - 2s 16ms/step - loss: 0.8858 - acc: 0.6430
1000/1000 [==============================] - 54s 54ms/step - loss: 0.6182 - acc: 0.7510 - val_loss: 0.8858 - val_acc: 0.6430
Epoch 40/150
100/100 [==============================] - 2s 16ms/step - loss: 0.6297 - acc: 0.7560
1000/1000 [==============================] - 54s 54ms/step - loss: 0.6064 - acc: 0.7480 - val_loss: 0.6297 - val_acc: 0.7560
Epoch 41/150
100/100 [==============================] - 2s 16ms/step - loss: 0.6245 - acc: 0.7200
1000/1000 [==============================] - 54s 54ms/step - loss: 0.6190 - acc: 0.7500 - val_loss: 0.6245 - val_acc: 0.7200
Epoch 42/150
100/100 [==============================] - 2s 15ms/step - loss: 0.6360 - acc: 0.7310
1000/1000 [==============================] - 54s 54ms/step - loss: 0.6120 - acc: 0.7447 - val_loss: 0.6360 - val_acc: 0.7310
Epoch 43/150
100/100 [==============================] - 2s 16ms/step - loss: 0.5897 - acc: 0.7600
1000/1000 [==============================] - 52s 52ms/step - loss: 0.6064 - acc: 0.7397 - val_loss: 0.5897 - val_acc: 0.7600
Epoch 44/150
100/100 [==============================] - 2s 15ms/step - loss: 0.7652 - acc: 0.6580
1000/1000 [==============================] - 53s 53ms/step - loss: 0.6483 - acc: 0.7240 - val_loss: 0.7652 - val_acc: 0.6580
Epoch 45/150
100/100 [==============================] - 2s 16ms/step - loss: 0.6387 - acc: 0.7010
1000/1000 [==============================] - 53s 53ms/step - loss: 0.6774 - acc: 0.7053 - val_loss: 0.6387 - val_acc: 0.7010
Epoch 46/150
100/100 [==============================] - 2s 15ms/step - loss: 0.7727 - acc: 0.6320
1000/1000 [==============================] - 53s 53ms/step - loss: 0.6770 - acc: 0.7017 - val_loss: 0.7727 - val_acc: 0.6320
Epoch 47/150
100/100 [==============================] - 2s 16ms/step - loss: 0.8622 - acc: 0.6080
1000/1000 [==============================] - 54s 54ms/step - loss: 0.7712 - acc: 0.6507 - val_loss: 0.8622 - val_acc: 0.6080
Epoch 48/150
100/100 [==============================] - 2s 15ms/step - loss: 0.8644 - acc: 0.5860
1000/1000 [==============================] - 49s 49ms/step - loss: 0.8175 - acc: 0.6277 - val_loss: 0.8644 - val_acc: 0.5860
Epoch 49/150
100/100 [==============================] - 1s 15ms/step - loss: 0.8127 - acc: 0.6070
1000/1000 [==============================] - 43s 43ms/step - loss: 0.8126 - acc: 0.6300 - val_loss: 0.8127 - val_acc: 0.6070
Epoch 50/150
100/100 [==============================] - 2s 15ms/step - loss: 0.9268 - acc: 0.5280
1000/1000 [==============================] - 41s 41ms/step - loss: 0.8177 - acc: 0.6190 - val_loss: 0.9268 - val_acc: 0.5280
Epoch 51/150
100/100 [==============================] - 2s 16ms/step - loss: 0.7791 - acc: 0.6460
1000/1000 [==============================] - 43s 43ms/step - loss: 0.7870 - acc: 0.6493 - val_loss: 0.7791 - val_acc: 0.6460
Epoch 52/150
100/100 [==============================] - 1s 15ms/step - loss: 0.8201 - acc: 0.6250
1000/1000 [==============================] - 43s 43ms/step - loss: 0.8316 - acc: 0.6273 - val_loss: 0.8201 - val_acc: 0.6250
Epoch 53/150
100/100 [==============================] - 1s 15ms/step - loss: 0.8165 - acc: 0.6130
1000/1000 [==============================] - 42s 42ms/step - loss: 0.8068 - acc: 0.6290 - val_loss: 0.8165 - val_acc: 0.6130
Epoch 54/150
100/100 [==============================] - 2s 15ms/step - loss: 0.7859 - acc: 0.6450
1000/1000 [==============================] - 43s 43ms/step - loss: 0.8019 - acc: 0.6303 - val_loss: 0.7859 - val_acc: 0.6450
Epoch 55/150
100/100 [==============================] - 2s 15ms/step - loss: 1.1974 - acc: 0.3850
1000/1000 [==============================] - 43s 43ms/step - loss: 0.8527 - acc: 0.6080 - val_loss: 1.1974 - val_acc: 0.3850
Epoch 56/150
100/100 [==============================] - 2s 15ms/step - loss: 1.2006 - acc: 0.4660
1000/1000 [==============================] - 43s 43ms/step - loss: 0.9142 - acc: 0.5630 - val_loss: 1.2006 - val_acc: 0.4660
Epoch 57/150
100/100 [==============================] - 2s 15ms/step - loss: 0.8017 - acc: 0.6520
1000/1000 [==============================] - 42s 42ms/step - loss: 0.8391 - acc: 0.6067 - val_loss: 0.8017 - val_acc: 0.6520
Epoch 58/150
100/100 [==============================] - 2s 16ms/step - loss: 0.8598 - acc: 0.5940
1000/1000 [==============================] - 42s 42ms/step - loss: 0.9304 - acc: 0.5547 - val_loss: 0.8598 - val_acc: 0.5940
Epoch 59/150
100/100 [==============================] - 2s 15ms/step - loss: 0.8323 - acc: 0.6260
1000/1000 [==============================] - 42s 42ms/step - loss: 0.8799 - acc: 0.5950 - val_loss: 0.8323 - val_acc: 0.6260
Epoch 60/150
100/100 [==============================] - 2s 15ms/step - loss: 0.8749 - acc: 0.5790
1000/1000 [==============================] - 44s 44ms/step - loss: 0.8542 - acc: 0.6097 - val_loss: 0.8749 - val_acc: 0.5790
Epoch 61/150
100/100 [==============================] - 1s 15ms/step - loss: 1.0453 - acc: 0.4600
1000/1000 [==============================] - 45s 45ms/step - loss: 0.9176 - acc: 0.5603 - val_loss: 1.0453 - val_acc: 0.4600
Epoch 62/150
100/100 [==============================] - 2s 15ms/step - loss: 1.0042 - acc: 0.4940
1000/1000 [==============================] - 43s 43ms/step - loss: 1.0570 - acc: 0.4783 - val_loss: 1.0042 - val_acc: 0.4940
Epoch 63/150
100/100 [==============================] - 2s 15ms/step - loss: 0.9987 - acc: 0.5060
1000/1000 [==============================] - 42s 42ms/step - loss: 1.0000 - acc: 0.5070 - val_loss: 0.9987 - val_acc: 0.5060
Epoch 64/150
100/100 [==============================] - 2s 16ms/step - loss: 0.9694 - acc: 0.5300
1000/1000 [==============================] - 43s 43ms/step - loss: 0.9759 - acc: 0.5137 - val_loss: 0.9694 - val_acc: 0.5300
Epoch 65/150
100/100 [==============================] - 2s 16ms/step - loss: 1.0199 - acc: 0.4830
1000/1000 [==============================] - 44s 44ms/step - loss: 1.0097 - acc: 0.4810 - val_loss: 1.0199 - val_acc: 0.4830
Epoch 66/150
100/100 [==============================] - 2s 16ms/step - loss: 1.0709 - acc: 0.4030
1000/1000 [==============================] - 43s 43ms/step - loss: 1.0439 - acc: 0.4483 - val_loss: 1.0709 - val_acc: 0.4030
Epoch 67/150
100/100 [==============================] - 2s 16ms/step - loss: 1.0351 - acc: 0.4600
1000/1000 [==============================] - 43s 43ms/step - loss: 1.0442 - acc: 0.4477 - val_loss: 1.0351 - val_acc: 0.4600
Epoch 68/150
100/100 [==============================] - 2s 16ms/step - loss: 1.0449 - acc: 0.4480
1000/1000 [==============================] - 43s 43ms/step - loss: 1.0313 - acc: 0.4693 - val_loss: 1.0449 - val_acc: 0.4480
Epoch 69/150
100/100 [==============================] - 2s 15ms/step - loss: 1.0402 - acc: 0.4530
1000/1000 [==============================] - 43s 43ms/step - loss: 1.0263 - acc: 0.4603 - val_loss: 1.0402 - val_acc: 0.4530
Epoch 70/150
100/100 [==============================] - 2s 15ms/step - loss: 1.0375 - acc: 0.4470
1000/1000 [==============================] - 43s 43ms/step - loss: 1.0491 - acc: 0.4450 - val_loss: 1.0375 - val_acc: 0.4470
Epoch 71/150
100/100 [==============================] - 2s 15ms/step - loss: 1.0291 - acc: 0.4690
1000/1000 [==============================] - 43s 43ms/step - loss: 1.0490 - acc: 0.4397 - val_loss: 1.0291 - val_acc: 0.4690
Epoch 72/150
100/100 [==============================] - 2s 16ms/step - loss: 1.0248 - acc: 0.4850
1000/1000 [==============================] - 43s 43ms/step - loss: 1.0334 - acc: 0.4603 - val_loss: 1.0248 - val_acc: 0.4850
Epoch 73/150
100/100 [==============================] - 2s 15ms/step - loss: 1.0452 - acc: 0.4490
1000/1000 [==============================] - 43s 43ms/step - loss: 1.0523 - acc: 0.4507 - val_loss: 1.0452 - val_acc: 0.4490
Epoch 74/150
100/100 [==============================] - 2s 16ms/step - loss: 1.0566 - acc: 0.4410
1000/1000 [==============================] - 42s 42ms/step - loss: 1.0631 - acc: 0.4233 - val_loss: 1.0566 - val_acc: 0.4410
Epoch 75/150
100/100 [==============================] - 2s 15ms/step - loss: 1.0619 - acc: 0.4390
1000/1000 [==============================] - 43s 43ms/step - loss: 1.0481 - acc: 0.4420 - val_loss: 1.0619 - val_acc: 0.4390
Epoch 76/150
100/100 [==============================] - 1s 15ms/step - loss: 1.0348 - acc: 0.4790
1000/1000 [==============================] - 43s 43ms/step - loss: 1.0442 - acc: 0.4530 - val_loss: 1.0348 - val_acc: 0.4790
Epoch 77/150
100/100 [==============================] - 1s 15ms/step - loss: 1.0664 - acc: 0.4230
1000/1000 [==============================] - 42s 42ms/step - loss: 1.0569 - acc: 0.4503 - val_loss: 1.0664 - val_acc: 0.4230
Epoch 78/150
100/100 [==============================] - 2s 15ms/step - loss: 1.0692 - acc: 0.4170
1000/1000 [==============================] - 43s 43ms/step - loss: 1.0766 - acc: 0.4110 - val_loss: 1.0692 - val_acc: 0.4170
Epoch 79/150
100/100 [==============================] - 2s 16ms/step - loss: 1.0900 - acc: 0.3850
1000/1000 [==============================] - 42s 42ms/step - loss: 1.0643 - acc: 0.4333 - val_loss: 1.0900 - val_acc: 0.3850
Epoch 80/150
100/100 [==============================] - 2s 15ms/step - loss: 1.0912 - acc: 0.3740
1000/1000 [==============================] - 43s 43ms/step - loss: 1.0948 - acc: 0.3750 - val_loss: 1.0912 - val_acc: 0.3740
Epoch 81/150
100/100 [==============================] - 2s 15ms/step - loss: 1.1002 - acc: 0.3550
1000/1000 [==============================] - 43s 43ms/step - loss: 1.1009 - acc: 0.3583 - val_loss: 1.1002 - val_acc: 0.3550
Epoch 82/150
100/100 [==============================] - 2s 16ms/step - loss: 1.1029 - acc: 0.3620
1000/1000 [==============================] - 43s 43ms/step - loss: 1.0970 - acc: 0.3597 - val_loss: 1.1029 - val_acc: 0.3620
Epoch 83/150
100/100 [==============================] - 2s 15ms/step - loss: 1.0971 - acc: 0.3680
1000/1000 [==============================] - 43s 43ms/step - loss: 1.0941 - acc: 0.3707 - val_loss: 1.0971 - val_acc: 0.3680
Epoch 84/150
100/100 [==============================] - 1s 15ms/step - loss: 1.0897 - acc: 0.3760
1000/1000 [==============================] - 42s 42ms/step - loss: 1.0938 - acc: 0.3697 - val_loss: 1.0897 - val_acc: 0.3760
Epoch 85/150
100/100 [==============================] - 2s 15ms/step - loss: 1.0817 - acc: 0.3830
1000/1000 [==============================] - 43s 43ms/step - loss: 1.0919 - acc: 0.3700 - val_loss: 1.0817 - val_acc: 0.3830
Epoch 86/150
100/100 [==============================] - 2s 15ms/step - loss: 1.0979 - acc: 0.3720
1000/1000 [==============================] - 43s 43ms/step - loss: 1.0907 - acc: 0.3817 - val_loss: 1.0979 - val_acc: 0.3720
Epoch 87/150
100/100 [==============================] - 2s 16ms/step - loss: 1.0975 - acc: 0.3850
1000/1000 [==============================] - 43s 43ms/step - loss: 1.0902 - acc: 0.3890 - val_loss: 1.0975 - val_acc: 0.3850
Epoch 88/150
100/100 [==============================] - 2s 16ms/step - loss: 1.0753 - acc: 0.4300
1000/1000 [==============================] - 43s 43ms/step - loss: 1.0858 - acc: 0.4053 - val_loss: 1.0753 - val_acc: 0.4300
Epoch 89/150
100/100 [==============================] - 2s 16ms/step - loss: 1.1000 - acc: 0.3830
1000/1000 [==============================] - 43s 43ms/step - loss: 1.0765 - acc: 0.4160 - val_loss: 1.1000 - val_acc: 0.3830
Epoch 90/150
100/100 [==============================] - 1s 15ms/step - loss: 1.0854 - acc: 0.3840
1000/1000 [==============================] - 43s 43ms/step - loss: 1.0949 - acc: 0.3803 - val_loss: 1.0854 - val_acc: 0.3840
Epoch 91/150
100/100 [==============================] - 2s 16ms/step - loss: 1.0945 - acc: 0.3690
1000/1000 [==============================] - 43s 43ms/step - loss: 1.0903 - acc: 0.3763 - val_loss: 1.0945 - val_acc: 0.3690
Epoch 92/150
100/100 [==============================] - 2s 15ms/step - loss: 1.1080 - acc: 0.3490
1000/1000 [==============================] - 42s 42ms/step - loss: 1.0884 - acc: 0.3797 - val_loss: 1.1080 - val_acc: 0.3490
Epoch 93/150
100/100 [==============================] - 2s 15ms/step - loss: 1.0963 - acc: 0.3630
1000/1000 [==============================] - 42s 42ms/step - loss: 1.0926 - acc: 0.3820 - val_loss: 1.0963 - val_acc: 0.3630
Epoch 94/150
100/100 [==============================] - 2s 15ms/step - loss: 1.0975 - acc: 0.3460
1000/1000 [==============================] - 43s 43ms/step - loss: 1.0988 - acc: 0.3727 - val_loss: 1.0975 - val_acc: 0.3460
Epoch 95/150
100/100 [==============================] - 2s 16ms/step - loss: 1.1014 - acc: 0.3340
1000/1000 [==============================] - 43s 43ms/step - loss: 1.1022 - acc: 0.3337 - val_loss: 1.1014 - val_acc: 0.3340
Epoch 96/150
100/100 [==============================] - 2s 15ms/step - loss: 1.0980 - acc: 0.3550
1000/1000 [==============================] - 43s 43ms/step - loss: 1.0944 - acc: 0.3703 - val_loss: 1.0980 - val_acc: 0.3550
Epoch 97/150
100/100 [==============================] - 2s 15ms/step - loss: 1.0949 - acc: 0.3730
1000/1000 [==============================] - 43s 43ms/step - loss: 1.0976 - acc: 0.3510 - val_loss: 1.0949 - val_acc: 0.3730
Epoch 98/150
100/100 [==============================] - 2s 15ms/step - loss: 1.1022 - acc: 0.3550
1000/1000 [==============================] - 43s 43ms/step - loss: 1.0942 - acc: 0.3717 - val_loss: 1.1022 - val_acc: 0.3550
Epoch 99/150
100/100 [==============================] - 2s 15ms/step - loss: 1.0992 - acc: 0.3410
1000/1000 [==============================] - 43s 43ms/step - loss: 1.0973 - acc: 0.3593 - val_loss: 1.0992 - val_acc: 0.3410
Epoch 100/150
100/100 [==============================] - 2s 15ms/step - loss: 1.0931 - acc: 0.3780
1000/1000 [==============================] - 43s 43ms/step - loss: 1.0952 - acc: 0.3753 - val_loss: 1.0931 - val_acc: 0.3780
Epoch 101/150
100/100 [==============================] - 2s 15ms/step - loss: 1.0913 - acc: 0.3850
1000/1000 [==============================] - 43s 43ms/step - loss: 1.0898 - acc: 0.3850 - val_loss: 1.0913 - val_acc: 0.3850
Epoch 102/150
100/100 [==============================] - 2s 16ms/step - loss: 1.0936 - acc: 0.3610
1000/1000 [==============================] - 43s 43ms/step - loss: 1.0941 - acc: 0.3733 - val_loss: 1.0936 - val_acc: 0.3610
Epoch 103/150
100/100 [==============================] - 2s 15ms/step - loss: 1.1009 - acc: 0.3550
1000/1000 [==============================] - 43s 43ms/step - loss: 1.0985 - acc: 0.3767 - val_loss: 1.1009 - val_acc: 0.3550
Epoch 104/150
100/100 [==============================] - 2s 16ms/step - loss: 1.0948 - acc: 0.3570
1000/1000 [==============================] - 43s 43ms/step - loss: 1.0944 - acc: 0.3757 - val_loss: 1.0948 - val_acc: 0.3570
Epoch 105/150
100/100 [==============================] - 2s 16ms/step - loss: 1.0959 - acc: 0.3640
1000/1000 [==============================] - 43s 43ms/step - loss: 1.0991 - acc: 0.3547 - val_loss: 1.0959 - val_acc: 0.3640
Epoch 106/150
100/100 [==============================] - 2s 16ms/step - loss: 1.1048 - acc: 0.3420
1000/1000 [==============================] - 43s 43ms/step - loss: 1.1002 - acc: 0.3487 - val_loss: 1.1048 - val_acc: 0.3420
Epoch 107/150
100/100 [==============================] - 2s 16ms/step - loss: 1.1014 - acc: 0.3430
1000/1000 [==============================] - 43s 43ms/step - loss: 1.0974 - acc: 0.3463 - val_loss: 1.1014 - val_acc: 0.3430
Epoch 108/150
100/100 [==============================] - 2s 16ms/step - loss: 1.1028 - acc: 0.3580
1000/1000 [==============================] - 43s 43ms/step - loss: 1.0973 - acc: 0.3583 - val_loss: 1.1028 - val_acc: 0.3580
Epoch 109/150
100/100 [==============================] - 2s 15ms/step - loss: 1.0954 - acc: 0.3700
1000/1000 [==============================] - 43s 43ms/step - loss: 1.0995 - acc: 0.3553 - val_loss: 1.0954 - val_acc: 0.3700
Epoch 110/150
100/100 [==============================] - 2s 16ms/step - loss: 1.0957 - acc: 0.3750
1000/1000 [==============================] - 43s 43ms/step - loss: 1.0958 - acc: 0.3677 - val_loss: 1.0957 - val_acc: 0.3750
Epoch 111/150
100/100 [==============================] - 2s 16ms/step - loss: 1.0925 - acc: 0.3810
1000/1000 [==============================] - 43s 43ms/step - loss: 1.0941 - acc: 0.3690 - val_loss: 1.0925 - val_acc: 0.3810
Epoch 112/150
100/100 [==============================] - 2s 16ms/step - loss: 1.0932 - acc: 0.3820
1000/1000 [==============================] - 43s 43ms/step - loss: 1.0944 - acc: 0.3517 - val_loss: 1.0932 - val_acc: 0.3820
Epoch 113/150
100/100 [==============================] - 2s 15ms/step - loss: 1.0925 - acc: 0.3780
1000/1000 [==============================] - 43s 43ms/step - loss: 1.0949 - acc: 0.3667 - val_loss: 1.0925 - val_acc: 0.3780
Epoch 114/150
100/100 [==============================] - 2s 15ms/step - loss: 1.1046 - acc: 0.3490
1000/1000 [==============================] - 43s 43ms/step - loss: 1.0952 - acc: 0.3687 - val_loss: 1.1046 - val_acc: 0.3490
Epoch 115/150
100/100 [==============================] - 2s 16ms/step - loss: 1.0954 - acc: 0.3670
1000/1000 [==============================] - 43s 43ms/step - loss: 1.0971 - acc: 0.3537 - val_loss: 1.0954 - val_acc: 0.3670
Epoch 116/150
100/100 [==============================] - 2s 16ms/step - loss: 1.0950 - acc: 0.3610
1000/1000 [==============================] - 43s 43ms/step - loss: 1.1009 - acc: 0.3317 - val_loss: 1.0950 - val_acc: 0.3610
Epoch 117/150
100/100 [==============================] - 2s 15ms/step - loss: 1.0956 - acc: 0.3520
1000/1000 [==============================] - 45s 45ms/step - loss: 1.0919 - acc: 0.3713 - val_loss: 1.0956 - val_acc: 0.3520
Epoch 118/150
100/100 [==============================] - 2s 16ms/step - loss: 1.0940 - acc: 0.3680
1000/1000 [==============================] - 44s 44ms/step - loss: 1.0972 - acc: 0.3613 - val_loss: 1.0940 - val_acc: 0.3680
Epoch 119/150
100/100 [==============================] - 2s 16ms/step - loss: 1.1018 - acc: 0.3430
1000/1000 [==============================] - 44s 44ms/step - loss: 1.0948 - acc: 0.3623 - val_loss: 1.1018 - val_acc: 0.3430
Epoch 120/150
100/100 [==============================] - 2s 15ms/step - loss: 1.0967 - acc: 0.3590
1000/1000 [==============================] - 44s 44ms/step - loss: 1.0978 - acc: 0.3563 - val_loss: 1.0967 - val_acc: 0.3590
Epoch 121/150
100/100 [==============================] - 2s 16ms/step - loss: 1.0937 - acc: 0.3600
1000/1000 [==============================] - 43s 43ms/step - loss: 1.0938 - acc: 0.3657 - val_loss: 1.0937 - val_acc: 0.3600
Epoch 122/150
100/100 [==============================] - 2s 16ms/step - loss: 1.0982 - acc: 0.3610
1000/1000 [==============================] - 43s 43ms/step - loss: 1.0972 - acc: 0.3553 - val_loss: 1.0982 - val_acc: 0.3610
Epoch 123/150
100/100 [==============================] - 2s 15ms/step - loss: 1.1018 - acc: 0.3570
1000/1000 [==============================] - 44s 44ms/step - loss: 1.0914 - acc: 0.3753 - val_loss: 1.1018 - val_acc: 0.3570
Epoch 124/150
100/100 [==============================] - 2s 16ms/step - loss: 1.0925 - acc: 0.3850
1000/1000 [==============================] - 43s 43ms/step - loss: 1.0950 - acc: 0.3690 - val_loss: 1.0925 - val_acc: 0.3850
Epoch 125/150
100/100 [==============================] - 1s 15ms/step - loss: 1.0974 - acc: 0.3540
1000/1000 [==============================] - 43s 43ms/step - loss: 1.0934 - acc: 0.3703 - val_loss: 1.0974 - val_acc: 0.3540
Epoch 126/150
100/100 [==============================] - 2s 16ms/step - loss: 1.1003 - acc: 0.3330
1000/1000 [==============================] - 43s 43ms/step - loss: 1.0953 - acc: 0.3610 - val_loss: 1.1003 - val_acc: 0.3330
Epoch 127/150
100/100 [==============================] - 2s 16ms/step - loss: 1.0945 - acc: 0.3720
1000/1000 [==============================] - 43s 43ms/step - loss: 1.0940 - acc: 0.3670 - val_loss: 1.0945 - val_acc: 0.3720
Epoch 128/150
100/100 [==============================] - 2s 16ms/step - loss: 1.1002 - acc: 0.3580
1000/1000 [==============================] - 43s 43ms/step - loss: 1.0937 - acc: 0.3670 - val_loss: 1.1002 - val_acc: 0.3580
Epoch 129/150
100/100 [==============================] - 2s 15ms/step - loss: 1.0966 - acc: 0.3640
1000/1000 [==============================] - 43s 43ms/step - loss: 1.0973 - acc: 0.3500 - val_loss: 1.0966 - val_acc: 0.3640
Epoch 130/150
100/100 [==============================] - 2s 16ms/step - loss: 1.0913 - acc: 0.3700
1000/1000 [==============================] - 43s 43ms/step - loss: 1.0878 - acc: 0.3740 - val_loss: 1.0913 - val_acc: 0.3700
Epoch 131/150
100/100 [==============================] - 2s 15ms/step - loss: 1.0830 - acc: 0.3780
1000/1000 [==============================] - 43s 43ms/step - loss: 1.0868 - acc: 0.3883 - val_loss: 1.0830 - val_acc: 0.3780
Epoch 132/150
100/100 [==============================] - 2s 16ms/step - loss: 1.0861 - acc: 0.3810
1000/1000 [==============================] - 44s 44ms/step - loss: 1.0917 - acc: 0.3763 - val_loss: 1.0861 - val_acc: 0.3810
Epoch 133/150
100/100 [==============================] - 2s 16ms/step - loss: 1.0851 - acc: 0.3970
1000/1000 [==============================] - 43s 43ms/step - loss: 1.0936 - acc: 0.3527 - val_loss: 1.0851 - val_acc: 0.3970
Epoch 134/150
100/100 [==============================] - 2s 16ms/step - loss: 1.0784 - acc: 0.3950
1000/1000 [==============================] - 44s 44ms/step - loss: 1.0855 - acc: 0.3847 - val_loss: 1.0784 - val_acc: 0.3950
Epoch 135/150
100/100 [==============================] - 2s 16ms/step - loss: 1.0700 - acc: 0.4250
1000/1000 [==============================] - 43s 43ms/step - loss: 1.0810 - acc: 0.3960 - val_loss: 1.0700 - val_acc: 0.4250
Epoch 136/150
100/100 [==============================] - 2s 16ms/step - loss: 1.0888 - acc: 0.3950
1000/1000 [==============================] - 43s 43ms/step - loss: 1.0827 - acc: 0.3880 - val_loss: 1.0888 - val_acc: 0.3950
Epoch 137/150
100/100 [==============================] - 2s 16ms/step - loss: 1.0848 - acc: 0.3860
1000/1000 [==============================] - 43s 43ms/step - loss: 1.0895 - acc: 0.3890 - val_loss: 1.0848 - val_acc: 0.3860
Epoch 138/150
100/100 [==============================] - 2s 16ms/step - loss: 1.0765 - acc: 0.4140
1000/1000 [==============================] - 44s 44ms/step - loss: 1.0932 - acc: 0.3637 - val_loss: 1.0765 - val_acc: 0.4140
Epoch 139/150
100/100 [==============================] - 2s 16ms/step - loss: 1.0884 - acc: 0.3710
1000/1000 [==============================] - 43s 43ms/step - loss: 1.0885 - acc: 0.3680 - val_loss: 1.0884 - val_acc: 0.3710
Epoch 140/150
100/100 [==============================] - 2s 16ms/step - loss: 1.0892 - acc: 0.3870
1000/1000 [==============================] - 44s 44ms/step - loss: 1.0868 - acc: 0.3747 - val_loss: 1.0892 - val_acc: 0.3870
Epoch 141/150
100/100 [==============================] - 2s 15ms/step - loss: 1.0884 - acc: 0.3560
1000/1000 [==============================] - 43s 43ms/step - loss: 1.0929 - acc: 0.3633 - val_loss: 1.0884 - val_acc: 0.3560
Epoch 142/150
100/100 [==============================] - 2s 16ms/step - loss: 1.0903 - acc: 0.3790
1000/1000 [==============================] - 43s 43ms/step - loss: 1.0993 - acc: 0.3383 - val_loss: 1.0903 - val_acc: 0.3790
Epoch 143/150
100/100 [==============================] - 2s 15ms/step - loss: 1.0934 - acc: 0.3590
1000/1000 [==============================] - 44s 44ms/step - loss: 1.0937 - acc: 0.3670 - val_loss: 1.0934 - val_acc: 0.3590
Epoch 144/150
100/100 [==============================] - 2s 16ms/step - loss: 1.0934 - acc: 0.3690
1000/1000 [==============================] - 43s 43ms/step - loss: 1.0954 - acc: 0.3467 - val_loss: 1.0934 - val_acc: 0.3690
Epoch 145/150
100/100 [==============================] - 2s 16ms/step - loss: 1.0852 - acc: 0.3940
1000/1000 [==============================] - 43s 43ms/step - loss: 1.0889 - acc: 0.3763 - val_loss: 1.0852 - val_acc: 0.3940
Epoch 146/150
100/100 [==============================] - 2s 15ms/step - loss: 1.0965 - acc: 0.3720
1000/1000 [==============================] - 43s 43ms/step - loss: 1.0927 - acc: 0.3693 - val_loss: 1.0965 - val_acc: 0.3720
Epoch 147/150
100/100 [==============================] - 2s 16ms/step - loss: 1.0902 - acc: 0.3900
1000/1000 [==============================] - 44s 44ms/step - loss: 1.0908 - acc: 0.3690 - val_loss: 1.0902 - val_acc: 0.3900
Epoch 148/150
100/100 [==============================] - 2s 16ms/step - loss: 1.0907 - acc: 0.3570
1000/1000 [==============================] - 46s 46ms/step - loss: 1.0985 - acc: 0.3567 - val_loss: 1.0907 - val_acc: 0.3570
Epoch 149/150
100/100 [==============================] - 2s 16ms/step - loss: 1.0937 - acc: 0.3760
1000/1000 [==============================] - 45s 45ms/step - loss: 1.0959 - acc: 0.3480 - val_loss: 1.0937 - val_acc: 0.3760
Epoch 150/150
100/100 [==============================] - 2s 16ms/step - loss: 1.0923 - acc: 0.3580
1000/1000 [==============================] - 45s 45ms/step - loss: 1.0997 - acc: 0.3423 - val_loss: 1.0923 - val_acc: 0.3580

real	115m43.991s
user	516m2.458s
sys	113m46.261s
