WARNING:tensorflow:From /usr/local/lib/python3.6/dist-packages/tensorflow/python/ops/resource_variable_ops.py:435: colocate_with (from tensorflow.python.framework.ops) is deprecated and will be removed in a future version.
Instructions for updating:
Colocations handled automatically by placer.
WARNING:tensorflow:From /usr/local/lib/python3.6/dist-packages/tensorflow/python/ops/math_ops.py:3066: to_int32 (from tensorflow.python.ops.math_ops) is deprecated and will be removed in a future version.
Instructions for updating:
Use tf.cast instead.
2019-06-26 16:33:29.391966: I tensorflow/core/platform/profile_utils/cpu_utils.cc:94] CPU Frequency: 2593550000 Hz
2019-06-26 16:33:29.394407: I tensorflow/compiler/xla/service/service.cc:150] XLA service 0x2e02930 executing computations on platform Host. Devices:
2019-06-26 16:33:29.394432: I tensorflow/compiler/xla/service/service.cc:158]   StreamExecutor device (0): <undefined>, <undefined>
_________________________________________________________________
Layer (type)                 Output Shape              Param #   
=================================================================
input_1 (InputLayer)         (None, 512, 256)          0         
_________________________________________________________________
conv1d (Conv1D)              (None, 31, 3)             24579     
_________________________________________________________________
lstm (LSTM)                  (None, 3)                 84        
_________________________________________________________________
activation (Activation)      (None, 3)                 0         
=================================================================
Total params: 24,663
Trainable params: 24,663
Non-trainable params: 0
_________________________________________________________________
Epoch 1/150
100/100 [==============================] - 1s 15ms/step - loss: 0.8766 - acc: 0.6390
1000/1000 [==============================] - 47s 47ms/step - loss: 1.0366 - acc: 0.4807 - val_loss: 0.8766 - val_acc: 0.6390
Epoch 2/150
100/100 [==============================] - 1s 13ms/step - loss: 0.8024 - acc: 0.6740
1000/1000 [==============================] - 47s 47ms/step - loss: 0.8313 - acc: 0.6487 - val_loss: 0.8024 - val_acc: 0.6740
Epoch 3/150
100/100 [==============================] - 1s 13ms/step - loss: 0.7844 - acc: 0.6830
1000/1000 [==============================] - 47s 47ms/step - loss: 0.7751 - acc: 0.6910 - val_loss: 0.7844 - val_acc: 0.6830
Epoch 4/150
100/100 [==============================] - 1s 13ms/step - loss: 0.7405 - acc: 0.7090
1000/1000 [==============================] - 42s 42ms/step - loss: 0.7345 - acc: 0.7093 - val_loss: 0.7405 - val_acc: 0.7090
Epoch 5/150
100/100 [==============================] - 1s 13ms/step - loss: 0.7153 - acc: 0.7250
1000/1000 [==============================] - 46s 46ms/step - loss: 0.7074 - acc: 0.7193 - val_loss: 0.7153 - val_acc: 0.7250
Epoch 6/150
100/100 [==============================] - 1s 13ms/step - loss: 0.7262 - acc: 0.7020
1000/1000 [==============================] - 46s 46ms/step - loss: 0.6800 - acc: 0.7480 - val_loss: 0.7262 - val_acc: 0.7020
Epoch 7/150
100/100 [==============================] - 1s 13ms/step - loss: 0.6595 - acc: 0.7690
1000/1000 [==============================] - 47s 47ms/step - loss: 0.6591 - acc: 0.7470 - val_loss: 0.6595 - val_acc: 0.7690
Epoch 8/150
100/100 [==============================] - 1s 13ms/step - loss: 0.6279 - acc: 0.7620
1000/1000 [==============================] - 46s 46ms/step - loss: 0.6310 - acc: 0.7690 - val_loss: 0.6279 - val_acc: 0.7620
Epoch 9/150
100/100 [==============================] - 1s 12ms/step - loss: 0.5967 - acc: 0.7880
1000/1000 [==============================] - 46s 46ms/step - loss: 0.6293 - acc: 0.7710 - val_loss: 0.5967 - val_acc: 0.7880
Epoch 10/150
100/100 [==============================] - 1s 12ms/step - loss: 0.6153 - acc: 0.7800
1000/1000 [==============================] - 46s 46ms/step - loss: 0.6110 - acc: 0.7850 - val_loss: 0.6153 - val_acc: 0.7800
Epoch 11/150
100/100 [==============================] - 1s 12ms/step - loss: 0.5875 - acc: 0.8010
1000/1000 [==============================] - 47s 47ms/step - loss: 0.5934 - acc: 0.7980 - val_loss: 0.5875 - val_acc: 0.8010
Epoch 12/150
100/100 [==============================] - 1s 13ms/step - loss: 0.5982 - acc: 0.7940
1000/1000 [==============================] - 46s 46ms/step - loss: 0.6140 - acc: 0.7797 - val_loss: 0.5982 - val_acc: 0.7940
Epoch 13/150
100/100 [==============================] - 1s 12ms/step - loss: 0.5929 - acc: 0.7890
1000/1000 [==============================] - 46s 46ms/step - loss: 0.5938 - acc: 0.7900 - val_loss: 0.5929 - val_acc: 0.7890
Epoch 14/150
100/100 [==============================] - 1s 13ms/step - loss: 0.6156 - acc: 0.7800
1000/1000 [==============================] - 47s 47ms/step - loss: 0.5757 - acc: 0.8017 - val_loss: 0.6156 - val_acc: 0.7800
Epoch 15/150
100/100 [==============================] - 1s 13ms/step - loss: 0.6179 - acc: 0.7790
1000/1000 [==============================] - 46s 46ms/step - loss: 0.5883 - acc: 0.7943 - val_loss: 0.6179 - val_acc: 0.7790
Epoch 16/150
100/100 [==============================] - 1s 12ms/step - loss: 0.6216 - acc: 0.7700
1000/1000 [==============================] - 46s 46ms/step - loss: 0.5862 - acc: 0.8013 - val_loss: 0.6216 - val_acc: 0.7700
Epoch 17/150
100/100 [==============================] - 1s 12ms/step - loss: 0.6099 - acc: 0.7680
1000/1000 [==============================] - 46s 46ms/step - loss: 0.5878 - acc: 0.7973 - val_loss: 0.6099 - val_acc: 0.7680
Epoch 18/150
100/100 [==============================] - 1s 12ms/step - loss: 0.5751 - acc: 0.7980
1000/1000 [==============================] - 46s 46ms/step - loss: 0.5687 - acc: 0.8107 - val_loss: 0.5751 - val_acc: 0.7980
Epoch 19/150
100/100 [==============================] - 1s 12ms/step - loss: 0.6136 - acc: 0.7740
1000/1000 [==============================] - 46s 46ms/step - loss: 0.5927 - acc: 0.7917 - val_loss: 0.6136 - val_acc: 0.7740
Epoch 20/150
100/100 [==============================] - 1s 12ms/step - loss: 0.5845 - acc: 0.8080
1000/1000 [==============================] - 46s 46ms/step - loss: 0.5646 - acc: 0.8150 - val_loss: 0.5845 - val_acc: 0.8080
Epoch 21/150
100/100 [==============================] - 1s 11ms/step - loss: 0.5896 - acc: 0.7900
1000/1000 [==============================] - 42s 42ms/step - loss: 0.5523 - acc: 0.8160 - val_loss: 0.5896 - val_acc: 0.7900
Epoch 22/150
100/100 [==============================] - 1s 11ms/step - loss: 0.6033 - acc: 0.7700
1000/1000 [==============================] - 41s 41ms/step - loss: 0.5607 - acc: 0.8137 - val_loss: 0.6033 - val_acc: 0.7700
Epoch 23/150
100/100 [==============================] - 1s 12ms/step - loss: 0.5824 - acc: 0.7940
1000/1000 [==============================] - 41s 41ms/step - loss: 0.5749 - acc: 0.8027 - val_loss: 0.5824 - val_acc: 0.7940
Epoch 24/150
100/100 [==============================] - 1s 12ms/step - loss: 0.5788 - acc: 0.8010
1000/1000 [==============================] - 40s 40ms/step - loss: 0.5663 - acc: 0.8140 - val_loss: 0.5788 - val_acc: 0.8010
Epoch 25/150
100/100 [==============================] - 1s 11ms/step - loss: 0.5792 - acc: 0.7920
1000/1000 [==============================] - 40s 40ms/step - loss: 0.5584 - acc: 0.8140 - val_loss: 0.5792 - val_acc: 0.7920
Epoch 26/150
100/100 [==============================] - 1s 12ms/step - loss: 0.5492 - acc: 0.8150
1000/1000 [==============================] - 44s 44ms/step - loss: 0.5492 - acc: 0.8180 - val_loss: 0.5492 - val_acc: 0.8150
Epoch 27/150
100/100 [==============================] - 1s 13ms/step - loss: 0.5798 - acc: 0.7900
1000/1000 [==============================] - 46s 46ms/step - loss: 0.5668 - acc: 0.8090 - val_loss: 0.5798 - val_acc: 0.7900
Epoch 28/150
100/100 [==============================] - 1s 12ms/step - loss: 0.6015 - acc: 0.7820
1000/1000 [==============================] - 46s 46ms/step - loss: 0.5721 - acc: 0.8087 - val_loss: 0.6015 - val_acc: 0.7820
Epoch 29/150
100/100 [==============================] - 1s 13ms/step - loss: 0.5758 - acc: 0.7920
1000/1000 [==============================] - 46s 46ms/step - loss: 0.5437 - acc: 0.8233 - val_loss: 0.5758 - val_acc: 0.7920
Epoch 30/150
100/100 [==============================] - 1s 12ms/step - loss: 0.5551 - acc: 0.8210
1000/1000 [==============================] - 46s 46ms/step - loss: 0.5581 - acc: 0.8070 - val_loss: 0.5551 - val_acc: 0.8210
Epoch 31/150
100/100 [==============================] - 1s 12ms/step - loss: 0.5586 - acc: 0.8010
1000/1000 [==============================] - 46s 46ms/step - loss: 0.5504 - acc: 0.8127 - val_loss: 0.5586 - val_acc: 0.8010
Epoch 32/150
100/100 [==============================] - 1s 12ms/step - loss: 0.5882 - acc: 0.7910
1000/1000 [==============================] - 46s 46ms/step - loss: 0.5511 - acc: 0.8190 - val_loss: 0.5882 - val_acc: 0.7910
Epoch 33/150
100/100 [==============================] - 1s 12ms/step - loss: 0.5757 - acc: 0.7900
1000/1000 [==============================] - 46s 46ms/step - loss: 0.5533 - acc: 0.8160 - val_loss: 0.5757 - val_acc: 0.7900
Epoch 34/150
100/100 [==============================] - 1s 13ms/step - loss: 0.5602 - acc: 0.8000
1000/1000 [==============================] - 46s 46ms/step - loss: 0.5493 - acc: 0.8163 - val_loss: 0.5602 - val_acc: 0.8000
Epoch 35/150
100/100 [==============================] - 1s 13ms/step - loss: 0.5667 - acc: 0.8010
1000/1000 [==============================] - 47s 47ms/step - loss: 0.5449 - acc: 0.8147 - val_loss: 0.5667 - val_acc: 0.8010
Epoch 36/150
100/100 [==============================] - 1s 12ms/step - loss: 0.5559 - acc: 0.8150
1000/1000 [==============================] - 47s 47ms/step - loss: 0.5598 - acc: 0.8150 - val_loss: 0.5559 - val_acc: 0.8150
Epoch 37/150
100/100 [==============================] - 1s 12ms/step - loss: 0.5759 - acc: 0.8000
1000/1000 [==============================] - 47s 47ms/step - loss: 0.5433 - acc: 0.8173 - val_loss: 0.5759 - val_acc: 0.8000
Epoch 38/150
100/100 [==============================] - 1s 12ms/step - loss: 0.5581 - acc: 0.8150
1000/1000 [==============================] - 46s 46ms/step - loss: 0.5409 - acc: 0.8233 - val_loss: 0.5581 - val_acc: 0.8150
Epoch 39/150
100/100 [==============================] - 1s 12ms/step - loss: 0.5763 - acc: 0.8000
1000/1000 [==============================] - 46s 46ms/step - loss: 0.5391 - acc: 0.8183 - val_loss: 0.5763 - val_acc: 0.8000
Epoch 40/150
100/100 [==============================] - 1s 12ms/step - loss: 0.5501 - acc: 0.8160
1000/1000 [==============================] - 47s 47ms/step - loss: 0.5344 - acc: 0.8280 - val_loss: 0.5501 - val_acc: 0.8160
Epoch 41/150
100/100 [==============================] - 1s 12ms/step - loss: 0.5691 - acc: 0.8090
1000/1000 [==============================] - 46s 46ms/step - loss: 0.5436 - acc: 0.8250 - val_loss: 0.5691 - val_acc: 0.8090
Epoch 42/150
100/100 [==============================] - 1s 12ms/step - loss: 0.5792 - acc: 0.8030
1000/1000 [==============================] - 46s 46ms/step - loss: 0.5480 - acc: 0.8210 - val_loss: 0.5792 - val_acc: 0.8030
Epoch 43/150
100/100 [==============================] - 1s 13ms/step - loss: 0.5419 - acc: 0.8170
1000/1000 [==============================] - 46s 46ms/step - loss: 0.5297 - acc: 0.8363 - val_loss: 0.5419 - val_acc: 0.8170
Epoch 44/150
100/100 [==============================] - 1s 12ms/step - loss: 0.5901 - acc: 0.7830
1000/1000 [==============================] - 46s 46ms/step - loss: 0.5437 - acc: 0.8230 - val_loss: 0.5901 - val_acc: 0.7830
Epoch 45/150
100/100 [==============================] - 1s 13ms/step - loss: 0.5418 - acc: 0.8170
1000/1000 [==============================] - 46s 46ms/step - loss: 0.5345 - acc: 0.8267 - val_loss: 0.5418 - val_acc: 0.8170
Epoch 46/150
100/100 [==============================] - 1s 12ms/step - loss: 0.5735 - acc: 0.8000
1000/1000 [==============================] - 46s 46ms/step - loss: 0.5513 - acc: 0.8147 - val_loss: 0.5735 - val_acc: 0.8000
Epoch 47/150
100/100 [==============================] - 1s 12ms/step - loss: 0.5609 - acc: 0.8140
1000/1000 [==============================] - 46s 46ms/step - loss: 0.5476 - acc: 0.8147 - val_loss: 0.5609 - val_acc: 0.8140
Epoch 48/150
100/100 [==============================] - 1s 13ms/step - loss: 0.5931 - acc: 0.7980
1000/1000 [==============================] - 47s 47ms/step - loss: 0.5406 - acc: 0.8263 - val_loss: 0.5931 - val_acc: 0.7980
Epoch 49/150
100/100 [==============================] - 1s 13ms/step - loss: 0.5716 - acc: 0.8010
1000/1000 [==============================] - 47s 47ms/step - loss: 0.5405 - acc: 0.8253 - val_loss: 0.5716 - val_acc: 0.8010
Epoch 50/150
100/100 [==============================] - 1s 12ms/step - loss: 0.5927 - acc: 0.7840
1000/1000 [==============================] - 46s 46ms/step - loss: 0.5296 - acc: 0.8307 - val_loss: 0.5927 - val_acc: 0.7840
Epoch 51/150
100/100 [==============================] - 1s 12ms/step - loss: 0.5742 - acc: 0.8040
1000/1000 [==============================] - 42s 42ms/step - loss: 0.5253 - acc: 0.8310 - val_loss: 0.5742 - val_acc: 0.8040
Epoch 52/150
100/100 [==============================] - 1s 13ms/step - loss: 0.5693 - acc: 0.8110
1000/1000 [==============================] - 42s 42ms/step - loss: 0.5103 - acc: 0.8423 - val_loss: 0.5693 - val_acc: 0.8110
Epoch 53/150
100/100 [==============================] - 1s 11ms/step - loss: 0.5705 - acc: 0.7910
1000/1000 [==============================] - 42s 42ms/step - loss: 0.5376 - acc: 0.8313 - val_loss: 0.5705 - val_acc: 0.7910
Epoch 54/150
100/100 [==============================] - 1s 11ms/step - loss: 0.5354 - acc: 0.8230
1000/1000 [==============================] - 42s 42ms/step - loss: 0.5356 - acc: 0.8250 - val_loss: 0.5354 - val_acc: 0.8230
Epoch 55/150
100/100 [==============================] - 1s 12ms/step - loss: 0.5392 - acc: 0.8220
1000/1000 [==============================] - 42s 42ms/step - loss: 0.5362 - acc: 0.8287 - val_loss: 0.5392 - val_acc: 0.8220
Epoch 56/150
100/100 [==============================] - 1s 12ms/step - loss: 0.5685 - acc: 0.8110
1000/1000 [==============================] - 42s 42ms/step - loss: 0.5246 - acc: 0.8287 - val_loss: 0.5685 - val_acc: 0.8110
Epoch 57/150
100/100 [==============================] - 1s 13ms/step - loss: 0.5662 - acc: 0.8030
1000/1000 [==============================] - 42s 42ms/step - loss: 0.5533 - acc: 0.8120 - val_loss: 0.5662 - val_acc: 0.8030
Epoch 58/150
100/100 [==============================] - 1s 11ms/step - loss: 0.5406 - acc: 0.8340
1000/1000 [==============================] - 42s 42ms/step - loss: 0.5347 - acc: 0.8317 - val_loss: 0.5406 - val_acc: 0.8340
Epoch 59/150
100/100 [==============================] - 1s 11ms/step - loss: 0.5686 - acc: 0.8090
1000/1000 [==============================] - 42s 42ms/step - loss: 0.5326 - acc: 0.8307 - val_loss: 0.5686 - val_acc: 0.8090
Epoch 60/150
100/100 [==============================] - 1s 12ms/step - loss: 0.5317 - acc: 0.8300
1000/1000 [==============================] - 42s 42ms/step - loss: 0.5290 - acc: 0.8280 - val_loss: 0.5317 - val_acc: 0.8300
Epoch 61/150
100/100 [==============================] - 1s 11ms/step - loss: 0.5497 - acc: 0.8190
1000/1000 [==============================] - 42s 42ms/step - loss: 0.5319 - acc: 0.8300 - val_loss: 0.5497 - val_acc: 0.8190
Epoch 62/150
100/100 [==============================] - 1s 11ms/step - loss: 0.5644 - acc: 0.7980
1000/1000 [==============================] - 42s 42ms/step - loss: 0.5201 - acc: 0.8380 - val_loss: 0.5644 - val_acc: 0.7980
Epoch 63/150
100/100 [==============================] - 1s 13ms/step - loss: 0.5309 - acc: 0.8350
1000/1000 [==============================] - 42s 42ms/step - loss: 0.5419 - acc: 0.8210 - val_loss: 0.5309 - val_acc: 0.8350
Epoch 64/150
100/100 [==============================] - 1s 11ms/step - loss: 0.5083 - acc: 0.8480
1000/1000 [==============================] - 42s 42ms/step - loss: 0.5033 - acc: 0.8473 - val_loss: 0.5083 - val_acc: 0.8480
Epoch 65/150
100/100 [==============================] - 1s 13ms/step - loss: 0.5497 - acc: 0.8180
1000/1000 [==============================] - 42s 42ms/step - loss: 0.5177 - acc: 0.8303 - val_loss: 0.5497 - val_acc: 0.8180
Epoch 66/150
100/100 [==============================] - 1s 11ms/step - loss: 0.5506 - acc: 0.8080
1000/1000 [==============================] - 42s 42ms/step - loss: 0.5233 - acc: 0.8283 - val_loss: 0.5506 - val_acc: 0.8080
Epoch 67/150
100/100 [==============================] - 1s 11ms/step - loss: 0.5391 - acc: 0.8210
1000/1000 [==============================] - 42s 42ms/step - loss: 0.5431 - acc: 0.8237 - val_loss: 0.5391 - val_acc: 0.8210
Epoch 68/150
100/100 [==============================] - 1s 11ms/step - loss: 0.5396 - acc: 0.8160
1000/1000 [==============================] - 42s 42ms/step - loss: 0.5183 - acc: 0.8407 - val_loss: 0.5396 - val_acc: 0.8160
Epoch 69/150
100/100 [==============================] - 1s 11ms/step - loss: 0.5477 - acc: 0.8160
1000/1000 [==============================] - 42s 42ms/step - loss: 0.5282 - acc: 0.8287 - val_loss: 0.5477 - val_acc: 0.8160
Epoch 70/150
100/100 [==============================] - 1s 11ms/step - loss: 0.5461 - acc: 0.8080
1000/1000 [==============================] - 42s 42ms/step - loss: 0.5347 - acc: 0.8297 - val_loss: 0.5461 - val_acc: 0.8080
Epoch 71/150
100/100 [==============================] - 1s 11ms/step - loss: 0.5526 - acc: 0.8160
1000/1000 [==============================] - 42s 42ms/step - loss: 0.5244 - acc: 0.8317 - val_loss: 0.5526 - val_acc: 0.8160
Epoch 72/150
100/100 [==============================] - 1s 13ms/step - loss: 0.5354 - acc: 0.8280
1000/1000 [==============================] - 42s 42ms/step - loss: 0.5248 - acc: 0.8373 - val_loss: 0.5354 - val_acc: 0.8280
Epoch 73/150
100/100 [==============================] - 1s 11ms/step - loss: 0.5491 - acc: 0.8170
1000/1000 [==============================] - 42s 42ms/step - loss: 0.5179 - acc: 0.8377 - val_loss: 0.5491 - val_acc: 0.8170
Epoch 74/150
100/100 [==============================] - 1s 12ms/step - loss: 0.5380 - acc: 0.8210
1000/1000 [==============================] - 42s 42ms/step - loss: 0.5228 - acc: 0.8337 - val_loss: 0.5380 - val_acc: 0.8210
Epoch 75/150
100/100 [==============================] - 1s 13ms/step - loss: 0.5783 - acc: 0.7870
1000/1000 [==============================] - 42s 42ms/step - loss: 0.5237 - acc: 0.8337 - val_loss: 0.5783 - val_acc: 0.7870
Epoch 76/150
100/100 [==============================] - 1s 11ms/step - loss: 0.5289 - acc: 0.8330
1000/1000 [==============================] - 42s 42ms/step - loss: 0.5077 - acc: 0.8457 - val_loss: 0.5289 - val_acc: 0.8330
Epoch 77/150
100/100 [==============================] - 1s 13ms/step - loss: 0.5480 - acc: 0.8130
1000/1000 [==============================] - 42s 42ms/step - loss: 0.5470 - acc: 0.8153 - val_loss: 0.5480 - val_acc: 0.8130
Epoch 78/150
100/100 [==============================] - 1s 11ms/step - loss: 0.5398 - acc: 0.8260
1000/1000 [==============================] - 42s 42ms/step - loss: 0.5088 - acc: 0.8423 - val_loss: 0.5398 - val_acc: 0.8260
Epoch 79/150
100/100 [==============================] - 1s 11ms/step - loss: 0.5270 - acc: 0.8320
1000/1000 [==============================] - 42s 42ms/step - loss: 0.5025 - acc: 0.8523 - val_loss: 0.5270 - val_acc: 0.8320
Epoch 80/150
100/100 [==============================] - 1s 12ms/step - loss: 0.5147 - acc: 0.8340
1000/1000 [==============================] - 42s 42ms/step - loss: 0.5061 - acc: 0.8427 - val_loss: 0.5147 - val_acc: 0.8340
Epoch 81/150
100/100 [==============================] - 1s 13ms/step - loss: 0.5577 - acc: 0.8040
1000/1000 [==============================] - 42s 42ms/step - loss: 0.5264 - acc: 0.8327 - val_loss: 0.5577 - val_acc: 0.8040
Epoch 82/150
100/100 [==============================] - 1s 11ms/step - loss: 0.5519 - acc: 0.8120
1000/1000 [==============================] - 42s 42ms/step - loss: 0.5115 - acc: 0.8377 - val_loss: 0.5519 - val_acc: 0.8120
Epoch 83/150
100/100 [==============================] - 1s 11ms/step - loss: 0.5378 - acc: 0.8270
1000/1000 [==============================] - 42s 42ms/step - loss: 0.5089 - acc: 0.8373 - val_loss: 0.5378 - val_acc: 0.8270
Epoch 84/150
100/100 [==============================] - 1s 11ms/step - loss: 0.5244 - acc: 0.8390
1000/1000 [==============================] - 42s 42ms/step - loss: 0.5323 - acc: 0.8303 - val_loss: 0.5244 - val_acc: 0.8390
Epoch 85/150
100/100 [==============================] - 1s 12ms/step - loss: 0.5315 - acc: 0.8360
1000/1000 [==============================] - 42s 42ms/step - loss: 0.5183 - acc: 0.8407 - val_loss: 0.5315 - val_acc: 0.8360
Epoch 86/150
100/100 [==============================] - 1s 13ms/step - loss: 0.5378 - acc: 0.8210
1000/1000 [==============================] - 42s 42ms/step - loss: 0.5059 - acc: 0.8433 - val_loss: 0.5378 - val_acc: 0.8210
Epoch 87/150
100/100 [==============================] - 1s 11ms/step - loss: 0.5552 - acc: 0.8140
1000/1000 [==============================] - 42s 42ms/step - loss: 0.5107 - acc: 0.8437 - val_loss: 0.5552 - val_acc: 0.8140
Epoch 88/150
100/100 [==============================] - 1s 11ms/step - loss: 0.5299 - acc: 0.8340
1000/1000 [==============================] - 42s 42ms/step - loss: 0.5163 - acc: 0.8333 - val_loss: 0.5299 - val_acc: 0.8340
Epoch 89/150
100/100 [==============================] - 1s 11ms/step - loss: 0.5401 - acc: 0.8140
1000/1000 [==============================] - 42s 42ms/step - loss: 0.5189 - acc: 0.8347 - val_loss: 0.5401 - val_acc: 0.8140
Epoch 90/150
100/100 [==============================] - 1s 11ms/step - loss: 0.5262 - acc: 0.8300
1000/1000 [==============================] - 42s 42ms/step - loss: 0.5258 - acc: 0.8327 - val_loss: 0.5262 - val_acc: 0.8300
Epoch 91/150
100/100 [==============================] - 1s 11ms/step - loss: 0.5234 - acc: 0.8270
1000/1000 [==============================] - 42s 42ms/step - loss: 0.5011 - acc: 0.8467 - val_loss: 0.5234 - val_acc: 0.8270
Epoch 92/150
100/100 [==============================] - 1s 11ms/step - loss: 0.5378 - acc: 0.8200
1000/1000 [==============================] - 42s 42ms/step - loss: 0.5148 - acc: 0.8380 - val_loss: 0.5378 - val_acc: 0.8200
Epoch 93/150
100/100 [==============================] - 1s 11ms/step - loss: 0.5340 - acc: 0.8280
1000/1000 [==============================] - 42s 42ms/step - loss: 0.5026 - acc: 0.8473 - val_loss: 0.5340 - val_acc: 0.8280
Epoch 94/150
100/100 [==============================] - 1s 11ms/step - loss: 0.5370 - acc: 0.8210
1000/1000 [==============================] - 42s 42ms/step - loss: 0.4963 - acc: 0.8523 - val_loss: 0.5370 - val_acc: 0.8210
Epoch 95/150
100/100 [==============================] - 1s 13ms/step - loss: 0.5508 - acc: 0.8130
1000/1000 [==============================] - 42s 42ms/step - loss: 0.5131 - acc: 0.8387 - val_loss: 0.5508 - val_acc: 0.8130
Epoch 96/150
100/100 [==============================] - 1s 11ms/step - loss: 0.5345 - acc: 0.8290
1000/1000 [==============================] - 42s 42ms/step - loss: 0.5129 - acc: 0.8457 - val_loss: 0.5345 - val_acc: 0.8290
Epoch 97/150
100/100 [==============================] - 1s 13ms/step - loss: 0.5245 - acc: 0.8380
1000/1000 [==============================] - 42s 42ms/step - loss: 0.4982 - acc: 0.8487 - val_loss: 0.5245 - val_acc: 0.8380
Epoch 98/150
100/100 [==============================] - 1s 11ms/step - loss: 0.5348 - acc: 0.8190
1000/1000 [==============================] - 42s 42ms/step - loss: 0.5173 - acc: 0.8370 - val_loss: 0.5348 - val_acc: 0.8190
Epoch 99/150
100/100 [==============================] - 1s 12ms/step - loss: 0.5388 - acc: 0.8300
1000/1000 [==============================] - 42s 42ms/step - loss: 0.5153 - acc: 0.8367 - val_loss: 0.5388 - val_acc: 0.8300
Epoch 100/150
100/100 [==============================] - 1s 12ms/step - loss: 0.5346 - acc: 0.8230
1000/1000 [==============================] - 42s 42ms/step - loss: 0.5040 - acc: 0.8487 - val_loss: 0.5346 - val_acc: 0.8230
Epoch 101/150
100/100 [==============================] - 1s 11ms/step - loss: 0.5254 - acc: 0.8320
1000/1000 [==============================] - 42s 42ms/step - loss: 0.5059 - acc: 0.8467 - val_loss: 0.5254 - val_acc: 0.8320
Epoch 102/150
100/100 [==============================] - 1s 11ms/step - loss: 0.5634 - acc: 0.8060
1000/1000 [==============================] - 42s 42ms/step - loss: 0.5014 - acc: 0.8460 - val_loss: 0.5634 - val_acc: 0.8060
Epoch 103/150
100/100 [==============================] - 1s 11ms/step - loss: 0.5109 - acc: 0.8290
1000/1000 [==============================] - 42s 42ms/step - loss: 0.4948 - acc: 0.8520 - val_loss: 0.5109 - val_acc: 0.8290
Epoch 104/150
100/100 [==============================] - 1s 11ms/step - loss: 0.5432 - acc: 0.8270
1000/1000 [==============================] - 41s 41ms/step - loss: 0.4978 - acc: 0.8470 - val_loss: 0.5432 - val_acc: 0.8270
Epoch 105/150
100/100 [==============================] - 1s 12ms/step - loss: 0.5120 - acc: 0.8350
1000/1000 [==============================] - 38s 38ms/step - loss: 0.4810 - acc: 0.8543 - val_loss: 0.5120 - val_acc: 0.8350
Epoch 106/150
100/100 [==============================] - 1s 11ms/step - loss: 0.5038 - acc: 0.8470
1000/1000 [==============================] - 38s 38ms/step - loss: 0.4984 - acc: 0.8473 - val_loss: 0.5038 - val_acc: 0.8470
Epoch 107/150
100/100 [==============================] - 1s 11ms/step - loss: 0.5124 - acc: 0.8360
1000/1000 [==============================] - 38s 38ms/step - loss: 0.4989 - acc: 0.8477 - val_loss: 0.5124 - val_acc: 0.8360
Epoch 108/150
100/100 [==============================] - 1s 11ms/step - loss: 0.5499 - acc: 0.8140
1000/1000 [==============================] - 38s 38ms/step - loss: 0.5021 - acc: 0.8443 - val_loss: 0.5499 - val_acc: 0.8140
Epoch 109/150
100/100 [==============================] - 1s 11ms/step - loss: 0.5263 - acc: 0.8250
1000/1000 [==============================] - 39s 39ms/step - loss: 0.4984 - acc: 0.8477 - val_loss: 0.5263 - val_acc: 0.8250
Epoch 110/150
100/100 [==============================] - 1s 11ms/step - loss: 0.4963 - acc: 0.8430
1000/1000 [==============================] - 42s 42ms/step - loss: 0.4880 - acc: 0.8500 - val_loss: 0.4963 - val_acc: 0.8430
Epoch 111/150
100/100 [==============================] - 1s 13ms/step - loss: 0.5344 - acc: 0.8200
1000/1000 [==============================] - 42s 42ms/step - loss: 0.5071 - acc: 0.8413 - val_loss: 0.5344 - val_acc: 0.8200
Epoch 112/150
100/100 [==============================] - 1s 11ms/step - loss: 0.5306 - acc: 0.8280
1000/1000 [==============================] - 42s 42ms/step - loss: 0.4796 - acc: 0.8573 - val_loss: 0.5306 - val_acc: 0.8280
Epoch 113/150
100/100 [==============================] - 1s 11ms/step - loss: 0.5283 - acc: 0.8400
1000/1000 [==============================] - 42s 42ms/step - loss: 0.4975 - acc: 0.8490 - val_loss: 0.5283 - val_acc: 0.8400
Epoch 114/150
100/100 [==============================] - 1s 11ms/step - loss: 0.5407 - acc: 0.8310
1000/1000 [==============================] - 42s 42ms/step - loss: 0.5099 - acc: 0.8413 - val_loss: 0.5407 - val_acc: 0.8310
Epoch 115/150
100/100 [==============================] - 1s 11ms/step - loss: 0.5407 - acc: 0.8260
1000/1000 [==============================] - 42s 42ms/step - loss: 0.4948 - acc: 0.8523 - val_loss: 0.5407 - val_acc: 0.8260
Epoch 116/150
100/100 [==============================] - 1s 11ms/step - loss: 0.5234 - acc: 0.8340
1000/1000 [==============================] - 42s 42ms/step - loss: 0.4965 - acc: 0.8497 - val_loss: 0.5234 - val_acc: 0.8340
Epoch 117/150
100/100 [==============================] - 1s 11ms/step - loss: 0.5333 - acc: 0.8260
1000/1000 [==============================] - 42s 42ms/step - loss: 0.5036 - acc: 0.8457 - val_loss: 0.5333 - val_acc: 0.8260
Epoch 118/150
100/100 [==============================] - 1s 13ms/step - loss: 0.5255 - acc: 0.8320
1000/1000 [==============================] - 42s 42ms/step - loss: 0.4962 - acc: 0.8480 - val_loss: 0.5255 - val_acc: 0.8320
Epoch 119/150
100/100 [==============================] - 1s 12ms/step - loss: 0.5209 - acc: 0.8470
1000/1000 [==============================] - 42s 42ms/step - loss: 0.4953 - acc: 0.8483 - val_loss: 0.5209 - val_acc: 0.8470
Epoch 120/150
100/100 [==============================] - 1s 11ms/step - loss: 0.5160 - acc: 0.8420
1000/1000 [==============================] - 42s 42ms/step - loss: 0.4947 - acc: 0.8460 - val_loss: 0.5160 - val_acc: 0.8420
Epoch 121/150
100/100 [==============================] - 1s 12ms/step - loss: 0.5074 - acc: 0.8510
1000/1000 [==============================] - 42s 42ms/step - loss: 0.4970 - acc: 0.8517 - val_loss: 0.5074 - val_acc: 0.8510
Epoch 122/150
100/100 [==============================] - 1s 11ms/step - loss: 0.5525 - acc: 0.8100
1000/1000 [==============================] - 42s 42ms/step - loss: 0.5024 - acc: 0.8470 - val_loss: 0.5525 - val_acc: 0.8100
Epoch 123/150
100/100 [==============================] - 1s 11ms/step - loss: 0.5033 - acc: 0.8460
1000/1000 [==============================] - 42s 42ms/step - loss: 0.4903 - acc: 0.8537 - val_loss: 0.5033 - val_acc: 0.8460
Epoch 124/150
100/100 [==============================] - 1s 12ms/step - loss: 0.5481 - acc: 0.8230
1000/1000 [==============================] - 42s 42ms/step - loss: 0.4936 - acc: 0.8527 - val_loss: 0.5481 - val_acc: 0.8230
Epoch 125/150
100/100 [==============================] - 1s 12ms/step - loss: 0.5226 - acc: 0.8400
1000/1000 [==============================] - 42s 42ms/step - loss: 0.4949 - acc: 0.8510 - val_loss: 0.5226 - val_acc: 0.8400
Epoch 126/150
100/100 [==============================] - 1s 11ms/step - loss: 0.4912 - acc: 0.8550
1000/1000 [==============================] - 42s 42ms/step - loss: 0.5106 - acc: 0.8427 - val_loss: 0.4912 - val_acc: 0.8550
Epoch 127/150
100/100 [==============================] - 1s 11ms/step - loss: 0.5025 - acc: 0.8500
1000/1000 [==============================] - 42s 42ms/step - loss: 0.4957 - acc: 0.8483 - val_loss: 0.5025 - val_acc: 0.8500
Epoch 128/150
100/100 [==============================] - 1s 11ms/step - loss: 0.5305 - acc: 0.8240
1000/1000 [==============================] - 42s 42ms/step - loss: 0.4894 - acc: 0.8493 - val_loss: 0.5305 - val_acc: 0.8240
Epoch 129/150
100/100 [==============================] - 1s 13ms/step - loss: 0.5007 - acc: 0.8420
1000/1000 [==============================] - 42s 42ms/step - loss: 0.5011 - acc: 0.8433 - val_loss: 0.5007 - val_acc: 0.8420
Epoch 130/150
100/100 [==============================] - 1s 11ms/step - loss: 0.5234 - acc: 0.8350
1000/1000 [==============================] - 42s 42ms/step - loss: 0.4796 - acc: 0.8553 - val_loss: 0.5234 - val_acc: 0.8350
Epoch 131/150
100/100 [==============================] - 1s 11ms/step - loss: 0.5047 - acc: 0.8490
1000/1000 [==============================] - 42s 42ms/step - loss: 0.4823 - acc: 0.8607 - val_loss: 0.5047 - val_acc: 0.8490
Epoch 132/150
100/100 [==============================] - 1s 11ms/step - loss: 0.5167 - acc: 0.8310
1000/1000 [==============================] - 42s 42ms/step - loss: 0.4893 - acc: 0.8520 - val_loss: 0.5167 - val_acc: 0.8310
Epoch 133/150
100/100 [==============================] - 1s 13ms/step - loss: 0.5381 - acc: 0.8210
1000/1000 [==============================] - 42s 42ms/step - loss: 0.4733 - acc: 0.8643 - val_loss: 0.5381 - val_acc: 0.8210
Epoch 134/150
100/100 [==============================] - 1s 11ms/step - loss: 0.5079 - acc: 0.8380
1000/1000 [==============================] - 42s 42ms/step - loss: 0.4849 - acc: 0.8540 - val_loss: 0.5079 - val_acc: 0.8380
Epoch 135/150
100/100 [==============================] - 1s 11ms/step - loss: 0.5043 - acc: 0.8440
1000/1000 [==============================] - 42s 42ms/step - loss: 0.4812 - acc: 0.8560 - val_loss: 0.5043 - val_acc: 0.8440
Epoch 136/150
100/100 [==============================] - 1s 11ms/step - loss: 0.5163 - acc: 0.8350
1000/1000 [==============================] - 42s 42ms/step - loss: 0.4980 - acc: 0.8477 - val_loss: 0.5163 - val_acc: 0.8350
Epoch 137/150
100/100 [==============================] - 1s 11ms/step - loss: 0.5328 - acc: 0.8190
1000/1000 [==============================] - 42s 42ms/step - loss: 0.4635 - acc: 0.8733 - val_loss: 0.5328 - val_acc: 0.8190
Epoch 138/150
100/100 [==============================] - 1s 11ms/step - loss: 0.5048 - acc: 0.8410
1000/1000 [==============================] - 42s 42ms/step - loss: 0.4770 - acc: 0.8617 - val_loss: 0.5048 - val_acc: 0.8410
Epoch 139/150
100/100 [==============================] - 1s 11ms/step - loss: 0.5149 - acc: 0.8390
1000/1000 [==============================] - 42s 42ms/step - loss: 0.4911 - acc: 0.8527 - val_loss: 0.5149 - val_acc: 0.8390
Epoch 140/150
100/100 [==============================] - 1s 11ms/step - loss: 0.5291 - acc: 0.8350
1000/1000 [==============================] - 42s 42ms/step - loss: 0.5013 - acc: 0.8403 - val_loss: 0.5291 - val_acc: 0.8350
Epoch 141/150
100/100 [==============================] - 1s 13ms/step - loss: 0.5352 - acc: 0.8190
1000/1000 [==============================] - 42s 42ms/step - loss: 0.4867 - acc: 0.8507 - val_loss: 0.5352 - val_acc: 0.8190
Epoch 142/150
100/100 [==============================] - 1s 11ms/step - loss: 0.5169 - acc: 0.8370
1000/1000 [==============================] - 42s 42ms/step - loss: 0.4950 - acc: 0.8473 - val_loss: 0.5169 - val_acc: 0.8370
Epoch 143/150
100/100 [==============================] - 1s 12ms/step - loss: 0.5058 - acc: 0.8420
1000/1000 [==============================] - 42s 42ms/step - loss: 0.4989 - acc: 0.8363 - val_loss: 0.5058 - val_acc: 0.8420
Epoch 144/150
100/100 [==============================] - 1s 13ms/step - loss: 0.5233 - acc: 0.8380
1000/1000 [==============================] - 42s 42ms/step - loss: 0.4718 - acc: 0.8670 - val_loss: 0.5233 - val_acc: 0.8380
Epoch 145/150
100/100 [==============================] - 1s 11ms/step - loss: 0.5429 - acc: 0.8120
1000/1000 [==============================] - 42s 42ms/step - loss: 0.4885 - acc: 0.8543 - val_loss: 0.5429 - val_acc: 0.8120
Epoch 146/150
100/100 [==============================] - 1s 12ms/step - loss: 0.5080 - acc: 0.8390
1000/1000 [==============================] - 42s 42ms/step - loss: 0.4828 - acc: 0.8523 - val_loss: 0.5080 - val_acc: 0.8390
Epoch 147/150
100/100 [==============================] - 1s 12ms/step - loss: 0.5357 - acc: 0.8230
1000/1000 [==============================] - 42s 42ms/step - loss: 0.4812 - acc: 0.8590 - val_loss: 0.5357 - val_acc: 0.8230
Epoch 148/150
100/100 [==============================] - 1s 11ms/step - loss: 0.5025 - acc: 0.8450
1000/1000 [==============================] - 42s 42ms/step - loss: 0.4906 - acc: 0.8483 - val_loss: 0.5025 - val_acc: 0.8450
Epoch 149/150
100/100 [==============================] - 1s 13ms/step - loss: 0.5225 - acc: 0.8240
1000/1000 [==============================] - 42s 42ms/step - loss: 0.4858 - acc: 0.8483 - val_loss: 0.5225 - val_acc: 0.8240
Epoch 150/150
100/100 [==============================] - 1s 12ms/step - loss: 0.4976 - acc: 0.8460
1000/1000 [==============================] - 42s 42ms/step - loss: 0.4792 - acc: 0.8567 - val_loss: 0.4976 - val_acc: 0.8460

real	107m37.558s
user	390m50.803s
sys	112m4.981s
