WARNING:tensorflow:From /usr/local/lib/python3.6/dist-packages/tensorflow/python/ops/resource_variable_ops.py:435: colocate_with (from tensorflow.python.framework.ops) is deprecated and will be removed in a future version.
Instructions for updating:
Colocations handled automatically by placer.
2019-06-27 13:20:34.554864: I tensorflow/core/platform/profile_utils/cpu_utils.cc:94] CPU Frequency: 2593550000 Hz
2019-06-27 13:20:34.556485: I tensorflow/compiler/xla/service/service.cc:150] XLA service 0x21324e0 executing computations on platform Host. Devices:
2019-06-27 13:20:34.556509: I tensorflow/compiler/xla/service/service.cc:158]   StreamExecutor device (0): <undefined>, <undefined>
WARNING:tensorflow:From /usr/local/lib/python3.6/dist-packages/tensorflow/python/ops/math_ops.py:3066: to_int32 (from tensorflow.python.ops.math_ops) is deprecated and will be removed in a future version.
Instructions for updating:
Use tf.cast instead.
_________________________________________________________________
Layer (type)                 Output Shape              Param #   
=================================================================
input_1 (InputLayer)         (None, 512, 256)          0         
_________________________________________________________________
conv1d (Conv1D)              (None, 64, 128)           262272    
_________________________________________________________________
max_pooling1d (MaxPooling1D) (None, 64, 64)            0         
_________________________________________________________________
conv1d_1 (Conv1D)            (None, 8, 64)             32832     
_________________________________________________________________
max_pooling1d_1 (MaxPooling1 (None, 8, 32)             0         
_________________________________________________________________
lstm (LSTM)                  (None, 8, 64)             24832     
_________________________________________________________________
lstm_1 (LSTM)                (None, 3)                 816       
_________________________________________________________________
activation (Activation)      (None, 3)                 0         
=================================================================
Total params: 320,752
Trainable params: 320,752
Non-trainable params: 0
_________________________________________________________________
Epoch 1/150
100/100 [==============================] - 1s 13ms/step - loss: 0.8091 - acc: 0.5870    
1000/1000 [==============================] - 26s 26ms/step - loss: 0.8871 - acc: 0.5457 - val_loss: 0.8091 - val_acc: 0.5870
Epoch 2/150
100/100 [==============================] - 1s 12ms/step - loss: 0.7977 - acc: 0.6290
1000/1000 [==============================] - 26s 26ms/step - loss: 0.7735 - acc: 0.6293 - val_loss: 0.7977 - val_acc: 0.6290
Epoch 3/150
100/100 [==============================] - 1s 13ms/step - loss: 0.6919 - acc: 0.7130
1000/1000 [==============================] - 25s 25ms/step - loss: 0.7117 - acc: 0.6807 - val_loss: 0.6919 - val_acc: 0.7130
Epoch 4/150
100/100 [==============================] - 1s 12ms/step - loss: 0.7365 - acc: 0.6800
1000/1000 [==============================] - 25s 25ms/step - loss: 0.6828 - acc: 0.7167 - val_loss: 0.7365 - val_acc: 0.6800
Epoch 5/150
100/100 [==============================] - 3s 26ms/step - loss: 0.6164 - acc: 0.7870
1000/1000 [==============================] - 40s 40ms/step - loss: 0.6515 - acc: 0.7527 - val_loss: 0.6164 - val_acc: 0.7870
Epoch 6/150
100/100 [==============================] - 1s 12ms/step - loss: 0.5827 - acc: 0.8070
1000/1000 [==============================] - 34s 34ms/step - loss: 0.5898 - acc: 0.7907 - val_loss: 0.5827 - val_acc: 0.8070
Epoch 7/150
100/100 [==============================] - 1s 12ms/step - loss: 0.5580 - acc: 0.8170
1000/1000 [==============================] - 28s 28ms/step - loss: 0.5638 - acc: 0.8167 - val_loss: 0.5580 - val_acc: 0.8170
Epoch 8/150
100/100 [==============================] - 1s 11ms/step - loss: 0.5613 - acc: 0.8150
1000/1000 [==============================] - 28s 28ms/step - loss: 0.5467 - acc: 0.8273 - val_loss: 0.5613 - val_acc: 0.8150
Epoch 9/150
100/100 [==============================] - 1s 13ms/step - loss: 0.5446 - acc: 0.8240
1000/1000 [==============================] - 25s 25ms/step - loss: 0.5457 - acc: 0.8373 - val_loss: 0.5446 - val_acc: 0.8240
Epoch 10/150
100/100 [==============================] - 1s 10ms/step - loss: 0.5435 - acc: 0.8160
1000/1000 [==============================] - 26s 26ms/step - loss: 0.5380 - acc: 0.8303 - val_loss: 0.5435 - val_acc: 0.8160
Epoch 11/150
100/100 [==============================] - 1s 12ms/step - loss: 0.5216 - acc: 0.8490
1000/1000 [==============================] - 26s 26ms/step - loss: 0.5277 - acc: 0.8433 - val_loss: 0.5216 - val_acc: 0.8490
Epoch 12/150
100/100 [==============================] - 1s 12ms/step - loss: 0.5325 - acc: 0.8400
1000/1000 [==============================] - 26s 26ms/step - loss: 0.5195 - acc: 0.8513 - val_loss: 0.5325 - val_acc: 0.8400
Epoch 13/150
100/100 [==============================] - 1s 11ms/step - loss: 0.5523 - acc: 0.8210
1000/1000 [==============================] - 26s 26ms/step - loss: 0.5115 - acc: 0.8543 - val_loss: 0.5523 - val_acc: 0.8210
Epoch 14/150
100/100 [==============================] - 1s 12ms/step - loss: 0.5336 - acc: 0.8390
1000/1000 [==============================] - 26s 26ms/step - loss: 0.5265 - acc: 0.8480 - val_loss: 0.5336 - val_acc: 0.8390
Epoch 15/150
100/100 [==============================] - 1s 12ms/step - loss: 0.5573 - acc: 0.8210
1000/1000 [==============================] - 26s 26ms/step - loss: 0.5063 - acc: 0.8597 - val_loss: 0.5573 - val_acc: 0.8210
Epoch 16/150
100/100 [==============================] - 1s 12ms/step - loss: 0.5298 - acc: 0.8350
1000/1000 [==============================] - 29s 29ms/step - loss: 0.5003 - acc: 0.8627 - val_loss: 0.5298 - val_acc: 0.8350
Epoch 17/150
100/100 [==============================] - 1s 12ms/step - loss: 0.4900 - acc: 0.8740
1000/1000 [==============================] - 29s 29ms/step - loss: 0.5062 - acc: 0.8560 - val_loss: 0.4900 - val_acc: 0.8740
Epoch 18/150
100/100 [==============================] - 1s 12ms/step - loss: 0.5145 - acc: 0.8450
1000/1000 [==============================] - 29s 29ms/step - loss: 0.4988 - acc: 0.8660 - val_loss: 0.5145 - val_acc: 0.8450
Epoch 19/150
100/100 [==============================] - 1s 12ms/step - loss: 0.5216 - acc: 0.8370
1000/1000 [==============================] - 28s 28ms/step - loss: 0.4924 - acc: 0.8667 - val_loss: 0.5216 - val_acc: 0.8370
Epoch 20/150
100/100 [==============================] - 1s 13ms/step - loss: 0.5202 - acc: 0.8470
1000/1000 [==============================] - 25s 25ms/step - loss: 0.4887 - acc: 0.8690 - val_loss: 0.5202 - val_acc: 0.8470
Epoch 21/150
100/100 [==============================] - 1s 13ms/step - loss: 0.4888 - acc: 0.8610
1000/1000 [==============================] - 25s 25ms/step - loss: 0.4977 - acc: 0.8617 - val_loss: 0.4888 - val_acc: 0.8610
Epoch 22/150
100/100 [==============================] - 1s 13ms/step - loss: 0.4913 - acc: 0.8650
1000/1000 [==============================] - 25s 25ms/step - loss: 0.4905 - acc: 0.8650 - val_loss: 0.4913 - val_acc: 0.8650
Epoch 23/150
100/100 [==============================] - 1s 12ms/step - loss: 0.4895 - acc: 0.8760
1000/1000 [==============================] - 25s 25ms/step - loss: 0.4960 - acc: 0.8677 - val_loss: 0.4895 - val_acc: 0.8760
Epoch 24/150
100/100 [==============================] - 1s 11ms/step - loss: 0.5095 - acc: 0.8530
1000/1000 [==============================] - 27s 27ms/step - loss: 0.4922 - acc: 0.8660 - val_loss: 0.5095 - val_acc: 0.8530
Epoch 25/150
100/100 [==============================] - 1s 12ms/step - loss: 0.4993 - acc: 0.8560
1000/1000 [==============================] - 26s 26ms/step - loss: 0.4913 - acc: 0.8667 - val_loss: 0.4993 - val_acc: 0.8560
Epoch 26/150
100/100 [==============================] - 1s 12ms/step - loss: 0.5062 - acc: 0.8590
1000/1000 [==============================] - 28s 28ms/step - loss: 0.4791 - acc: 0.8777 - val_loss: 0.5062 - val_acc: 0.8590
Epoch 27/150
100/100 [==============================] - 1s 12ms/step - loss: 0.5167 - acc: 0.8550
1000/1000 [==============================] - 25s 25ms/step - loss: 0.4768 - acc: 0.8730 - val_loss: 0.5167 - val_acc: 0.8550
Epoch 28/150
100/100 [==============================] - 1s 12ms/step - loss: 0.5078 - acc: 0.8540
1000/1000 [==============================] - 28s 28ms/step - loss: 0.4917 - acc: 0.8720 - val_loss: 0.5078 - val_acc: 0.8540
Epoch 29/150
100/100 [==============================] - 1s 12ms/step - loss: 0.5006 - acc: 0.8560
1000/1000 [==============================] - 24s 24ms/step - loss: 0.4903 - acc: 0.8693 - val_loss: 0.5006 - val_acc: 0.8560
Epoch 30/150
100/100 [==============================] - 1s 13ms/step - loss: 0.4956 - acc: 0.8590
1000/1000 [==============================] - 24s 24ms/step - loss: 0.4724 - acc: 0.8827 - val_loss: 0.4956 - val_acc: 0.8590
Epoch 31/150
100/100 [==============================] - 1s 12ms/step - loss: 0.4897 - acc: 0.8680
1000/1000 [==============================] - 24s 24ms/step - loss: 0.4763 - acc: 0.8773 - val_loss: 0.4897 - val_acc: 0.8680
Epoch 32/150
100/100 [==============================] - 1s 13ms/step - loss: 0.4942 - acc: 0.8670
1000/1000 [==============================] - 27s 27ms/step - loss: 0.4764 - acc: 0.8780 - val_loss: 0.4942 - val_acc: 0.8670
Epoch 33/150
100/100 [==============================] - 1s 12ms/step - loss: 0.4911 - acc: 0.8580
1000/1000 [==============================] - 30s 30ms/step - loss: 0.4771 - acc: 0.8733 - val_loss: 0.4911 - val_acc: 0.8580
Epoch 34/150
100/100 [==============================] - 1s 12ms/step - loss: 0.4952 - acc: 0.8680
1000/1000 [==============================] - 27s 27ms/step - loss: 0.4739 - acc: 0.8823 - val_loss: 0.4952 - val_acc: 0.8680
Epoch 35/150
100/100 [==============================] - 1s 12ms/step - loss: 0.5012 - acc: 0.8630
1000/1000 [==============================] - 27s 27ms/step - loss: 0.4672 - acc: 0.8873 - val_loss: 0.5012 - val_acc: 0.8630
Epoch 36/150
100/100 [==============================] - 1s 12ms/step - loss: 0.4944 - acc: 0.8610
1000/1000 [==============================] - 28s 28ms/step - loss: 0.4719 - acc: 0.8783 - val_loss: 0.4944 - val_acc: 0.8610
Epoch 37/150
100/100 [==============================] - 1s 12ms/step - loss: 0.4760 - acc: 0.8780
1000/1000 [==============================] - 24s 24ms/step - loss: 0.4902 - acc: 0.8657 - val_loss: 0.4760 - val_acc: 0.8780
Epoch 38/150
100/100 [==============================] - 1s 12ms/step - loss: 0.4930 - acc: 0.8750
1000/1000 [==============================] - 28s 28ms/step - loss: 0.4754 - acc: 0.8813 - val_loss: 0.4930 - val_acc: 0.8750
Epoch 39/150
100/100 [==============================] - 1s 12ms/step - loss: 0.4983 - acc: 0.8600
1000/1000 [==============================] - 27s 27ms/step - loss: 0.4820 - acc: 0.8747 - val_loss: 0.4983 - val_acc: 0.8600
Epoch 40/150
100/100 [==============================] - 1s 13ms/step - loss: 0.4798 - acc: 0.8700
1000/1000 [==============================] - 29s 29ms/step - loss: 0.4630 - acc: 0.8877 - val_loss: 0.4798 - val_acc: 0.8700
Epoch 41/150
100/100 [==============================] - 1s 12ms/step - loss: 0.4677 - acc: 0.8870
1000/1000 [==============================] - 29s 29ms/step - loss: 0.4804 - acc: 0.8703 - val_loss: 0.4677 - val_acc: 0.8870
Epoch 42/150
100/100 [==============================] - 1s 13ms/step - loss: 0.5047 - acc: 0.8640
1000/1000 [==============================] - 29s 29ms/step - loss: 0.4708 - acc: 0.8853 - val_loss: 0.5047 - val_acc: 0.8640
Epoch 43/150
100/100 [==============================] - 1s 13ms/step - loss: 0.4795 - acc: 0.8710
1000/1000 [==============================] - 30s 30ms/step - loss: 0.4707 - acc: 0.8843 - val_loss: 0.4795 - val_acc: 0.8710
Epoch 44/150
100/100 [==============================] - 1s 13ms/step - loss: 0.4723 - acc: 0.8930
1000/1000 [==============================] - 30s 30ms/step - loss: 0.4609 - acc: 0.8913 - val_loss: 0.4723 - val_acc: 0.8930
Epoch 45/150
100/100 [==============================] - 1s 13ms/step - loss: 0.4696 - acc: 0.8870
1000/1000 [==============================] - 30s 30ms/step - loss: 0.4689 - acc: 0.8873 - val_loss: 0.4696 - val_acc: 0.8870
Epoch 46/150
100/100 [==============================] - 1s 13ms/step - loss: 0.4937 - acc: 0.8710
1000/1000 [==============================] - 30s 30ms/step - loss: 0.4643 - acc: 0.8870 - val_loss: 0.4937 - val_acc: 0.8710
Epoch 47/150
100/100 [==============================] - 1s 13ms/step - loss: 0.4640 - acc: 0.8830
1000/1000 [==============================] - 30s 30ms/step - loss: 0.4639 - acc: 0.8863 - val_loss: 0.4640 - val_acc: 0.8830
Epoch 48/150
100/100 [==============================] - 1s 12ms/step - loss: 0.4675 - acc: 0.8890
1000/1000 [==============================] - 29s 29ms/step - loss: 0.4710 - acc: 0.8813 - val_loss: 0.4675 - val_acc: 0.8890
Epoch 49/150
100/100 [==============================] - 1s 13ms/step - loss: 0.4861 - acc: 0.8650
1000/1000 [==============================] - 29s 29ms/step - loss: 0.4745 - acc: 0.8823 - val_loss: 0.4861 - val_acc: 0.8650
Epoch 50/150
100/100 [==============================] - 1s 12ms/step - loss: 0.4796 - acc: 0.8780
1000/1000 [==============================] - 29s 29ms/step - loss: 0.4673 - acc: 0.8890 - val_loss: 0.4796 - val_acc: 0.8780
Epoch 51/150
100/100 [==============================] - 1s 12ms/step - loss: 0.4973 - acc: 0.8620
1000/1000 [==============================] - 29s 29ms/step - loss: 0.4599 - acc: 0.8907 - val_loss: 0.4973 - val_acc: 0.8620
Epoch 52/150
100/100 [==============================] - 1s 13ms/step - loss: 0.4742 - acc: 0.8840
1000/1000 [==============================] - 29s 29ms/step - loss: 0.4623 - acc: 0.8847 - val_loss: 0.4742 - val_acc: 0.8840
Epoch 53/150
100/100 [==============================] - 1s 11ms/step - loss: 0.4869 - acc: 0.8700
1000/1000 [==============================] - 29s 29ms/step - loss: 0.4818 - acc: 0.8713 - val_loss: 0.4869 - val_acc: 0.8700
Epoch 54/150
100/100 [==============================] - 1s 12ms/step - loss: 0.4815 - acc: 0.8730
1000/1000 [==============================] - 27s 27ms/step - loss: 0.4621 - acc: 0.8903 - val_loss: 0.4815 - val_acc: 0.8730
Epoch 55/150
100/100 [==============================] - 1s 12ms/step - loss: 0.4679 - acc: 0.8880
1000/1000 [==============================] - 25s 25ms/step - loss: 0.4626 - acc: 0.8897 - val_loss: 0.4679 - val_acc: 0.8880
Epoch 56/150
100/100 [==============================] - 1s 12ms/step - loss: 0.4950 - acc: 0.8610
1000/1000 [==============================] - 29s 29ms/step - loss: 0.4572 - acc: 0.8903 - val_loss: 0.4950 - val_acc: 0.8610
Epoch 57/150
100/100 [==============================] - 1s 12ms/step - loss: 0.4824 - acc: 0.8710
1000/1000 [==============================] - 30s 30ms/step - loss: 0.4613 - acc: 0.8870 - val_loss: 0.4824 - val_acc: 0.8710
Epoch 58/150
100/100 [==============================] - 1s 12ms/step - loss: 0.4900 - acc: 0.8740
1000/1000 [==============================] - 29s 29ms/step - loss: 0.4592 - acc: 0.8880 - val_loss: 0.4900 - val_acc: 0.8740
Epoch 59/150
100/100 [==============================] - 1s 12ms/step - loss: 0.4642 - acc: 0.8910
1000/1000 [==============================] - 29s 29ms/step - loss: 0.4665 - acc: 0.8887 - val_loss: 0.4642 - val_acc: 0.8910
Epoch 60/150
100/100 [==============================] - 1s 12ms/step - loss: 0.4772 - acc: 0.8750
1000/1000 [==============================] - 29s 29ms/step - loss: 0.4568 - acc: 0.8930 - val_loss: 0.4772 - val_acc: 0.8750
Epoch 61/150
100/100 [==============================] - 1s 12ms/step - loss: 0.4717 - acc: 0.8810
1000/1000 [==============================] - 28s 28ms/step - loss: 0.4572 - acc: 0.8923 - val_loss: 0.4717 - val_acc: 0.8810
Epoch 62/150
100/100 [==============================] - 1s 12ms/step - loss: 0.4949 - acc: 0.8640
1000/1000 [==============================] - 26s 26ms/step - loss: 0.4755 - acc: 0.8787 - val_loss: 0.4949 - val_acc: 0.8640
Epoch 63/150
100/100 [==============================] - 1s 12ms/step - loss: 0.4879 - acc: 0.8670
1000/1000 [==============================] - 27s 27ms/step - loss: 0.4655 - acc: 0.8830 - val_loss: 0.4879 - val_acc: 0.8670
Epoch 64/150
100/100 [==============================] - 1s 14ms/step - loss: 0.4685 - acc: 0.8800
1000/1000 [==============================] - 28s 28ms/step - loss: 0.4597 - acc: 0.8873 - val_loss: 0.4685 - val_acc: 0.8800
Epoch 65/150
100/100 [==============================] - 2s 16ms/step - loss: 0.4810 - acc: 0.8810
1000/1000 [==============================] - 29s 29ms/step - loss: 0.4452 - acc: 0.9047 - val_loss: 0.4810 - val_acc: 0.8810

real	30m8.288s
user	141m20.836s
sys	35m46.797s
