WARNING:tensorflow:From /usr/local/lib/python3.6/dist-packages/tensorflow/python/ops/resource_variable_ops.py:435: colocate_with (from tensorflow.python.framework.ops) is deprecated and will be removed in a future version.
Instructions for updating:
Colocations handled automatically by placer.
WARNING:tensorflow:From /usr/local/lib/python3.6/dist-packages/tensorflow/python/keras/backend.py:4010: calling dropout (from tensorflow.python.ops.nn_ops) with keep_prob is deprecated and will be removed in a future version.
Instructions for updating:
Please use `rate` instead of `keep_prob`. Rate should be set to `rate = 1 - keep_prob`.
WARNING:tensorflow:From /usr/local/lib/python3.6/dist-packages/tensorflow/python/ops/math_ops.py:3066: to_int32 (from tensorflow.python.ops.math_ops) is deprecated and will be removed in a future version.
Instructions for updating:
Use tf.cast instead.
2019-06-26 13:23:55.670990: I tensorflow/core/platform/profile_utils/cpu_utils.cc:94] CPU Frequency: 2593550000 Hz
2019-06-26 13:23:55.673005: I tensorflow/compiler/xla/service/service.cc:150] XLA service 0x25d9050 executing computations on platform Host. Devices:
2019-06-26 13:23:55.673041: I tensorflow/compiler/xla/service/service.cc:158]   StreamExecutor device (0): <undefined>, <undefined>
_________________________________________________________________
Layer (type)                 Output Shape              Param #   
=================================================================
input_1 (InputLayer)         (None, None, 256)         0         
_________________________________________________________________
simple_rnn (SimpleRNN)       (None, None, 128)         49280     
_________________________________________________________________
simple_rnn_1 (SimpleRNN)     (None, None, 64)          12352     
_________________________________________________________________
simple_rnn_2 (SimpleRNN)     (None, None, 32)          3104      
_________________________________________________________________
simple_rnn_3 (SimpleRNN)     (None, None, 16)          784       
_________________________________________________________________
lstm (LSTM)                  (None, 8)                 800       
_________________________________________________________________
dense (Dense)                (None, 3)                 27        
_________________________________________________________________
activation (Activation)      (None, 3)                 0         
=================================================================
Total params: 66,347
Trainable params: 66,347
Non-trainable params: 0
_________________________________________________________________
Epoch 1/150
10/10 [==============================] - 3s 288ms/step - loss: 0.6916 - acc: 0.5400
100/100 [==============================] - 115s 1s/step - loss: 0.8329 - acc: 0.5700 - val_loss: 0.6916 - val_acc: 0.5400
Epoch 2/150
10/10 [==============================] - 3s 262ms/step - loss: 0.5223 - acc: 0.6500
100/100 [==============================] - 113s 1s/step - loss: 0.6411 - acc: 0.5867 - val_loss: 0.5223 - val_acc: 0.6500
Epoch 3/150
10/10 [==============================] - 3s 259ms/step - loss: 0.6006 - acc: 0.7000
100/100 [==============================] - 113s 1s/step - loss: 0.8079 - acc: 0.6133 - val_loss: 0.6006 - val_acc: 0.7000
Epoch 4/150
10/10 [==============================] - 3s 260ms/step - loss: 0.3761 - acc: 0.9900
100/100 [==============================] - 112s 1s/step - loss: 0.5118 - acc: 0.8433 - val_loss: 0.3761 - val_acc: 0.9900
Epoch 5/150
10/10 [==============================] - 3s 252ms/step - loss: 0.2286 - acc: 1.0000
100/100 [==============================] - 111s 1s/step - loss: 0.3968 - acc: 0.9200 - val_loss: 0.2286 - val_acc: 1.0000

real	9m30.526s
user	35m22.467s
sys	10m50.735s
