WARNING:tensorflow:From /usr/local/lib/python3.6/dist-packages/tensorflow/python/ops/resource_variable_ops.py:435: colocate_with (from tensorflow.python.framework.ops) is deprecated and will be removed in a future version.
Instructions for updating:
Colocations handled automatically by placer.
WARNING:tensorflow:From /usr/local/lib/python3.6/dist-packages/tensorflow/python/ops/math_ops.py:3066: to_int32 (from tensorflow.python.ops.math_ops) is deprecated and will be removed in a future version.
Instructions for updating:
Use tf.cast instead.
2019-06-26 13:39:38.858050: I tensorflow/core/platform/profile_utils/cpu_utils.cc:94] CPU Frequency: 2593550000 Hz
2019-06-26 13:39:38.860112: I tensorflow/compiler/xla/service/service.cc:150] XLA service 0x2e3cf80 executing computations on platform Host. Devices:
2019-06-26 13:39:38.860141: I tensorflow/compiler/xla/service/service.cc:158]   StreamExecutor device (0): <undefined>, <undefined>
_________________________________________________________________
Layer (type)                 Output Shape              Param #   
=================================================================
input_1 (InputLayer)         (None, 512, 256)          0         
_________________________________________________________________
flatten (Flatten)            (None, 131072)            0         
_________________________________________________________________
dense (Dense)                (None, 3)                 393219    
_________________________________________________________________
activation (Activation)      (None, 3)                 0         
=================================================================
Total params: 393,219
Trainable params: 393,219
Non-trainable params: 0
_________________________________________________________________
Epoch 1/150
100/100 [==============================] - 1s 11ms/step - loss: 1.0003 - acc: 0.5260
1000/1000 [==============================] - 7s 7ms/step - loss: 1.0159 - acc: 0.4780 - val_loss: 1.0003 - val_acc: 0.5260
Epoch 2/150
100/100 [==============================] - 1s 10ms/step - loss: 1.0348 - acc: 0.5260
1000/1000 [==============================] - 6s 6ms/step - loss: 0.9867 - acc: 0.5383 - val_loss: 1.0348 - val_acc: 0.5260
Epoch 3/150
100/100 [==============================] - 1s 9ms/step - loss: 0.9214 - acc: 0.6220
1000/1000 [==============================] - 7s 7ms/step - loss: 0.9861 - acc: 0.5690 - val_loss: 0.9214 - val_acc: 0.6220
Epoch 4/150
100/100 [==============================] - 1s 9ms/step - loss: 1.0336 - acc: 0.5840
1000/1000 [==============================] - 6s 6ms/step - loss: 0.9712 - acc: 0.6020 - val_loss: 1.0336 - val_acc: 0.5840
Epoch 5/150
100/100 [==============================] - 1s 9ms/step - loss: 1.0485 - acc: 0.6030
1000/1000 [==============================] - 6s 6ms/step - loss: 1.0009 - acc: 0.6027 - val_loss: 1.0485 - val_acc: 0.6030
Epoch 6/150
100/100 [==============================] - 1s 10ms/step - loss: 1.1764 - acc: 0.5630
1000/1000 [==============================] - 6s 6ms/step - loss: 1.0299 - acc: 0.6210 - val_loss: 1.1764 - val_acc: 0.5630
Epoch 7/150
100/100 [==============================] - 1s 9ms/step - loss: 1.1007 - acc: 0.6270
1000/1000 [==============================] - 6s 6ms/step - loss: 1.0514 - acc: 0.6283 - val_loss: 1.1007 - val_acc: 0.6270
Epoch 8/150
100/100 [==============================] - 1s 10ms/step - loss: 1.0838 - acc: 0.6330
1000/1000 [==============================] - 6s 6ms/step - loss: 1.0381 - acc: 0.6417 - val_loss: 1.0838 - val_acc: 0.6330
Epoch 9/150
100/100 [==============================] - 1s 9ms/step - loss: 1.2139 - acc: 0.6150
1000/1000 [==============================] - 6s 6ms/step - loss: 1.0758 - acc: 0.6397 - val_loss: 1.2139 - val_acc: 0.6150
Epoch 10/150
100/100 [==============================] - 1s 11ms/step - loss: 1.2069 - acc: 0.6330
1000/1000 [==============================] - 6s 6ms/step - loss: 1.1166 - acc: 0.6417 - val_loss: 1.2069 - val_acc: 0.6330
Epoch 11/150
100/100 [==============================] - 1s 9ms/step - loss: 1.2943 - acc: 0.6070
1000/1000 [==============================] - 6s 6ms/step - loss: 1.1080 - acc: 0.6463 - val_loss: 1.2943 - val_acc: 0.6070
Epoch 12/150
100/100 [==============================] - 1s 9ms/step - loss: 1.2964 - acc: 0.6090
1000/1000 [==============================] - 6s 6ms/step - loss: 1.0621 - acc: 0.6653 - val_loss: 1.2964 - val_acc: 0.6090
Epoch 13/150
100/100 [==============================] - 1s 9ms/step - loss: 1.3227 - acc: 0.6190
1000/1000 [==============================] - 6s 6ms/step - loss: 1.1120 - acc: 0.6417 - val_loss: 1.3227 - val_acc: 0.6190
Epoch 14/150
100/100 [==============================] - 1s 9ms/step - loss: 1.1758 - acc: 0.6550
1000/1000 [==============================] - 6s 6ms/step - loss: 1.0732 - acc: 0.6760 - val_loss: 1.1758 - val_acc: 0.6550
Epoch 15/150
100/100 [==============================] - 1s 8ms/step - loss: 1.4297 - acc: 0.6230
1000/1000 [==============================] - 6s 6ms/step - loss: 1.1182 - acc: 0.6623 - val_loss: 1.4297 - val_acc: 0.6230
Epoch 16/150
100/100 [==============================] - 1s 9ms/step - loss: 1.3548 - acc: 0.6540
1000/1000 [==============================] - 6s 6ms/step - loss: 1.1608 - acc: 0.6743 - val_loss: 1.3548 - val_acc: 0.6540
Epoch 17/150
100/100 [==============================] - 1s 9ms/step - loss: 1.1842 - acc: 0.6760
1000/1000 [==============================] - 6s 6ms/step - loss: 1.1248 - acc: 0.6767 - val_loss: 1.1842 - val_acc: 0.6760
Epoch 18/150
100/100 [==============================] - 1s 9ms/step - loss: 1.3070 - acc: 0.6410
1000/1000 [==============================] - 6s 6ms/step - loss: 1.1254 - acc: 0.6790 - val_loss: 1.3070 - val_acc: 0.6410
Epoch 19/150
100/100 [==============================] - 1s 8ms/step - loss: 1.3847 - acc: 0.6550
1000/1000 [==============================] - 6s 6ms/step - loss: 1.1520 - acc: 0.6833 - val_loss: 1.3847 - val_acc: 0.6550
Epoch 20/150
100/100 [==============================] - 1s 8ms/step - loss: 1.2628 - acc: 0.6650
1000/1000 [==============================] - 6s 6ms/step - loss: 1.1615 - acc: 0.6857 - val_loss: 1.2628 - val_acc: 0.6650
Epoch 21/150
100/100 [==============================] - 1s 8ms/step - loss: 1.1800 - acc: 0.6620
1000/1000 [==============================] - 6s 6ms/step - loss: 1.1739 - acc: 0.6830 - val_loss: 1.1800 - val_acc: 0.6620
Epoch 22/150
100/100 [==============================] - 1s 9ms/step - loss: 1.3454 - acc: 0.6710
1000/1000 [==============================] - 6s 6ms/step - loss: 1.1814 - acc: 0.6853 - val_loss: 1.3454 - val_acc: 0.6710
Epoch 23/150
100/100 [==============================] - 1s 9ms/step - loss: 1.3199 - acc: 0.6570
1000/1000 [==============================] - 6s 6ms/step - loss: 1.1719 - acc: 0.6950 - val_loss: 1.3199 - val_acc: 0.6570
Epoch 24/150
100/100 [==============================] - 1s 9ms/step - loss: 1.3886 - acc: 0.6540
1000/1000 [==============================] - 6s 6ms/step - loss: 1.1071 - acc: 0.7090 - val_loss: 1.3886 - val_acc: 0.6540
Epoch 25/150
100/100 [==============================] - 1s 9ms/step - loss: 1.3772 - acc: 0.6660
1000/1000 [==============================] - 7s 7ms/step - loss: 1.2454 - acc: 0.6990 - val_loss: 1.3772 - val_acc: 0.6660
Epoch 26/150
100/100 [==============================] - 1s 9ms/step - loss: 1.3812 - acc: 0.6770
1000/1000 [==============================] - 6s 6ms/step - loss: 1.2301 - acc: 0.7040 - val_loss: 1.3812 - val_acc: 0.6770
Epoch 27/150
100/100 [==============================] - 1s 9ms/step - loss: 1.4001 - acc: 0.6610
1000/1000 [==============================] - 6s 6ms/step - loss: 1.2372 - acc: 0.7000 - val_loss: 1.4001 - val_acc: 0.6610
Epoch 28/150
100/100 [==============================] - 1s 9ms/step - loss: 1.2576 - acc: 0.6810
1000/1000 [==============================] - 6s 6ms/step - loss: 1.1581 - acc: 0.7047 - val_loss: 1.2576 - val_acc: 0.6810
Epoch 29/150
100/100 [==============================] - 1s 8ms/step - loss: 1.3643 - acc: 0.6780
1000/1000 [==============================] - 6s 6ms/step - loss: 1.2437 - acc: 0.7057 - val_loss: 1.3643 - val_acc: 0.6780
Epoch 30/150
100/100 [==============================] - 1s 9ms/step - loss: 1.4315 - acc: 0.6700
1000/1000 [==============================] - 6s 6ms/step - loss: 1.1787 - acc: 0.7170 - val_loss: 1.4315 - val_acc: 0.6700
Epoch 31/150
100/100 [==============================] - 1s 9ms/step - loss: 1.4161 - acc: 0.6700
1000/1000 [==============================] - 6s 6ms/step - loss: 1.1535 - acc: 0.7310 - val_loss: 1.4161 - val_acc: 0.6700
Epoch 32/150
100/100 [==============================] - 1s 9ms/step - loss: 1.3447 - acc: 0.6840
1000/1000 [==============================] - 6s 6ms/step - loss: 1.2494 - acc: 0.7053 - val_loss: 1.3447 - val_acc: 0.6840
Epoch 33/150
100/100 [==============================] - 1s 9ms/step - loss: 1.5485 - acc: 0.6820
1000/1000 [==============================] - 6s 6ms/step - loss: 1.3000 - acc: 0.7050 - val_loss: 1.5485 - val_acc: 0.6820
Epoch 34/150
100/100 [==============================] - 1s 10ms/step - loss: 1.5163 - acc: 0.6530
1000/1000 [==============================] - 6s 6ms/step - loss: 1.2336 - acc: 0.7133 - val_loss: 1.5163 - val_acc: 0.6530
Epoch 35/150
100/100 [==============================] - 1s 8ms/step - loss: 1.2727 - acc: 0.7100
1000/1000 [==============================] - 6s 6ms/step - loss: 1.2098 - acc: 0.7193 - val_loss: 1.2727 - val_acc: 0.7100
Epoch 36/150
100/100 [==============================] - 1s 10ms/step - loss: 1.4752 - acc: 0.6710
1000/1000 [==============================] - 6s 6ms/step - loss: 1.2871 - acc: 0.7040 - val_loss: 1.4752 - val_acc: 0.6710
Epoch 37/150
100/100 [==============================] - 1s 9ms/step - loss: 1.4559 - acc: 0.6720
1000/1000 [==============================] - 6s 6ms/step - loss: 1.2810 - acc: 0.7213 - val_loss: 1.4559 - val_acc: 0.6720
Epoch 38/150
100/100 [==============================] - 1s 9ms/step - loss: 1.4935 - acc: 0.6860
1000/1000 [==============================] - 6s 6ms/step - loss: 1.3791 - acc: 0.7090 - val_loss: 1.4935 - val_acc: 0.6860
Epoch 39/150
100/100 [==============================] - 1s 9ms/step - loss: 1.6154 - acc: 0.6510
1000/1000 [==============================] - 6s 6ms/step - loss: 1.1916 - acc: 0.7327 - val_loss: 1.6154 - val_acc: 0.6510
Epoch 40/150
100/100 [==============================] - 1s 9ms/step - loss: 1.4303 - acc: 0.6950
1000/1000 [==============================] - 6s 6ms/step - loss: 1.2561 - acc: 0.7203 - val_loss: 1.4303 - val_acc: 0.6950
Epoch 41/150
100/100 [==============================] - 1s 9ms/step - loss: 1.5588 - acc: 0.6660
1000/1000 [==============================] - 6s 6ms/step - loss: 1.2902 - acc: 0.7190 - val_loss: 1.5588 - val_acc: 0.6660
Epoch 42/150
100/100 [==============================] - 1s 9ms/step - loss: 1.5905 - acc: 0.6780
1000/1000 [==============================] - 6s 6ms/step - loss: 1.2213 - acc: 0.7343 - val_loss: 1.5905 - val_acc: 0.6780
Epoch 43/150
100/100 [==============================] - 1s 10ms/step - loss: 1.6006 - acc: 0.6750
1000/1000 [==============================] - 6s 6ms/step - loss: 1.2098 - acc: 0.7303 - val_loss: 1.6006 - val_acc: 0.6750
Epoch 44/150
100/100 [==============================] - 1s 9ms/step - loss: 1.6168 - acc: 0.6670
1000/1000 [==============================] - 6s 6ms/step - loss: 1.2634 - acc: 0.7267 - val_loss: 1.6168 - val_acc: 0.6670
Epoch 45/150
100/100 [==============================] - 1s 9ms/step - loss: 1.4828 - acc: 0.6930
1000/1000 [==============================] - 6s 6ms/step - loss: 1.2958 - acc: 0.7200 - val_loss: 1.4828 - val_acc: 0.6930
Epoch 46/150
100/100 [==============================] - 1s 9ms/step - loss: 1.4800 - acc: 0.6960
1000/1000 [==============================] - 6s 6ms/step - loss: 1.2266 - acc: 0.7307 - val_loss: 1.4800 - val_acc: 0.6960
Epoch 47/150
100/100 [==============================] - 1s 8ms/step - loss: 1.6696 - acc: 0.6660
1000/1000 [==============================] - 6s 6ms/step - loss: 1.2253 - acc: 0.7397 - val_loss: 1.6696 - val_acc: 0.6660
Epoch 48/150
100/100 [==============================] - 1s 9ms/step - loss: 1.6159 - acc: 0.6780
1000/1000 [==============================] - 6s 6ms/step - loss: 1.3423 - acc: 0.7293 - val_loss: 1.6159 - val_acc: 0.6780
Epoch 49/150
100/100 [==============================] - 1s 8ms/step - loss: 1.7126 - acc: 0.6680
1000/1000 [==============================] - 6s 6ms/step - loss: 1.3141 - acc: 0.7327 - val_loss: 1.7126 - val_acc: 0.6680
Epoch 50/150
100/100 [==============================] - 1s 10ms/step - loss: 1.5763 - acc: 0.6910
1000/1000 [==============================] - 6s 6ms/step - loss: 1.2832 - acc: 0.7373 - val_loss: 1.5763 - val_acc: 0.6910
Epoch 51/150
100/100 [==============================] - 1s 8ms/step - loss: 1.4861 - acc: 0.6990
1000/1000 [==============================] - 6s 6ms/step - loss: 1.2549 - acc: 0.7467 - val_loss: 1.4861 - val_acc: 0.6990
Epoch 52/150
100/100 [==============================] - 1s 9ms/step - loss: 1.4892 - acc: 0.7040
1000/1000 [==============================] - 6s 6ms/step - loss: 1.3709 - acc: 0.7320 - val_loss: 1.4892 - val_acc: 0.7040
Epoch 53/150
100/100 [==============================] - 1s 9ms/step - loss: 1.5345 - acc: 0.6990
1000/1000 [==============================] - 6s 6ms/step - loss: 1.2773 - acc: 0.7417 - val_loss: 1.5345 - val_acc: 0.6990
Epoch 54/150
100/100 [==============================] - 1s 10ms/step - loss: 1.4881 - acc: 0.7050
1000/1000 [==============================] - 6s 6ms/step - loss: 1.3775 - acc: 0.7370 - val_loss: 1.4881 - val_acc: 0.7050
Epoch 55/150
100/100 [==============================] - 1s 8ms/step - loss: 1.3781 - acc: 0.7060
1000/1000 [==============================] - 6s 6ms/step - loss: 1.2638 - acc: 0.7403 - val_loss: 1.3781 - val_acc: 0.7060
Epoch 56/150
100/100 [==============================] - 1s 10ms/step - loss: 1.6533 - acc: 0.6890
1000/1000 [==============================] - 6s 6ms/step - loss: 1.3400 - acc: 0.7377 - val_loss: 1.6533 - val_acc: 0.6890
Epoch 57/150
100/100 [==============================] - 1s 8ms/step - loss: 1.6173 - acc: 0.6950
1000/1000 [==============================] - 6s 6ms/step - loss: 1.2943 - acc: 0.7473 - val_loss: 1.6173 - val_acc: 0.6950
Epoch 58/150
100/100 [==============================] - 1s 9ms/step - loss: 1.6760 - acc: 0.7010
1000/1000 [==============================] - 6s 6ms/step - loss: 1.3183 - acc: 0.7473 - val_loss: 1.6760 - val_acc: 0.7010
Epoch 59/150
100/100 [==============================] - 1s 10ms/step - loss: 1.8586 - acc: 0.6660
1000/1000 [==============================] - 6s 6ms/step - loss: 1.2438 - acc: 0.7563 - val_loss: 1.8586 - val_acc: 0.6660
Epoch 60/150
100/100 [==============================] - 1s 9ms/step - loss: 1.7820 - acc: 0.6690
1000/1000 [==============================] - 6s 6ms/step - loss: 1.2909 - acc: 0.7573 - val_loss: 1.7820 - val_acc: 0.6690
Epoch 61/150
100/100 [==============================] - 1s 8ms/step - loss: 1.6923 - acc: 0.6750
1000/1000 [==============================] - 6s 6ms/step - loss: 1.2681 - acc: 0.7503 - val_loss: 1.6923 - val_acc: 0.6750
Epoch 62/150
100/100 [==============================] - 1s 10ms/step - loss: 1.5782 - acc: 0.7100
1000/1000 [==============================] - 6s 6ms/step - loss: 1.2887 - acc: 0.7513 - val_loss: 1.5782 - val_acc: 0.7100
Epoch 63/150
100/100 [==============================] - 1s 8ms/step - loss: 1.5722 - acc: 0.7020
1000/1000 [==============================] - 6s 6ms/step - loss: 1.2944 - acc: 0.7597 - val_loss: 1.5722 - val_acc: 0.7020
Epoch 64/150
100/100 [==============================] - 1s 10ms/step - loss: 1.5453 - acc: 0.7130
1000/1000 [==============================] - 6s 6ms/step - loss: 1.2607 - acc: 0.7587 - val_loss: 1.5453 - val_acc: 0.7130
Epoch 65/150
100/100 [==============================] - 1s 9ms/step - loss: 1.6553 - acc: 0.6890
1000/1000 [==============================] - 6s 6ms/step - loss: 1.3766 - acc: 0.7520 - val_loss: 1.6553 - val_acc: 0.6890
Epoch 66/150
100/100 [==============================] - 1s 9ms/step - loss: 1.7090 - acc: 0.7080
1000/1000 [==============================] - 6s 6ms/step - loss: 1.3812 - acc: 0.7417 - val_loss: 1.7090 - val_acc: 0.7080
Epoch 67/150
100/100 [==============================] - 1s 9ms/step - loss: 1.7361 - acc: 0.6920
1000/1000 [==============================] - 6s 6ms/step - loss: 1.2543 - acc: 0.7593 - val_loss: 1.7361 - val_acc: 0.6920
Epoch 68/150
100/100 [==============================] - 1s 9ms/step - loss: 1.8201 - acc: 0.6610
1000/1000 [==============================] - 6s 6ms/step - loss: 1.3043 - acc: 0.7567 - val_loss: 1.8201 - val_acc: 0.6610
Epoch 69/150
100/100 [==============================] - 1s 9ms/step - loss: 1.8791 - acc: 0.6920
1000/1000 [==============================] - 6s 6ms/step - loss: 1.2911 - acc: 0.7583 - val_loss: 1.8791 - val_acc: 0.6920
Epoch 70/150
100/100 [==============================] - 1s 9ms/step - loss: 1.7959 - acc: 0.6840
1000/1000 [==============================] - 6s 6ms/step - loss: 1.3940 - acc: 0.7483 - val_loss: 1.7959 - val_acc: 0.6840
Epoch 71/150
100/100 [==============================] - 1s 8ms/step - loss: 1.8057 - acc: 0.6970
1000/1000 [==============================] - 6s 6ms/step - loss: 1.3231 - acc: 0.7497 - val_loss: 1.8057 - val_acc: 0.6970
Epoch 72/150
100/100 [==============================] - 1s 9ms/step - loss: 1.5601 - acc: 0.7190
1000/1000 [==============================] - 6s 6ms/step - loss: 1.4317 - acc: 0.7440 - val_loss: 1.5601 - val_acc: 0.7190
Epoch 73/150
100/100 [==============================] - 1s 9ms/step - loss: 1.5280 - acc: 0.7090
1000/1000 [==============================] - 6s 6ms/step - loss: 1.3637 - acc: 0.7523 - val_loss: 1.5280 - val_acc: 0.7090
Epoch 74/150
100/100 [==============================] - 1s 10ms/step - loss: 1.5952 - acc: 0.7170
1000/1000 [==============================] - 6s 6ms/step - loss: 1.3244 - acc: 0.7567 - val_loss: 1.5952 - val_acc: 0.7170
Epoch 75/150
100/100 [==============================] - 1s 9ms/step - loss: 1.6053 - acc: 0.7360
1000/1000 [==============================] - 6s 6ms/step - loss: 1.3804 - acc: 0.7640 - val_loss: 1.6053 - val_acc: 0.7360
Epoch 76/150
100/100 [==============================] - 1s 9ms/step - loss: 1.8129 - acc: 0.7070
1000/1000 [==============================] - 6s 6ms/step - loss: 1.1950 - acc: 0.7780 - val_loss: 1.8129 - val_acc: 0.7070
Epoch 77/150
100/100 [==============================] - 1s 9ms/step - loss: 1.6386 - acc: 0.7160
1000/1000 [==============================] - 6s 6ms/step - loss: 1.2487 - acc: 0.7710 - val_loss: 1.6386 - val_acc: 0.7160
Epoch 78/150
100/100 [==============================] - 1s 9ms/step - loss: 1.8359 - acc: 0.6880
1000/1000 [==============================] - 6s 6ms/step - loss: 1.2608 - acc: 0.7690 - val_loss: 1.8359 - val_acc: 0.6880
Epoch 79/150
100/100 [==============================] - 1s 9ms/step - loss: 1.7826 - acc: 0.7100
1000/1000 [==============================] - 6s 6ms/step - loss: 1.3737 - acc: 0.7597 - val_loss: 1.7826 - val_acc: 0.7100
Epoch 80/150
100/100 [==============================] - 1s 10ms/step - loss: 1.8124 - acc: 0.6960
1000/1000 [==============================] - 6s 6ms/step - loss: 1.3698 - acc: 0.7600 - val_loss: 1.8124 - val_acc: 0.6960
Epoch 81/150
100/100 [==============================] - 1s 8ms/step - loss: 1.7440 - acc: 0.7080
1000/1000 [==============================] - 6s 6ms/step - loss: 1.3347 - acc: 0.7637 - val_loss: 1.7440 - val_acc: 0.7080
Epoch 82/150
100/100 [==============================] - 1s 9ms/step - loss: 1.7935 - acc: 0.7060
1000/1000 [==============================] - 6s 6ms/step - loss: 1.3209 - acc: 0.7633 - val_loss: 1.7935 - val_acc: 0.7060
Epoch 83/150
100/100 [==============================] - 1s 8ms/step - loss: 1.7321 - acc: 0.7180
1000/1000 [==============================] - 6s 6ms/step - loss: 1.3548 - acc: 0.7587 - val_loss: 1.7321 - val_acc: 0.7180
Epoch 84/150
100/100 [==============================] - 1s 9ms/step - loss: 1.7015 - acc: 0.7010
1000/1000 [==============================] - 6s 6ms/step - loss: 1.3832 - acc: 0.7590 - val_loss: 1.7015 - val_acc: 0.7010
Epoch 85/150
100/100 [==============================] - 1s 9ms/step - loss: 1.7002 - acc: 0.6930
1000/1000 [==============================] - 6s 6ms/step - loss: 1.3216 - acc: 0.7683 - val_loss: 1.7002 - val_acc: 0.6930
Epoch 86/150
100/100 [==============================] - 1s 9ms/step - loss: 1.8549 - acc: 0.6850
1000/1000 [==============================] - 6s 6ms/step - loss: 1.3821 - acc: 0.7557 - val_loss: 1.8549 - val_acc: 0.6850
Epoch 87/150
100/100 [==============================] - 1s 9ms/step - loss: 1.7715 - acc: 0.7090
1000/1000 [==============================] - 6s 6ms/step - loss: 1.3137 - acc: 0.7663 - val_loss: 1.7715 - val_acc: 0.7090
Epoch 88/150
100/100 [==============================] - 1s 10ms/step - loss: 1.6445 - acc: 0.7220
1000/1000 [==============================] - 6s 6ms/step - loss: 1.3298 - acc: 0.7770 - val_loss: 1.6445 - val_acc: 0.7220
Epoch 89/150
100/100 [==============================] - 1s 9ms/step - loss: 1.7950 - acc: 0.7190
1000/1000 [==============================] - 6s 6ms/step - loss: 1.3570 - acc: 0.7577 - val_loss: 1.7950 - val_acc: 0.7190
Epoch 90/150
100/100 [==============================] - 1s 10ms/step - loss: 1.9182 - acc: 0.6820
1000/1000 [==============================] - 6s 6ms/step - loss: 1.3612 - acc: 0.7643 - val_loss: 1.9182 - val_acc: 0.6820
Epoch 91/150
100/100 [==============================] - 1s 10ms/step - loss: 1.7576 - acc: 0.6990
1000/1000 [==============================] - 6s 6ms/step - loss: 1.3840 - acc: 0.7627 - val_loss: 1.7576 - val_acc: 0.6990
Epoch 92/150
100/100 [==============================] - 1s 9ms/step - loss: 1.7714 - acc: 0.7050
1000/1000 [==============================] - 6s 6ms/step - loss: 1.3518 - acc: 0.7610 - val_loss: 1.7714 - val_acc: 0.7050
Epoch 93/150
100/100 [==============================] - 1s 9ms/step - loss: 1.8387 - acc: 0.7050
1000/1000 [==============================] - 6s 6ms/step - loss: 1.3989 - acc: 0.7667 - val_loss: 1.8387 - val_acc: 0.7050
Epoch 94/150
100/100 [==============================] - 1s 9ms/step - loss: 1.7911 - acc: 0.7090
1000/1000 [==============================] - 6s 6ms/step - loss: 1.3663 - acc: 0.7697 - val_loss: 1.7911 - val_acc: 0.7090
Epoch 95/150
100/100 [==============================] - 1s 8ms/step - loss: 1.8828 - acc: 0.6860
1000/1000 [==============================] - 6s 6ms/step - loss: 1.4569 - acc: 0.7593 - val_loss: 1.8828 - val_acc: 0.6860
Epoch 96/150
100/100 [==============================] - 1s 9ms/step - loss: 1.8635 - acc: 0.7060
1000/1000 [==============================] - 6s 6ms/step - loss: 1.4287 - acc: 0.7617 - val_loss: 1.8635 - val_acc: 0.7060
Epoch 97/150
100/100 [==============================] - 1s 8ms/step - loss: 1.7436 - acc: 0.7190
1000/1000 [==============================] - 6s 6ms/step - loss: 1.3409 - acc: 0.7730 - val_loss: 1.7436 - val_acc: 0.7190
Epoch 98/150
100/100 [==============================] - 1s 9ms/step - loss: 1.8940 - acc: 0.6940
1000/1000 [==============================] - 6s 6ms/step - loss: 1.3035 - acc: 0.7783 - val_loss: 1.8940 - val_acc: 0.6940
Epoch 99/150
100/100 [==============================] - 1s 8ms/step - loss: 1.8072 - acc: 0.7210
1000/1000 [==============================] - 6s 6ms/step - loss: 1.3200 - acc: 0.7723 - val_loss: 1.8072 - val_acc: 0.7210
Epoch 100/150
100/100 [==============================] - 1s 9ms/step - loss: 1.9168 - acc: 0.7010
1000/1000 [==============================] - 6s 6ms/step - loss: 1.3435 - acc: 0.7720 - val_loss: 1.9168 - val_acc: 0.7010
Epoch 101/150
100/100 [==============================] - 1s 10ms/step - loss: 1.7118 - acc: 0.7210
1000/1000 [==============================] - 6s 6ms/step - loss: 1.3448 - acc: 0.7733 - val_loss: 1.7118 - val_acc: 0.7210
Epoch 102/150
100/100 [==============================] - 1s 9ms/step - loss: 1.7149 - acc: 0.7270
1000/1000 [==============================] - 6s 6ms/step - loss: 1.3874 - acc: 0.7687 - val_loss: 1.7149 - val_acc: 0.7270
Epoch 103/150
100/100 [==============================] - 1s 10ms/step - loss: 1.8195 - acc: 0.7180
1000/1000 [==============================] - 6s 6ms/step - loss: 1.2361 - acc: 0.7870 - val_loss: 1.8195 - val_acc: 0.7180
Epoch 104/150
100/100 [==============================] - 1s 9ms/step - loss: 1.8610 - acc: 0.7210
1000/1000 [==============================] - 6s 6ms/step - loss: 1.3800 - acc: 0.7747 - val_loss: 1.8610 - val_acc: 0.7210
Epoch 105/150
100/100 [==============================] - 1s 9ms/step - loss: 1.6841 - acc: 0.7350
1000/1000 [==============================] - 6s 6ms/step - loss: 1.3820 - acc: 0.7717 - val_loss: 1.6841 - val_acc: 0.7350
Epoch 106/150
100/100 [==============================] - 1s 9ms/step - loss: 1.8447 - acc: 0.6970
1000/1000 [==============================] - 6s 6ms/step - loss: 1.2171 - acc: 0.7843 - val_loss: 1.8447 - val_acc: 0.6970
Epoch 107/150
100/100 [==============================] - 1s 8ms/step - loss: 1.8394 - acc: 0.7250
1000/1000 [==============================] - 6s 6ms/step - loss: 1.3061 - acc: 0.7793 - val_loss: 1.8394 - val_acc: 0.7250
Epoch 108/150
100/100 [==============================] - 1s 9ms/step - loss: 2.0894 - acc: 0.7060
1000/1000 [==============================] - 6s 6ms/step - loss: 1.4075 - acc: 0.7757 - val_loss: 2.0894 - val_acc: 0.7060
Epoch 109/150
100/100 [==============================] - 1s 9ms/step - loss: 1.8658 - acc: 0.7300
1000/1000 [==============================] - 6s 6ms/step - loss: 1.4745 - acc: 0.7713 - val_loss: 1.8658 - val_acc: 0.7300
Epoch 110/150
100/100 [==============================] - 1s 8ms/step - loss: 1.9743 - acc: 0.7020
1000/1000 [==============================] - 6s 6ms/step - loss: 1.4009 - acc: 0.7777 - val_loss: 1.9743 - val_acc: 0.7020
Epoch 111/150
100/100 [==============================] - 1s 8ms/step - loss: 2.0066 - acc: 0.6910
1000/1000 [==============================] - 6s 6ms/step - loss: 1.3537 - acc: 0.7827 - val_loss: 2.0066 - val_acc: 0.6910
Epoch 112/150
100/100 [==============================] - 1s 9ms/step - loss: 1.7449 - acc: 0.7000
1000/1000 [==============================] - 6s 6ms/step - loss: 1.2660 - acc: 0.7907 - val_loss: 1.7449 - val_acc: 0.7000
Epoch 113/150
100/100 [==============================] - 1s 8ms/step - loss: 1.9387 - acc: 0.7050
1000/1000 [==============================] - 6s 6ms/step - loss: 1.3984 - acc: 0.7817 - val_loss: 1.9387 - val_acc: 0.7050
Epoch 114/150
100/100 [==============================] - 1s 9ms/step - loss: 2.1819 - acc: 0.6920
1000/1000 [==============================] - 6s 6ms/step - loss: 1.3156 - acc: 0.7890 - val_loss: 2.1819 - val_acc: 0.6920
Epoch 115/150
100/100 [==============================] - 1s 8ms/step - loss: 2.0451 - acc: 0.6930
1000/1000 [==============================] - 6s 6ms/step - loss: 1.3438 - acc: 0.7733 - val_loss: 2.0451 - val_acc: 0.6930
Epoch 116/150
100/100 [==============================] - 1s 9ms/step - loss: 2.0367 - acc: 0.6920
1000/1000 [==============================] - 6s 6ms/step - loss: 1.3344 - acc: 0.7777 - val_loss: 2.0367 - val_acc: 0.6920
Epoch 117/150
100/100 [==============================] - 1s 9ms/step - loss: 1.9587 - acc: 0.7050
1000/1000 [==============================] - 6s 6ms/step - loss: 1.3787 - acc: 0.7770 - val_loss: 1.9587 - val_acc: 0.7050
Epoch 118/150
100/100 [==============================] - 1s 9ms/step - loss: 1.9120 - acc: 0.7210
1000/1000 [==============================] - 6s 6ms/step - loss: 1.4677 - acc: 0.7747 - val_loss: 1.9120 - val_acc: 0.7210
Epoch 119/150
100/100 [==============================] - 1s 10ms/step - loss: 1.9950 - acc: 0.7080
1000/1000 [==============================] - 6s 6ms/step - loss: 1.3405 - acc: 0.7813 - val_loss: 1.9950 - val_acc: 0.7080
Epoch 120/150
100/100 [==============================] - 1s 9ms/step - loss: 1.9579 - acc: 0.7050
1000/1000 [==============================] - 6s 6ms/step - loss: 1.4456 - acc: 0.7633 - val_loss: 1.9579 - val_acc: 0.7050
Epoch 121/150
100/100 [==============================] - 1s 10ms/step - loss: 1.9242 - acc: 0.7200
1000/1000 [==============================] - 6s 6ms/step - loss: 1.2910 - acc: 0.7890 - val_loss: 1.9242 - val_acc: 0.7200
Epoch 122/150
100/100 [==============================] - 1s 9ms/step - loss: 1.8105 - acc: 0.7250
1000/1000 [==============================] - 6s 6ms/step - loss: 1.5145 - acc: 0.7610 - val_loss: 1.8105 - val_acc: 0.7250
Epoch 123/150
100/100 [==============================] - 1s 9ms/step - loss: 1.9806 - acc: 0.7150
1000/1000 [==============================] - 6s 6ms/step - loss: 1.3163 - acc: 0.7847 - val_loss: 1.9806 - val_acc: 0.7150
Epoch 124/150
100/100 [==============================] - 1s 10ms/step - loss: 1.8189 - acc: 0.7210
1000/1000 [==============================] - 6s 6ms/step - loss: 1.3992 - acc: 0.7843 - val_loss: 1.8189 - val_acc: 0.7210
Epoch 125/150
100/100 [==============================] - 1s 8ms/step - loss: 1.9564 - acc: 0.7200
1000/1000 [==============================] - 5s 5ms/step - loss: 1.3451 - acc: 0.7823 - val_loss: 1.9564 - val_acc: 0.7200
Epoch 126/150
100/100 [==============================] - 1s 9ms/step - loss: 1.8814 - acc: 0.7290
1000/1000 [==============================] - 6s 6ms/step - loss: 1.3006 - acc: 0.7950 - val_loss: 1.8814 - val_acc: 0.7290
Epoch 127/150
100/100 [==============================] - 1s 8ms/step - loss: 2.0756 - acc: 0.7060
1000/1000 [==============================] - 5s 5ms/step - loss: 1.2925 - acc: 0.7903 - val_loss: 2.0756 - val_acc: 0.7060
Epoch 128/150
100/100 [==============================] - 1s 9ms/step - loss: 2.0131 - acc: 0.7250
1000/1000 [==============================] - 6s 6ms/step - loss: 1.2749 - acc: 0.7947 - val_loss: 2.0131 - val_acc: 0.7250
Epoch 129/150
100/100 [==============================] - 1s 9ms/step - loss: 1.8726 - acc: 0.7090
1000/1000 [==============================] - 6s 6ms/step - loss: 1.3170 - acc: 0.7973 - val_loss: 1.8726 - val_acc: 0.7090
Epoch 130/150
100/100 [==============================] - 1s 9ms/step - loss: 1.9029 - acc: 0.7110
1000/1000 [==============================] - 6s 6ms/step - loss: 1.4307 - acc: 0.7780 - val_loss: 1.9029 - val_acc: 0.7110
Epoch 131/150
100/100 [==============================] - 1s 8ms/step - loss: 2.0345 - acc: 0.7130
1000/1000 [==============================] - 6s 6ms/step - loss: 1.4175 - acc: 0.7840 - val_loss: 2.0345 - val_acc: 0.7130
Epoch 132/150
100/100 [==============================] - 1s 9ms/step - loss: 2.0443 - acc: 0.7110
1000/1000 [==============================] - 6s 6ms/step - loss: 1.3508 - acc: 0.7880 - val_loss: 2.0443 - val_acc: 0.7110
Epoch 133/150
100/100 [==============================] - 1s 9ms/step - loss: 1.9015 - acc: 0.7220
1000/1000 [==============================] - 6s 6ms/step - loss: 1.4242 - acc: 0.7823 - val_loss: 1.9015 - val_acc: 0.7220
Epoch 134/150
100/100 [==============================] - 1s 9ms/step - loss: 1.9435 - acc: 0.7180
1000/1000 [==============================] - 6s 6ms/step - loss: 1.3138 - acc: 0.7890 - val_loss: 1.9435 - val_acc: 0.7180
Epoch 135/150
100/100 [==============================] - 1s 8ms/step - loss: 1.8974 - acc: 0.7400
1000/1000 [==============================] - 6s 6ms/step - loss: 1.2746 - acc: 0.7950 - val_loss: 1.8974 - val_acc: 0.7400
Epoch 136/150
100/100 [==============================] - 1s 9ms/step - loss: 2.1434 - acc: 0.6970
1000/1000 [==============================] - 6s 6ms/step - loss: 1.4907 - acc: 0.7737 - val_loss: 2.1434 - val_acc: 0.6970
Epoch 137/150
100/100 [==============================] - 1s 9ms/step - loss: 1.9794 - acc: 0.7100
1000/1000 [==============================] - 6s 6ms/step - loss: 1.3403 - acc: 0.7953 - val_loss: 1.9794 - val_acc: 0.7100
Epoch 138/150
100/100 [==============================] - 1s 9ms/step - loss: 1.8857 - acc: 0.7290
1000/1000 [==============================] - 6s 6ms/step - loss: 1.4209 - acc: 0.7843 - val_loss: 1.8857 - val_acc: 0.7290
Epoch 139/150
100/100 [==============================] - 1s 10ms/step - loss: 1.9054 - acc: 0.7330
1000/1000 [==============================] - 6s 6ms/step - loss: 1.4259 - acc: 0.7783 - val_loss: 1.9054 - val_acc: 0.7330
Epoch 140/150
100/100 [==============================] - 1s 9ms/step - loss: 1.8645 - acc: 0.7130
1000/1000 [==============================] - 6s 6ms/step - loss: 1.4286 - acc: 0.7940 - val_loss: 1.8645 - val_acc: 0.7130
Epoch 141/150
100/100 [==============================] - 1s 9ms/step - loss: 2.0888 - acc: 0.7060
1000/1000 [==============================] - 6s 6ms/step - loss: 1.3160 - acc: 0.8017 - val_loss: 2.0888 - val_acc: 0.7060
Epoch 142/150
100/100 [==============================] - 1s 8ms/step - loss: 1.8743 - acc: 0.7280
1000/1000 [==============================] - 6s 6ms/step - loss: 1.3679 - acc: 0.7910 - val_loss: 1.8743 - val_acc: 0.7280
Epoch 143/150
100/100 [==============================] - 1s 9ms/step - loss: 2.1308 - acc: 0.6980
1000/1000 [==============================] - 6s 6ms/step - loss: 1.3742 - acc: 0.7807 - val_loss: 2.1308 - val_acc: 0.6980
Epoch 144/150
100/100 [==============================] - 1s 9ms/step - loss: 1.8897 - acc: 0.7260
1000/1000 [==============================] - 6s 6ms/step - loss: 1.4127 - acc: 0.7843 - val_loss: 1.8897 - val_acc: 0.7260
Epoch 145/150
100/100 [==============================] - 1s 9ms/step - loss: 1.7826 - acc: 0.7450
1000/1000 [==============================] - 6s 6ms/step - loss: 1.3354 - acc: 0.7907 - val_loss: 1.7826 - val_acc: 0.7450
Epoch 146/150
100/100 [==============================] - 1s 10ms/step - loss: 1.9968 - acc: 0.7080
1000/1000 [==============================] - 6s 6ms/step - loss: 1.4900 - acc: 0.7877 - val_loss: 1.9968 - val_acc: 0.7080
Epoch 147/150
100/100 [==============================] - 1s 9ms/step - loss: 2.0601 - acc: 0.7030
1000/1000 [==============================] - 6s 6ms/step - loss: 1.4357 - acc: 0.7927 - val_loss: 2.0601 - val_acc: 0.7030
Epoch 148/150
100/100 [==============================] - 1s 9ms/step - loss: 2.0958 - acc: 0.6960
1000/1000 [==============================] - 6s 6ms/step - loss: 1.3499 - acc: 0.7943 - val_loss: 2.0958 - val_acc: 0.6960
Epoch 149/150
100/100 [==============================] - 1s 9ms/step - loss: 1.9834 - acc: 0.7070
1000/1000 [==============================] - 6s 6ms/step - loss: 1.3286 - acc: 0.7983 - val_loss: 1.9834 - val_acc: 0.7070
Epoch 150/150
100/100 [==============================] - 1s 9ms/step - loss: 2.1378 - acc: 0.7020
1000/1000 [==============================] - 6s 6ms/step - loss: 1.3445 - acc: 0.7963 - val_loss: 2.1378 - val_acc: 0.7020

real	14m46.735s
user	74m29.214s
sys	10m7.899s
