WARNING:tensorflow:From /usr/local/lib/python3.6/dist-packages/tensorflow/python/ops/resource_variable_ops.py:435: colocate_with (from tensorflow.python.framework.ops) is deprecated and will be removed in a future version.
Instructions for updating:
Colocations handled automatically by placer.
WARNING:tensorflow:From /usr/local/lib/python3.6/dist-packages/tensorflow/python/ops/math_ops.py:3066: to_int32 (from tensorflow.python.ops.math_ops) is deprecated and will be removed in a future version.
Instructions for updating:
Use tf.cast instead.
2019-06-26 13:39:29.535025: I tensorflow/core/platform/profile_utils/cpu_utils.cc:94] CPU Frequency: 2593550000 Hz
2019-06-26 13:39:29.537130: I tensorflow/compiler/xla/service/service.cc:150] XLA service 0x17caf80 executing computations on platform Host. Devices:
2019-06-26 13:39:29.537157: I tensorflow/compiler/xla/service/service.cc:158]   StreamExecutor device (0): <undefined>, <undefined>
_________________________________________________________________
Layer (type)                 Output Shape              Param #   
=================================================================
input_1 (InputLayer)         (None, 512, 256)          0         
_________________________________________________________________
flatten (Flatten)            (None, 131072)            0         
_________________________________________________________________
dense (Dense)                (None, 3)                 393219    
_________________________________________________________________
activation (Activation)      (None, 3)                 0         
=================================================================
Total params: 393,219
Trainable params: 393,219
Non-trainable params: 0
_________________________________________________________________
Epoch 1/150
100/100 [==============================] - 1s 10ms/step - loss: 0.0156 - acc: 1.0000
1000/1000 [==============================] - 7s 7ms/step - loss: 0.0168 - acc: 0.9980 - val_loss: 0.0156 - val_acc: 1.0000

real	0m9.311s
user	0m32.823s
sys	0m9.088s
