WARNING:tensorflow:From /usr/local/lib/python3.6/dist-packages/tensorflow/python/ops/resource_variable_ops.py:435: colocate_with (from tensorflow.python.framework.ops) is deprecated and will be removed in a future version.
Instructions for updating:
Colocations handled automatically by placer.
WARNING:tensorflow:From /usr/local/lib/python3.6/dist-packages/tensorflow/python/ops/math_ops.py:3066: to_int32 (from tensorflow.python.ops.math_ops) is deprecated and will be removed in a future version.
Instructions for updating:
Use tf.cast instead.
2019-06-28 09:03:54.489943: I tensorflow/core/platform/profile_utils/cpu_utils.cc:94] CPU Frequency: 2593550000 Hz
2019-06-28 09:03:54.492068: I tensorflow/compiler/xla/service/service.cc:150] XLA service 0x1f274f0 executing computations on platform Host. Devices:
2019-06-28 09:03:54.492099: I tensorflow/compiler/xla/service/service.cc:158]   StreamExecutor device (0): <undefined>, <undefined>
_________________________________________________________________
Layer (type)                 Output Shape              Param #   
=================================================================
input_1 (InputLayer)         (None, 512, 256)          0         
_________________________________________________________________
conv1d (Conv1D)              (None, 481, 3)            24579     
_________________________________________________________________
max_pooling1d (MaxPooling1D) (None, 1, 3)              0         
_________________________________________________________________
flatten (Flatten)            (None, 3)                 0         
_________________________________________________________________
activation (Activation)      (None, 3)                 0         
=================================================================
Total params: 24,579
Trainable params: 24,579
Non-trainable params: 0
_________________________________________________________________
Epoch 1/150
100/100 [==============================] - 1s 11ms/step - loss: 1.0142 - acc: 0.5350
1000/1000 [==============================] - 24s 24ms/step - loss: 1.0511 - acc: 0.4610 - val_loss: 1.0142 - val_acc: 0.5350
Epoch 2/150
100/100 [==============================] - 1s 10ms/step - loss: 0.9163 - acc: 0.6190
1000/1000 [==============================] - 23s 23ms/step - loss: 0.9424 - acc: 0.6090 - val_loss: 0.9163 - val_acc: 0.6190
Epoch 3/150
100/100 [==============================] - 1s 10ms/step - loss: 0.8415 - acc: 0.6900
1000/1000 [==============================] - 23s 23ms/step - loss: 0.8440 - acc: 0.6880 - val_loss: 0.8415 - val_acc: 0.6900
Epoch 4/150
100/100 [==============================] - 1s 10ms/step - loss: 0.7814 - acc: 0.7060
1000/1000 [==============================] - 23s 23ms/step - loss: 0.7937 - acc: 0.7007 - val_loss: 0.7814 - val_acc: 0.7060
Epoch 5/150
100/100 [==============================] - 1s 9ms/step - loss: 0.7530 - acc: 0.7130
1000/1000 [==============================] - 23s 23ms/step - loss: 0.7399 - acc: 0.7343 - val_loss: 0.7530 - val_acc: 0.7130
Epoch 6/150
100/100 [==============================] - 1s 11ms/step - loss: 0.7223 - acc: 0.7230
1000/1000 [==============================] - 23s 23ms/step - loss: 0.7160 - acc: 0.7287 - val_loss: 0.7223 - val_acc: 0.7230
Epoch 7/150
100/100 [==============================] - 1s 11ms/step - loss: 0.6742 - acc: 0.7500
1000/1000 [==============================] - 23s 23ms/step - loss: 0.6950 - acc: 0.7410 - val_loss: 0.6742 - val_acc: 0.7500
Epoch 8/150
100/100 [==============================] - 1s 10ms/step - loss: 0.6883 - acc: 0.7340
1000/1000 [==============================] - 23s 23ms/step - loss: 0.6599 - acc: 0.7500 - val_loss: 0.6883 - val_acc: 0.7340
Epoch 9/150
100/100 [==============================] - 1s 11ms/step - loss: 0.6407 - acc: 0.7580
1000/1000 [==============================] - 23s 23ms/step - loss: 0.6335 - acc: 0.7607 - val_loss: 0.6407 - val_acc: 0.7580
Epoch 10/150
100/100 [==============================] - 1s 11ms/step - loss: 0.6408 - acc: 0.7680
1000/1000 [==============================] - 22s 22ms/step - loss: 0.6139 - acc: 0.7850 - val_loss: 0.6408 - val_acc: 0.7680
Epoch 11/150
100/100 [==============================] - 1s 10ms/step - loss: 0.6115 - acc: 0.7590
1000/1000 [==============================] - 23s 23ms/step - loss: 0.6003 - acc: 0.7767 - val_loss: 0.6115 - val_acc: 0.7590
Epoch 12/150
100/100 [==============================] - 1s 10ms/step - loss: 0.5929 - acc: 0.7670
1000/1000 [==============================] - 23s 23ms/step - loss: 0.5766 - acc: 0.7873 - val_loss: 0.5929 - val_acc: 0.7670
Epoch 13/150
100/100 [==============================] - 1s 10ms/step - loss: 0.5901 - acc: 0.7770
1000/1000 [==============================] - 23s 23ms/step - loss: 0.5719 - acc: 0.7880 - val_loss: 0.5901 - val_acc: 0.7770
Epoch 14/150
100/100 [==============================] - 1s 9ms/step - loss: 0.6028 - acc: 0.7660
1000/1000 [==============================] - 23s 23ms/step - loss: 0.5604 - acc: 0.7820 - val_loss: 0.6028 - val_acc: 0.7660
Epoch 15/150
100/100 [==============================] - 1s 10ms/step - loss: 0.5905 - acc: 0.7670
1000/1000 [==============================] - 24s 24ms/step - loss: 0.5576 - acc: 0.7943 - val_loss: 0.5905 - val_acc: 0.7670
Epoch 16/150
100/100 [==============================] - 1s 10ms/step - loss: 0.5629 - acc: 0.7830
1000/1000 [==============================] - 23s 23ms/step - loss: 0.5348 - acc: 0.7990 - val_loss: 0.5629 - val_acc: 0.7830
Epoch 17/150
100/100 [==============================] - 1s 11ms/step - loss: 0.5524 - acc: 0.7940
1000/1000 [==============================] - 23s 23ms/step - loss: 0.5553 - acc: 0.7833 - val_loss: 0.5524 - val_acc: 0.7940
Epoch 18/150
100/100 [==============================] - 1s 10ms/step - loss: 0.5769 - acc: 0.7670
1000/1000 [==============================] - 22s 22ms/step - loss: 0.5361 - acc: 0.8023 - val_loss: 0.5769 - val_acc: 0.7670
Epoch 19/150
100/100 [==============================] - 1s 12ms/step - loss: 0.5386 - acc: 0.7950
1000/1000 [==============================] - 23s 23ms/step - loss: 0.5570 - acc: 0.7860 - val_loss: 0.5386 - val_acc: 0.7950
Epoch 20/150
100/100 [==============================] - 1s 9ms/step - loss: 0.5136 - acc: 0.8100
1000/1000 [==============================] - 23s 23ms/step - loss: 0.5363 - acc: 0.7893 - val_loss: 0.5136 - val_acc: 0.8100
Epoch 21/150
100/100 [==============================] - 1s 11ms/step - loss: 0.5754 - acc: 0.7620
1000/1000 [==============================] - 23s 23ms/step - loss: 0.5215 - acc: 0.7853 - val_loss: 0.5754 - val_acc: 0.7620
Epoch 22/150
100/100 [==============================] - 1s 9ms/step - loss: 0.5395 - acc: 0.7870
1000/1000 [==============================] - 23s 23ms/step - loss: 0.5036 - acc: 0.8130 - val_loss: 0.5395 - val_acc: 0.7870
Epoch 23/150
100/100 [==============================] - 1s 10ms/step - loss: 0.5938 - acc: 0.7690
1000/1000 [==============================] - 23s 23ms/step - loss: 0.5159 - acc: 0.7960 - val_loss: 0.5938 - val_acc: 0.7690
Epoch 24/150
100/100 [==============================] - 1s 10ms/step - loss: 0.5301 - acc: 0.8040
1000/1000 [==============================] - 23s 23ms/step - loss: 0.4985 - acc: 0.8153 - val_loss: 0.5301 - val_acc: 0.8040
Epoch 25/150
100/100 [==============================] - 1s 12ms/step - loss: 0.5339 - acc: 0.8160
1000/1000 [==============================] - 23s 23ms/step - loss: 0.5016 - acc: 0.8083 - val_loss: 0.5339 - val_acc: 0.8160
Epoch 26/150
100/100 [==============================] - 1s 9ms/step - loss: 0.5373 - acc: 0.8010
1000/1000 [==============================] - 23s 23ms/step - loss: 0.5038 - acc: 0.8027 - val_loss: 0.5373 - val_acc: 0.8010
Epoch 27/150
100/100 [==============================] - 1s 10ms/step - loss: 0.5016 - acc: 0.8040
1000/1000 [==============================] - 23s 23ms/step - loss: 0.4847 - acc: 0.8220 - val_loss: 0.5016 - val_acc: 0.8040
Epoch 28/150
100/100 [==============================] - 1s 10ms/step - loss: 0.5536 - acc: 0.7980
1000/1000 [==============================] - 23s 23ms/step - loss: 0.4925 - acc: 0.8137 - val_loss: 0.5536 - val_acc: 0.7980
Epoch 29/150
100/100 [==============================] - 1s 12ms/step - loss: 0.5319 - acc: 0.8110
1000/1000 [==============================] - 23s 23ms/step - loss: 0.5107 - acc: 0.8010 - val_loss: 0.5319 - val_acc: 0.8110
Epoch 30/150
100/100 [==============================] - 1s 10ms/step - loss: 0.5270 - acc: 0.7930
1000/1000 [==============================] - 23s 23ms/step - loss: 0.4971 - acc: 0.8123 - val_loss: 0.5270 - val_acc: 0.7930
Epoch 31/150
100/100 [==============================] - 1s 10ms/step - loss: 0.5216 - acc: 0.7870
1000/1000 [==============================] - 23s 23ms/step - loss: 0.4972 - acc: 0.8010 - val_loss: 0.5216 - val_acc: 0.7870
Epoch 32/150
100/100 [==============================] - 1s 10ms/step - loss: 0.5817 - acc: 0.8070
1000/1000 [==============================] - 23s 23ms/step - loss: 0.4741 - acc: 0.8197 - val_loss: 0.5817 - val_acc: 0.8070
Epoch 33/150
100/100 [==============================] - 1s 11ms/step - loss: 0.5012 - acc: 0.8000
1000/1000 [==============================] - 23s 23ms/step - loss: 0.5039 - acc: 0.8043 - val_loss: 0.5012 - val_acc: 0.8000
Epoch 34/150
100/100 [==============================] - 1s 10ms/step - loss: 0.5134 - acc: 0.7930
1000/1000 [==============================] - 23s 23ms/step - loss: 0.4814 - acc: 0.8177 - val_loss: 0.5134 - val_acc: 0.7930
Epoch 35/150
100/100 [==============================] - 1s 11ms/step - loss: 0.5045 - acc: 0.8000
1000/1000 [==============================] - 23s 23ms/step - loss: 0.5018 - acc: 0.8073 - val_loss: 0.5045 - val_acc: 0.8000
Epoch 36/150
100/100 [==============================] - 1s 10ms/step - loss: 0.4990 - acc: 0.8160
1000/1000 [==============================] - 23s 23ms/step - loss: 0.4679 - acc: 0.8207 - val_loss: 0.4990 - val_acc: 0.8160
Epoch 37/150
100/100 [==============================] - 1s 12ms/step - loss: 0.5591 - acc: 0.7730
1000/1000 [==============================] - 23s 23ms/step - loss: 0.4703 - acc: 0.8207 - val_loss: 0.5591 - val_acc: 0.7730
Epoch 38/150
100/100 [==============================] - 1s 10ms/step - loss: 0.4936 - acc: 0.8170
1000/1000 [==============================] - 23s 23ms/step - loss: 0.4805 - acc: 0.8233 - val_loss: 0.4936 - val_acc: 0.8170
Epoch 39/150
100/100 [==============================] - 1s 12ms/step - loss: 0.5190 - acc: 0.8050
1000/1000 [==============================] - 23s 23ms/step - loss: 0.5059 - acc: 0.8043 - val_loss: 0.5190 - val_acc: 0.8050
Epoch 40/150
100/100 [==============================] - 1s 10ms/step - loss: 0.5377 - acc: 0.7960
1000/1000 [==============================] - 23s 23ms/step - loss: 0.4903 - acc: 0.8123 - val_loss: 0.5377 - val_acc: 0.7960
Epoch 41/150
100/100 [==============================] - 1s 12ms/step - loss: 0.4962 - acc: 0.7980
1000/1000 [==============================] - 23s 23ms/step - loss: 0.4702 - acc: 0.8183 - val_loss: 0.4962 - val_acc: 0.7980
Epoch 42/150
100/100 [==============================] - 1s 10ms/step - loss: 0.5037 - acc: 0.8180
1000/1000 [==============================] - 23s 23ms/step - loss: 0.4999 - acc: 0.8057 - val_loss: 0.5037 - val_acc: 0.8180
Epoch 43/150
100/100 [==============================] - 1s 11ms/step - loss: 0.4990 - acc: 0.8140
1000/1000 [==============================] - 23s 23ms/step - loss: 0.4945 - acc: 0.8023 - val_loss: 0.4990 - val_acc: 0.8140
Epoch 44/150
100/100 [==============================] - 1s 10ms/step - loss: 0.4949 - acc: 0.8080
1000/1000 [==============================] - 23s 23ms/step - loss: 0.4898 - acc: 0.8167 - val_loss: 0.4949 - val_acc: 0.8080
Epoch 45/150
100/100 [==============================] - 1s 12ms/step - loss: 0.5256 - acc: 0.7950
1000/1000 [==============================] - 23s 23ms/step - loss: 0.4756 - acc: 0.8113 - val_loss: 0.5256 - val_acc: 0.7950
Epoch 46/150
100/100 [==============================] - 1s 10ms/step - loss: 0.5064 - acc: 0.8030
1000/1000 [==============================] - 23s 23ms/step - loss: 0.4781 - acc: 0.8043 - val_loss: 0.5064 - val_acc: 0.8030
Epoch 47/150
100/100 [==============================] - 1s 11ms/step - loss: 0.5204 - acc: 0.7970
1000/1000 [==============================] - 23s 23ms/step - loss: 0.4864 - acc: 0.8000 - val_loss: 0.5204 - val_acc: 0.7970
Epoch 48/150
100/100 [==============================] - 1s 9ms/step - loss: 0.5371 - acc: 0.7880
1000/1000 [==============================] - 22s 22ms/step - loss: 0.4961 - acc: 0.8080 - val_loss: 0.5371 - val_acc: 0.7880
Epoch 49/150
100/100 [==============================] - 1s 12ms/step - loss: 0.5160 - acc: 0.7820
1000/1000 [==============================] - 23s 23ms/step - loss: 0.5067 - acc: 0.7993 - val_loss: 0.5160 - val_acc: 0.7820
Epoch 50/150
100/100 [==============================] - 1s 9ms/step - loss: 0.5365 - acc: 0.7950
1000/1000 [==============================] - 23s 23ms/step - loss: 0.4664 - acc: 0.8147 - val_loss: 0.5365 - val_acc: 0.7950
Epoch 51/150
100/100 [==============================] - 1s 10ms/step - loss: 0.5155 - acc: 0.7980
1000/1000 [==============================] - 23s 23ms/step - loss: 0.4712 - acc: 0.8157 - val_loss: 0.5155 - val_acc: 0.7980
Epoch 52/150
100/100 [==============================] - 1s 10ms/step - loss: 0.5540 - acc: 0.7850
1000/1000 [==============================] - 23s 23ms/step - loss: 0.4597 - acc: 0.8260 - val_loss: 0.5540 - val_acc: 0.7850
Epoch 53/150
100/100 [==============================] - 1s 11ms/step - loss: 0.4854 - acc: 0.8170
1000/1000 [==============================] - 23s 23ms/step - loss: 0.4681 - acc: 0.8170 - val_loss: 0.4854 - val_acc: 0.8170
Epoch 54/150
100/100 [==============================] - 1s 10ms/step - loss: 0.4968 - acc: 0.8030
1000/1000 [==============================] - 22s 22ms/step - loss: 0.4533 - acc: 0.8273 - val_loss: 0.4968 - val_acc: 0.8030
Epoch 55/150
100/100 [==============================] - 1s 12ms/step - loss: 0.5165 - acc: 0.8010
1000/1000 [==============================] - 23s 23ms/step - loss: 0.4677 - acc: 0.8193 - val_loss: 0.5165 - val_acc: 0.8010
Epoch 56/150
100/100 [==============================] - 1s 9ms/step - loss: 0.5784 - acc: 0.7690
1000/1000 [==============================] - 23s 23ms/step - loss: 0.4872 - acc: 0.8060 - val_loss: 0.5784 - val_acc: 0.7690
Epoch 57/150
100/100 [==============================] - 1s 11ms/step - loss: 0.4689 - acc: 0.8170
1000/1000 [==============================] - 23s 23ms/step - loss: 0.4674 - acc: 0.8113 - val_loss: 0.4689 - val_acc: 0.8170
Epoch 58/150
100/100 [==============================] - 1s 9ms/step - loss: 0.5240 - acc: 0.7950
1000/1000 [==============================] - 23s 23ms/step - loss: 0.4604 - acc: 0.8230 - val_loss: 0.5240 - val_acc: 0.7950
Epoch 59/150
100/100 [==============================] - 1s 12ms/step - loss: 0.4847 - acc: 0.8120
1000/1000 [==============================] - 23s 23ms/step - loss: 0.4529 - acc: 0.8233 - val_loss: 0.4847 - val_acc: 0.8120
Epoch 60/150
100/100 [==============================] - 1s 10ms/step - loss: 0.5244 - acc: 0.7870
1000/1000 [==============================] - 23s 23ms/step - loss: 0.4518 - acc: 0.8187 - val_loss: 0.5244 - val_acc: 0.7870
Epoch 61/150
100/100 [==============================] - 1s 11ms/step - loss: 0.5367 - acc: 0.7850
1000/1000 [==============================] - 23s 23ms/step - loss: 0.4604 - acc: 0.8220 - val_loss: 0.5367 - val_acc: 0.7850
Epoch 62/150
100/100 [==============================] - 1s 9ms/step - loss: 0.5324 - acc: 0.7970
1000/1000 [==============================] - 23s 23ms/step - loss: 0.4648 - acc: 0.8117 - val_loss: 0.5324 - val_acc: 0.7970
Epoch 63/150
100/100 [==============================] - 1s 11ms/step - loss: 0.4933 - acc: 0.8000
1000/1000 [==============================] - 23s 23ms/step - loss: 0.4696 - acc: 0.8137 - val_loss: 0.4933 - val_acc: 0.8000
Epoch 64/150
100/100 [==============================] - 1s 10ms/step - loss: 0.5409 - acc: 0.7770
1000/1000 [==============================] - 23s 23ms/step - loss: 0.4665 - acc: 0.8117 - val_loss: 0.5409 - val_acc: 0.7770
Epoch 65/150
100/100 [==============================] - 1s 11ms/step - loss: 0.4889 - acc: 0.8040
1000/1000 [==============================] - 23s 23ms/step - loss: 0.4560 - acc: 0.8133 - val_loss: 0.4889 - val_acc: 0.8040
Epoch 66/150
100/100 [==============================] - 1s 10ms/step - loss: 0.4584 - acc: 0.8310
1000/1000 [==============================] - 23s 23ms/step - loss: 0.4608 - acc: 0.8183 - val_loss: 0.4584 - val_acc: 0.8310
Epoch 67/150
100/100 [==============================] - 1s 12ms/step - loss: 0.5549 - acc: 0.7940
1000/1000 [==============================] - 23s 23ms/step - loss: 0.4766 - acc: 0.8150 - val_loss: 0.5549 - val_acc: 0.7940
Epoch 68/150
100/100 [==============================] - 1s 10ms/step - loss: 0.5419 - acc: 0.7890
1000/1000 [==============================] - 23s 23ms/step - loss: 0.4637 - acc: 0.8200 - val_loss: 0.5419 - val_acc: 0.7890
Epoch 69/150
100/100 [==============================] - 1s 11ms/step - loss: 0.5248 - acc: 0.7850
1000/1000 [==============================] - 23s 23ms/step - loss: 0.4468 - acc: 0.8230 - val_loss: 0.5248 - val_acc: 0.7850
Epoch 70/150
100/100 [==============================] - 1s 10ms/step - loss: 0.4618 - acc: 0.8240
1000/1000 [==============================] - 22s 22ms/step - loss: 0.4547 - acc: 0.8243 - val_loss: 0.4618 - val_acc: 0.8240
Epoch 71/150
100/100 [==============================] - 1s 10ms/step - loss: 0.4453 - acc: 0.8330
1000/1000 [==============================] - 23s 23ms/step - loss: 0.4863 - acc: 0.8123 - val_loss: 0.4453 - val_acc: 0.8330
Epoch 72/150
100/100 [==============================] - 1s 9ms/step - loss: 0.4990 - acc: 0.7900
1000/1000 [==============================] - 23s 23ms/step - loss: 0.4440 - acc: 0.8250 - val_loss: 0.4990 - val_acc: 0.7900
Epoch 73/150
100/100 [==============================] - 1s 12ms/step - loss: 0.5131 - acc: 0.8060
1000/1000 [==============================] - 23s 23ms/step - loss: 0.4599 - acc: 0.8223 - val_loss: 0.5131 - val_acc: 0.8060
Epoch 74/150
100/100 [==============================] - 1s 10ms/step - loss: 0.4858 - acc: 0.8040
1000/1000 [==============================] - 23s 23ms/step - loss: 0.4640 - acc: 0.8143 - val_loss: 0.4858 - val_acc: 0.8040
Epoch 75/150
100/100 [==============================] - 1s 11ms/step - loss: 0.5354 - acc: 0.7930
1000/1000 [==============================] - 23s 23ms/step - loss: 0.4622 - acc: 0.8113 - val_loss: 0.5354 - val_acc: 0.7930
Epoch 76/150
100/100 [==============================] - 1s 10ms/step - loss: 0.4833 - acc: 0.8090
1000/1000 [==============================] - 23s 23ms/step - loss: 0.4739 - acc: 0.8113 - val_loss: 0.4833 - val_acc: 0.8090
Epoch 77/150
100/100 [==============================] - 1s 11ms/step - loss: 0.4859 - acc: 0.8090
1000/1000 [==============================] - 23s 23ms/step - loss: 0.4665 - acc: 0.8070 - val_loss: 0.4859 - val_acc: 0.8090
Epoch 78/150
100/100 [==============================] - 1s 10ms/step - loss: 0.5191 - acc: 0.7940
1000/1000 [==============================] - 23s 23ms/step - loss: 0.4813 - acc: 0.8057 - val_loss: 0.5191 - val_acc: 0.7940
Epoch 79/150
100/100 [==============================] - 1s 11ms/step - loss: 0.5243 - acc: 0.7880
1000/1000 [==============================] - 23s 23ms/step - loss: 0.4360 - acc: 0.8240 - val_loss: 0.5243 - val_acc: 0.7880
Epoch 80/150
100/100 [==============================] - 1s 10ms/step - loss: 0.5039 - acc: 0.8060
1000/1000 [==============================] - 23s 23ms/step - loss: 0.4507 - acc: 0.8207 - val_loss: 0.5039 - val_acc: 0.8060
Epoch 81/150
100/100 [==============================] - 1s 11ms/step - loss: 0.4937 - acc: 0.7980
1000/1000 [==============================] - 23s 23ms/step - loss: 0.4545 - acc: 0.8153 - val_loss: 0.4937 - val_acc: 0.7980
Epoch 82/150
100/100 [==============================] - 1s 10ms/step - loss: 0.4959 - acc: 0.8000
1000/1000 [==============================] - 23s 23ms/step - loss: 0.4356 - acc: 0.8270 - val_loss: 0.4959 - val_acc: 0.8000
Epoch 83/150
100/100 [==============================] - 1s 11ms/step - loss: 0.5291 - acc: 0.7890
1000/1000 [==============================] - 23s 23ms/step - loss: 0.4723 - acc: 0.8060 - val_loss: 0.5291 - val_acc: 0.7890
Epoch 84/150
100/100 [==============================] - 1s 10ms/step - loss: 0.5340 - acc: 0.7850
1000/1000 [==============================] - 23s 23ms/step - loss: 0.4453 - acc: 0.8223 - val_loss: 0.5340 - val_acc: 0.7850
Epoch 85/150
100/100 [==============================] - 1s 11ms/step - loss: 0.4699 - acc: 0.8300
1000/1000 [==============================] - 23s 23ms/step - loss: 0.4578 - acc: 0.8277 - val_loss: 0.4699 - val_acc: 0.8300
Epoch 86/150
100/100 [==============================] - 1s 10ms/step - loss: 0.5683 - acc: 0.7710
1000/1000 [==============================] - 23s 23ms/step - loss: 0.4575 - acc: 0.8200 - val_loss: 0.5683 - val_acc: 0.7710
Epoch 87/150
100/100 [==============================] - 1s 11ms/step - loss: 0.5002 - acc: 0.7950
1000/1000 [==============================] - 23s 23ms/step - loss: 0.4483 - acc: 0.8167 - val_loss: 0.5002 - val_acc: 0.7950
Epoch 88/150
100/100 [==============================] - 1s 9ms/step - loss: 0.5144 - acc: 0.8050
1000/1000 [==============================] - 23s 23ms/step - loss: 0.4425 - acc: 0.8257 - val_loss: 0.5144 - val_acc: 0.8050
Epoch 89/150
100/100 [==============================] - 1s 11ms/step - loss: 0.5106 - acc: 0.7910
1000/1000 [==============================] - 23s 23ms/step - loss: 0.4375 - acc: 0.8240 - val_loss: 0.5106 - val_acc: 0.7910
Epoch 90/150
100/100 [==============================] - 1s 9ms/step - loss: 0.5268 - acc: 0.7780
1000/1000 [==============================] - 23s 23ms/step - loss: 0.4562 - acc: 0.8223 - val_loss: 0.5268 - val_acc: 0.7780
Epoch 91/150
100/100 [==============================] - 1s 10ms/step - loss: 0.5279 - acc: 0.7880
1000/1000 [==============================] - 23s 23ms/step - loss: 0.4516 - acc: 0.8183 - val_loss: 0.5279 - val_acc: 0.7880
Epoch 92/150
100/100 [==============================] - 1s 9ms/step - loss: 0.4662 - acc: 0.8240
1000/1000 [==============================] - 23s 23ms/step - loss: 0.4290 - acc: 0.8330 - val_loss: 0.4662 - val_acc: 0.8240
Epoch 93/150
100/100 [==============================] - 1s 10ms/step - loss: 0.4520 - acc: 0.8240
1000/1000 [==============================] - 23s 23ms/step - loss: 0.4614 - acc: 0.8120 - val_loss: 0.4520 - val_acc: 0.8240
Epoch 94/150
100/100 [==============================] - 1s 10ms/step - loss: 0.4948 - acc: 0.8120
1000/1000 [==============================] - 23s 23ms/step - loss: 0.4377 - acc: 0.8300 - val_loss: 0.4948 - val_acc: 0.8120
Epoch 95/150
100/100 [==============================] - 1s 10ms/step - loss: 0.5054 - acc: 0.8100
1000/1000 [==============================] - 23s 23ms/step - loss: 0.4588 - acc: 0.8170 - val_loss: 0.5054 - val_acc: 0.8100
Epoch 96/150
100/100 [==============================] - 1s 10ms/step - loss: 0.5107 - acc: 0.7870
1000/1000 [==============================] - 23s 23ms/step - loss: 0.4526 - acc: 0.8160 - val_loss: 0.5107 - val_acc: 0.7870
Epoch 97/150
100/100 [==============================] - 1s 10ms/step - loss: 0.5484 - acc: 0.7920
1000/1000 [==============================] - 23s 23ms/step - loss: 0.4414 - acc: 0.8220 - val_loss: 0.5484 - val_acc: 0.7920
Epoch 98/150
100/100 [==============================] - 1s 10ms/step - loss: 0.4919 - acc: 0.8190
1000/1000 [==============================] - 23s 23ms/step - loss: 0.4344 - acc: 0.8230 - val_loss: 0.4919 - val_acc: 0.8190
Epoch 99/150
100/100 [==============================] - 1s 10ms/step - loss: 0.5396 - acc: 0.7960
1000/1000 [==============================] - 23s 23ms/step - loss: 0.4532 - acc: 0.8193 - val_loss: 0.5396 - val_acc: 0.7960
Epoch 100/150
100/100 [==============================] - 1s 9ms/step - loss: 0.4857 - acc: 0.8100
1000/1000 [==============================] - 22s 22ms/step - loss: 0.4451 - acc: 0.8243 - val_loss: 0.4857 - val_acc: 0.8100
Epoch 101/150
100/100 [==============================] - 1s 9ms/step - loss: 0.4839 - acc: 0.7970
1000/1000 [==============================] - 23s 23ms/step - loss: 0.4381 - acc: 0.8257 - val_loss: 0.4839 - val_acc: 0.7970
Epoch 102/150
100/100 [==============================] - 1s 10ms/step - loss: 0.4669 - acc: 0.8070
1000/1000 [==============================] - 23s 23ms/step - loss: 0.4329 - acc: 0.8330 - val_loss: 0.4669 - val_acc: 0.8070
Epoch 103/150
100/100 [==============================] - 1s 10ms/step - loss: 0.5297 - acc: 0.8010
1000/1000 [==============================] - 23s 23ms/step - loss: 0.4441 - acc: 0.8277 - val_loss: 0.5297 - val_acc: 0.8010
Epoch 104/150
100/100 [==============================] - 1s 11ms/step - loss: 0.5097 - acc: 0.7930
1000/1000 [==============================] - 23s 23ms/step - loss: 0.4605 - acc: 0.8170 - val_loss: 0.5097 - val_acc: 0.7930
Epoch 105/150
100/100 [==============================] - 1s 10ms/step - loss: 0.5445 - acc: 0.7900
1000/1000 [==============================] - 23s 23ms/step - loss: 0.4515 - acc: 0.8213 - val_loss: 0.5445 - val_acc: 0.7900
Epoch 106/150
100/100 [==============================] - 1s 10ms/step - loss: 0.4909 - acc: 0.8100
1000/1000 [==============================] - 23s 23ms/step - loss: 0.4637 - acc: 0.8187 - val_loss: 0.4909 - val_acc: 0.8100
Epoch 107/150
100/100 [==============================] - 1s 10ms/step - loss: 0.5111 - acc: 0.8020
1000/1000 [==============================] - 23s 23ms/step - loss: 0.4565 - acc: 0.8217 - val_loss: 0.5111 - val_acc: 0.8020
Epoch 108/150
100/100 [==============================] - 1s 10ms/step - loss: 0.4811 - acc: 0.8000
1000/1000 [==============================] - 23s 23ms/step - loss: 0.4455 - acc: 0.8277 - val_loss: 0.4811 - val_acc: 0.8000
Epoch 109/150
100/100 [==============================] - 1s 10ms/step - loss: 0.5003 - acc: 0.7990
1000/1000 [==============================] - 23s 23ms/step - loss: 0.4400 - acc: 0.8283 - val_loss: 0.5003 - val_acc: 0.7990
Epoch 110/150
100/100 [==============================] - 1s 10ms/step - loss: 0.5382 - acc: 0.7950
1000/1000 [==============================] - 22s 22ms/step - loss: 0.4726 - acc: 0.8130 - val_loss: 0.5382 - val_acc: 0.7950
Epoch 111/150
100/100 [==============================] - 1s 10ms/step - loss: 0.5196 - acc: 0.7820
1000/1000 [==============================] - 23s 23ms/step - loss: 0.4453 - acc: 0.8290 - val_loss: 0.5196 - val_acc: 0.7820
Epoch 112/150
100/100 [==============================] - 1s 9ms/step - loss: 0.5017 - acc: 0.8160
1000/1000 [==============================] - 22s 22ms/step - loss: 0.4721 - acc: 0.8073 - val_loss: 0.5017 - val_acc: 0.8160
Epoch 113/150
100/100 [==============================] - 1s 10ms/step - loss: 0.5077 - acc: 0.8050
1000/1000 [==============================] - 23s 23ms/step - loss: 0.4422 - acc: 0.8267 - val_loss: 0.5077 - val_acc: 0.8050
Epoch 114/150
100/100 [==============================] - 1s 10ms/step - loss: 0.5084 - acc: 0.7920
1000/1000 [==============================] - 22s 22ms/step - loss: 0.4485 - acc: 0.8227 - val_loss: 0.5084 - val_acc: 0.7920
Epoch 115/150
100/100 [==============================] - 1s 9ms/step - loss: 0.5111 - acc: 0.7990
1000/1000 [==============================] - 23s 23ms/step - loss: 0.4575 - acc: 0.8220 - val_loss: 0.5111 - val_acc: 0.7990
Epoch 116/150
100/100 [==============================] - 1s 9ms/step - loss: 0.4828 - acc: 0.8140
1000/1000 [==============================] - 23s 23ms/step - loss: 0.4553 - acc: 0.8153 - val_loss: 0.4828 - val_acc: 0.8140
Epoch 117/150
100/100 [==============================] - 1s 9ms/step - loss: 0.4699 - acc: 0.8080
1000/1000 [==============================] - 23s 23ms/step - loss: 0.4640 - acc: 0.8100 - val_loss: 0.4699 - val_acc: 0.8080
Epoch 118/150
100/100 [==============================] - 1s 9ms/step - loss: 0.4835 - acc: 0.8110
1000/1000 [==============================] - 23s 23ms/step - loss: 0.4538 - acc: 0.8130 - val_loss: 0.4835 - val_acc: 0.8110
Epoch 119/150
100/100 [==============================] - 1s 10ms/step - loss: 0.4857 - acc: 0.8170
1000/1000 [==============================] - 21s 21ms/step - loss: 0.4612 - acc: 0.8203 - val_loss: 0.4857 - val_acc: 0.8170
Epoch 120/150
100/100 [==============================] - 1s 11ms/step - loss: 0.5114 - acc: 0.7830
1000/1000 [==============================] - 21s 21ms/step - loss: 0.4515 - acc: 0.8190 - val_loss: 0.5114 - val_acc: 0.7830
Epoch 121/150
100/100 [==============================] - 1s 10ms/step - loss: 0.4782 - acc: 0.8130
1000/1000 [==============================] - 21s 21ms/step - loss: 0.4467 - acc: 0.8243 - val_loss: 0.4782 - val_acc: 0.8130
Epoch 122/150
100/100 [==============================] - 1s 10ms/step - loss: 0.5231 - acc: 0.8020
1000/1000 [==============================] - 21s 21ms/step - loss: 0.4334 - acc: 0.8283 - val_loss: 0.5231 - val_acc: 0.8020
Epoch 123/150
100/100 [==============================] - 1s 10ms/step - loss: 0.4763 - acc: 0.7950
1000/1000 [==============================] - 21s 21ms/step - loss: 0.4519 - acc: 0.8233 - val_loss: 0.4763 - val_acc: 0.7950
Epoch 124/150
100/100 [==============================] - 1s 10ms/step - loss: 0.4487 - acc: 0.8160
1000/1000 [==============================] - 21s 21ms/step - loss: 0.4309 - acc: 0.8343 - val_loss: 0.4487 - val_acc: 0.8160
Epoch 125/150
100/100 [==============================] - 1s 11ms/step - loss: 0.5892 - acc: 0.7700
1000/1000 [==============================] - 21s 21ms/step - loss: 0.4294 - acc: 0.8280 - val_loss: 0.5892 - val_acc: 0.7700
Epoch 126/150
100/100 [==============================] - 1s 11ms/step - loss: 0.4823 - acc: 0.7930
1000/1000 [==============================] - 21s 21ms/step - loss: 0.4503 - acc: 0.8180 - val_loss: 0.4823 - val_acc: 0.7930
Epoch 127/150
100/100 [==============================] - 1s 10ms/step - loss: 0.4793 - acc: 0.8000
1000/1000 [==============================] - 21s 21ms/step - loss: 0.4363 - acc: 0.8280 - val_loss: 0.4793 - val_acc: 0.8000
Epoch 128/150
100/100 [==============================] - 1s 10ms/step - loss: 0.5066 - acc: 0.8050
1000/1000 [==============================] - 21s 21ms/step - loss: 0.4505 - acc: 0.8323 - val_loss: 0.5066 - val_acc: 0.8050
Epoch 129/150
100/100 [==============================] - 1s 10ms/step - loss: 0.5128 - acc: 0.8100
1000/1000 [==============================] - 22s 22ms/step - loss: 0.4428 - acc: 0.8203 - val_loss: 0.5128 - val_acc: 0.8100
Epoch 130/150
100/100 [==============================] - 1s 10ms/step - loss: 0.5854 - acc: 0.7760
1000/1000 [==============================] - 23s 23ms/step - loss: 0.4375 - acc: 0.8237 - val_loss: 0.5854 - val_acc: 0.7760
Epoch 131/150
100/100 [==============================] - 1s 10ms/step - loss: 0.4714 - acc: 0.7910
1000/1000 [==============================] - 23s 23ms/step - loss: 0.4681 - acc: 0.8087 - val_loss: 0.4714 - val_acc: 0.7910
Epoch 132/150
100/100 [==============================] - 1s 9ms/step - loss: 0.4919 - acc: 0.7910
1000/1000 [==============================] - 23s 23ms/step - loss: 0.4327 - acc: 0.8190 - val_loss: 0.4919 - val_acc: 0.7910
Epoch 133/150
100/100 [==============================] - 1s 10ms/step - loss: 0.5320 - acc: 0.7990
1000/1000 [==============================] - 23s 23ms/step - loss: 0.4496 - acc: 0.8167 - val_loss: 0.5320 - val_acc: 0.7990
Epoch 134/150
100/100 [==============================] - 1s 10ms/step - loss: 0.4899 - acc: 0.8120
1000/1000 [==============================] - 23s 23ms/step - loss: 0.4218 - acc: 0.8413 - val_loss: 0.4899 - val_acc: 0.8120
Epoch 135/150
100/100 [==============================] - 1s 9ms/step - loss: 0.4680 - acc: 0.8180
1000/1000 [==============================] - 23s 23ms/step - loss: 0.4304 - acc: 0.8283 - val_loss: 0.4680 - val_acc: 0.8180
Epoch 136/150
100/100 [==============================] - 1s 10ms/step - loss: 0.4920 - acc: 0.7920
1000/1000 [==============================] - 22s 22ms/step - loss: 0.4269 - acc: 0.8280 - val_loss: 0.4920 - val_acc: 0.7920
Epoch 137/150
100/100 [==============================] - 1s 10ms/step - loss: 0.4737 - acc: 0.8070
1000/1000 [==============================] - 22s 22ms/step - loss: 0.4214 - acc: 0.8263 - val_loss: 0.4737 - val_acc: 0.8070
Epoch 138/150
100/100 [==============================] - 1s 10ms/step - loss: 0.5039 - acc: 0.8030
1000/1000 [==============================] - 23s 23ms/step - loss: 0.4453 - acc: 0.8250 - val_loss: 0.5039 - val_acc: 0.8030
Epoch 139/150
100/100 [==============================] - 1s 10ms/step - loss: 0.5200 - acc: 0.8020
1000/1000 [==============================] - 23s 23ms/step - loss: 0.4356 - acc: 0.8257 - val_loss: 0.5200 - val_acc: 0.8020
Epoch 140/150
100/100 [==============================] - 1s 10ms/step - loss: 0.5178 - acc: 0.8000
1000/1000 [==============================] - 23s 23ms/step - loss: 0.4384 - acc: 0.8267 - val_loss: 0.5178 - val_acc: 0.8000
Epoch 141/150
100/100 [==============================] - 1s 10ms/step - loss: 0.5059 - acc: 0.8000
1000/1000 [==============================] - 23s 23ms/step - loss: 0.4139 - acc: 0.8350 - val_loss: 0.5059 - val_acc: 0.8000
Epoch 142/150
100/100 [==============================] - 1s 9ms/step - loss: 0.4762 - acc: 0.8060
1000/1000 [==============================] - 23s 23ms/step - loss: 0.4470 - acc: 0.8220 - val_loss: 0.4762 - val_acc: 0.8060
Epoch 143/150
100/100 [==============================] - 1s 10ms/step - loss: 0.4890 - acc: 0.8040
1000/1000 [==============================] - 23s 23ms/step - loss: 0.4461 - acc: 0.8237 - val_loss: 0.4890 - val_acc: 0.8040
Epoch 144/150
100/100 [==============================] - 1s 9ms/step - loss: 0.4337 - acc: 0.8080
1000/1000 [==============================] - 23s 23ms/step - loss: 0.4470 - acc: 0.8237 - val_loss: 0.4337 - val_acc: 0.8080
Epoch 145/150
100/100 [==============================] - 1s 10ms/step - loss: 0.5187 - acc: 0.8040
1000/1000 [==============================] - 23s 23ms/step - loss: 0.4502 - acc: 0.8270 - val_loss: 0.5187 - val_acc: 0.8040
Epoch 146/150
100/100 [==============================] - 1s 10ms/step - loss: 0.4843 - acc: 0.8230
1000/1000 [==============================] - 23s 23ms/step - loss: 0.4270 - acc: 0.8333 - val_loss: 0.4843 - val_acc: 0.8230
Epoch 147/150
100/100 [==============================] - 1s 10ms/step - loss: 0.5331 - acc: 0.8000
1000/1000 [==============================] - 23s 23ms/step - loss: 0.4262 - acc: 0.8260 - val_loss: 0.5331 - val_acc: 0.8000
Epoch 148/150
100/100 [==============================] - 1s 10ms/step - loss: 0.4911 - acc: 0.8040
1000/1000 [==============================] - 23s 23ms/step - loss: 0.4338 - acc: 0.8247 - val_loss: 0.4911 - val_acc: 0.8040
Epoch 149/150
100/100 [==============================] - 1s 10ms/step - loss: 0.5003 - acc: 0.8130
1000/1000 [==============================] - 22s 22ms/step - loss: 0.4275 - acc: 0.8297 - val_loss: 0.5003 - val_acc: 0.8130
Epoch 150/150
100/100 [==============================] - 1s 10ms/step - loss: 0.4831 - acc: 0.8080
1000/1000 [==============================] - 22s 22ms/step - loss: 0.4321 - acc: 0.8343 - val_loss: 0.4831 - val_acc: 0.8080

real	56m47.927s
user	374m31.026s
sys	11m6.414s
