WARNING:tensorflow:From /usr/local/lib/python3.6/dist-packages/tensorflow/python/ops/resource_variable_ops.py:435: colocate_with (from tensorflow.python.framework.ops) is deprecated and will be removed in a future version.
Instructions for updating:
Colocations handled automatically by placer.
2019-06-26 08:58:25.638125: I tensorflow/core/platform/profile_utils/cpu_utils.cc:94] CPU Frequency: 2593550000 Hz
2019-06-26 08:58:25.640327: I tensorflow/compiler/xla/service/service.cc:150] XLA service 0x15bbe50 executing computations on platform Host. Devices:
2019-06-26 08:58:25.640352: I tensorflow/compiler/xla/service/service.cc:158]   StreamExecutor device (0): <undefined>, <undefined>
WARNING:tensorflow:From /usr/local/lib/python3.6/dist-packages/tensorflow/python/ops/math_ops.py:3066: to_int32 (from tensorflow.python.ops.math_ops) is deprecated and will be removed in a future version.
Instructions for updating:
Use tf.cast instead.
_________________________________________________________________
Layer (type)                 Output Shape              Param #   
=================================================================
input_1 (InputLayer)         (None, 512, 256)          0         
_________________________________________________________________
conv1d (Conv1D)              (None, 512, 128)          98432     
_________________________________________________________________
max_pooling1d (MaxPooling1D) (None, 512, 64)           0         
_________________________________________________________________
conv1d_1 (Conv1D)            (None, 512, 64)           12352     
_________________________________________________________________
max_pooling1d_1 (MaxPooling1 (None, 512, 32)           0         
_________________________________________________________________
conv1d_2 (Conv1D)            (None, 512, 32)           3104      
_________________________________________________________________
max_pooling1d_2 (MaxPooling1 (None, 512, 16)           0         
_________________________________________________________________
conv1d_3 (Conv1D)            (None, 512, 16)           784       
_________________________________________________________________
max_pooling1d_3 (MaxPooling1 (None, 512, 8)            0         
_________________________________________________________________
conv1d_4 (Conv1D)            (None, 512, 8)            200       
_________________________________________________________________
max_pooling1d_4 (MaxPooling1 (None, 512, 4)            0         
_________________________________________________________________
lstm (LSTM)                  (None, 512, 16)           1344      
_________________________________________________________________
lstm_1 (LSTM)                (None, 16)                2112      
_________________________________________________________________
dense (Dense)                (None, 3)                 51        
_________________________________________________________________
activation (Activation)      (None, 3)                 0         
=================================================================
Total params: 118,379
Trainable params: 118,379
Non-trainable params: 0
_________________________________________________________________
Epoch 1/150
10/10 [==============================] - 14s 1s/step - loss: 1.0989 - acc: 0.3667
Epoch 2/150
10/10 [==============================] - 12s 1s/step - loss: 1.0989 - acc: 0.2667
Epoch 3/150
10/10 [==============================] - 12s 1s/step - loss: 1.0988 - acc: 0.3667
Epoch 4/150
10/10 [==============================] - 12s 1s/step - loss: 1.0982 - acc: 0.4000
Epoch 5/150
10/10 [==============================] - 12s 1s/step - loss: 1.0976 - acc: 0.3333
Epoch 6/150
10/10 [==============================] - 12s 1s/step - loss: 1.0976 - acc: 0.4333
Epoch 7/150
10/10 [==============================] - 12s 1s/step - loss: 1.0936 - acc: 0.4333
Epoch 8/150
10/10 [==============================] - 12s 1s/step - loss: 1.0876 - acc: 0.4667
Epoch 9/150
10/10 [==============================] - 12s 1s/step - loss: 0.9883 - acc: 0.5333
Epoch 10/150
10/10 [==============================] - 12s 1s/step - loss: 1.0845 - acc: 0.3667
Epoch 11/150
10/10 [==============================] - 12s 1s/step - loss: 1.0979 - acc: 0.4667
Epoch 12/150
10/10 [==============================] - 12s 1s/step - loss: 1.0676 - acc: 0.3000
Epoch 13/150
10/10 [==============================] - 12s 1s/step - loss: 1.0993 - acc: 0.3333
Epoch 14/150
10/10 [==============================] - 12s 1s/step - loss: 0.9872 - acc: 0.4667
Epoch 15/150
10/10 [==============================] - 12s 1s/step - loss: 1.0254 - acc: 0.4000
Epoch 16/150
10/10 [==============================] - 12s 1s/step - loss: 0.9737 - acc: 0.5333
Epoch 17/150
10/10 [==============================] - 12s 1s/step - loss: 0.9203 - acc: 0.4667
Epoch 18/150
10/10 [==============================] - 12s 1s/step - loss: 1.0162 - acc: 0.5000
Epoch 19/150
10/10 [==============================] - 12s 1s/step - loss: 0.8064 - acc: 0.6667
Epoch 20/150
10/10 [==============================] - 12s 1s/step - loss: 0.8370 - acc: 0.5667
Epoch 21/150
10/10 [==============================] - 12s 1s/step - loss: 1.0364 - acc: 0.4667
Epoch 22/150
10/10 [==============================] - 12s 1s/step - loss: 1.0470 - acc: 0.4333
Epoch 23/150
10/10 [==============================] - 12s 1s/step - loss: 1.0011 - acc: 0.5667
Epoch 24/150
10/10 [==============================] - 12s 1s/step - loss: 0.8120 - acc: 0.6667
Epoch 25/150
10/10 [==============================] - 12s 1s/step - loss: 1.0187 - acc: 0.4000
Epoch 26/150
10/10 [==============================] - 12s 1s/step - loss: 0.8155 - acc: 0.5667
Epoch 27/150
10/10 [==============================] - 12s 1s/step - loss: 0.9100 - acc: 0.5000
Epoch 28/150
10/10 [==============================] - 12s 1s/step - loss: 0.7738 - acc: 0.6000
Epoch 29/150
10/10 [==============================] - 12s 1s/step - loss: 0.6945 - acc: 0.6333
Epoch 30/150
10/10 [==============================] - 12s 1s/step - loss: 0.8135 - acc: 0.7000
Epoch 31/150
10/10 [==============================] - 12s 1s/step - loss: 0.7929 - acc: 0.4667
Epoch 32/150
10/10 [==============================] - 12s 1s/step - loss: 0.8742 - acc: 0.6000
Epoch 33/150
10/10 [==============================] - 12s 1s/step - loss: 1.0104 - acc: 0.4333
Epoch 34/150
10/10 [==============================] - 12s 1s/step - loss: 0.7248 - acc: 0.6667
Epoch 35/150
10/10 [==============================] - 12s 1s/step - loss: 0.8038 - acc: 0.5667
Epoch 36/150
10/10 [==============================] - 12s 1s/step - loss: 0.7908 - acc: 0.6333
Epoch 37/150
10/10 [==============================] - 11s 1s/step - loss: 0.7159 - acc: 0.6333
Epoch 38/150
10/10 [==============================] - 12s 1s/step - loss: 0.7348 - acc: 0.6000
Epoch 39/150
10/10 [==============================] - 12s 1s/step - loss: 0.8539 - acc: 0.6000
Epoch 40/150
10/10 [==============================] - 11s 1s/step - loss: 0.8728 - acc: 0.5000
Epoch 41/150
10/10 [==============================] - 12s 1s/step - loss: 0.8004 - acc: 0.6000
Epoch 42/150
10/10 [==============================] - 12s 1s/step - loss: 0.7305 - acc: 0.6667
Epoch 43/150
10/10 [==============================] - 12s 1s/step - loss: 0.7699 - acc: 0.6333
Epoch 44/150
10/10 [==============================] - 12s 1s/step - loss: 0.8900 - acc: 0.5333
Epoch 45/150
10/10 [==============================] - 12s 1s/step - loss: 0.9041 - acc: 0.6000
Epoch 46/150
10/10 [==============================] - 12s 1s/step - loss: 0.7482 - acc: 0.6333
Epoch 47/150
10/10 [==============================] - 12s 1s/step - loss: 0.7234 - acc: 0.6000
Epoch 48/150
10/10 [==============================] - 12s 1s/step - loss: 0.6842 - acc: 0.7333
Epoch 49/150
10/10 [==============================] - 12s 1s/step - loss: 0.6781 - acc: 0.8333
Epoch 50/150
10/10 [==============================] - 12s 1s/step - loss: 0.8658 - acc: 0.6000
Epoch 51/150
10/10 [==============================] - 12s 1s/step - loss: 0.7388 - acc: 0.6667
Epoch 52/150
10/10 [==============================] - 12s 1s/step - loss: 0.7459 - acc: 0.6333
Epoch 53/150
10/10 [==============================] - 12s 1s/step - loss: 0.7836 - acc: 0.7333
Epoch 54/150
10/10 [==============================] - 12s 1s/step - loss: 0.7930 - acc: 0.5667
Epoch 55/150
10/10 [==============================] - 12s 1s/step - loss: 0.7158 - acc: 0.6000
Epoch 56/150
10/10 [==============================] - 12s 1s/step - loss: 0.8150 - acc: 0.6333
Epoch 57/150
10/10 [==============================] - 12s 1s/step - loss: 0.7332 - acc: 0.6667
Epoch 58/150
10/10 [==============================] - 12s 1s/step - loss: 0.6013 - acc: 0.7333
Epoch 59/150
10/10 [==============================] - 12s 1s/step - loss: 0.7378 - acc: 0.7000
Epoch 60/150
10/10 [==============================] - 12s 1s/step - loss: 0.8274 - acc: 0.5000
Epoch 61/150
10/10 [==============================] - 11s 1s/step - loss: 0.8642 - acc: 0.5333
Epoch 62/150
10/10 [==============================] - 11s 1s/step - loss: 0.7424 - acc: 0.6000
Epoch 63/150
10/10 [==============================] - 11s 1s/step - loss: 0.5445 - acc: 0.8000
Epoch 64/150
10/10 [==============================] - 10s 1s/step - loss: 0.8857 - acc: 0.6000
Epoch 65/150
10/10 [==============================] - 11s 1s/step - loss: 1.0375 - acc: 0.4667
Epoch 66/150
10/10 [==============================] - 11s 1s/step - loss: 0.8120 - acc: 0.6000
Epoch 67/150
10/10 [==============================] - 11s 1s/step - loss: 0.7243 - acc: 0.6667
Epoch 68/150
10/10 [==============================] - 11s 1s/step - loss: 0.7282 - acc: 0.5333
Epoch 69/150
10/10 [==============================] - 11s 1s/step - loss: 0.6472 - acc: 0.6667
Epoch 70/150
10/10 [==============================] - 10s 1s/step - loss: 0.7992 - acc: 0.5667
Epoch 71/150
10/10 [==============================] - 11s 1s/step - loss: 0.7431 - acc: 0.5667
Epoch 72/150
10/10 [==============================] - 11s 1s/step - loss: 0.6310 - acc: 0.7667
Epoch 73/150
10/10 [==============================] - 11s 1s/step - loss: 0.8245 - acc: 0.5667
Epoch 74/150
10/10 [==============================] - 11s 1s/step - loss: 0.7296 - acc: 0.6667
Epoch 75/150
10/10 [==============================] - 11s 1s/step - loss: 0.7482 - acc: 0.6667
Epoch 76/150
10/10 [==============================] - 12s 1s/step - loss: 0.6528 - acc: 0.5333
Epoch 77/150
10/10 [==============================] - 11s 1s/step - loss: 0.6503 - acc: 0.6333
Epoch 78/150
10/10 [==============================] - 12s 1s/step - loss: 0.7029 - acc: 0.7333
Epoch 79/150
10/10 [==============================] - 11s 1s/step - loss: 0.6569 - acc: 0.7000
Epoch 80/150
10/10 [==============================] - 11s 1s/step - loss: 0.5604 - acc: 0.7333
Epoch 81/150
10/10 [==============================] - 12s 1s/step - loss: 0.6904 - acc: 0.7333
Epoch 82/150
10/10 [==============================] - 12s 1s/step - loss: 0.7171 - acc: 0.6333
Epoch 83/150
10/10 [==============================] - 12s 1s/step - loss: 0.6580 - acc: 0.7000
Epoch 84/150
10/10 [==============================] - 12s 1s/step - loss: 0.7176 - acc: 0.7333
Epoch 85/150
10/10 [==============================] - 12s 1s/step - loss: 0.6804 - acc: 0.7000
Epoch 86/150
10/10 [==============================] - 12s 1s/step - loss: 0.5877 - acc: 0.7000
Epoch 87/150
10/10 [==============================] - 12s 1s/step - loss: 0.5346 - acc: 0.8333
Epoch 88/150
10/10 [==============================] - 12s 1s/step - loss: 0.5672 - acc: 0.7333
Epoch 89/150
10/10 [==============================] - 12s 1s/step - loss: 0.4958 - acc: 0.7333
Epoch 90/150
10/10 [==============================] - 12s 1s/step - loss: 0.6737 - acc: 0.7667
Epoch 91/150
10/10 [==============================] - 12s 1s/step - loss: 0.9514 - acc: 0.4667
Epoch 92/150
10/10 [==============================] - 12s 1s/step - loss: 0.7045 - acc: 0.7000
Epoch 93/150
10/10 [==============================] - 12s 1s/step - loss: 0.5195 - acc: 0.7667
Epoch 94/150
10/10 [==============================] - 12s 1s/step - loss: 0.5908 - acc: 0.8000
Epoch 95/150
10/10 [==============================] - 12s 1s/step - loss: 0.7224 - acc: 0.5000
Epoch 96/150
10/10 [==============================] - 12s 1s/step - loss: 0.7074 - acc: 0.7667
Epoch 97/150
10/10 [==============================] - 12s 1s/step - loss: 0.5270 - acc: 0.7000
Epoch 98/150
10/10 [==============================] - 12s 1s/step - loss: 0.6188 - acc: 0.6333
Epoch 99/150
10/10 [==============================] - 12s 1s/step - loss: 0.4781 - acc: 0.8667
Epoch 100/150
10/10 [==============================] - 12s 1s/step - loss: 0.6528 - acc: 0.7000
Epoch 101/150
10/10 [==============================] - 12s 1s/step - loss: 0.5953 - acc: 0.7667
Epoch 102/150
10/10 [==============================] - 12s 1s/step - loss: 0.8738 - acc: 0.5667
Epoch 103/150
10/10 [==============================] - 12s 1s/step - loss: 0.6296 - acc: 0.7333
Epoch 104/150
10/10 [==============================] - 12s 1s/step - loss: 0.7878 - acc: 0.5667
Epoch 105/150
10/10 [==============================] - 12s 1s/step - loss: 0.5532 - acc: 0.8333
Epoch 106/150
10/10 [==============================] - 12s 1s/step - loss: 0.7711 - acc: 0.6333
Epoch 107/150
10/10 [==============================] - 12s 1s/step - loss: 0.7051 - acc: 0.7333
Epoch 108/150
10/10 [==============================] - 11s 1s/step - loss: 0.5981 - acc: 0.7667
Epoch 109/150
10/10 [==============================] - 12s 1s/step - loss: 0.5640 - acc: 0.8000
Epoch 110/150
10/10 [==============================] - 12s 1s/step - loss: 0.5472 - acc: 0.7667
Epoch 111/150
10/10 [==============================] - 11s 1s/step - loss: 0.6713 - acc: 0.6000
Epoch 112/150
10/10 [==============================] - 12s 1s/step - loss: 0.5341 - acc: 0.8000
Epoch 113/150
10/10 [==============================] - 12s 1s/step - loss: 0.6188 - acc: 0.6000
Epoch 114/150
10/10 [==============================] - 12s 1s/step - loss: 0.4206 - acc: 0.9000
Epoch 115/150
10/10 [==============================] - 12s 1s/step - loss: 0.5824 - acc: 0.7333
Epoch 116/150
10/10 [==============================] - 12s 1s/step - loss: 0.4302 - acc: 0.8333
Epoch 117/150
10/10 [==============================] - 12s 1s/step - loss: 0.5130 - acc: 0.8333
Epoch 118/150
10/10 [==============================] - 12s 1s/step - loss: 0.8953 - acc: 0.6667
Epoch 119/150
10/10 [==============================] - 12s 1s/step - loss: 1.0734 - acc: 0.5333
Epoch 120/150
10/10 [==============================] - 12s 1s/step - loss: 0.8519 - acc: 0.5333
Epoch 121/150
10/10 [==============================] - 12s 1s/step - loss: 0.8217 - acc: 0.6000
Epoch 122/150
10/10 [==============================] - 12s 1s/step - loss: 0.7989 - acc: 0.6000
Epoch 123/150
10/10 [==============================] - 12s 1s/step - loss: 0.5105 - acc: 0.8000
Epoch 124/150
10/10 [==============================] - 12s 1s/step - loss: 0.4722 - acc: 0.8000
Epoch 125/150
10/10 [==============================] - 12s 1s/step - loss: 0.6374 - acc: 0.7000
Epoch 126/150
10/10 [==============================] - 12s 1s/step - loss: 0.4546 - acc: 0.8000
Epoch 127/150
10/10 [==============================] - 12s 1s/step - loss: 0.4507 - acc: 0.7333
Epoch 128/150
10/10 [==============================] - 12s 1s/step - loss: 0.6878 - acc: 0.7000
Epoch 129/150
10/10 [==============================] - 12s 1s/step - loss: 0.4713 - acc: 0.8000
Epoch 130/150
10/10 [==============================] - 12s 1s/step - loss: 0.6459 - acc: 0.8333
Epoch 131/150
10/10 [==============================] - 12s 1s/step - loss: 0.6484 - acc: 0.8000
Epoch 132/150
10/10 [==============================] - 12s 1s/step - loss: 0.5736 - acc: 0.8333
Epoch 133/150
10/10 [==============================] - 12s 1s/step - loss: 0.7980 - acc: 0.6333
Epoch 134/150
10/10 [==============================] - 12s 1s/step - loss: 0.4946 - acc: 0.7667
Epoch 135/150
10/10 [==============================] - 12s 1s/step - loss: 0.5718 - acc: 0.7000
Epoch 136/150
10/10 [==============================] - 11s 1s/step - loss: 0.4674 - acc: 0.8000
Epoch 137/150
10/10 [==============================] - 11s 1s/step - loss: 0.3899 - acc: 0.8667
Epoch 138/150
10/10 [==============================] - 11s 1s/step - loss: 0.5584 - acc: 0.8333
Epoch 139/150
10/10 [==============================] - 11s 1s/step - loss: 0.5907 - acc: 0.7000
Epoch 140/150
10/10 [==============================] - 11s 1s/step - loss: 0.4272 - acc: 0.7667
Epoch 141/150
10/10 [==============================] - 11s 1s/step - loss: 0.4560 - acc: 0.8000
Epoch 142/150
10/10 [==============================] - 11s 1s/step - loss: 0.4797 - acc: 0.8667
Epoch 143/150
10/10 [==============================] - 11s 1s/step - loss: 0.5697 - acc: 0.7333
Epoch 144/150
10/10 [==============================] - 11s 1s/step - loss: 0.4911 - acc: 0.8000
Epoch 145/150
10/10 [==============================] - 11s 1s/step - loss: 0.7146 - acc: 0.7333
Epoch 146/150
10/10 [==============================] - 11s 1s/step - loss: 0.6797 - acc: 0.6667
Epoch 147/150
10/10 [==============================] - 11s 1s/step - loss: 0.4759 - acc: 0.8333
Epoch 148/150
10/10 [==============================] - 11s 1s/step - loss: 0.6559 - acc: 0.6667
Epoch 149/150
10/10 [==============================] - 11s 1s/step - loss: 0.7056 - acc: 0.6667
Epoch 150/150
10/10 [==============================] - 11s 1s/step - loss: 0.9306 - acc: 0.5000

real	29m8.815s
user	106m58.225s
sys	31m40.471s
