WARNING:tensorflow:From /usr/local/lib/python3.6/dist-packages/tensorflow/python/ops/resource_variable_ops.py:435: colocate_with (from tensorflow.python.framework.ops) is deprecated and will be removed in a future version.
Instructions for updating:
Colocations handled automatically by placer.
2019-06-28 15:30:26.887038: I tensorflow/core/platform/profile_utils/cpu_utils.cc:94] CPU Frequency: 2593550000 Hz
2019-06-28 15:30:26.889218: I tensorflow/compiler/xla/service/service.cc:150] XLA service 0x25f26d0 executing computations on platform Host. Devices:
2019-06-28 15:30:26.889258: I tensorflow/compiler/xla/service/service.cc:158]   StreamExecutor device (0): <undefined>, <undefined>
WARNING:tensorflow:From /usr/local/lib/python3.6/dist-packages/tensorflow/python/ops/math_ops.py:3066: to_int32 (from tensorflow.python.ops.math_ops) is deprecated and will be removed in a future version.
Instructions for updating:
Use tf.cast instead.
_________________________________________________________________
Layer (type)                 Output Shape              Param #   
=================================================================
input_1 (InputLayer)         (None, 512, 256)          0         
_________________________________________________________________
conv1d (Conv1D)              (None, 64, 128)           262272    
_________________________________________________________________
max_pooling1d (MaxPooling1D) (None, 64, 64)            0         
_________________________________________________________________
conv1d_1 (Conv1D)            (None, 8, 64)             32832     
_________________________________________________________________
max_pooling1d_1 (MaxPooling1 (None, 8, 32)             0         
_________________________________________________________________
lstm (LSTM)                  (None, 8, 64)             24832     
_________________________________________________________________
lstm_1 (LSTM)                (None, 3)                 816       
_________________________________________________________________
activation (Activation)      (None, 3)                 0         
=================================================================
Total params: 320,752
Trainable params: 320,752
Non-trainable params: 0
_________________________________________________________________
Epoch 1/150
100/100 [==============================] - 1s 13ms/step - loss: 0.8225 - acc: 0.6210
1000/1000 [==============================] - 32s 32ms/step - loss: 0.9015 - acc: 0.5600 - val_loss: 0.8225 - val_acc: 0.6210
Epoch 2/150
100/100 [==============================] - 1s 11ms/step - loss: 0.6596 - acc: 0.7630
1000/1000 [==============================] - 29s 29ms/step - loss: 0.7181 - acc: 0.6937 - val_loss: 0.6596 - val_acc: 0.7630
Epoch 3/150
100/100 [==============================] - 1s 11ms/step - loss: 0.6460 - acc: 0.7560
1000/1000 [==============================] - 30s 30ms/step - loss: 0.6274 - acc: 0.7720 - val_loss: 0.6460 - val_acc: 0.7560
Epoch 4/150
100/100 [==============================] - 1s 11ms/step - loss: 0.6304 - acc: 0.7530
1000/1000 [==============================] - 30s 30ms/step - loss: 0.6067 - acc: 0.7763 - val_loss: 0.6304 - val_acc: 0.7530
Epoch 5/150
100/100 [==============================] - 1s 10ms/step - loss: 0.5559 - acc: 0.8020
1000/1000 [==============================] - 30s 30ms/step - loss: 0.5712 - acc: 0.8030 - val_loss: 0.5559 - val_acc: 0.8020
Epoch 6/150
100/100 [==============================] - 1s 11ms/step - loss: 0.5231 - acc: 0.8260
1000/1000 [==============================] - 30s 30ms/step - loss: 0.5384 - acc: 0.8170 - val_loss: 0.5231 - val_acc: 0.8260
Epoch 7/150
100/100 [==============================] - 1s 11ms/step - loss: 0.5144 - acc: 0.8350
1000/1000 [==============================] - 30s 30ms/step - loss: 0.5189 - acc: 0.8287 - val_loss: 0.5144 - val_acc: 0.8350
Epoch 8/150
100/100 [==============================] - 1s 11ms/step - loss: 0.5402 - acc: 0.8220
1000/1000 [==============================] - 30s 30ms/step - loss: 0.5079 - acc: 0.8423 - val_loss: 0.5402 - val_acc: 0.8220
Epoch 9/150
100/100 [==============================] - 1s 11ms/step - loss: 0.5066 - acc: 0.8350
1000/1000 [==============================] - 29s 29ms/step - loss: 0.5134 - acc: 0.8347 - val_loss: 0.5066 - val_acc: 0.8350
Epoch 10/150
100/100 [==============================] - 1s 10ms/step - loss: 0.5064 - acc: 0.8360
1000/1000 [==============================] - 29s 29ms/step - loss: 0.4948 - acc: 0.8413 - val_loss: 0.5064 - val_acc: 0.8360
Epoch 11/150
100/100 [==============================] - 1s 10ms/step - loss: 0.4875 - acc: 0.8600
1000/1000 [==============================] - 30s 30ms/step - loss: 0.4839 - acc: 0.8513 - val_loss: 0.4875 - val_acc: 0.8600
Epoch 12/150
100/100 [==============================] - 1s 10ms/step - loss: 0.5117 - acc: 0.8330
1000/1000 [==============================] - 30s 30ms/step - loss: 0.4766 - acc: 0.8580 - val_loss: 0.5117 - val_acc: 0.8330
Epoch 13/150
100/100 [==============================] - 1s 11ms/step - loss: 0.4700 - acc: 0.8640
1000/1000 [==============================] - 30s 30ms/step - loss: 0.4937 - acc: 0.8487 - val_loss: 0.4700 - val_acc: 0.8640
Epoch 14/150
100/100 [==============================] - 1s 11ms/step - loss: 0.5235 - acc: 0.8270
1000/1000 [==============================] - 29s 29ms/step - loss: 0.4788 - acc: 0.8613 - val_loss: 0.5235 - val_acc: 0.8270
Epoch 15/150
100/100 [==============================] - 1s 11ms/step - loss: 0.5141 - acc: 0.8340
1000/1000 [==============================] - 29s 29ms/step - loss: 0.4887 - acc: 0.8553 - val_loss: 0.5141 - val_acc: 0.8340
Epoch 16/150
100/100 [==============================] - 1s 11ms/step - loss: 0.4968 - acc: 0.8450
1000/1000 [==============================] - 30s 30ms/step - loss: 0.4642 - acc: 0.8680 - val_loss: 0.4968 - val_acc: 0.8450
Epoch 17/150
100/100 [==============================] - 1s 11ms/step - loss: 0.4772 - acc: 0.8630
1000/1000 [==============================] - 30s 30ms/step - loss: 0.4841 - acc: 0.8563 - val_loss: 0.4772 - val_acc: 0.8630
Epoch 18/150
100/100 [==============================] - 1s 11ms/step - loss: 0.4871 - acc: 0.8500
1000/1000 [==============================] - 30s 30ms/step - loss: 0.4670 - acc: 0.8683 - val_loss: 0.4871 - val_acc: 0.8500
Epoch 19/150
100/100 [==============================] - 1s 11ms/step - loss: 0.4726 - acc: 0.8570
1000/1000 [==============================] - 30s 30ms/step - loss: 0.4614 - acc: 0.8730 - val_loss: 0.4726 - val_acc: 0.8570
Epoch 20/150
100/100 [==============================] - 1s 11ms/step - loss: 0.4669 - acc: 0.8660
1000/1000 [==============================] - 30s 30ms/step - loss: 0.4634 - acc: 0.8697 - val_loss: 0.4669 - val_acc: 0.8660
Epoch 21/150
100/100 [==============================] - 1s 11ms/step - loss: 0.5324 - acc: 0.8240
1000/1000 [==============================] - 30s 30ms/step - loss: 0.4754 - acc: 0.8627 - val_loss: 0.5324 - val_acc: 0.8240
Epoch 22/150
100/100 [==============================] - 1s 11ms/step - loss: 0.4644 - acc: 0.8580
1000/1000 [==============================] - 30s 30ms/step - loss: 0.4725 - acc: 0.8647 - val_loss: 0.4644 - val_acc: 0.8580
Epoch 23/150
100/100 [==============================] - 1s 11ms/step - loss: 0.4896 - acc: 0.8490
1000/1000 [==============================] - 30s 30ms/step - loss: 0.4591 - acc: 0.8643 - val_loss: 0.4896 - val_acc: 0.8490
Epoch 24/150
100/100 [==============================] - 1s 11ms/step - loss: 0.4954 - acc: 0.8410
1000/1000 [==============================] - 30s 30ms/step - loss: 0.4519 - acc: 0.8717 - val_loss: 0.4954 - val_acc: 0.8410
Epoch 25/150
100/100 [==============================] - 1s 11ms/step - loss: 0.4744 - acc: 0.8640
1000/1000 [==============================] - 30s 30ms/step - loss: 0.4467 - acc: 0.8737 - val_loss: 0.4744 - val_acc: 0.8640
Epoch 26/150
100/100 [==============================] - 1s 11ms/step - loss: 0.4822 - acc: 0.8670
1000/1000 [==============================] - 30s 30ms/step - loss: 0.4655 - acc: 0.8620 - val_loss: 0.4822 - val_acc: 0.8670
Epoch 27/150
100/100 [==============================] - 1s 11ms/step - loss: 0.5058 - acc: 0.8370
1000/1000 [==============================] - 30s 30ms/step - loss: 0.4570 - acc: 0.8723 - val_loss: 0.5058 - val_acc: 0.8370
Epoch 28/150
100/100 [==============================] - 1s 11ms/step - loss: 0.4671 - acc: 0.8650
1000/1000 [==============================] - 30s 30ms/step - loss: 0.4537 - acc: 0.8713 - val_loss: 0.4671 - val_acc: 0.8650
Epoch 29/150
100/100 [==============================] - 1s 11ms/step - loss: 0.4522 - acc: 0.8720
1000/1000 [==============================] - 30s 30ms/step - loss: 0.4522 - acc: 0.8750 - val_loss: 0.4522 - val_acc: 0.8720
Epoch 30/150
100/100 [==============================] - 1s 11ms/step - loss: 0.4852 - acc: 0.8550
1000/1000 [==============================] - 30s 30ms/step - loss: 0.4531 - acc: 0.8763 - val_loss: 0.4852 - val_acc: 0.8550
Epoch 31/150
100/100 [==============================] - 1s 11ms/step - loss: 0.4426 - acc: 0.8850
1000/1000 [==============================] - 30s 30ms/step - loss: 0.4640 - acc: 0.8667 - val_loss: 0.4426 - val_acc: 0.8850
Epoch 32/150
100/100 [==============================] - 1s 11ms/step - loss: 0.4783 - acc: 0.8590
1000/1000 [==============================] - 30s 30ms/step - loss: 0.4598 - acc: 0.8703 - val_loss: 0.4783 - val_acc: 0.8590
Epoch 33/150
100/100 [==============================] - 1s 11ms/step - loss: 0.4751 - acc: 0.8640
1000/1000 [==============================] - 30s 30ms/step - loss: 0.4538 - acc: 0.8733 - val_loss: 0.4751 - val_acc: 0.8640
Epoch 34/150
100/100 [==============================] - 1s 11ms/step - loss: 0.4797 - acc: 0.8650
1000/1000 [==============================] - 30s 30ms/step - loss: 0.4439 - acc: 0.8783 - val_loss: 0.4797 - val_acc: 0.8650
Epoch 35/150
100/100 [==============================] - 1s 11ms/step - loss: 0.4865 - acc: 0.8540
1000/1000 [==============================] - 30s 30ms/step - loss: 0.4450 - acc: 0.8733 - val_loss: 0.4865 - val_acc: 0.8540
Epoch 36/150
100/100 [==============================] - 1s 11ms/step - loss: 0.4630 - acc: 0.8640
1000/1000 [==============================] - 30s 30ms/step - loss: 0.4436 - acc: 0.8793 - val_loss: 0.4630 - val_acc: 0.8640
Epoch 37/150
100/100 [==============================] - 1s 11ms/step - loss: 0.4418 - acc: 0.8810
1000/1000 [==============================] - 30s 30ms/step - loss: 0.4428 - acc: 0.8803 - val_loss: 0.4418 - val_acc: 0.8810
Epoch 38/150
100/100 [==============================] - 1s 10ms/step - loss: 0.4675 - acc: 0.8700
1000/1000 [==============================] - 27s 27ms/step - loss: 0.4483 - acc: 0.8767 - val_loss: 0.4675 - val_acc: 0.8700
Epoch 39/150
100/100 [==============================] - 1s 10ms/step - loss: 0.4572 - acc: 0.8700
1000/1000 [==============================] - 27s 27ms/step - loss: 0.4372 - acc: 0.8820 - val_loss: 0.4572 - val_acc: 0.8700
Epoch 40/150
100/100 [==============================] - 1s 10ms/step - loss: 0.4470 - acc: 0.8750
1000/1000 [==============================] - 27s 27ms/step - loss: 0.4357 - acc: 0.8877 - val_loss: 0.4470 - val_acc: 0.8750
Epoch 41/150
100/100 [==============================] - 1s 10ms/step - loss: 0.4468 - acc: 0.8730
1000/1000 [==============================] - 27s 27ms/step - loss: 0.4373 - acc: 0.8820 - val_loss: 0.4468 - val_acc: 0.8730
Epoch 42/150
100/100 [==============================] - 1s 10ms/step - loss: 0.4524 - acc: 0.8720
1000/1000 [==============================] - 27s 27ms/step - loss: 0.4420 - acc: 0.8827 - val_loss: 0.4524 - val_acc: 0.8720
Epoch 43/150
100/100 [==============================] - 1s 9ms/step - loss: 0.4829 - acc: 0.8500
1000/1000 [==============================] - 26s 26ms/step - loss: 0.4391 - acc: 0.8810 - val_loss: 0.4829 - val_acc: 0.8500
Epoch 44/150
100/100 [==============================] - 1s 9ms/step - loss: 0.4503 - acc: 0.8790
1000/1000 [==============================] - 26s 26ms/step - loss: 0.4333 - acc: 0.8903 - val_loss: 0.4503 - val_acc: 0.8790
Epoch 45/150
100/100 [==============================] - 1s 10ms/step - loss: 0.4626 - acc: 0.8750
1000/1000 [==============================] - 26s 26ms/step - loss: 0.4306 - acc: 0.8897 - val_loss: 0.4626 - val_acc: 0.8750
Epoch 46/150
100/100 [==============================] - 1s 11ms/step - loss: 0.4885 - acc: 0.8600
1000/1000 [==============================] - 30s 30ms/step - loss: 0.4369 - acc: 0.8833 - val_loss: 0.4885 - val_acc: 0.8600
Epoch 47/150
100/100 [==============================] - 1s 11ms/step - loss: 0.4768 - acc: 0.8650
1000/1000 [==============================] - 30s 30ms/step - loss: 0.4276 - acc: 0.8917 - val_loss: 0.4768 - val_acc: 0.8650
Epoch 48/150
100/100 [==============================] - 1s 10ms/step - loss: 0.4277 - acc: 0.8880
1000/1000 [==============================] - 30s 30ms/step - loss: 0.4422 - acc: 0.8837 - val_loss: 0.4277 - val_acc: 0.8880
Epoch 49/150
100/100 [==============================] - 1s 11ms/step - loss: 0.4691 - acc: 0.8630
1000/1000 [==============================] - 30s 30ms/step - loss: 0.4369 - acc: 0.8833 - val_loss: 0.4691 - val_acc: 0.8630
Epoch 50/150
100/100 [==============================] - 1s 10ms/step - loss: 0.4521 - acc: 0.8760
1000/1000 [==============================] - 30s 30ms/step - loss: 0.4409 - acc: 0.8870 - val_loss: 0.4521 - val_acc: 0.8760
Epoch 51/150
100/100 [==============================] - 1s 11ms/step - loss: 0.4740 - acc: 0.8630
1000/1000 [==============================] - 30s 30ms/step - loss: 0.4344 - acc: 0.8883 - val_loss: 0.4740 - val_acc: 0.8630
Epoch 52/150
100/100 [==============================] - 1s 11ms/step - loss: 0.4694 - acc: 0.8730
1000/1000 [==============================] - 30s 30ms/step - loss: 0.4356 - acc: 0.8840 - val_loss: 0.4694 - val_acc: 0.8730
Epoch 53/150
100/100 [==============================] - 1s 11ms/step - loss: 0.4841 - acc: 0.8580
1000/1000 [==============================] - 30s 30ms/step - loss: 0.4314 - acc: 0.8847 - val_loss: 0.4841 - val_acc: 0.8580
Epoch 54/150
100/100 [==============================] - 1s 10ms/step - loss: 0.4654 - acc: 0.8720
1000/1000 [==============================] - 30s 30ms/step - loss: 0.4330 - acc: 0.8833 - val_loss: 0.4654 - val_acc: 0.8720
Epoch 55/150
100/100 [==============================] - 1s 11ms/step - loss: 0.4774 - acc: 0.8600
1000/1000 [==============================] - 30s 30ms/step - loss: 0.4366 - acc: 0.8890 - val_loss: 0.4774 - val_acc: 0.8600
Epoch 56/150
100/100 [==============================] - 1s 10ms/step - loss: 0.4560 - acc: 0.8750
1000/1000 [==============================] - 27s 27ms/step - loss: 0.4424 - acc: 0.8817 - val_loss: 0.4560 - val_acc: 0.8750
Epoch 57/150
100/100 [==============================] - 1s 10ms/step - loss: 0.4342 - acc: 0.8860
1000/1000 [==============================] - 30s 30ms/step - loss: 0.4154 - acc: 0.9013 - val_loss: 0.4342 - val_acc: 0.8860

real	28m1.325s
user	134m11.334s
sys	28m37.391s
