WARNING:tensorflow:From /usr/local/lib/python3.6/dist-packages/tensorflow/python/ops/resource_variable_ops.py:435: colocate_with (from tensorflow.python.framework.ops) is deprecated and will be removed in a future version.
Instructions for updating:
Colocations handled automatically by placer.
WARNING:tensorflow:From /usr/local/lib/python3.6/dist-packages/tensorflow/python/keras/backend.py:4010: calling dropout (from tensorflow.python.ops.nn_ops) with keep_prob is deprecated and will be removed in a future version.
Instructions for updating:
Please use `rate` instead of `keep_prob`. Rate should be set to `rate = 1 - keep_prob`.
WARNING:tensorflow:From /usr/local/lib/python3.6/dist-packages/tensorflow/python/ops/math_ops.py:3066: to_int32 (from tensorflow.python.ops.math_ops) is deprecated and will be removed in a future version.
Instructions for updating:
Use tf.cast instead.
2019-06-26 12:26:24.377018: I tensorflow/core/platform/profile_utils/cpu_utils.cc:94] CPU Frequency: 2593550000 Hz
2019-06-26 12:26:24.379065: I tensorflow/compiler/xla/service/service.cc:150] XLA service 0x28dac20 executing computations on platform Host. Devices:
2019-06-26 12:26:24.379095: I tensorflow/compiler/xla/service/service.cc:158]   StreamExecutor device (0): <undefined>, <undefined>
_________________________________________________________________
Layer (type)                 Output Shape              Param #   
=================================================================
input_2 (InputLayer)         (None, 512, 256)          0         
_________________________________________________________________
conv1d (Conv1D)              (None, 512, 16)           16400     
_________________________________________________________________
lstm (LSTM)                  (None, 16)                2112      
_________________________________________________________________
dense (Dense)                (None, 3)                 51        
_________________________________________________________________
activation (Activation)      (None, 3)                 0         
=================================================================
Total params: 18,563
Trainable params: 18,563
Non-trainable params: 0
_________________________________________________________________
Epoch 1/150
10/10 [==============================] - 2s 174ms/step - loss: 1.0943 - acc: 0.4700
100/100 [==============================] - 64s 643ms/step - loss: 1.0985 - acc: 0.3767 - val_loss: 1.0943 - val_acc: 0.4700
Epoch 2/150
10/10 [==============================] - 2s 152ms/step - loss: 1.0762 - acc: 0.4400
100/100 [==============================] - 62s 622ms/step - loss: 1.0789 - acc: 0.4167 - val_loss: 1.0762 - val_acc: 0.4400
Epoch 3/150
10/10 [==============================] - 2s 154ms/step - loss: 1.0268 - acc: 0.4600
100/100 [==============================] - 63s 627ms/step - loss: 1.0566 - acc: 0.4500 - val_loss: 1.0268 - val_acc: 0.4600
Epoch 4/150
10/10 [==============================] - 2s 156ms/step - loss: 1.0845 - acc: 0.3300
100/100 [==============================] - 63s 629ms/step - loss: 1.0675 - acc: 0.4367 - val_loss: 1.0845 - val_acc: 0.3300
Epoch 5/150
10/10 [==============================] - 2s 156ms/step - loss: 1.0240 - acc: 0.2900
100/100 [==============================] - 63s 629ms/step - loss: 1.0291 - acc: 0.4867 - val_loss: 1.0240 - val_acc: 0.2900
Epoch 6/150
10/10 [==============================] - 2s 156ms/step - loss: 1.0784 - acc: 0.3200
100/100 [==============================] - 63s 628ms/step - loss: 1.0285 - acc: 0.4700 - val_loss: 1.0784 - val_acc: 0.3200
Epoch 7/150
10/10 [==============================] - 2s 153ms/step - loss: 1.0427 - acc: 0.4300
100/100 [==============================] - 62s 618ms/step - loss: 0.9687 - acc: 0.5500 - val_loss: 1.0427 - val_acc: 0.4300
Epoch 8/150
10/10 [==============================] - 2s 155ms/step - loss: 1.0763 - acc: 0.3300
100/100 [==============================] - 63s 628ms/step - loss: 0.9402 - acc: 0.5500 - val_loss: 1.0763 - val_acc: 0.3300
Epoch 9/150
10/10 [==============================] - 2s 155ms/step - loss: 1.0600 - acc: 0.4500
100/100 [==============================] - 63s 627ms/step - loss: 0.9359 - acc: 0.5300 - val_loss: 1.0600 - val_acc: 0.4500
Epoch 10/150
10/10 [==============================] - 1s 146ms/step - loss: 1.0707 - acc: 0.4600
100/100 [==============================] - 63s 628ms/step - loss: 0.8766 - acc: 0.5867 - val_loss: 1.0707 - val_acc: 0.4600
Epoch 11/150
10/10 [==============================] - 2s 152ms/step - loss: 1.0111 - acc: 0.4200
100/100 [==============================] - 63s 631ms/step - loss: 0.9119 - acc: 0.5400 - val_loss: 1.0111 - val_acc: 0.4200
Epoch 12/150
10/10 [==============================] - 2s 154ms/step - loss: 1.1299 - acc: 0.3600
100/100 [==============================] - 63s 627ms/step - loss: 0.8587 - acc: 0.6067 - val_loss: 1.1299 - val_acc: 0.3600
Epoch 13/150
10/10 [==============================] - 2s 153ms/step - loss: 1.1202 - acc: 0.4200
100/100 [==============================] - 63s 626ms/step - loss: 0.8422 - acc: 0.6033 - val_loss: 1.1202 - val_acc: 0.4200
Epoch 14/150
10/10 [==============================] - 2s 154ms/step - loss: 1.1083 - acc: 0.3700
100/100 [==============================] - 63s 627ms/step - loss: 0.7869 - acc: 0.6733 - val_loss: 1.1083 - val_acc: 0.3700
Epoch 15/150
10/10 [==============================] - 1s 142ms/step - loss: 1.0651 - acc: 0.4500
100/100 [==============================] - 62s 621ms/step - loss: 0.7880 - acc: 0.6433 - val_loss: 1.0651 - val_acc: 0.4500
Epoch 16/150
10/10 [==============================] - 1s 149ms/step - loss: 1.0512 - acc: 0.4500
100/100 [==============================] - 63s 627ms/step - loss: 0.7367 - acc: 0.6500 - val_loss: 1.0512 - val_acc: 0.4500
Epoch 17/150
10/10 [==============================] - 1s 131ms/step - loss: 1.1635 - acc: 0.3700
100/100 [==============================] - 63s 626ms/step - loss: 0.7690 - acc: 0.6667 - val_loss: 1.1635 - val_acc: 0.3700
Epoch 18/150
10/10 [==============================] - 2s 155ms/step - loss: 1.1898 - acc: 0.3500
100/100 [==============================] - 63s 632ms/step - loss: 0.7559 - acc: 0.6567 - val_loss: 1.1898 - val_acc: 0.3500
Epoch 19/150
10/10 [==============================] - 2s 156ms/step - loss: 1.3080 - acc: 0.3200
100/100 [==============================] - 63s 634ms/step - loss: 0.7004 - acc: 0.6833 - val_loss: 1.3080 - val_acc: 0.3200
Epoch 20/150
10/10 [==============================] - 2s 154ms/step - loss: 1.1953 - acc: 0.4100
100/100 [==============================] - 62s 620ms/step - loss: 0.7218 - acc: 0.6867 - val_loss: 1.1953 - val_acc: 0.4100
Epoch 21/150
10/10 [==============================] - 2s 154ms/step - loss: 1.2265 - acc: 0.3100
100/100 [==============================] - 62s 623ms/step - loss: 0.6809 - acc: 0.7433 - val_loss: 1.2265 - val_acc: 0.3100
Epoch 22/150
10/10 [==============================] - 1s 131ms/step - loss: 1.2329 - acc: 0.4100
100/100 [==============================] - 60s 601ms/step - loss: 0.7019 - acc: 0.6933 - val_loss: 1.2329 - val_acc: 0.4100
Epoch 23/150
10/10 [==============================] - 1s 132ms/step - loss: 1.4037 - acc: 0.3800
100/100 [==============================] - 57s 567ms/step - loss: 0.6519 - acc: 0.7233 - val_loss: 1.4037 - val_acc: 0.3800
Epoch 24/150
10/10 [==============================] - 1s 128ms/step - loss: 1.4773 - acc: 0.3700
100/100 [==============================] - 56s 564ms/step - loss: 0.6057 - acc: 0.7333 - val_loss: 1.4773 - val_acc: 0.3700
Epoch 25/150
10/10 [==============================] - 1s 124ms/step - loss: 1.3991 - acc: 0.3200
100/100 [==============================] - 54s 540ms/step - loss: 0.6351 - acc: 0.7400 - val_loss: 1.3991 - val_acc: 0.3200
Epoch 26/150
10/10 [==============================] - 1s 129ms/step - loss: 1.3494 - acc: 0.3800
100/100 [==============================] - 60s 596ms/step - loss: 0.6396 - acc: 0.7500 - val_loss: 1.3494 - val_acc: 0.3800
Epoch 27/150
10/10 [==============================] - 2s 153ms/step - loss: 1.3244 - acc: 0.3600
100/100 [==============================] - 61s 608ms/step - loss: 0.5475 - acc: 0.7833 - val_loss: 1.3244 - val_acc: 0.3600
Epoch 28/150
10/10 [==============================] - 2s 151ms/step - loss: 1.4576 - acc: 0.4000
100/100 [==============================] - 63s 628ms/step - loss: 0.6266 - acc: 0.7700 - val_loss: 1.4576 - val_acc: 0.4000
Epoch 29/150
10/10 [==============================] - 2s 151ms/step - loss: 1.2432 - acc: 0.3900
100/100 [==============================] - 61s 611ms/step - loss: 0.5025 - acc: 0.7900 - val_loss: 1.2432 - val_acc: 0.3900
Epoch 30/150
10/10 [==============================] - 2s 153ms/step - loss: 1.5351 - acc: 0.3500
100/100 [==============================] - 63s 626ms/step - loss: 0.5162 - acc: 0.8067 - val_loss: 1.5351 - val_acc: 0.3500
Epoch 31/150
10/10 [==============================] - 1s 126ms/step - loss: 1.3786 - acc: 0.4400
100/100 [==============================] - 60s 598ms/step - loss: 0.4431 - acc: 0.8067 - val_loss: 1.3786 - val_acc: 0.4400
Epoch 32/150
10/10 [==============================] - 2s 155ms/step - loss: 1.3890 - acc: 0.3800
100/100 [==============================] - 61s 609ms/step - loss: 0.4362 - acc: 0.8367 - val_loss: 1.3890 - val_acc: 0.3800
Epoch 33/150
10/10 [==============================] - 2s 154ms/step - loss: 1.6125 - acc: 0.2800
100/100 [==============================] - 60s 602ms/step - loss: 0.4973 - acc: 0.7967 - val_loss: 1.6125 - val_acc: 0.2800
Epoch 34/150
10/10 [==============================] - 2s 153ms/step - loss: 1.5319 - acc: 0.3900
100/100 [==============================] - 61s 613ms/step - loss: 0.4394 - acc: 0.8433 - val_loss: 1.5319 - val_acc: 0.3900
Epoch 35/150
10/10 [==============================] - 1s 130ms/step - loss: 1.3923 - acc: 0.5100
100/100 [==============================] - 62s 621ms/step - loss: 0.3588 - acc: 0.8800 - val_loss: 1.3923 - val_acc: 0.5100
Epoch 36/150
10/10 [==============================] - 1s 150ms/step - loss: 1.7336 - acc: 0.4300
100/100 [==============================] - 62s 617ms/step - loss: 0.3781 - acc: 0.8567 - val_loss: 1.7336 - val_acc: 0.4300
Epoch 37/150
10/10 [==============================] - 2s 156ms/step - loss: 1.5999 - acc: 0.3900
100/100 [==============================] - 63s 626ms/step - loss: 0.4125 - acc: 0.8500 - val_loss: 1.5999 - val_acc: 0.3900
Epoch 38/150
10/10 [==============================] - 2s 151ms/step - loss: 1.2973 - acc: 0.4600
100/100 [==============================] - 63s 629ms/step - loss: 0.4646 - acc: 0.8100 - val_loss: 1.2973 - val_acc: 0.4600
Epoch 39/150
10/10 [==============================] - 2s 156ms/step - loss: 2.0973 - acc: 0.2600
100/100 [==============================] - 63s 631ms/step - loss: 0.4516 - acc: 0.8100 - val_loss: 2.0973 - val_acc: 0.2600
Epoch 40/150
10/10 [==============================] - 2s 155ms/step - loss: 1.3491 - acc: 0.4300
100/100 [==============================] - 63s 629ms/step - loss: 0.3353 - acc: 0.8800 - val_loss: 1.3491 - val_acc: 0.4300
Epoch 41/150
10/10 [==============================] - 2s 154ms/step - loss: 1.4224 - acc: 0.4600
100/100 [==============================] - 63s 627ms/step - loss: 0.3511 - acc: 0.9033 - val_loss: 1.4224 - val_acc: 0.4600

real	42m16.564s
user	162m36.582s
sys	49m40.105s
