WARNING:tensorflow:From /usr/local/lib/python3.6/dist-packages/tensorflow/python/ops/resource_variable_ops.py:435: colocate_with (from tensorflow.python.framework.ops) is deprecated and will be removed in a future version.
Instructions for updating:
Colocations handled automatically by placer.
WARNING:tensorflow:From /usr/local/lib/python3.6/dist-packages/tensorflow/python/ops/math_ops.py:3066: to_int32 (from tensorflow.python.ops.math_ops) is deprecated and will be removed in a future version.
Instructions for updating:
Use tf.cast instead.
2019-06-26 13:54:26.911069: I tensorflow/core/platform/profile_utils/cpu_utils.cc:94] CPU Frequency: 2593550000 Hz
2019-06-26 13:54:26.913176: I tensorflow/compiler/xla/service/service.cc:150] XLA service 0x2ae6fc0 executing computations on platform Host. Devices:
2019-06-26 13:54:26.913204: I tensorflow/compiler/xla/service/service.cc:158]   StreamExecutor device (0): <undefined>, <undefined>
_________________________________________________________________
Layer (type)                 Output Shape              Param #   
=================================================================
input_1 (InputLayer)         (None, 512, 256)          0         
_________________________________________________________________
conv1d (Conv1D)              (None, 31, 3)             24579     
_________________________________________________________________
lstm (LSTM)                  (None, 3)                 84        
_________________________________________________________________
activation (Activation)      (None, 3)                 0         
=================================================================
Total params: 24,663
Trainable params: 24,663
Non-trainable params: 0
_________________________________________________________________
Epoch 1/150
100/100 [==============================] - 2s 15ms/step - loss: 0.2805 - acc: 0.9870
1000/1000 [==============================] - 49s 49ms/step - loss: 0.4202 - acc: 0.9467 - val_loss: 0.2805 - val_acc: 0.9870

real	0m52.940s
user	2m56.150s
sys	0m52.025s
