WARNING:tensorflow:From /usr/local/lib/python3.6/dist-packages/tensorflow/python/ops/resource_variable_ops.py:435: colocate_with (from tensorflow.python.framework.ops) is deprecated and will be removed in a future version.
Instructions for updating:
Colocations handled automatically by placer.
WARNING:tensorflow:From /usr/local/lib/python3.6/dist-packages/tensorflow/python/keras/backend.py:4010: calling dropout (from tensorflow.python.ops.nn_ops) with keep_prob is deprecated and will be removed in a future version.
Instructions for updating:
Please use `rate` instead of `keep_prob`. Rate should be set to `rate = 1 - keep_prob`.
WARNING:tensorflow:From /usr/local/lib/python3.6/dist-packages/tensorflow/python/ops/math_ops.py:3066: to_int32 (from tensorflow.python.ops.math_ops) is deprecated and will be removed in a future version.
Instructions for updating:
Use tf.cast instead.
2019-06-26 08:51:48.459057: I tensorflow/core/platform/profile_utils/cpu_utils.cc:94] CPU Frequency: 2593550000 Hz
2019-06-26 08:51:48.460788: I tensorflow/compiler/xla/service/service.cc:150] XLA service 0x41eae30 executing computations on platform Host. Devices:
2019-06-26 08:51:48.460811: I tensorflow/compiler/xla/service/service.cc:158]   StreamExecutor device (0): <undefined>, <undefined>
100/100 [==============================] - 4s 37ms/sample - loss: 1.1575 - acc: 0.3600
100/100 [==============================] - 3s 30ms/sample - loss: 1.0969 - acc: 0.3600
100/100 [==============================] - 3s 29ms/sample - loss: 1.1158 - acc: 0.3400
100/100 [==============================] - 3s 30ms/sample - loss: 1.1077 - acc: 0.3400
100/100 [==============================] - 3s 30ms/sample - loss: 1.0920 - acc: 0.3000
100/100 [==============================] - 3s 31ms/sample - loss: 1.0831 - acc: 0.4200
100/100 [==============================] - 3s 32ms/sample - loss: 1.0603 - acc: 0.4400
100/100 [==============================] - 3s 35ms/sample - loss: 1.0741 - acc: 0.3300
100/100 [==============================] - 3s 35ms/sample - loss: 1.0466 - acc: 0.5500
100/100 [==============================] - 3s 35ms/sample - loss: 1.0613 - acc: 0.4500
100/100 [==============================] - 4s 35ms/sample - loss: 1.0573 - acc: 0.4500
100/100 [==============================] - 3s 35ms/sample - loss: 1.0932 - acc: 0.3600
100/100 [==============================] - 3s 34ms/sample - loss: 1.0844 - acc: 0.4300
100/100 [==============================] - 4s 35ms/sample - loss: 1.0291 - acc: 0.5400
100/100 [==============================] - 4s 36ms/sample - loss: 1.0075 - acc: 0.5600
100/100 [==============================] - 4s 35ms/sample - loss: 1.0184 - acc: 0.4800
100/100 [==============================] - 4s 35ms/sample - loss: 1.0107 - acc: 0.5100
100/100 [==============================] - 4s 35ms/sample - loss: 0.9767 - acc: 0.5100
100/100 [==============================] - 4s 35ms/sample - loss: 0.9290 - acc: 0.6000
100/100 [==============================] - 3s 35ms/sample - loss: 1.0015 - acc: 0.4700
100/100 [==============================] - 4s 35ms/sample - loss: 0.9445 - acc: 0.5800
100/100 [==============================] - 3s 35ms/sample - loss: 0.9721 - acc: 0.5500
100/100 [==============================] - 3s 35ms/sample - loss: 1.0055 - acc: 0.4900
100/100 [==============================] - 4s 35ms/sample - loss: 0.9438 - acc: 0.5300
100/100 [==============================] - 3s 34ms/sample - loss: 0.9013 - acc: 0.6300
100/100 [==============================] - 3s 35ms/sample - loss: 0.9750 - acc: 0.4600
100/100 [==============================] - 3s 35ms/sample - loss: 0.8836 - acc: 0.6200
100/100 [==============================] - 3s 35ms/sample - loss: 0.8853 - acc: 0.5700
100/100 [==============================] - 3s 35ms/sample - loss: 0.9357 - acc: 0.4900
100/100 [==============================] - 3s 35ms/sample - loss: 0.9227 - acc: 0.5100
100/100 [==============================] - 4s 35ms/sample - loss: 0.8606 - acc: 0.5900
100/100 [==============================] - 4s 35ms/sample - loss: 0.8910 - acc: 0.5800
100/100 [==============================] - 3s 35ms/sample - loss: 0.8722 - acc: 0.5900
100/100 [==============================] - 3s 35ms/sample - loss: 0.8238 - acc: 0.6500
100/100 [==============================] - 3s 35ms/sample - loss: 0.8499 - acc: 0.6400
100/100 [==============================] - 4s 35ms/sample - loss: 0.8642 - acc: 0.6100
100/100 [==============================] - 3s 35ms/sample - loss: 0.8528 - acc: 0.6100
100/100 [==============================] - 4s 35ms/sample - loss: 0.7764 - acc: 0.6800
100/100 [==============================] - 4s 35ms/sample - loss: 0.8354 - acc: 0.6000
100/100 [==============================] - 3s 35ms/sample - loss: 0.7840 - acc: 0.6400
100/100 [==============================] - 3s 35ms/sample - loss: 0.8970 - acc: 0.5200
100/100 [==============================] - 4s 35ms/sample - loss: 0.8367 - acc: 0.6500
100/100 [==============================] - 3s 35ms/sample - loss: 0.7692 - acc: 0.6400
100/100 [==============================] - 4s 35ms/sample - loss: 0.7689 - acc: 0.6100
100/100 [==============================] - 4s 35ms/sample - loss: 0.7892 - acc: 0.6000
100/100 [==============================] - 3s 35ms/sample - loss: 0.7637 - acc: 0.6600
100/100 [==============================] - 3s 34ms/sample - loss: 0.8216 - acc: 0.6000
100/100 [==============================] - 4s 35ms/sample - loss: 0.7220 - acc: 0.7000
100/100 [==============================] - 4s 35ms/sample - loss: 0.7106 - acc: 0.7200
100/100 [==============================] - 4s 36ms/sample - loss: 0.7245 - acc: 0.7000
100/100 [==============================] - 4s 35ms/sample - loss: 0.7787 - acc: 0.5900
100/100 [==============================] - 3s 35ms/sample - loss: 0.7044 - acc: 0.7000
100/100 [==============================] - 4s 35ms/sample - loss: 0.7011 - acc: 0.7400
100/100 [==============================] - 4s 35ms/sample - loss: 0.7568 - acc: 0.6600
100/100 [==============================] - 4s 35ms/sample - loss: 0.6096 - acc: 0.7700
100/100 [==============================] - 3s 35ms/sample - loss: 0.6264 - acc: 0.7400
100/100 [==============================] - 3s 34ms/sample - loss: 0.7087 - acc: 0.7200
100/100 [==============================] - 3s 35ms/sample - loss: 0.6807 - acc: 0.7300
100/100 [==============================] - 3s 35ms/sample - loss: 0.6414 - acc: 0.7700
100/100 [==============================] - 4s 35ms/sample - loss: 0.7437 - acc: 0.6600
100/100 [==============================] - 4s 35ms/sample - loss: 0.6505 - acc: 0.7700
100/100 [==============================] - 4s 35ms/sample - loss: 0.7567 - acc: 0.6700
100/100 [==============================] - 3s 35ms/sample - loss: 0.6062 - acc: 0.7300
100/100 [==============================] - 3s 35ms/sample - loss: 0.6001 - acc: 0.7700
100/100 [==============================] - 4s 35ms/sample - loss: 0.6657 - acc: 0.7100
100/100 [==============================] - 3s 35ms/sample - loss: 0.6197 - acc: 0.7300
100/100 [==============================] - 3s 35ms/sample - loss: 0.6748 - acc: 0.7000
100/100 [==============================] - 4s 35ms/sample - loss: 0.6485 - acc: 0.7800
100/100 [==============================] - 3s 35ms/sample - loss: 0.6402 - acc: 0.7700
100/100 [==============================] - 4s 35ms/sample - loss: 0.6748 - acc: 0.7200
100/100 [==============================] - 4s 35ms/sample - loss: 0.6722 - acc: 0.7600
100/100 [==============================] - 4s 35ms/sample - loss: 0.6642 - acc: 0.7500
100/100 [==============================] - 3s 35ms/sample - loss: 0.5459 - acc: 0.8000
100/100 [==============================] - 4s 35ms/sample - loss: 0.6381 - acc: 0.7200
100/100 [==============================] - 4s 35ms/sample - loss: 0.5967 - acc: 0.7800
100/100 [==============================] - 3s 35ms/sample - loss: 0.5872 - acc: 0.7600
100/100 [==============================] - 3s 35ms/sample - loss: 0.4988 - acc: 0.8000
100/100 [==============================] - 3s 35ms/sample - loss: 0.5114 - acc: 0.8100
100/100 [==============================] - 4s 35ms/sample - loss: 0.7187 - acc: 0.7100
100/100 [==============================] - 3s 35ms/sample - loss: 0.5913 - acc: 0.8200
100/100 [==============================] - 4s 35ms/sample - loss: 0.6084 - acc: 0.7800
100/100 [==============================] - 4s 35ms/sample - loss: 0.6539 - acc: 0.7600
100/100 [==============================] - 3s 35ms/sample - loss: 0.5697 - acc: 0.8000
100/100 [==============================] - 3s 35ms/sample - loss: 0.5410 - acc: 0.8100
100/100 [==============================] - 3s 35ms/sample - loss: 0.5754 - acc: 0.8100
100/100 [==============================] - 3s 35ms/sample - loss: 0.5972 - acc: 0.8100
100/100 [==============================] - 3s 35ms/sample - loss: 0.4576 - acc: 0.8500
100/100 [==============================] - 4s 35ms/sample - loss: 0.5908 - acc: 0.7600
100/100 [==============================] - 3s 35ms/sample - loss: 0.5075 - acc: 0.8200
100/100 [==============================] - 3s 35ms/sample - loss: 0.4580 - acc: 0.8700
100/100 [==============================] - 4s 35ms/sample - loss: 0.4935 - acc: 0.8500
100/100 [==============================] - 3s 35ms/sample - loss: 0.5190 - acc: 0.7700
100/100 [==============================] - 4s 35ms/sample - loss: 0.5445 - acc: 0.7900
100/100 [==============================] - 4s 35ms/sample - loss: 0.5812 - acc: 0.8100
100/100 [==============================] - 4s 35ms/sample - loss: 0.5995 - acc: 0.7800
100/100 [==============================] - 4s 35ms/sample - loss: 0.5405 - acc: 0.8100
100/100 [==============================] - 3s 35ms/sample - loss: 0.4630 - acc: 0.8800
100/100 [==============================] - 4s 35ms/sample - loss: 0.4376 - acc: 0.8700
100/100 [==============================] - 3s 35ms/sample - loss: 0.4759 - acc: 0.8100
100/100 [==============================] - 4s 35ms/sample - loss: 0.5348 - acc: 0.7900
100/100 [==============================] - 4s 35ms/sample - loss: 0.4176 - acc: 0.8800
100/100 [==============================] - 4s 35ms/sample - loss: 0.5177 - acc: 0.8800
100/100 [==============================] - 4s 35ms/sample - loss: 0.5055 - acc: 0.8300
100/100 [==============================] - 3s 35ms/sample - loss: 0.5135 - acc: 0.8200
100/100 [==============================] - 4s 35ms/sample - loss: 0.5429 - acc: 0.8300
100/100 [==============================] - 3s 35ms/sample - loss: 0.4806 - acc: 0.8500
100/100 [==============================] - 4s 35ms/sample - loss: 0.4778 - acc: 0.8300
100/100 [==============================] - 4s 35ms/sample - loss: 0.4015 - acc: 0.8700
100/100 [==============================] - 3s 35ms/sample - loss: 0.3413 - acc: 0.9200

real	6m39.237s
user	23m33.179s
sys	6m56.844s
