WARNING:tensorflow:From /usr/local/lib/python3.6/dist-packages/tensorflow/python/ops/resource_variable_ops.py:435: colocate_with (from tensorflow.python.framework.ops) is deprecated and will be removed in a future version.
Instructions for updating:
Colocations handled automatically by placer.
WARNING:tensorflow:From /usr/local/lib/python3.6/dist-packages/tensorflow/python/keras/backend.py:4010: calling dropout (from tensorflow.python.ops.nn_ops) with keep_prob is deprecated and will be removed in a future version.
Instructions for updating:
Please use `rate` instead of `keep_prob`. Rate should be set to `rate = 1 - keep_prob`.
WARNING:tensorflow:From /usr/local/lib/python3.6/dist-packages/tensorflow/python/ops/math_ops.py:3066: to_int32 (from tensorflow.python.ops.math_ops) is deprecated and will be removed in a future version.
Instructions for updating:
Use tf.cast instead.
2019-06-26 09:27:36.506988: I tensorflow/core/platform/profile_utils/cpu_utils.cc:94] CPU Frequency: 2593550000 Hz
2019-06-26 09:27:36.508973: I tensorflow/compiler/xla/service/service.cc:150] XLA service 0x24d1a20 executing computations on platform Host. Devices:
2019-06-26 09:27:36.508999: I tensorflow/compiler/xla/service/service.cc:158]   StreamExecutor device (0): <undefined>, <undefined>
_________________________________________________________________
Layer (type)                 Output Shape              Param #   
=================================================================
input_2 (InputLayer)         (None, 512, 256)          0         
_________________________________________________________________
conv1d (Conv1D)              (None, 512, 16)           16400     
_________________________________________________________________
max_pooling1d (MaxPooling1D) (None, 256, 16)           0         
_________________________________________________________________
lstm (LSTM)                  (None, 16)                2112      
_________________________________________________________________
dense (Dense)                (None, 3)                 51        
_________________________________________________________________
activation (Activation)      (None, 3)                 0         
=================================================================
Total params: 18,563
Trainable params: 18,563
Non-trainable params: 0
_________________________________________________________________
Epoch 1/150
10/10 [==============================] - 1s 90ms/step - loss: 1.1065 - acc: 0.2800
100/100 [==============================] - 31s 306ms/step - loss: 1.2078 - acc: 0.3467 - val_loss: 1.1065 - val_acc: 0.2800
Epoch 2/150
10/10 [==============================] - 1s 74ms/step - loss: 1.0987 - acc: 0.3400
100/100 [==============================] - 30s 297ms/step - loss: 1.0635 - acc: 0.4467 - val_loss: 1.0987 - val_acc: 0.3400
Epoch 3/150
10/10 [==============================] - 1s 73ms/step - loss: 1.0867 - acc: 0.3300
100/100 [==============================] - 29s 294ms/step - loss: 1.0345 - acc: 0.4433 - val_loss: 1.0867 - val_acc: 0.3300
Epoch 4/150
10/10 [==============================] - 1s 70ms/step - loss: 1.0786 - acc: 0.4300
100/100 [==============================] - 30s 295ms/step - loss: 0.9948 - acc: 0.5133 - val_loss: 1.0786 - val_acc: 0.4300
Epoch 5/150
10/10 [==============================] - 1s 75ms/step - loss: 1.2293 - acc: 0.4000
100/100 [==============================] - 30s 295ms/step - loss: 0.9003 - acc: 0.5533 - val_loss: 1.2293 - val_acc: 0.4000
Epoch 6/150
10/10 [==============================] - 1s 74ms/step - loss: 1.2934 - acc: 0.2800
100/100 [==============================] - 29s 295ms/step - loss: 0.8455 - acc: 0.6000 - val_loss: 1.2934 - val_acc: 0.2800
Epoch 7/150
10/10 [==============================] - 1s 74ms/step - loss: 1.1482 - acc: 0.3300
100/100 [==============================] - 29s 294ms/step - loss: 0.8671 - acc: 0.6133 - val_loss: 1.1482 - val_acc: 0.3300
Epoch 8/150
10/10 [==============================] - 1s 74ms/step - loss: 1.2184 - acc: 0.3700
100/100 [==============================] - 29s 294ms/step - loss: 0.8004 - acc: 0.6300 - val_loss: 1.2184 - val_acc: 0.3700
Epoch 9/150
10/10 [==============================] - 1s 73ms/step - loss: 1.1487 - acc: 0.3700
100/100 [==============================] - 29s 294ms/step - loss: 0.7608 - acc: 0.6300 - val_loss: 1.1487 - val_acc: 0.3700
Epoch 10/150
10/10 [==============================] - 1s 69ms/step - loss: 1.4652 - acc: 0.2800
100/100 [==============================] - 29s 292ms/step - loss: 0.7561 - acc: 0.6667 - val_loss: 1.4652 - val_acc: 0.2800
Epoch 11/150
10/10 [==============================] - 1s 74ms/step - loss: 1.2921 - acc: 0.3800
100/100 [==============================] - 29s 294ms/step - loss: 0.7342 - acc: 0.6600 - val_loss: 1.2921 - val_acc: 0.3800
Epoch 12/150
10/10 [==============================] - 1s 74ms/step - loss: 1.3211 - acc: 0.4300
100/100 [==============================] - 29s 293ms/step - loss: 0.6227 - acc: 0.7200 - val_loss: 1.3211 - val_acc: 0.4300
Epoch 13/150
10/10 [==============================] - 1s 73ms/step - loss: 1.4044 - acc: 0.3700
100/100 [==============================] - 29s 293ms/step - loss: 0.6032 - acc: 0.7600 - val_loss: 1.4044 - val_acc: 0.3700
Epoch 14/150
10/10 [==============================] - 1s 75ms/step - loss: 1.2866 - acc: 0.4100
100/100 [==============================] - 29s 293ms/step - loss: 0.6617 - acc: 0.7367 - val_loss: 1.2866 - val_acc: 0.4100
Epoch 15/150
10/10 [==============================] - 1s 70ms/step - loss: 1.4042 - acc: 0.3700
100/100 [==============================] - 29s 294ms/step - loss: 0.6170 - acc: 0.7400 - val_loss: 1.4042 - val_acc: 0.3700
Epoch 16/150
10/10 [==============================] - 1s 76ms/step - loss: 1.4556 - acc: 0.3700
100/100 [==============================] - 30s 295ms/step - loss: 0.5862 - acc: 0.7300 - val_loss: 1.4556 - val_acc: 0.3700
Epoch 17/150
10/10 [==============================] - 1s 69ms/step - loss: 1.4999 - acc: 0.3800
100/100 [==============================] - 29s 292ms/step - loss: 0.5700 - acc: 0.7567 - val_loss: 1.4999 - val_acc: 0.3800
Epoch 18/150
10/10 [==============================] - 1s 75ms/step - loss: 1.4831 - acc: 0.4000
100/100 [==============================] - 29s 294ms/step - loss: 0.5661 - acc: 0.7600 - val_loss: 1.4831 - val_acc: 0.4000
Epoch 19/150
10/10 [==============================] - 1s 69ms/step - loss: 1.4441 - acc: 0.3700
100/100 [==============================] - 29s 293ms/step - loss: 0.5504 - acc: 0.7767 - val_loss: 1.4441 - val_acc: 0.3700
Epoch 20/150
10/10 [==============================] - 1s 70ms/step - loss: 1.4262 - acc: 0.4300
100/100 [==============================] - 29s 294ms/step - loss: 0.4921 - acc: 0.7867 - val_loss: 1.4262 - val_acc: 0.4300
Epoch 21/150
10/10 [==============================] - 1s 75ms/step - loss: 1.5493 - acc: 0.4100
100/100 [==============================] - 29s 294ms/step - loss: 0.4024 - acc: 0.8400 - val_loss: 1.5493 - val_acc: 0.4100
Epoch 22/150
10/10 [==============================] - 1s 75ms/step - loss: 1.7589 - acc: 0.3500
100/100 [==============================] - 30s 296ms/step - loss: 0.4585 - acc: 0.8367 - val_loss: 1.7589 - val_acc: 0.3500
Epoch 23/150
10/10 [==============================] - 1s 75ms/step - loss: 1.7782 - acc: 0.3400
100/100 [==============================] - 29s 295ms/step - loss: 0.4280 - acc: 0.8367 - val_loss: 1.7782 - val_acc: 0.3400
Epoch 24/150
10/10 [==============================] - 1s 76ms/step - loss: 1.9100 - acc: 0.3400
100/100 [==============================] - 30s 296ms/step - loss: 0.4172 - acc: 0.8433 - val_loss: 1.9100 - val_acc: 0.3400
Epoch 25/150
10/10 [==============================] - 1s 75ms/step - loss: 1.9066 - acc: 0.3200
100/100 [==============================] - 30s 297ms/step - loss: 0.3744 - acc: 0.8767 - val_loss: 1.9066 - val_acc: 0.3200
Epoch 26/150
10/10 [==============================] - 1s 74ms/step - loss: 2.2116 - acc: 0.2700
100/100 [==============================] - 30s 296ms/step - loss: 0.3852 - acc: 0.8500 - val_loss: 2.2116 - val_acc: 0.2700
Epoch 27/150
10/10 [==============================] - 1s 74ms/step - loss: 2.0016 - acc: 0.3400
100/100 [==============================] - 30s 296ms/step - loss: 0.3391 - acc: 0.8767 - val_loss: 2.0016 - val_acc: 0.3400
Epoch 28/150
10/10 [==============================] - 1s 75ms/step - loss: 1.9126 - acc: 0.2800
100/100 [==============================] - 30s 296ms/step - loss: 0.4002 - acc: 0.8367 - val_loss: 1.9126 - val_acc: 0.2800
Epoch 29/150
10/10 [==============================] - 1s 75ms/step - loss: 1.7308 - acc: 0.4100
100/100 [==============================] - 30s 295ms/step - loss: 0.3380 - acc: 0.9100 - val_loss: 1.7308 - val_acc: 0.4100

real	14m19.693s
user	54m50.008s
sys	16m42.653s
