WARNING:tensorflow:From /usr/local/lib/python3.6/dist-packages/tensorflow/python/ops/resource_variable_ops.py:435: colocate_with (from tensorflow.python.framework.ops) is deprecated and will be removed in a future version.
Instructions for updating:
Colocations handled automatically by placer.
WARNING:tensorflow:From /usr/local/lib/python3.6/dist-packages/tensorflow/python/ops/math_ops.py:3066: to_int32 (from tensorflow.python.ops.math_ops) is deprecated and will be removed in a future version.
Instructions for updating:
Use tf.cast instead.
2019-06-27 10:15:48.269856: I tensorflow/core/platform/profile_utils/cpu_utils.cc:94] CPU Frequency: 2593550000 Hz
2019-06-27 10:15:48.271988: I tensorflow/compiler/xla/service/service.cc:150] XLA service 0x338fd90 executing computations on platform Host. Devices:
2019-06-27 10:15:48.272012: I tensorflow/compiler/xla/service/service.cc:158]   StreamExecutor device (0): <undefined>, <undefined>
_________________________________________________________________
Layer (type)                 Output Shape              Param #   
=================================================================
input_1 (InputLayer)         (None, 512, 256)          0         
_________________________________________________________________
conv1d (Conv1D)              (None, 32, 256)           1048832   
_________________________________________________________________
lstm (LSTM)                  (None, 3)                 3120      
_________________________________________________________________
activation (Activation)      (None, 3)                 0         
=================================================================
Total params: 1,051,952
Trainable params: 1,051,952
Non-trainable params: 0
_________________________________________________________________
Epoch 1/150
100/100 [==============================] - 2s 16ms/step - loss: 0.9018 - acc: 0.6050
1000/1000 [==============================] - 42s 42ms/step - loss: 0.9737 - acc: 0.5283 - val_loss: 0.9018 - val_acc: 0.6050
Epoch 2/150
100/100 [==============================] - 1s 14ms/step - loss: 0.8471 - acc: 0.6450
1000/1000 [==============================] - 38s 38ms/step - loss: 0.8585 - acc: 0.6287 - val_loss: 0.8471 - val_acc: 0.6450
Epoch 3/150
100/100 [==============================] - 1s 14ms/step - loss: 0.8076 - acc: 0.6750
1000/1000 [==============================] - 38s 38ms/step - loss: 0.8207 - acc: 0.6517 - val_loss: 0.8076 - val_acc: 0.6750
Epoch 4/150
100/100 [==============================] - 1s 14ms/step - loss: 0.7765 - acc: 0.6920
1000/1000 [==============================] - 38s 38ms/step - loss: 0.7784 - acc: 0.6827 - val_loss: 0.7765 - val_acc: 0.6920
Epoch 5/150
100/100 [==============================] - 1s 14ms/step - loss: 0.7512 - acc: 0.7030
1000/1000 [==============================] - 38s 38ms/step - loss: 0.7389 - acc: 0.7073 - val_loss: 0.7512 - val_acc: 0.7030
Epoch 6/150
100/100 [==============================] - 1s 14ms/step - loss: 0.7303 - acc: 0.7070
1000/1000 [==============================] - 39s 39ms/step - loss: 0.7421 - acc: 0.7100 - val_loss: 0.7303 - val_acc: 0.7070
Epoch 7/150
100/100 [==============================] - 1s 14ms/step - loss: 0.7336 - acc: 0.7140
1000/1000 [==============================] - 38s 38ms/step - loss: 0.7477 - acc: 0.7033 - val_loss: 0.7336 - val_acc: 0.7140
Epoch 8/150
100/100 [==============================] - 1s 14ms/step - loss: 0.7566 - acc: 0.6960
1000/1000 [==============================] - 39s 39ms/step - loss: 0.7340 - acc: 0.7057 - val_loss: 0.7566 - val_acc: 0.6960
Epoch 9/150
100/100 [==============================] - 1s 14ms/step - loss: 0.7394 - acc: 0.7130
1000/1000 [==============================] - 38s 38ms/step - loss: 0.7414 - acc: 0.7130 - val_loss: 0.7394 - val_acc: 0.7130
Epoch 10/150
100/100 [==============================] - 1s 13ms/step - loss: 0.7589 - acc: 0.6900
1000/1000 [==============================] - 39s 39ms/step - loss: 0.7239 - acc: 0.7250 - val_loss: 0.7589 - val_acc: 0.6900
Epoch 11/150
100/100 [==============================] - 1s 14ms/step - loss: 0.7393 - acc: 0.7060
1000/1000 [==============================] - 38s 38ms/step - loss: 0.7268 - acc: 0.7167 - val_loss: 0.7393 - val_acc: 0.7060
Epoch 12/150
100/100 [==============================] - 1s 14ms/step - loss: 0.8150 - acc: 0.6620
1000/1000 [==============================] - 39s 39ms/step - loss: 0.7183 - acc: 0.7233 - val_loss: 0.8150 - val_acc: 0.6620
Epoch 13/150
100/100 [==============================] - 1s 14ms/step - loss: 0.7562 - acc: 0.6940
1000/1000 [==============================] - 39s 39ms/step - loss: 0.7338 - acc: 0.7167 - val_loss: 0.7562 - val_acc: 0.6940
Epoch 14/150
100/100 [==============================] - 1s 14ms/step - loss: 0.7326 - acc: 0.7180
1000/1000 [==============================] - 38s 38ms/step - loss: 0.7031 - acc: 0.7387 - val_loss: 0.7326 - val_acc: 0.7180
Epoch 15/150
100/100 [==============================] - 1s 14ms/step - loss: 0.7564 - acc: 0.7020
1000/1000 [==============================] - 39s 39ms/step - loss: 0.7081 - acc: 0.7407 - val_loss: 0.7564 - val_acc: 0.7020
Epoch 16/150
100/100 [==============================] - 1s 14ms/step - loss: 0.7266 - acc: 0.7150
1000/1000 [==============================] - 38s 38ms/step - loss: 0.7288 - acc: 0.7183 - val_loss: 0.7266 - val_acc: 0.7150
Epoch 17/150
100/100 [==============================] - 1s 13ms/step - loss: 0.7526 - acc: 0.7060
1000/1000 [==============================] - 38s 38ms/step - loss: 0.7059 - acc: 0.7297 - val_loss: 0.7526 - val_acc: 0.7060
Epoch 18/150
100/100 [==============================] - 1s 14ms/step - loss: 0.7055 - acc: 0.7250
1000/1000 [==============================] - 38s 38ms/step - loss: 0.7065 - acc: 0.7270 - val_loss: 0.7055 - val_acc: 0.7250
Epoch 19/150
100/100 [==============================] - 1s 14ms/step - loss: 0.7071 - acc: 0.7250
1000/1000 [==============================] - 38s 38ms/step - loss: 0.7105 - acc: 0.7217 - val_loss: 0.7071 - val_acc: 0.7250
Epoch 20/150
100/100 [==============================] - 1s 14ms/step - loss: 0.6973 - acc: 0.7340
1000/1000 [==============================] - 38s 38ms/step - loss: 0.6910 - acc: 0.7403 - val_loss: 0.6973 - val_acc: 0.7340
Epoch 21/150
100/100 [==============================] - 1s 13ms/step - loss: 0.7311 - acc: 0.7260
1000/1000 [==============================] - 38s 38ms/step - loss: 0.7144 - acc: 0.7287 - val_loss: 0.7311 - val_acc: 0.7260
Epoch 22/150
100/100 [==============================] - 1s 14ms/step - loss: 0.7036 - acc: 0.7240
1000/1000 [==============================] - 38s 38ms/step - loss: 0.7003 - acc: 0.7330 - val_loss: 0.7036 - val_acc: 0.7240
Epoch 23/150
100/100 [==============================] - 1s 14ms/step - loss: 0.7511 - acc: 0.7150
1000/1000 [==============================] - 38s 38ms/step - loss: 0.6982 - acc: 0.7423 - val_loss: 0.7511 - val_acc: 0.7150
Epoch 24/150
100/100 [==============================] - 1s 14ms/step - loss: 0.7142 - acc: 0.7230
1000/1000 [==============================] - 39s 39ms/step - loss: 0.6898 - acc: 0.7423 - val_loss: 0.7142 - val_acc: 0.7230
Epoch 25/150
100/100 [==============================] - 1s 14ms/step - loss: 0.7102 - acc: 0.7170
1000/1000 [==============================] - 38s 38ms/step - loss: 0.7278 - acc: 0.7207 - val_loss: 0.7102 - val_acc: 0.7170
Epoch 26/150
100/100 [==============================] - 1s 14ms/step - loss: 0.7141 - acc: 0.7330
1000/1000 [==============================] - 39s 39ms/step - loss: 0.6996 - acc: 0.7330 - val_loss: 0.7141 - val_acc: 0.7330
Epoch 27/150
100/100 [==============================] - 1s 13ms/step - loss: 0.7327 - acc: 0.7240
1000/1000 [==============================] - 39s 39ms/step - loss: 0.7025 - acc: 0.7360 - val_loss: 0.7327 - val_acc: 0.7240
Epoch 28/150
100/100 [==============================] - 1s 14ms/step - loss: 0.7022 - acc: 0.7270
1000/1000 [==============================] - 39s 39ms/step - loss: 0.6950 - acc: 0.7463 - val_loss: 0.7022 - val_acc: 0.7270
Epoch 29/150
100/100 [==============================] - 1s 14ms/step - loss: 0.7400 - acc: 0.7020
1000/1000 [==============================] - 39s 39ms/step - loss: 0.6886 - acc: 0.7497 - val_loss: 0.7400 - val_acc: 0.7020
Epoch 30/150
100/100 [==============================] - 1s 14ms/step - loss: 0.6965 - acc: 0.7350
1000/1000 [==============================] - 39s 39ms/step - loss: 0.6886 - acc: 0.7493 - val_loss: 0.6965 - val_acc: 0.7350
Epoch 31/150
100/100 [==============================] - 1s 14ms/step - loss: 0.7091 - acc: 0.7290
1000/1000 [==============================] - 39s 39ms/step - loss: 0.6754 - acc: 0.7537 - val_loss: 0.7091 - val_acc: 0.7290
Epoch 32/150
100/100 [==============================] - 1s 13ms/step - loss: 0.6881 - acc: 0.7460
1000/1000 [==============================] - 39s 39ms/step - loss: 0.6947 - acc: 0.7373 - val_loss: 0.6881 - val_acc: 0.7460
Epoch 33/150
100/100 [==============================] - 1s 13ms/step - loss: 0.7419 - acc: 0.7120
1000/1000 [==============================] - 39s 39ms/step - loss: 0.6750 - acc: 0.7550 - val_loss: 0.7419 - val_acc: 0.7120
Epoch 34/150
100/100 [==============================] - 1s 14ms/step - loss: 0.7315 - acc: 0.7330
1000/1000 [==============================] - 39s 39ms/step - loss: 0.6947 - acc: 0.7437 - val_loss: 0.7315 - val_acc: 0.7330
Epoch 35/150
100/100 [==============================] - 1s 14ms/step - loss: 0.7377 - acc: 0.7150
1000/1000 [==============================] - 39s 39ms/step - loss: 0.6969 - acc: 0.7457 - val_loss: 0.7377 - val_acc: 0.7150
Epoch 36/150
100/100 [==============================] - 1s 14ms/step - loss: 0.7399 - acc: 0.7240
1000/1000 [==============================] - 38s 38ms/step - loss: 0.7082 - acc: 0.7370 - val_loss: 0.7399 - val_acc: 0.7240
Epoch 37/150
100/100 [==============================] - 1s 14ms/step - loss: 0.7150 - acc: 0.7290
1000/1000 [==============================] - 39s 39ms/step - loss: 0.6989 - acc: 0.7537 - val_loss: 0.7150 - val_acc: 0.7290
Epoch 38/150
100/100 [==============================] - 1s 14ms/step - loss: 0.7083 - acc: 0.7330
1000/1000 [==============================] - 38s 38ms/step - loss: 0.7046 - acc: 0.7373 - val_loss: 0.7083 - val_acc: 0.7330
Epoch 39/150
100/100 [==============================] - 1s 14ms/step - loss: 0.7000 - acc: 0.7290
1000/1000 [==============================] - 39s 39ms/step - loss: 0.6796 - acc: 0.7547 - val_loss: 0.7000 - val_acc: 0.7290
Epoch 40/150
100/100 [==============================] - 1s 14ms/step - loss: 0.7101 - acc: 0.7300
1000/1000 [==============================] - 39s 39ms/step - loss: 0.7010 - acc: 0.7300 - val_loss: 0.7101 - val_acc: 0.7300
Epoch 41/150
100/100 [==============================] - 1s 14ms/step - loss: 0.6703 - acc: 0.7520
1000/1000 [==============================] - 39s 39ms/step - loss: 0.7014 - acc: 0.7347 - val_loss: 0.6703 - val_acc: 0.7520
Epoch 42/150
100/100 [==============================] - 1s 14ms/step - loss: 0.7365 - acc: 0.7010
1000/1000 [==============================] - 39s 39ms/step - loss: 0.6849 - acc: 0.7463 - val_loss: 0.7365 - val_acc: 0.7010
Epoch 43/150
100/100 [==============================] - 1s 15ms/step - loss: 0.7193 - acc: 0.7230
1000/1000 [==============================] - 39s 39ms/step - loss: 0.6962 - acc: 0.7387 - val_loss: 0.7193 - val_acc: 0.7230
Epoch 44/150
100/100 [==============================] - 1s 14ms/step - loss: 0.6991 - acc: 0.7460
1000/1000 [==============================] - 39s 39ms/step - loss: 0.6907 - acc: 0.7513 - val_loss: 0.6991 - val_acc: 0.7460
Epoch 45/150
100/100 [==============================] - 1s 14ms/step - loss: 0.6891 - acc: 0.7400
1000/1000 [==============================] - 39s 39ms/step - loss: 0.6775 - acc: 0.7617 - val_loss: 0.6891 - val_acc: 0.7400
Epoch 46/150
100/100 [==============================] - 1s 14ms/step - loss: 0.6997 - acc: 0.7290
1000/1000 [==============================] - 39s 39ms/step - loss: 0.6791 - acc: 0.7563 - val_loss: 0.6997 - val_acc: 0.7290
Epoch 47/150
100/100 [==============================] - 1s 14ms/step - loss: 0.6823 - acc: 0.7570
1000/1000 [==============================] - 39s 39ms/step - loss: 0.6929 - acc: 0.7407 - val_loss: 0.6823 - val_acc: 0.7570
Epoch 48/150
100/100 [==============================] - 1s 13ms/step - loss: 0.7274 - acc: 0.7150
1000/1000 [==============================] - 38s 38ms/step - loss: 0.6771 - acc: 0.7513 - val_loss: 0.7274 - val_acc: 0.7150
Epoch 49/150
100/100 [==============================] - 1s 14ms/step - loss: 0.6872 - acc: 0.7450
1000/1000 [==============================] - 39s 39ms/step - loss: 0.6790 - acc: 0.7493 - val_loss: 0.6872 - val_acc: 0.7450
Epoch 50/150
100/100 [==============================] - 1s 13ms/step - loss: 0.6994 - acc: 0.7460
1000/1000 [==============================] - 38s 38ms/step - loss: 0.7006 - acc: 0.7427 - val_loss: 0.6994 - val_acc: 0.7460
Epoch 51/150
100/100 [==============================] - 1s 14ms/step - loss: 0.7080 - acc: 0.7310
1000/1000 [==============================] - 38s 38ms/step - loss: 0.6900 - acc: 0.7487 - val_loss: 0.7080 - val_acc: 0.7310
Epoch 52/150
100/100 [==============================] - 2s 16ms/step - loss: 0.6991 - acc: 0.7420
1000/1000 [==============================] - 40s 40ms/step - loss: 0.6714 - acc: 0.7647 - val_loss: 0.6991 - val_acc: 0.7420
Epoch 53/150
100/100 [==============================] - 1s 14ms/step - loss: 0.7250 - acc: 0.7290
1000/1000 [==============================] - 44s 44ms/step - loss: 0.6800 - acc: 0.7473 - val_loss: 0.7250 - val_acc: 0.7290
Epoch 54/150
100/100 [==============================] - 1s 14ms/step - loss: 0.7022 - acc: 0.7370
1000/1000 [==============================] - 45s 45ms/step - loss: 0.6975 - acc: 0.7467 - val_loss: 0.7022 - val_acc: 0.7370
Epoch 55/150
100/100 [==============================] - 1s 13ms/step - loss: 0.6851 - acc: 0.7510
1000/1000 [==============================] - 45s 45ms/step - loss: 0.6754 - acc: 0.7490 - val_loss: 0.6851 - val_acc: 0.7510
Epoch 56/150
100/100 [==============================] - 1s 13ms/step - loss: 0.7186 - acc: 0.7300
1000/1000 [==============================] - 43s 43ms/step - loss: 0.6839 - acc: 0.7547 - val_loss: 0.7186 - val_acc: 0.7300
Epoch 57/150
100/100 [==============================] - 1s 14ms/step - loss: 0.7249 - acc: 0.7360
1000/1000 [==============================] - 39s 39ms/step - loss: 0.7111 - acc: 0.7310 - val_loss: 0.7249 - val_acc: 0.7360
Epoch 58/150
100/100 [==============================] - 1s 14ms/step - loss: 0.6807 - acc: 0.7560
1000/1000 [==============================] - 45s 45ms/step - loss: 0.6739 - acc: 0.7607 - val_loss: 0.6807 - val_acc: 0.7560
Epoch 59/150
100/100 [==============================] - 1s 14ms/step - loss: 0.7130 - acc: 0.7470
1000/1000 [==============================] - 48s 48ms/step - loss: 0.6880 - acc: 0.7517 - val_loss: 0.7130 - val_acc: 0.7470
Epoch 60/150
100/100 [==============================] - 1s 14ms/step - loss: 0.7224 - acc: 0.7160
1000/1000 [==============================] - 48s 48ms/step - loss: 0.6726 - acc: 0.7533 - val_loss: 0.7224 - val_acc: 0.7160
Epoch 61/150
100/100 [==============================] - 1s 14ms/step - loss: 0.7089 - acc: 0.7320
1000/1000 [==============================] - 41s 41ms/step - loss: 0.6771 - acc: 0.7597 - val_loss: 0.7089 - val_acc: 0.7320
Epoch 62/150
100/100 [==============================] - 1s 14ms/step - loss: 0.7109 - acc: 0.7280
1000/1000 [==============================] - 48s 48ms/step - loss: 0.6832 - acc: 0.7547 - val_loss: 0.7109 - val_acc: 0.7280
Epoch 63/150
100/100 [==============================] - 1s 14ms/step - loss: 0.7198 - acc: 0.7280
1000/1000 [==============================] - 48s 48ms/step - loss: 0.6726 - acc: 0.7613 - val_loss: 0.7198 - val_acc: 0.7280
Epoch 64/150
100/100 [==============================] - 1s 14ms/step - loss: 0.7269 - acc: 0.7170
1000/1000 [==============================] - 49s 49ms/step - loss: 0.6888 - acc: 0.7453 - val_loss: 0.7269 - val_acc: 0.7170
Epoch 65/150
100/100 [==============================] - 1s 14ms/step - loss: 0.6776 - acc: 0.7500
1000/1000 [==============================] - 49s 49ms/step - loss: 0.6919 - acc: 0.7433 - val_loss: 0.6776 - val_acc: 0.7500
Epoch 66/150
100/100 [==============================] - 1s 14ms/step - loss: 0.7006 - acc: 0.7390
1000/1000 [==============================] - 49s 49ms/step - loss: 0.6774 - acc: 0.7540 - val_loss: 0.7006 - val_acc: 0.7390
Epoch 67/150
100/100 [==============================] - 1s 14ms/step - loss: 0.6770 - acc: 0.7540
1000/1000 [==============================] - 48s 48ms/step - loss: 0.6886 - acc: 0.7470 - val_loss: 0.6770 - val_acc: 0.7540
Epoch 68/150
100/100 [==============================] - 1s 14ms/step - loss: 0.7069 - acc: 0.7460
1000/1000 [==============================] - 48s 48ms/step - loss: 0.6968 - acc: 0.7407 - val_loss: 0.7069 - val_acc: 0.7460
Epoch 69/150
100/100 [==============================] - 1s 14ms/step - loss: 0.7291 - acc: 0.7040
1000/1000 [==============================] - 48s 48ms/step - loss: 0.6968 - acc: 0.7453 - val_loss: 0.7291 - val_acc: 0.7040
Epoch 70/150
100/100 [==============================] - 1s 14ms/step - loss: 0.7060 - acc: 0.7330
1000/1000 [==============================] - 49s 49ms/step - loss: 0.6684 - acc: 0.7607 - val_loss: 0.7060 - val_acc: 0.7330
Epoch 71/150
100/100 [==============================] - 1s 14ms/step - loss: 0.6750 - acc: 0.7580
1000/1000 [==============================] - 49s 49ms/step - loss: 0.6767 - acc: 0.7483 - val_loss: 0.6750 - val_acc: 0.7580
Epoch 72/150
100/100 [==============================] - 1s 14ms/step - loss: 0.7186 - acc: 0.7250
1000/1000 [==============================] - 45s 45ms/step - loss: 0.6953 - acc: 0.7407 - val_loss: 0.7186 - val_acc: 0.7250
Epoch 73/150
100/100 [==============================] - 1s 13ms/step - loss: 0.6937 - acc: 0.7470
1000/1000 [==============================] - 45s 45ms/step - loss: 0.6873 - acc: 0.7443 - val_loss: 0.6937 - val_acc: 0.7470
Epoch 74/150
100/100 [==============================] - 1s 14ms/step - loss: 0.7136 - acc: 0.7410
1000/1000 [==============================] - 48s 48ms/step - loss: 0.6925 - acc: 0.7397 - val_loss: 0.7136 - val_acc: 0.7410
Epoch 75/150
100/100 [==============================] - 1s 14ms/step - loss: 0.6792 - acc: 0.7410
1000/1000 [==============================] - 48s 48ms/step - loss: 0.6767 - acc: 0.7537 - val_loss: 0.6792 - val_acc: 0.7410
Epoch 76/150
100/100 [==============================] - 1s 14ms/step - loss: 0.7061 - acc: 0.7430
1000/1000 [==============================] - 45s 45ms/step - loss: 0.6796 - acc: 0.7583 - val_loss: 0.7061 - val_acc: 0.7430
Epoch 77/150
100/100 [==============================] - 1s 14ms/step - loss: 0.6853 - acc: 0.7530
1000/1000 [==============================] - 43s 43ms/step - loss: 0.6783 - acc: 0.7427 - val_loss: 0.6853 - val_acc: 0.7530
Epoch 78/150
100/100 [==============================] - 1s 14ms/step - loss: 0.7233 - acc: 0.7230
1000/1000 [==============================] - 40s 40ms/step - loss: 0.6971 - acc: 0.7390 - val_loss: 0.7233 - val_acc: 0.7230
Epoch 79/150
100/100 [==============================] - 1s 14ms/step - loss: 0.6759 - acc: 0.7570
1000/1000 [==============================] - 38s 38ms/step - loss: 0.6743 - acc: 0.7507 - val_loss: 0.6759 - val_acc: 0.7570
Epoch 80/150
100/100 [==============================] - 1s 14ms/step - loss: 0.6883 - acc: 0.7340
1000/1000 [==============================] - 42s 42ms/step - loss: 0.6767 - acc: 0.7647 - val_loss: 0.6883 - val_acc: 0.7340
Epoch 81/150
100/100 [==============================] - 1s 14ms/step - loss: 0.7240 - acc: 0.7170
1000/1000 [==============================] - 48s 48ms/step - loss: 0.6808 - acc: 0.7570 - val_loss: 0.7240 - val_acc: 0.7170
Epoch 82/150
100/100 [==============================] - 1s 14ms/step - loss: 0.7036 - acc: 0.7340
1000/1000 [==============================] - 48s 48ms/step - loss: 0.6960 - acc: 0.7467 - val_loss: 0.7036 - val_acc: 0.7340
Epoch 83/150
100/100 [==============================] - 1s 13ms/step - loss: 0.6927 - acc: 0.7520
1000/1000 [==============================] - 45s 45ms/step - loss: 0.6880 - acc: 0.7600 - val_loss: 0.6927 - val_acc: 0.7520
Epoch 84/150
100/100 [==============================] - 1s 13ms/step - loss: 0.6741 - acc: 0.7650
1000/1000 [==============================] - 45s 45ms/step - loss: 0.6815 - acc: 0.7580 - val_loss: 0.6741 - val_acc: 0.7650
Epoch 85/150
100/100 [==============================] - 1s 13ms/step - loss: 0.7409 - acc: 0.7100
1000/1000 [==============================] - 45s 45ms/step - loss: 0.6903 - acc: 0.7517 - val_loss: 0.7409 - val_acc: 0.7100
Epoch 86/150
100/100 [==============================] - 1s 14ms/step - loss: 0.6782 - acc: 0.7660
1000/1000 [==============================] - 45s 45ms/step - loss: 0.7048 - acc: 0.7490 - val_loss: 0.6782 - val_acc: 0.7660
Epoch 87/150
100/100 [==============================] - 1s 14ms/step - loss: 0.7145 - acc: 0.7440
1000/1000 [==============================] - 45s 45ms/step - loss: 0.6879 - acc: 0.7537 - val_loss: 0.7145 - val_acc: 0.7440
Epoch 88/150
100/100 [==============================] - 1s 14ms/step - loss: 0.7149 - acc: 0.7280
1000/1000 [==============================] - 45s 45ms/step - loss: 0.6875 - acc: 0.7563 - val_loss: 0.7149 - val_acc: 0.7280
Epoch 89/150
100/100 [==============================] - 1s 13ms/step - loss: 0.7241 - acc: 0.7300
1000/1000 [==============================] - 45s 45ms/step - loss: 0.6989 - acc: 0.7423 - val_loss: 0.7241 - val_acc: 0.7300
Epoch 90/150
100/100 [==============================] - 1s 13ms/step - loss: 0.7087 - acc: 0.7320
1000/1000 [==============================] - 45s 45ms/step - loss: 0.6892 - acc: 0.7517 - val_loss: 0.7087 - val_acc: 0.7320
Epoch 91/150
100/100 [==============================] - 1s 14ms/step - loss: 0.7188 - acc: 0.7300
1000/1000 [==============================] - 45s 45ms/step - loss: 0.6836 - acc: 0.7480 - val_loss: 0.7188 - val_acc: 0.7300
Epoch 92/150
100/100 [==============================] - 1s 13ms/step - loss: 0.7108 - acc: 0.7390
1000/1000 [==============================] - 46s 46ms/step - loss: 0.6941 - acc: 0.7430 - val_loss: 0.7108 - val_acc: 0.7390
Epoch 93/150
100/100 [==============================] - 1s 14ms/step - loss: 0.7015 - acc: 0.7460
1000/1000 [==============================] - 46s 46ms/step - loss: 0.6812 - acc: 0.7540 - val_loss: 0.7015 - val_acc: 0.7460
Epoch 94/150
100/100 [==============================] - 1s 14ms/step - loss: 0.7054 - acc: 0.7290
1000/1000 [==============================] - 46s 46ms/step - loss: 0.6938 - acc: 0.7407 - val_loss: 0.7054 - val_acc: 0.7290
Epoch 95/150
100/100 [==============================] - 1s 13ms/step - loss: 0.6884 - acc: 0.7440
1000/1000 [==============================] - 46s 46ms/step - loss: 0.6786 - acc: 0.7497 - val_loss: 0.6884 - val_acc: 0.7440
Epoch 96/150
100/100 [==============================] - 1s 14ms/step - loss: 0.6623 - acc: 0.7590
1000/1000 [==============================] - 46s 46ms/step - loss: 0.6953 - acc: 0.7457 - val_loss: 0.6623 - val_acc: 0.7590
Epoch 97/150
100/100 [==============================] - 1s 13ms/step - loss: 0.7126 - acc: 0.7470
1000/1000 [==============================] - 45s 45ms/step - loss: 0.6768 - acc: 0.7607 - val_loss: 0.7126 - val_acc: 0.7470
Epoch 98/150
100/100 [==============================] - 1s 13ms/step - loss: 0.6977 - acc: 0.7300
1000/1000 [==============================] - 45s 45ms/step - loss: 0.7012 - acc: 0.7437 - val_loss: 0.6977 - val_acc: 0.7300
Epoch 99/150
100/100 [==============================] - 1s 13ms/step - loss: 0.6844 - acc: 0.7560
1000/1000 [==============================] - 45s 45ms/step - loss: 0.6667 - acc: 0.7617 - val_loss: 0.6844 - val_acc: 0.7560
Epoch 100/150
100/100 [==============================] - 1s 14ms/step - loss: 0.6929 - acc: 0.7370
1000/1000 [==============================] - 46s 46ms/step - loss: 0.6781 - acc: 0.7590 - val_loss: 0.6929 - val_acc: 0.7370
Epoch 101/150
100/100 [==============================] - 1s 14ms/step - loss: 0.7084 - acc: 0.7190
1000/1000 [==============================] - 49s 49ms/step - loss: 0.6835 - acc: 0.7510 - val_loss: 0.7084 - val_acc: 0.7190
Epoch 102/150
100/100 [==============================] - 1s 14ms/step - loss: 0.6714 - acc: 0.7560
1000/1000 [==============================] - 49s 49ms/step - loss: 0.6884 - acc: 0.7507 - val_loss: 0.6714 - val_acc: 0.7560
Epoch 103/150
100/100 [==============================] - 1s 14ms/step - loss: 0.7059 - acc: 0.7330
1000/1000 [==============================] - 49s 49ms/step - loss: 0.6687 - acc: 0.7570 - val_loss: 0.7059 - val_acc: 0.7330
Epoch 104/150
100/100 [==============================] - 1s 14ms/step - loss: 0.7001 - acc: 0.7370
1000/1000 [==============================] - 48s 48ms/step - loss: 0.6651 - acc: 0.7580 - val_loss: 0.7001 - val_acc: 0.7370
Epoch 105/150
100/100 [==============================] - 1s 14ms/step - loss: 0.7111 - acc: 0.7400
1000/1000 [==============================] - 48s 48ms/step - loss: 0.6512 - acc: 0.7597 - val_loss: 0.7111 - val_acc: 0.7400
Epoch 106/150
100/100 [==============================] - 1s 14ms/step - loss: 0.7026 - acc: 0.7460
1000/1000 [==============================] - 48s 48ms/step - loss: 0.6794 - acc: 0.7543 - val_loss: 0.7026 - val_acc: 0.7460
Epoch 107/150
100/100 [==============================] - 1s 14ms/step - loss: 0.6797 - acc: 0.7430
1000/1000 [==============================] - 47s 47ms/step - loss: 0.7071 - acc: 0.7337 - val_loss: 0.6797 - val_acc: 0.7430
Epoch 108/150
100/100 [==============================] - 1s 14ms/step - loss: 0.6900 - acc: 0.7480
1000/1000 [==============================] - 48s 48ms/step - loss: 0.6814 - acc: 0.7603 - val_loss: 0.6900 - val_acc: 0.7480
Epoch 109/150
100/100 [==============================] - 1s 14ms/step - loss: 0.7014 - acc: 0.7390
1000/1000 [==============================] - 48s 48ms/step - loss: 0.6851 - acc: 0.7590 - val_loss: 0.7014 - val_acc: 0.7390
Epoch 110/150
100/100 [==============================] - 1s 14ms/step - loss: 0.6981 - acc: 0.7370
1000/1000 [==============================] - 48s 48ms/step - loss: 0.6701 - acc: 0.7680 - val_loss: 0.6981 - val_acc: 0.7370
Epoch 111/150
100/100 [==============================] - 1s 14ms/step - loss: 0.7028 - acc: 0.7480
1000/1000 [==============================] - 48s 48ms/step - loss: 0.6936 - acc: 0.7530 - val_loss: 0.7028 - val_acc: 0.7480
Epoch 112/150
100/100 [==============================] - 1s 14ms/step - loss: 0.6914 - acc: 0.7640
1000/1000 [==============================] - 47s 47ms/step - loss: 0.6957 - acc: 0.7480 - val_loss: 0.6914 - val_acc: 0.7640
Epoch 113/150
100/100 [==============================] - 1s 13ms/step - loss: 0.6957 - acc: 0.7430
1000/1000 [==============================] - 48s 48ms/step - loss: 0.6950 - acc: 0.7520 - val_loss: 0.6957 - val_acc: 0.7430
Epoch 114/150
100/100 [==============================] - 1s 14ms/step - loss: 0.7211 - acc: 0.7260
1000/1000 [==============================] - 48s 48ms/step - loss: 0.6841 - acc: 0.7433 - val_loss: 0.7211 - val_acc: 0.7260
Epoch 115/150
100/100 [==============================] - 1s 13ms/step - loss: 0.6858 - acc: 0.7440
1000/1000 [==============================] - 48s 48ms/step - loss: 0.6866 - acc: 0.7477 - val_loss: 0.6858 - val_acc: 0.7440
Epoch 116/150
100/100 [==============================] - 1s 14ms/step - loss: 0.7040 - acc: 0.7240
1000/1000 [==============================] - 48s 48ms/step - loss: 0.6838 - acc: 0.7490 - val_loss: 0.7040 - val_acc: 0.7240
Epoch 117/150
100/100 [==============================] - 1s 13ms/step - loss: 0.7039 - acc: 0.7440
1000/1000 [==============================] - 48s 48ms/step - loss: 0.6963 - acc: 0.7430 - val_loss: 0.7039 - val_acc: 0.7440
Epoch 118/150
100/100 [==============================] - 1s 14ms/step - loss: 0.7233 - acc: 0.7250
1000/1000 [==============================] - 48s 48ms/step - loss: 0.6698 - acc: 0.7663 - val_loss: 0.7233 - val_acc: 0.7250
Epoch 119/150
100/100 [==============================] - 1s 14ms/step - loss: 0.6950 - acc: 0.7440
1000/1000 [==============================] - 47s 47ms/step - loss: 0.6892 - acc: 0.7497 - val_loss: 0.6950 - val_acc: 0.7440
Epoch 120/150
100/100 [==============================] - 1s 14ms/step - loss: 0.7058 - acc: 0.7370
1000/1000 [==============================] - 48s 48ms/step - loss: 0.6736 - acc: 0.7560 - val_loss: 0.7058 - val_acc: 0.7370
Epoch 121/150
100/100 [==============================] - 1s 14ms/step - loss: 0.6963 - acc: 0.7440
1000/1000 [==============================] - 48s 48ms/step - loss: 0.6908 - acc: 0.7510 - val_loss: 0.6963 - val_acc: 0.7440
Epoch 122/150
100/100 [==============================] - 1s 14ms/step - loss: 0.6966 - acc: 0.7350
1000/1000 [==============================] - 49s 49ms/step - loss: 0.6733 - acc: 0.7600 - val_loss: 0.6966 - val_acc: 0.7350
Epoch 123/150
100/100 [==============================] - 1s 14ms/step - loss: 0.7075 - acc: 0.7430
1000/1000 [==============================] - 49s 49ms/step - loss: 0.6782 - acc: 0.7513 - val_loss: 0.7075 - val_acc: 0.7430
Epoch 124/150
100/100 [==============================] - 1s 14ms/step - loss: 0.7261 - acc: 0.7310
1000/1000 [==============================] - 49s 49ms/step - loss: 0.6744 - acc: 0.7540 - val_loss: 0.7261 - val_acc: 0.7310
Epoch 125/150
100/100 [==============================] - 1s 14ms/step - loss: 0.7237 - acc: 0.7300
1000/1000 [==============================] - 46s 46ms/step - loss: 0.6848 - acc: 0.7533 - val_loss: 0.7237 - val_acc: 0.7300
Epoch 126/150
100/100 [==============================] - 1s 14ms/step - loss: 0.7145 - acc: 0.7340
1000/1000 [==============================] - 45s 45ms/step - loss: 0.6804 - acc: 0.7547 - val_loss: 0.7145 - val_acc: 0.7340
Epoch 127/150
100/100 [==============================] - 1s 13ms/step - loss: 0.6753 - acc: 0.7530
1000/1000 [==============================] - 45s 45ms/step - loss: 0.6673 - acc: 0.7677 - val_loss: 0.6753 - val_acc: 0.7530
Epoch 128/150
100/100 [==============================] - 1s 14ms/step - loss: 0.7177 - acc: 0.7310
1000/1000 [==============================] - 46s 46ms/step - loss: 0.6767 - acc: 0.7540 - val_loss: 0.7177 - val_acc: 0.7310
Epoch 129/150
100/100 [==============================] - 1s 14ms/step - loss: 0.7298 - acc: 0.7200
1000/1000 [==============================] - 45s 45ms/step - loss: 0.6720 - acc: 0.7563 - val_loss: 0.7298 - val_acc: 0.7200
Epoch 130/150
100/100 [==============================] - 1s 14ms/step - loss: 0.7189 - acc: 0.7230
1000/1000 [==============================] - 44s 44ms/step - loss: 0.6796 - acc: 0.7493 - val_loss: 0.7189 - val_acc: 0.7230
Epoch 131/150
100/100 [==============================] - 1s 14ms/step - loss: 0.7067 - acc: 0.7400
1000/1000 [==============================] - 44s 44ms/step - loss: 0.6869 - acc: 0.7497 - val_loss: 0.7067 - val_acc: 0.7400
Epoch 132/150
100/100 [==============================] - 1s 14ms/step - loss: 0.6732 - acc: 0.7510
1000/1000 [==============================] - 43s 43ms/step - loss: 0.6780 - acc: 0.7583 - val_loss: 0.6732 - val_acc: 0.7510
Epoch 133/150
100/100 [==============================] - 1s 13ms/step - loss: 0.7085 - acc: 0.7300
1000/1000 [==============================] - 43s 43ms/step - loss: 0.6810 - acc: 0.7523 - val_loss: 0.7085 - val_acc: 0.7300
Epoch 134/150
100/100 [==============================] - 1s 14ms/step - loss: 0.7192 - acc: 0.7280
1000/1000 [==============================] - 42s 42ms/step - loss: 0.6738 - acc: 0.7570 - val_loss: 0.7192 - val_acc: 0.7280
Epoch 135/150
100/100 [==============================] - 1s 14ms/step - loss: 0.7044 - acc: 0.7370
1000/1000 [==============================] - 45s 45ms/step - loss: 0.6801 - acc: 0.7527 - val_loss: 0.7044 - val_acc: 0.7370
Epoch 136/150
100/100 [==============================] - 1s 14ms/step - loss: 0.7000 - acc: 0.7330
1000/1000 [==============================] - 47s 47ms/step - loss: 0.6776 - acc: 0.7580 - val_loss: 0.7000 - val_acc: 0.7330
Epoch 137/150
100/100 [==============================] - 1s 14ms/step - loss: 0.6880 - acc: 0.7480
1000/1000 [==============================] - 48s 48ms/step - loss: 0.6866 - acc: 0.7557 - val_loss: 0.6880 - val_acc: 0.7480
Epoch 138/150
100/100 [==============================] - 1s 14ms/step - loss: 0.6891 - acc: 0.7380
1000/1000 [==============================] - 49s 49ms/step - loss: 0.6878 - acc: 0.7433 - val_loss: 0.6891 - val_acc: 0.7380
Epoch 139/150
100/100 [==============================] - 1s 14ms/step - loss: 0.7296 - acc: 0.7280
1000/1000 [==============================] - 48s 48ms/step - loss: 0.6880 - acc: 0.7543 - val_loss: 0.7296 - val_acc: 0.7280
Epoch 140/150
100/100 [==============================] - 1s 14ms/step - loss: 0.7296 - acc: 0.7240
1000/1000 [==============================] - 48s 48ms/step - loss: 0.6995 - acc: 0.7430 - val_loss: 0.7296 - val_acc: 0.7240
Epoch 141/150
100/100 [==============================] - 1s 14ms/step - loss: 0.7227 - acc: 0.7290
1000/1000 [==============================] - 49s 49ms/step - loss: 0.6734 - acc: 0.7590 - val_loss: 0.7227 - val_acc: 0.7290
Epoch 142/150
100/100 [==============================] - 1s 14ms/step - loss: 0.6999 - acc: 0.7400
1000/1000 [==============================] - 48s 48ms/step - loss: 0.6801 - acc: 0.7520 - val_loss: 0.6999 - val_acc: 0.7400
Epoch 143/150
100/100 [==============================] - 1s 14ms/step - loss: 0.7286 - acc: 0.7290
1000/1000 [==============================] - 49s 49ms/step - loss: 0.6754 - acc: 0.7573 - val_loss: 0.7286 - val_acc: 0.7290
Epoch 144/150
100/100 [==============================] - 1s 14ms/step - loss: 0.6899 - acc: 0.7580
1000/1000 [==============================] - 49s 49ms/step - loss: 0.6767 - acc: 0.7580 - val_loss: 0.6899 - val_acc: 0.7580
Epoch 145/150
100/100 [==============================] - 1s 14ms/step - loss: 0.7059 - acc: 0.7400
1000/1000 [==============================] - 48s 48ms/step - loss: 0.7223 - acc: 0.7293 - val_loss: 0.7059 - val_acc: 0.7400
Epoch 146/150
100/100 [==============================] - 1s 14ms/step - loss: 0.6702 - acc: 0.7690
1000/1000 [==============================] - 49s 49ms/step - loss: 0.6745 - acc: 0.7650 - val_loss: 0.6702 - val_acc: 0.7690
Epoch 147/150
100/100 [==============================] - 1s 14ms/step - loss: 0.6940 - acc: 0.7460
1000/1000 [==============================] - 49s 49ms/step - loss: 0.6766 - acc: 0.7550 - val_loss: 0.6940 - val_acc: 0.7460
Epoch 148/150
100/100 [==============================] - 1s 14ms/step - loss: 0.7052 - acc: 0.7290
1000/1000 [==============================] - 49s 49ms/step - loss: 0.6895 - acc: 0.7440 - val_loss: 0.7052 - val_acc: 0.7290
Epoch 149/150
100/100 [==============================] - 1s 14ms/step - loss: 0.7024 - acc: 0.7470
1000/1000 [==============================] - 49s 49ms/step - loss: 0.6739 - acc: 0.7653 - val_loss: 0.7024 - val_acc: 0.7470
Epoch 150/150
100/100 [==============================] - 1s 14ms/step - loss: 0.6993 - acc: 0.7310
1000/1000 [==============================] - 49s 49ms/step - loss: 0.6643 - acc: 0.7680 - val_loss: 0.6993 - val_acc: 0.7310

real	109m32.512s
user	560m53.864s
sys	138m18.406s
