WARNING:tensorflow:From /usr/local/lib/python3.6/dist-packages/tensorflow/python/ops/resource_variable_ops.py:435: colocate_with (from tensorflow.python.framework.ops) is deprecated and will be removed in a future version.
Instructions for updating:
Colocations handled automatically by placer.
2019-06-27 12:47:25.983985: I tensorflow/core/platform/profile_utils/cpu_utils.cc:94] CPU Frequency: 2593550000 Hz
2019-06-27 12:47:25.986188: I tensorflow/compiler/xla/service/service.cc:150] XLA service 0x2b974e0 executing computations on platform Host. Devices:
2019-06-27 12:47:25.986225: I tensorflow/compiler/xla/service/service.cc:158]   StreamExecutor device (0): <undefined>, <undefined>
WARNING:tensorflow:From /usr/local/lib/python3.6/dist-packages/tensorflow/python/ops/math_ops.py:3066: to_int32 (from tensorflow.python.ops.math_ops) is deprecated and will be removed in a future version.
Instructions for updating:
Use tf.cast instead.
_________________________________________________________________
Layer (type)                 Output Shape              Param #   
=================================================================
input_1 (InputLayer)         (None, None, 256)         0         
_________________________________________________________________
conv1d (Conv1D)              (None, None, 128)         262272    
_________________________________________________________________
max_pooling1d (MaxPooling1D) (None, None, 64)          0         
_________________________________________________________________
conv1d_1 (Conv1D)            (None, None, 64)          32832     
_________________________________________________________________
max_pooling1d_1 (MaxPooling1 (None, None, 32)          0         
_________________________________________________________________
lstm (LSTM)                  (None, 3)                 432       
_________________________________________________________________
activation (Activation)      (None, 3)                 0         
=================================================================
Total params: 295,536
Trainable params: 295,536
Non-trainable params: 0
_________________________________________________________________
Epoch 1/150
100/100 [==============================] - 1s 10ms/step - loss: 0.7725 - acc: 0.6860
1000/1000 [==============================] - 23s 23ms/step - loss: 0.9052 - acc: 0.5620 - val_loss: 0.7725 - val_acc: 0.6860
Epoch 2/150
100/100 [==============================] - 1s 9ms/step - loss: 0.6715 - acc: 0.7490
1000/1000 [==============================] - 22s 22ms/step - loss: 0.7232 - acc: 0.7033 - val_loss: 0.6715 - val_acc: 0.7490
Epoch 3/150
100/100 [==============================] - 1s 9ms/step - loss: 0.7604 - acc: 0.6970
1000/1000 [==============================] - 22s 22ms/step - loss: 0.6665 - acc: 0.7547 - val_loss: 0.7604 - val_acc: 0.6970
Epoch 4/150
100/100 [==============================] - 1s 9ms/step - loss: 0.6128 - acc: 0.7840
1000/1000 [==============================] - 22s 22ms/step - loss: 0.6037 - acc: 0.7970 - val_loss: 0.6128 - val_acc: 0.7840
Epoch 5/150
100/100 [==============================] - 1s 9ms/step - loss: 0.5579 - acc: 0.8130
1000/1000 [==============================] - 20s 20ms/step - loss: 0.5695 - acc: 0.8137 - val_loss: 0.5579 - val_acc: 0.8130
Epoch 6/150
100/100 [==============================] - 1s 10ms/step - loss: 0.5636 - acc: 0.8200
1000/1000 [==============================] - 19s 19ms/step - loss: 0.5550 - acc: 0.8200 - val_loss: 0.5636 - val_acc: 0.8200
Epoch 7/150
100/100 [==============================] - 1s 9ms/step - loss: 0.6126 - acc: 0.7760
1000/1000 [==============================] - 20s 20ms/step - loss: 0.5472 - acc: 0.8273 - val_loss: 0.6126 - val_acc: 0.7760
Epoch 8/150
100/100 [==============================] - 1s 10ms/step - loss: 0.5260 - acc: 0.8400
1000/1000 [==============================] - 20s 20ms/step - loss: 0.5182 - acc: 0.8407 - val_loss: 0.5260 - val_acc: 0.8400
Epoch 9/150
100/100 [==============================] - 1s 9ms/step - loss: 0.5311 - acc: 0.8460
1000/1000 [==============================] - 20s 20ms/step - loss: 0.5274 - acc: 0.8343 - val_loss: 0.5311 - val_acc: 0.8460
Epoch 10/150
100/100 [==============================] - 1s 9ms/step - loss: 0.5180 - acc: 0.8420
1000/1000 [==============================] - 20s 20ms/step - loss: 0.5036 - acc: 0.8497 - val_loss: 0.5180 - val_acc: 0.8420
Epoch 11/150
100/100 [==============================] - 1s 9ms/step - loss: 0.5763 - acc: 0.8050
1000/1000 [==============================] - 20s 20ms/step - loss: 0.5213 - acc: 0.8440 - val_loss: 0.5763 - val_acc: 0.8050
Epoch 12/150
100/100 [==============================] - 1s 9ms/step - loss: 0.5149 - acc: 0.8450
1000/1000 [==============================] - 19s 19ms/step - loss: 0.5088 - acc: 0.8447 - val_loss: 0.5149 - val_acc: 0.8450
Epoch 13/150
100/100 [==============================] - 1s 11ms/step - loss: 0.5111 - acc: 0.8460
1000/1000 [==============================] - 19s 19ms/step - loss: 0.5193 - acc: 0.8363 - val_loss: 0.5111 - val_acc: 0.8460
Epoch 14/150
100/100 [==============================] - 1s 9ms/step - loss: 0.5123 - acc: 0.8470
1000/1000 [==============================] - 19s 19ms/step - loss: 0.4892 - acc: 0.8587 - val_loss: 0.5123 - val_acc: 0.8470
Epoch 15/150
100/100 [==============================] - 1s 9ms/step - loss: 0.5356 - acc: 0.8320
1000/1000 [==============================] - 20s 20ms/step - loss: 0.4833 - acc: 0.8627 - val_loss: 0.5356 - val_acc: 0.8320
Epoch 16/150
100/100 [==============================] - 1s 9ms/step - loss: 0.5064 - acc: 0.8490
1000/1000 [==============================] - 22s 22ms/step - loss: 0.4883 - acc: 0.8610 - val_loss: 0.5064 - val_acc: 0.8490
Epoch 17/150
100/100 [==============================] - 1s 9ms/step - loss: 0.5041 - acc: 0.8530
1000/1000 [==============================] - 22s 22ms/step - loss: 0.4919 - acc: 0.8533 - val_loss: 0.5041 - val_acc: 0.8530
Epoch 18/150
100/100 [==============================] - 1s 9ms/step - loss: 0.5022 - acc: 0.8350
1000/1000 [==============================] - 22s 22ms/step - loss: 0.4783 - acc: 0.8687 - val_loss: 0.5022 - val_acc: 0.8350
Epoch 19/150
100/100 [==============================] - 1s 9ms/step - loss: 0.5155 - acc: 0.8330
1000/1000 [==============================] - 22s 22ms/step - loss: 0.4817 - acc: 0.8643 - val_loss: 0.5155 - val_acc: 0.8330
Epoch 20/150
100/100 [==============================] - 1s 9ms/step - loss: 0.4998 - acc: 0.8470
1000/1000 [==============================] - 22s 22ms/step - loss: 0.4751 - acc: 0.8633 - val_loss: 0.4998 - val_acc: 0.8470
Epoch 21/150
100/100 [==============================] - 1s 9ms/step - loss: 0.4961 - acc: 0.8550
1000/1000 [==============================] - 22s 22ms/step - loss: 0.4714 - acc: 0.8657 - val_loss: 0.4961 - val_acc: 0.8550
Epoch 22/150
100/100 [==============================] - 1s 9ms/step - loss: 0.5062 - acc: 0.8410
1000/1000 [==============================] - 22s 22ms/step - loss: 0.4737 - acc: 0.8727 - val_loss: 0.5062 - val_acc: 0.8410
Epoch 23/150
100/100 [==============================] - 1s 9ms/step - loss: 0.5204 - acc: 0.8180
1000/1000 [==============================] - 22s 22ms/step - loss: 0.4721 - acc: 0.8697 - val_loss: 0.5204 - val_acc: 0.8180
Epoch 24/150
100/100 [==============================] - 1s 9ms/step - loss: 0.4994 - acc: 0.8520
1000/1000 [==============================] - 22s 22ms/step - loss: 0.4819 - acc: 0.8607 - val_loss: 0.4994 - val_acc: 0.8520
Epoch 25/150
100/100 [==============================] - 1s 9ms/step - loss: 0.4913 - acc: 0.8550
1000/1000 [==============================] - 22s 22ms/step - loss: 0.4797 - acc: 0.8640 - val_loss: 0.4913 - val_acc: 0.8550
Epoch 26/150
100/100 [==============================] - 1s 9ms/step - loss: 0.5162 - acc: 0.8410
1000/1000 [==============================] - 22s 22ms/step - loss: 0.4714 - acc: 0.8683 - val_loss: 0.5162 - val_acc: 0.8410
Epoch 27/150
100/100 [==============================] - 1s 9ms/step - loss: 0.4918 - acc: 0.8610
1000/1000 [==============================] - 22s 22ms/step - loss: 0.4522 - acc: 0.8763 - val_loss: 0.4918 - val_acc: 0.8610
Epoch 28/150
100/100 [==============================] - 1s 9ms/step - loss: 0.4755 - acc: 0.8640
1000/1000 [==============================] - 22s 22ms/step - loss: 0.4661 - acc: 0.8747 - val_loss: 0.4755 - val_acc: 0.8640
Epoch 29/150
100/100 [==============================] - 1s 9ms/step - loss: 0.5050 - acc: 0.8520
1000/1000 [==============================] - 22s 22ms/step - loss: 0.4800 - acc: 0.8607 - val_loss: 0.5050 - val_acc: 0.8520
Epoch 30/150
100/100 [==============================] - 1s 9ms/step - loss: 0.4927 - acc: 0.8580
1000/1000 [==============================] - 22s 22ms/step - loss: 0.4621 - acc: 0.8753 - val_loss: 0.4927 - val_acc: 0.8580
Epoch 31/150
100/100 [==============================] - 1s 9ms/step - loss: 0.4996 - acc: 0.8380
1000/1000 [==============================] - 22s 22ms/step - loss: 0.4641 - acc: 0.8727 - val_loss: 0.4996 - val_acc: 0.8380
Epoch 32/150
100/100 [==============================] - 1s 9ms/step - loss: 0.5014 - acc: 0.8510
1000/1000 [==============================] - 22s 22ms/step - loss: 0.4711 - acc: 0.8670 - val_loss: 0.5014 - val_acc: 0.8510
Epoch 33/150
100/100 [==============================] - 1s 9ms/step - loss: 0.4792 - acc: 0.8710
1000/1000 [==============================] - 22s 22ms/step - loss: 0.4576 - acc: 0.8763 - val_loss: 0.4792 - val_acc: 0.8710
Epoch 34/150
100/100 [==============================] - 1s 10ms/step - loss: 0.4922 - acc: 0.8580
1000/1000 [==============================] - 22s 22ms/step - loss: 0.4695 - acc: 0.8727 - val_loss: 0.4922 - val_acc: 0.8580
Epoch 35/150
100/100 [==============================] - 1s 9ms/step - loss: 0.4821 - acc: 0.8590
1000/1000 [==============================] - 22s 22ms/step - loss: 0.4683 - acc: 0.8760 - val_loss: 0.4821 - val_acc: 0.8590
Epoch 36/150
100/100 [==============================] - 1s 9ms/step - loss: 0.4833 - acc: 0.8650
1000/1000 [==============================] - 22s 22ms/step - loss: 0.4615 - acc: 0.8763 - val_loss: 0.4833 - val_acc: 0.8650
Epoch 37/150
100/100 [==============================] - 1s 9ms/step - loss: 0.4822 - acc: 0.8570
1000/1000 [==============================] - 22s 22ms/step - loss: 0.4580 - acc: 0.8780 - val_loss: 0.4822 - val_acc: 0.8570
Epoch 38/150
100/100 [==============================] - 1s 9ms/step - loss: 0.4620 - acc: 0.8720
1000/1000 [==============================] - 22s 22ms/step - loss: 0.4612 - acc: 0.8750 - val_loss: 0.4620 - val_acc: 0.8720
Epoch 39/150
100/100 [==============================] - 1s 10ms/step - loss: 0.5035 - acc: 0.8460
1000/1000 [==============================] - 22s 22ms/step - loss: 0.4446 - acc: 0.8797 - val_loss: 0.5035 - val_acc: 0.8460
Epoch 40/150
100/100 [==============================] - 1s 9ms/step - loss: 0.4747 - acc: 0.8590
1000/1000 [==============================] - 22s 22ms/step - loss: 0.4619 - acc: 0.8787 - val_loss: 0.4747 - val_acc: 0.8590
Epoch 41/150
100/100 [==============================] - 1s 9ms/step - loss: 0.5113 - acc: 0.8430
1000/1000 [==============================] - 22s 22ms/step - loss: 0.4517 - acc: 0.8787 - val_loss: 0.5113 - val_acc: 0.8430
Epoch 42/150
100/100 [==============================] - 1s 9ms/step - loss: 0.4556 - acc: 0.8690
1000/1000 [==============================] - 22s 22ms/step - loss: 0.4538 - acc: 0.8820 - val_loss: 0.4556 - val_acc: 0.8690
Epoch 43/150
100/100 [==============================] - 1s 9ms/step - loss: 0.4941 - acc: 0.8460
1000/1000 [==============================] - 22s 22ms/step - loss: 0.4540 - acc: 0.8773 - val_loss: 0.4941 - val_acc: 0.8460
Epoch 44/150
100/100 [==============================] - 1s 9ms/step - loss: 0.4763 - acc: 0.8620
1000/1000 [==============================] - 22s 22ms/step - loss: 0.4509 - acc: 0.8827 - val_loss: 0.4763 - val_acc: 0.8620
Epoch 45/150
100/100 [==============================] - 1s 9ms/step - loss: 0.4713 - acc: 0.8580
1000/1000 [==============================] - 22s 22ms/step - loss: 0.4454 - acc: 0.8843 - val_loss: 0.4713 - val_acc: 0.8580
Epoch 46/150
100/100 [==============================] - 1s 9ms/step - loss: 0.4909 - acc: 0.8580
1000/1000 [==============================] - 22s 22ms/step - loss: 0.4412 - acc: 0.8853 - val_loss: 0.4909 - val_acc: 0.8580
Epoch 47/150
100/100 [==============================] - 1s 10ms/step - loss: 0.4754 - acc: 0.8710
1000/1000 [==============================] - 22s 22ms/step - loss: 0.4378 - acc: 0.8863 - val_loss: 0.4754 - val_acc: 0.8710
Epoch 48/150
100/100 [==============================] - 1s 9ms/step - loss: 0.5116 - acc: 0.8320
1000/1000 [==============================] - 22s 22ms/step - loss: 0.4674 - acc: 0.8673 - val_loss: 0.5116 - val_acc: 0.8320
Epoch 49/150
100/100 [==============================] - 1s 11ms/step - loss: 0.4828 - acc: 0.8610
1000/1000 [==============================] - 22s 22ms/step - loss: 0.4506 - acc: 0.8837 - val_loss: 0.4828 - val_acc: 0.8610
Epoch 50/150
100/100 [==============================] - 1s 10ms/step - loss: 0.4819 - acc: 0.8660
1000/1000 [==============================] - 22s 22ms/step - loss: 0.4409 - acc: 0.8813 - val_loss: 0.4819 - val_acc: 0.8660
Epoch 51/150
100/100 [==============================] - 1s 9ms/step - loss: 0.4584 - acc: 0.8770
1000/1000 [==============================] - 22s 22ms/step - loss: 0.4476 - acc: 0.8843 - val_loss: 0.4584 - val_acc: 0.8770
Epoch 52/150
100/100 [==============================] - 1s 9ms/step - loss: 0.4970 - acc: 0.8490
1000/1000 [==============================] - 22s 22ms/step - loss: 0.4428 - acc: 0.8833 - val_loss: 0.4970 - val_acc: 0.8490
Epoch 53/150
100/100 [==============================] - 1s 9ms/step - loss: 0.4938 - acc: 0.8590
1000/1000 [==============================] - 22s 22ms/step - loss: 0.4494 - acc: 0.8790 - val_loss: 0.4938 - val_acc: 0.8590
Epoch 54/150
100/100 [==============================] - 1s 9ms/step - loss: 0.4542 - acc: 0.8840
1000/1000 [==============================] - 22s 22ms/step - loss: 0.4511 - acc: 0.8810 - val_loss: 0.4542 - val_acc: 0.8840
Epoch 55/150
100/100 [==============================] - 1s 9ms/step - loss: 0.4945 - acc: 0.8480
1000/1000 [==============================] - 22s 22ms/step - loss: 0.4591 - acc: 0.8713 - val_loss: 0.4945 - val_acc: 0.8480
Epoch 56/150
100/100 [==============================] - 1s 9ms/step - loss: 0.4664 - acc: 0.8670
1000/1000 [==============================] - 22s 22ms/step - loss: 0.4535 - acc: 0.8843 - val_loss: 0.4664 - val_acc: 0.8670
Epoch 57/150
100/100 [==============================] - 1s 9ms/step - loss: 0.4832 - acc: 0.8640
1000/1000 [==============================] - 22s 22ms/step - loss: 0.4546 - acc: 0.8810 - val_loss: 0.4832 - val_acc: 0.8640
Epoch 58/150
100/100 [==============================] - 1s 9ms/step - loss: 0.4889 - acc: 0.8550
1000/1000 [==============================] - 22s 22ms/step - loss: 0.4525 - acc: 0.8807 - val_loss: 0.4889 - val_acc: 0.8550
Epoch 59/150
100/100 [==============================] - 1s 9ms/step - loss: 0.4940 - acc: 0.8530
1000/1000 [==============================] - 22s 22ms/step - loss: 0.4367 - acc: 0.8897 - val_loss: 0.4940 - val_acc: 0.8530
Epoch 60/150
100/100 [==============================] - 1s 9ms/step - loss: 0.4780 - acc: 0.8660
1000/1000 [==============================] - 22s 22ms/step - loss: 0.4432 - acc: 0.8850 - val_loss: 0.4780 - val_acc: 0.8660
Epoch 61/150
100/100 [==============================] - 1s 11ms/step - loss: 0.4563 - acc: 0.8780
1000/1000 [==============================] - 23s 23ms/step - loss: 0.4385 - acc: 0.8830 - val_loss: 0.4563 - val_acc: 0.8780
Epoch 62/150
100/100 [==============================] - 1s 9ms/step - loss: 0.4546 - acc: 0.8730
1000/1000 [==============================] - 22s 22ms/step - loss: 0.4431 - acc: 0.8873 - val_loss: 0.4546 - val_acc: 0.8730
Epoch 63/150
100/100 [==============================] - 1s 10ms/step - loss: 0.4686 - acc: 0.8670
1000/1000 [==============================] - 22s 22ms/step - loss: 0.4337 - acc: 0.8943 - val_loss: 0.4686 - val_acc: 0.8670
Epoch 64/150
100/100 [==============================] - 1s 9ms/step - loss: 0.4696 - acc: 0.8670
1000/1000 [==============================] - 22s 22ms/step - loss: 0.4518 - acc: 0.8810 - val_loss: 0.4696 - val_acc: 0.8670
Epoch 65/150
100/100 [==============================] - 1s 9ms/step - loss: 0.4638 - acc: 0.8660
1000/1000 [==============================] - 22s 22ms/step - loss: 0.4472 - acc: 0.8830 - val_loss: 0.4638 - val_acc: 0.8660
Epoch 66/150
100/100 [==============================] - 1s 9ms/step - loss: 0.4888 - acc: 0.8650
1000/1000 [==============================] - 22s 22ms/step - loss: 0.4440 - acc: 0.8850 - val_loss: 0.4888 - val_acc: 0.8650
Epoch 67/150
100/100 [==============================] - 1s 9ms/step - loss: 0.4740 - acc: 0.8670
1000/1000 [==============================] - 22s 22ms/step - loss: 0.4404 - acc: 0.8860 - val_loss: 0.4740 - val_acc: 0.8670
Epoch 68/150
100/100 [==============================] - 1s 9ms/step - loss: 0.4598 - acc: 0.8750
1000/1000 [==============================] - 22s 22ms/step - loss: 0.4404 - acc: 0.8857 - val_loss: 0.4598 - val_acc: 0.8750
Epoch 69/150
100/100 [==============================] - 1s 9ms/step - loss: 0.4658 - acc: 0.8730
1000/1000 [==============================] - 21s 21ms/step - loss: 0.4323 - acc: 0.8873 - val_loss: 0.4658 - val_acc: 0.8730
Epoch 70/150
100/100 [==============================] - 1s 9ms/step - loss: 0.4397 - acc: 0.8820
1000/1000 [==============================] - 21s 21ms/step - loss: 0.4283 - acc: 0.8943 - val_loss: 0.4397 - val_acc: 0.8820
Epoch 71/150
100/100 [==============================] - 1s 10ms/step - loss: 0.4717 - acc: 0.8640
1000/1000 [==============================] - 19s 19ms/step - loss: 0.4379 - acc: 0.8903 - val_loss: 0.4717 - val_acc: 0.8640
Epoch 72/150
100/100 [==============================] - 1s 10ms/step - loss: 0.4337 - acc: 0.8960
1000/1000 [==============================] - 17s 17ms/step - loss: 0.4276 - acc: 0.8940 - val_loss: 0.4337 - val_acc: 0.8960
Epoch 73/150
100/100 [==============================] - 1s 9ms/step - loss: 0.4495 - acc: 0.8720
1000/1000 [==============================] - 20s 20ms/step - loss: 0.4328 - acc: 0.8890 - val_loss: 0.4495 - val_acc: 0.8720
Epoch 74/150
100/100 [==============================] - 1s 9ms/step - loss: 0.4657 - acc: 0.8760
1000/1000 [==============================] - 22s 22ms/step - loss: 0.4387 - acc: 0.8887 - val_loss: 0.4657 - val_acc: 0.8760
Epoch 75/150
100/100 [==============================] - 1s 9ms/step - loss: 0.4495 - acc: 0.8840
1000/1000 [==============================] - 21s 21ms/step - loss: 0.4360 - acc: 0.8877 - val_loss: 0.4495 - val_acc: 0.8840
Epoch 76/150
100/100 [==============================] - 1s 10ms/step - loss: 0.4778 - acc: 0.8640
1000/1000 [==============================] - 18s 18ms/step - loss: 0.4373 - acc: 0.8913 - val_loss: 0.4778 - val_acc: 0.8640
Epoch 77/150
100/100 [==============================] - 1s 9ms/step - loss: 0.4463 - acc: 0.8830
1000/1000 [==============================] - 18s 18ms/step - loss: 0.4246 - acc: 0.8890 - val_loss: 0.4463 - val_acc: 0.8830
Epoch 78/150
100/100 [==============================] - 1s 10ms/step - loss: 0.4654 - acc: 0.8600
1000/1000 [==============================] - 21s 21ms/step - loss: 0.4403 - acc: 0.8890 - val_loss: 0.4654 - val_acc: 0.8600
Epoch 79/150
100/100 [==============================] - 1s 10ms/step - loss: 0.4545 - acc: 0.8740
1000/1000 [==============================] - 18s 18ms/step - loss: 0.4462 - acc: 0.8850 - val_loss: 0.4545 - val_acc: 0.8740
Epoch 80/150
100/100 [==============================] - 1s 10ms/step - loss: 0.4519 - acc: 0.8750
1000/1000 [==============================] - 18s 18ms/step - loss: 0.4300 - acc: 0.8927 - val_loss: 0.4519 - val_acc: 0.8750
Epoch 81/150
100/100 [==============================] - 1s 9ms/step - loss: 0.4508 - acc: 0.8890
1000/1000 [==============================] - 20s 20ms/step - loss: 0.4423 - acc: 0.8860 - val_loss: 0.4508 - val_acc: 0.8890
Epoch 82/150
100/100 [==============================] - 1s 10ms/step - loss: 0.4814 - acc: 0.8710
1000/1000 [==============================] - 17s 17ms/step - loss: 0.4289 - acc: 0.8980 - val_loss: 0.4814 - val_acc: 0.8710
Epoch 83/150
100/100 [==============================] - 1s 10ms/step - loss: 0.4512 - acc: 0.8820
1000/1000 [==============================] - 17s 17ms/step - loss: 0.4413 - acc: 0.8850 - val_loss: 0.4512 - val_acc: 0.8820
Epoch 84/150
100/100 [==============================] - 1s 9ms/step - loss: 0.4435 - acc: 0.8890
1000/1000 [==============================] - 20s 20ms/step - loss: 0.4387 - acc: 0.8883 - val_loss: 0.4435 - val_acc: 0.8890
Epoch 85/150
100/100 [==============================] - 1s 10ms/step - loss: 0.4642 - acc: 0.8670
1000/1000 [==============================] - 19s 19ms/step - loss: 0.4309 - acc: 0.8933 - val_loss: 0.4642 - val_acc: 0.8670
Epoch 86/150
100/100 [==============================] - 1s 10ms/step - loss: 0.4521 - acc: 0.8850
1000/1000 [==============================] - 17s 17ms/step - loss: 0.4270 - acc: 0.8997 - val_loss: 0.4521 - val_acc: 0.8850
Epoch 87/150
100/100 [==============================] - 1s 10ms/step - loss: 0.4551 - acc: 0.8780
1000/1000 [==============================] - 17s 17ms/step - loss: 0.4325 - acc: 0.8947 - val_loss: 0.4551 - val_acc: 0.8780
Epoch 88/150
100/100 [==============================] - 1s 10ms/step - loss: 0.4293 - acc: 0.9000
1000/1000 [==============================] - 17s 17ms/step - loss: 0.4307 - acc: 0.8970 - val_loss: 0.4293 - val_acc: 0.9000
Epoch 89/150
100/100 [==============================] - 1s 10ms/step - loss: 0.4922 - acc: 0.8590
1000/1000 [==============================] - 17s 17ms/step - loss: 0.4312 - acc: 0.8917 - val_loss: 0.4922 - val_acc: 0.8590
Epoch 90/150
100/100 [==============================] - 1s 10ms/step - loss: 0.4740 - acc: 0.8650
1000/1000 [==============================] - 19s 19ms/step - loss: 0.4246 - acc: 0.8983 - val_loss: 0.4740 - val_acc: 0.8650
Epoch 91/150
100/100 [==============================] - 1s 9ms/step - loss: 0.4703 - acc: 0.8770
1000/1000 [==============================] - 19s 19ms/step - loss: 0.4289 - acc: 0.8937 - val_loss: 0.4703 - val_acc: 0.8770
Epoch 92/150
100/100 [==============================] - 1s 12ms/step - loss: 0.4511 - acc: 0.8790
1000/1000 [==============================] - 27s 27ms/step - loss: 0.4379 - acc: 0.8877 - val_loss: 0.4511 - val_acc: 0.8790
Epoch 93/150
100/100 [==============================] - 1s 9ms/step - loss: 0.4554 - acc: 0.8780
1000/1000 [==============================] - 23s 23ms/step - loss: 0.4373 - acc: 0.8917 - val_loss: 0.4554 - val_acc: 0.8780
Epoch 94/150
100/100 [==============================] - 1s 9ms/step - loss: 0.4477 - acc: 0.8890
1000/1000 [==============================] - 22s 22ms/step - loss: 0.4204 - acc: 0.9017 - val_loss: 0.4477 - val_acc: 0.8890

real	33m8.541s
user	151m26.440s
sys	32m18.831s
