WARNING:tensorflow:From /usr/local/lib/python3.6/dist-packages/tensorflow/python/ops/resource_variable_ops.py:435: colocate_with (from tensorflow.python.framework.ops) is deprecated and will be removed in a future version.
Instructions for updating:
Colocations handled automatically by placer.
WARNING:tensorflow:From /usr/local/lib/python3.6/dist-packages/tensorflow/python/keras/backend.py:4010: calling dropout (from tensorflow.python.ops.nn_ops) with keep_prob is deprecated and will be removed in a future version.
Instructions for updating:
Please use `rate` instead of `keep_prob`. Rate should be set to `rate = 1 - keep_prob`.
WARNING:tensorflow:From /usr/local/lib/python3.6/dist-packages/tensorflow/python/ops/math_ops.py:3066: to_int32 (from tensorflow.python.ops.math_ops) is deprecated and will be removed in a future version.
Instructions for updating:
Use tf.cast instead.
2019-06-26 10:20:50.554010: I tensorflow/core/platform/profile_utils/cpu_utils.cc:94] CPU Frequency: 2593550000 Hz
2019-06-26 10:20:50.556057: I tensorflow/compiler/xla/service/service.cc:150] XLA service 0x42bcc70 executing computations on platform Host. Devices:
2019-06-26 10:20:50.556087: I tensorflow/compiler/xla/service/service.cc:158]   StreamExecutor device (0): <undefined>, <undefined>
_________________________________________________________________
Layer (type)                 Output Shape              Param #   
=================================================================
input_2 (InputLayer)         (None, 512, 256)          0         
_________________________________________________________________
lstm (LSTM)                  (None, 16)                17472     
_________________________________________________________________
dense (Dense)                (None, 3)                 51        
_________________________________________________________________
activation (Activation)      (None, 3)                 0         
=================================================================
Total params: 17,523
Trainable params: 17,523
Non-trainable params: 0
_________________________________________________________________
Epoch 1/150
10/10 [==============================] - 2s 153ms/step - loss: 1.1008 - acc: 0.2800
100/100 [==============================] - 51s 509ms/step - loss: 1.0911 - acc: 0.4400 - val_loss: 1.1008 - val_acc: 0.2800
Epoch 2/150
10/10 [==============================] - 1s 135ms/step - loss: 1.1014 - acc: 0.3100
100/100 [==============================] - 50s 498ms/step - loss: 1.0969 - acc: 0.3500 - val_loss: 1.1014 - val_acc: 0.3100
Epoch 3/150
10/10 [==============================] - 1s 133ms/step - loss: 1.0924 - acc: 0.4300
100/100 [==============================] - 50s 498ms/step - loss: 1.0850 - acc: 0.4333 - val_loss: 1.0924 - val_acc: 0.4300
Epoch 4/150
10/10 [==============================] - 1s 136ms/step - loss: 1.2214 - acc: 0.3100
100/100 [==============================] - 50s 498ms/step - loss: 1.0536 - acc: 0.4567 - val_loss: 1.2214 - val_acc: 0.3100
Epoch 5/150
10/10 [==============================] - 1s 132ms/step - loss: 1.1232 - acc: 0.3500
100/100 [==============================] - 50s 498ms/step - loss: 0.9500 - acc: 0.5433 - val_loss: 1.1232 - val_acc: 0.3500
Epoch 6/150
10/10 [==============================] - 1s 131ms/step - loss: 1.1703 - acc: 0.3000
100/100 [==============================] - 50s 498ms/step - loss: 1.0176 - acc: 0.5000 - val_loss: 1.1703 - val_acc: 0.3000
Epoch 7/150
10/10 [==============================] - 1s 135ms/step - loss: 1.1453 - acc: 0.3800
100/100 [==============================] - 50s 497ms/step - loss: 0.9969 - acc: 0.5100 - val_loss: 1.1453 - val_acc: 0.3800
Epoch 8/150
10/10 [==============================] - 1s 134ms/step - loss: 1.1341 - acc: 0.3400
100/100 [==============================] - 50s 497ms/step - loss: 0.9247 - acc: 0.5567 - val_loss: 1.1341 - val_acc: 0.3400
Epoch 9/150
10/10 [==============================] - 1s 136ms/step - loss: 1.1083 - acc: 0.3200
100/100 [==============================] - 50s 498ms/step - loss: 1.0263 - acc: 0.4800 - val_loss: 1.1083 - val_acc: 0.3200
Epoch 10/150
10/10 [==============================] - 1s 130ms/step - loss: 1.1126 - acc: 0.3800
100/100 [==============================] - 50s 496ms/step - loss: 0.9673 - acc: 0.5233 - val_loss: 1.1126 - val_acc: 0.3800
Epoch 11/150
10/10 [==============================] - 1s 132ms/step - loss: 1.1189 - acc: 0.4000
100/100 [==============================] - 49s 493ms/step - loss: 0.9692 - acc: 0.5633 - val_loss: 1.1189 - val_acc: 0.4000
Epoch 12/150
10/10 [==============================] - 1s 137ms/step - loss: 1.1507 - acc: 0.3800
100/100 [==============================] - 50s 498ms/step - loss: 1.0125 - acc: 0.4867 - val_loss: 1.1507 - val_acc: 0.3800
Epoch 13/150
10/10 [==============================] - 1s 133ms/step - loss: 1.0630 - acc: 0.3400
100/100 [==============================] - 50s 498ms/step - loss: 1.0521 - acc: 0.4433 - val_loss: 1.0630 - val_acc: 0.3400
Epoch 14/150
10/10 [==============================] - 1s 131ms/step - loss: 1.0031 - acc: 0.4700
100/100 [==============================] - 50s 499ms/step - loss: 1.0056 - acc: 0.4867 - val_loss: 1.0031 - val_acc: 0.4700
Epoch 15/150
10/10 [==============================] - 1s 131ms/step - loss: 1.0119 - acc: 0.4300
100/100 [==============================] - 50s 498ms/step - loss: 1.0228 - acc: 0.4700 - val_loss: 1.0119 - val_acc: 0.4300
Epoch 16/150
10/10 [==============================] - 1s 132ms/step - loss: 1.0773 - acc: 0.3800
100/100 [==============================] - 50s 497ms/step - loss: 1.0080 - acc: 0.4933 - val_loss: 1.0773 - val_acc: 0.3800
Epoch 17/150
10/10 [==============================] - 1s 131ms/step - loss: 1.1007 - acc: 0.3200
100/100 [==============================] - 50s 498ms/step - loss: 1.0005 - acc: 0.4667 - val_loss: 1.1007 - val_acc: 0.3200
Epoch 18/150
10/10 [==============================] - 1s 135ms/step - loss: 1.5347 - acc: 0.3400
100/100 [==============================] - 50s 497ms/step - loss: 0.9913 - acc: 0.5267 - val_loss: 1.5347 - val_acc: 0.3400
Epoch 19/150
10/10 [==============================] - 1s 134ms/step - loss: 1.0812 - acc: 0.3800
100/100 [==============================] - 50s 498ms/step - loss: 0.9623 - acc: 0.5533 - val_loss: 1.0812 - val_acc: 0.3800
Epoch 20/150
10/10 [==============================] - 1s 131ms/step - loss: 1.1340 - acc: 0.3600
100/100 [==============================] - 50s 498ms/step - loss: 0.9361 - acc: 0.5400 - val_loss: 1.1340 - val_acc: 0.3600
Epoch 21/150
10/10 [==============================] - 1s 135ms/step - loss: 1.1556 - acc: 0.3900
100/100 [==============================] - 50s 499ms/step - loss: 0.8804 - acc: 0.5600 - val_loss: 1.1556 - val_acc: 0.3900
Epoch 22/150
10/10 [==============================] - 1s 131ms/step - loss: 1.0848 - acc: 0.3900
100/100 [==============================] - 50s 497ms/step - loss: 1.0048 - acc: 0.5333 - val_loss: 1.0848 - val_acc: 0.3900
Epoch 23/150
10/10 [==============================] - 1s 131ms/step - loss: 1.0771 - acc: 0.4200
100/100 [==============================] - 50s 497ms/step - loss: 0.8720 - acc: 0.6000 - val_loss: 1.0771 - val_acc: 0.4200
Epoch 24/150
10/10 [==============================] - 1s 136ms/step - loss: 1.1787 - acc: 0.3700
100/100 [==============================] - 50s 498ms/step - loss: 0.8925 - acc: 0.5767 - val_loss: 1.1787 - val_acc: 0.3700
Epoch 25/150
10/10 [==============================] - 1s 131ms/step - loss: 1.1157 - acc: 0.3700
100/100 [==============================] - 50s 498ms/step - loss: 0.8785 - acc: 0.5933 - val_loss: 1.1157 - val_acc: 0.3700
Epoch 26/150
10/10 [==============================] - 1s 131ms/step - loss: 1.2997 - acc: 0.3200
100/100 [==============================] - 50s 497ms/step - loss: 0.8802 - acc: 0.5933 - val_loss: 1.2997 - val_acc: 0.3200
Epoch 27/150
10/10 [==============================] - 1s 131ms/step - loss: 1.1650 - acc: 0.4000
100/100 [==============================] - 50s 497ms/step - loss: 0.9020 - acc: 0.5700 - val_loss: 1.1650 - val_acc: 0.4000
Epoch 28/150
10/10 [==============================] - 1s 134ms/step - loss: 1.2322 - acc: 0.3500
100/100 [==============================] - 50s 498ms/step - loss: 0.8324 - acc: 0.6067 - val_loss: 1.2322 - val_acc: 0.3500
Epoch 29/150
10/10 [==============================] - 1s 132ms/step - loss: 1.1484 - acc: 0.4000
100/100 [==============================] - 50s 497ms/step - loss: 0.9385 - acc: 0.5700 - val_loss: 1.1484 - val_acc: 0.4000
Epoch 30/150
10/10 [==============================] - 1s 134ms/step - loss: 1.0741 - acc: 0.4400
100/100 [==============================] - 50s 497ms/step - loss: 0.9005 - acc: 0.6033 - val_loss: 1.0741 - val_acc: 0.4400
Epoch 31/150
10/10 [==============================] - 1s 134ms/step - loss: 1.1023 - acc: 0.3600
100/100 [==============================] - 50s 497ms/step - loss: 0.8774 - acc: 0.6200 - val_loss: 1.1023 - val_acc: 0.3600
Epoch 32/150
10/10 [==============================] - 1s 137ms/step - loss: 1.1033 - acc: 0.3700
100/100 [==============================] - 50s 497ms/step - loss: 0.8868 - acc: 0.5933 - val_loss: 1.1033 - val_acc: 0.3700
Epoch 33/150
10/10 [==============================] - 1s 136ms/step - loss: 0.9997 - acc: 0.5000
100/100 [==============================] - 50s 497ms/step - loss: 0.8482 - acc: 0.6333 - val_loss: 0.9997 - val_acc: 0.5000
Epoch 34/150
10/10 [==============================] - 1s 114ms/step - loss: 1.2114 - acc: 0.3200
100/100 [==============================] - 50s 495ms/step - loss: 0.8041 - acc: 0.6333 - val_loss: 1.2114 - val_acc: 0.3200
Epoch 35/150
10/10 [==============================] - 1s 118ms/step - loss: 1.0735 - acc: 0.4600
100/100 [==============================] - 47s 470ms/step - loss: 0.8401 - acc: 0.5833 - val_loss: 1.0735 - val_acc: 0.4600
Epoch 36/150
10/10 [==============================] - 1s 119ms/step - loss: 1.0751 - acc: 0.4000
100/100 [==============================] - 47s 474ms/step - loss: 0.8534 - acc: 0.5800 - val_loss: 1.0751 - val_acc: 0.4000
Epoch 37/150
10/10 [==============================] - 1s 132ms/step - loss: 1.2639 - acc: 0.3800
100/100 [==============================] - 47s 469ms/step - loss: 0.8512 - acc: 0.5933 - val_loss: 1.2639 - val_acc: 0.3800
Epoch 38/150
10/10 [==============================] - 1s 115ms/step - loss: 1.1002 - acc: 0.4200
100/100 [==============================] - 45s 450ms/step - loss: 0.8710 - acc: 0.6000 - val_loss: 1.1002 - val_acc: 0.4200
Epoch 39/150
10/10 [==============================] - 1s 131ms/step - loss: 1.1745 - acc: 0.3400
100/100 [==============================] - 49s 493ms/step - loss: 0.9047 - acc: 0.5900 - val_loss: 1.1745 - val_acc: 0.3400
Epoch 40/150
10/10 [==============================] - 1s 134ms/step - loss: 1.1066 - acc: 0.4100
100/100 [==============================] - 50s 497ms/step - loss: 0.8905 - acc: 0.5833 - val_loss: 1.1066 - val_acc: 0.4100
Epoch 41/150
10/10 [==============================] - 1s 135ms/step - loss: 1.0983 - acc: 0.3700
100/100 [==============================] - 50s 498ms/step - loss: 0.8839 - acc: 0.5867 - val_loss: 1.0983 - val_acc: 0.3700
Epoch 42/150
10/10 [==============================] - 1s 134ms/step - loss: 1.0832 - acc: 0.4000
100/100 [==============================] - 50s 498ms/step - loss: 0.8146 - acc: 0.6133 - val_loss: 1.0832 - val_acc: 0.4000
Epoch 43/150
10/10 [==============================] - 1s 131ms/step - loss: 1.0975 - acc: 0.4000
100/100 [==============================] - 50s 498ms/step - loss: 0.8372 - acc: 0.6100 - val_loss: 1.0975 - val_acc: 0.4000
Epoch 44/150
10/10 [==============================] - 1s 135ms/step - loss: 1.2480 - acc: 0.3200
100/100 [==============================] - 50s 497ms/step - loss: 0.7881 - acc: 0.6233 - val_loss: 1.2480 - val_acc: 0.3200
Epoch 45/150
10/10 [==============================] - 1s 132ms/step - loss: 1.1658 - acc: 0.4100
100/100 [==============================] - 50s 498ms/step - loss: 0.7787 - acc: 0.6300 - val_loss: 1.1658 - val_acc: 0.4100
Epoch 46/150
10/10 [==============================] - 1s 133ms/step - loss: 1.2259 - acc: 0.3900
100/100 [==============================] - 50s 498ms/step - loss: 0.8367 - acc: 0.6000 - val_loss: 1.2259 - val_acc: 0.3900
Epoch 47/150
10/10 [==============================] - 1s 135ms/step - loss: 1.2609 - acc: 0.3600
100/100 [==============================] - 50s 499ms/step - loss: 0.7530 - acc: 0.6867 - val_loss: 1.2609 - val_acc: 0.3600
Epoch 48/150
10/10 [==============================] - 1s 137ms/step - loss: 1.1778 - acc: 0.4700
100/100 [==============================] - 50s 498ms/step - loss: 0.7446 - acc: 0.6667 - val_loss: 1.1778 - val_acc: 0.4700
Epoch 49/150
10/10 [==============================] - 1s 133ms/step - loss: 1.1735 - acc: 0.4000
100/100 [==============================] - 50s 498ms/step - loss: 0.7960 - acc: 0.6167 - val_loss: 1.1735 - val_acc: 0.4000
Epoch 50/150
10/10 [==============================] - 1s 134ms/step - loss: 1.1638 - acc: 0.3800
100/100 [==============================] - 50s 498ms/step - loss: 0.7803 - acc: 0.6400 - val_loss: 1.1638 - val_acc: 0.3800
Epoch 51/150
10/10 [==============================] - 1s 131ms/step - loss: 1.1896 - acc: 0.3700
100/100 [==============================] - 50s 497ms/step - loss: 0.6889 - acc: 0.7100 - val_loss: 1.1896 - val_acc: 0.3700
Epoch 52/150
10/10 [==============================] - 1s 136ms/step - loss: 1.6394 - acc: 0.2300
100/100 [==============================] - 50s 499ms/step - loss: 0.7846 - acc: 0.6200 - val_loss: 1.6394 - val_acc: 0.2300
Epoch 53/150
10/10 [==============================] - 1s 134ms/step - loss: 1.2669 - acc: 0.3300
100/100 [==============================] - 50s 499ms/step - loss: 0.7389 - acc: 0.6533 - val_loss: 1.2669 - val_acc: 0.3300
Epoch 54/150
10/10 [==============================] - 1s 132ms/step - loss: 1.2880 - acc: 0.3500
100/100 [==============================] - 50s 497ms/step - loss: 0.8128 - acc: 0.6567 - val_loss: 1.2880 - val_acc: 0.3500
Epoch 55/150
10/10 [==============================] - 1s 131ms/step - loss: 1.1896 - acc: 0.3600
100/100 [==============================] - 50s 499ms/step - loss: 0.8148 - acc: 0.6800 - val_loss: 1.1896 - val_acc: 0.3600
Epoch 56/150
10/10 [==============================] - 1s 133ms/step - loss: 1.1441 - acc: 0.4400
100/100 [==============================] - 50s 498ms/step - loss: 0.8357 - acc: 0.6267 - val_loss: 1.1441 - val_acc: 0.4400
Epoch 57/150
10/10 [==============================] - 1s 135ms/step - loss: 1.2638 - acc: 0.3600
100/100 [==============================] - 50s 498ms/step - loss: 0.8181 - acc: 0.6333 - val_loss: 1.2638 - val_acc: 0.3600
Epoch 58/150
10/10 [==============================] - 1s 135ms/step - loss: 1.2931 - acc: 0.3500
100/100 [==============================] - 50s 499ms/step - loss: 0.8372 - acc: 0.6367 - val_loss: 1.2931 - val_acc: 0.3500
Epoch 59/150
10/10 [==============================] - 1s 132ms/step - loss: 1.0664 - acc: 0.4900
100/100 [==============================] - 50s 497ms/step - loss: 0.8048 - acc: 0.6533 - val_loss: 1.0664 - val_acc: 0.4900
Epoch 60/150
10/10 [==============================] - 1s 135ms/step - loss: 1.1730 - acc: 0.4200
100/100 [==============================] - 50s 497ms/step - loss: 0.7490 - acc: 0.6600 - val_loss: 1.1730 - val_acc: 0.4200
Epoch 61/150
10/10 [==============================] - 1s 135ms/step - loss: 1.2745 - acc: 0.3900
100/100 [==============================] - 50s 499ms/step - loss: 0.7539 - acc: 0.6433 - val_loss: 1.2745 - val_acc: 0.3900
Epoch 62/150
10/10 [==============================] - 1s 136ms/step - loss: 1.2806 - acc: 0.3600
100/100 [==============================] - 50s 498ms/step - loss: 0.7326 - acc: 0.6733 - val_loss: 1.2806 - val_acc: 0.3600
Epoch 63/150
10/10 [==============================] - 1s 136ms/step - loss: 1.1595 - acc: 0.3800
100/100 [==============================] - 50s 497ms/step - loss: 0.7705 - acc: 0.6567 - val_loss: 1.1595 - val_acc: 0.3800
Epoch 64/150
10/10 [==============================] - 1s 134ms/step - loss: 1.2535 - acc: 0.4000
100/100 [==============================] - 50s 498ms/step - loss: 0.7522 - acc: 0.6567 - val_loss: 1.2535 - val_acc: 0.4000
Epoch 65/150
10/10 [==============================] - 1s 131ms/step - loss: 1.1817 - acc: 0.3400
100/100 [==============================] - 50s 496ms/step - loss: 0.7176 - acc: 0.6867 - val_loss: 1.1817 - val_acc: 0.3400
Epoch 66/150
10/10 [==============================] - 1s 134ms/step - loss: 1.2613 - acc: 0.3400
100/100 [==============================] - 50s 499ms/step - loss: 0.6928 - acc: 0.7133 - val_loss: 1.2613 - val_acc: 0.3400
Epoch 67/150
10/10 [==============================] - 1s 134ms/step - loss: 1.2206 - acc: 0.3700
100/100 [==============================] - 50s 498ms/step - loss: 0.7359 - acc: 0.6600 - val_loss: 1.2206 - val_acc: 0.3700
Epoch 68/150
10/10 [==============================] - 1s 136ms/step - loss: 1.2800 - acc: 0.3800
100/100 [==============================] - 50s 498ms/step - loss: 0.7161 - acc: 0.6933 - val_loss: 1.2800 - val_acc: 0.3800
Epoch 69/150
10/10 [==============================] - 1s 134ms/step - loss: 1.4345 - acc: 0.3100
100/100 [==============================] - 50s 499ms/step - loss: 0.6658 - acc: 0.7433 - val_loss: 1.4345 - val_acc: 0.3100
Epoch 70/150
10/10 [==============================] - 1s 137ms/step - loss: 1.1833 - acc: 0.4100
100/100 [==============================] - 50s 499ms/step - loss: 0.7152 - acc: 0.6733 - val_loss: 1.1833 - val_acc: 0.4100
Epoch 71/150
10/10 [==============================] - 1s 133ms/step - loss: 1.3186 - acc: 0.4000
100/100 [==============================] - 50s 498ms/step - loss: 0.6867 - acc: 0.7100 - val_loss: 1.3186 - val_acc: 0.4000
Epoch 72/150
10/10 [==============================] - 1s 132ms/step - loss: 1.3666 - acc: 0.3700
100/100 [==============================] - 50s 498ms/step - loss: 0.7726 - acc: 0.6567 - val_loss: 1.3666 - val_acc: 0.3700
Epoch 73/150
10/10 [==============================] - 1s 132ms/step - loss: 1.2698 - acc: 0.4200
100/100 [==============================] - 50s 497ms/step - loss: 0.7519 - acc: 0.6600 - val_loss: 1.2698 - val_acc: 0.4200
Epoch 74/150
10/10 [==============================] - 1s 132ms/step - loss: 1.3964 - acc: 0.3600
100/100 [==============================] - 50s 499ms/step - loss: 0.7089 - acc: 0.6733 - val_loss: 1.3964 - val_acc: 0.3600
Epoch 75/150
10/10 [==============================] - 1s 129ms/step - loss: 1.1963 - acc: 0.3800
100/100 [==============================] - 50s 496ms/step - loss: 0.7062 - acc: 0.6867 - val_loss: 1.1963 - val_acc: 0.3800
Epoch 76/150
10/10 [==============================] - 1s 132ms/step - loss: 1.3989 - acc: 0.3600
100/100 [==============================] - 50s 498ms/step - loss: 0.6809 - acc: 0.7167 - val_loss: 1.3989 - val_acc: 0.3600
Epoch 77/150
10/10 [==============================] - 1s 130ms/step - loss: 1.5556 - acc: 0.3500
100/100 [==============================] - 50s 498ms/step - loss: 0.6527 - acc: 0.7167 - val_loss: 1.5556 - val_acc: 0.3500
Epoch 78/150
10/10 [==============================] - 1s 130ms/step - loss: 1.3081 - acc: 0.4000
100/100 [==============================] - 50s 498ms/step - loss: 0.6596 - acc: 0.7000 - val_loss: 1.3081 - val_acc: 0.4000
Epoch 79/150
10/10 [==============================] - 1s 131ms/step - loss: 1.5035 - acc: 0.3000
100/100 [==============================] - 50s 498ms/step - loss: 0.7006 - acc: 0.6767 - val_loss: 1.5035 - val_acc: 0.3000
Epoch 80/150
10/10 [==============================] - 1s 135ms/step - loss: 1.3186 - acc: 0.3900
100/100 [==============================] - 50s 498ms/step - loss: 0.6718 - acc: 0.7133 - val_loss: 1.3186 - val_acc: 0.3900
Epoch 81/150
10/10 [==============================] - 1s 133ms/step - loss: 1.4189 - acc: 0.3900
100/100 [==============================] - 50s 497ms/step - loss: 0.8001 - acc: 0.6667 - val_loss: 1.4189 - val_acc: 0.3900
Epoch 82/150
10/10 [==============================] - 1s 133ms/step - loss: 1.5161 - acc: 0.4400
100/100 [==============================] - 50s 498ms/step - loss: 0.9208 - acc: 0.5667 - val_loss: 1.5161 - val_acc: 0.4400
Epoch 83/150
10/10 [==============================] - 1s 133ms/step - loss: 1.1057 - acc: 0.4400
100/100 [==============================] - 50s 497ms/step - loss: 0.8769 - acc: 0.5900 - val_loss: 1.1057 - val_acc: 0.4400
Epoch 84/150
10/10 [==============================] - 1s 131ms/step - loss: 1.0189 - acc: 0.4700
100/100 [==============================] - 50s 496ms/step - loss: 0.9621 - acc: 0.5167 - val_loss: 1.0189 - val_acc: 0.4700
Epoch 85/150
10/10 [==============================] - 1s 134ms/step - loss: 1.0457 - acc: 0.5000
100/100 [==============================] - 50s 497ms/step - loss: 1.0036 - acc: 0.4967 - val_loss: 1.0457 - val_acc: 0.5000
Epoch 86/150
10/10 [==============================] - 1s 136ms/step - loss: 1.1118 - acc: 0.2900
100/100 [==============================] - 50s 497ms/step - loss: 0.9336 - acc: 0.5367 - val_loss: 1.1118 - val_acc: 0.2900
Epoch 87/150
10/10 [==============================] - 1s 133ms/step - loss: 1.0429 - acc: 0.4300
100/100 [==============================] - 50s 498ms/step - loss: 0.9322 - acc: 0.5400 - val_loss: 1.0429 - val_acc: 0.4300
Epoch 88/150
10/10 [==============================] - 1s 134ms/step - loss: 1.0207 - acc: 0.5500
100/100 [==============================] - 50s 498ms/step - loss: 0.9118 - acc: 0.5767 - val_loss: 1.0207 - val_acc: 0.5500
Epoch 89/150
10/10 [==============================] - 1s 136ms/step - loss: 1.0576 - acc: 0.4600
100/100 [==============================] - 50s 498ms/step - loss: 0.8098 - acc: 0.6200 - val_loss: 1.0576 - val_acc: 0.4600
Epoch 90/150
10/10 [==============================] - 1s 130ms/step - loss: 1.1987 - acc: 0.4900
100/100 [==============================] - 50s 497ms/step - loss: 0.7463 - acc: 0.6600 - val_loss: 1.1987 - val_acc: 0.4900
Epoch 91/150
10/10 [==============================] - 1s 134ms/step - loss: 1.3326 - acc: 0.3800
100/100 [==============================] - 50s 497ms/step - loss: 0.6824 - acc: 0.7200 - val_loss: 1.3326 - val_acc: 0.3800
Epoch 92/150
10/10 [==============================] - 1s 135ms/step - loss: 1.4465 - acc: 0.3600
100/100 [==============================] - 50s 497ms/step - loss: 0.6973 - acc: 0.6967 - val_loss: 1.4465 - val_acc: 0.3600
Epoch 93/150
10/10 [==============================] - 1s 134ms/step - loss: 1.0844 - acc: 0.4100
100/100 [==============================] - 50s 499ms/step - loss: 0.7228 - acc: 0.7033 - val_loss: 1.0844 - val_acc: 0.4100
Epoch 94/150
10/10 [==============================] - 1s 129ms/step - loss: 1.2175 - acc: 0.4300
100/100 [==============================] - 50s 498ms/step - loss: 0.7314 - acc: 0.6800 - val_loss: 1.2175 - val_acc: 0.4300
Epoch 95/150
10/10 [==============================] - 1s 134ms/step - loss: 1.1488 - acc: 0.3800
100/100 [==============================] - 50s 498ms/step - loss: 0.7977 - acc: 0.6567 - val_loss: 1.1488 - val_acc: 0.3800
Epoch 96/150
10/10 [==============================] - 1s 137ms/step - loss: 1.3971 - acc: 0.3300
100/100 [==============================] - 50s 498ms/step - loss: 0.7217 - acc: 0.6767 - val_loss: 1.3971 - val_acc: 0.3300
Epoch 97/150
10/10 [==============================] - 1s 135ms/step - loss: 1.3747 - acc: 0.4000
100/100 [==============================] - 50s 500ms/step - loss: 0.7325 - acc: 0.6900 - val_loss: 1.3747 - val_acc: 0.4000
Epoch 98/150
10/10 [==============================] - 1s 131ms/step - loss: 1.3231 - acc: 0.4100
100/100 [==============================] - 50s 497ms/step - loss: 0.6888 - acc: 0.7167 - val_loss: 1.3231 - val_acc: 0.4100
Epoch 99/150
10/10 [==============================] - 1s 133ms/step - loss: 1.2137 - acc: 0.3900
100/100 [==============================] - 50s 497ms/step - loss: 0.6728 - acc: 0.7033 - val_loss: 1.2137 - val_acc: 0.3900
Epoch 100/150
10/10 [==============================] - 1s 135ms/step - loss: 1.2747 - acc: 0.3500
100/100 [==============================] - 50s 498ms/step - loss: 0.7662 - acc: 0.6700 - val_loss: 1.2747 - val_acc: 0.3500
Epoch 101/150
10/10 [==============================] - 1s 137ms/step - loss: 1.2616 - acc: 0.3600
100/100 [==============================] - 50s 498ms/step - loss: 0.7169 - acc: 0.6967 - val_loss: 1.2616 - val_acc: 0.3600
Epoch 102/150
10/10 [==============================] - 1s 136ms/step - loss: 1.5608 - acc: 0.2700
100/100 [==============================] - 50s 500ms/step - loss: 0.6937 - acc: 0.6967 - val_loss: 1.5608 - val_acc: 0.2700
Epoch 103/150
10/10 [==============================] - 1s 135ms/step - loss: 1.2432 - acc: 0.4000
100/100 [==============================] - 50s 500ms/step - loss: 0.7157 - acc: 0.6700 - val_loss: 1.2432 - val_acc: 0.4000
Epoch 104/150
10/10 [==============================] - 1s 138ms/step - loss: 1.2156 - acc: 0.4300
100/100 [==============================] - 50s 497ms/step - loss: 0.6950 - acc: 0.7067 - val_loss: 1.2156 - val_acc: 0.4300
Epoch 105/150
10/10 [==============================] - 1s 139ms/step - loss: 1.3608 - acc: 0.3600
100/100 [==============================] - 50s 499ms/step - loss: 0.7641 - acc: 0.6567 - val_loss: 1.3608 - val_acc: 0.3600
Epoch 106/150
10/10 [==============================] - 1s 137ms/step - loss: 1.1981 - acc: 0.4100
100/100 [==============================] - 50s 499ms/step - loss: 0.6791 - acc: 0.7267 - val_loss: 1.1981 - val_acc: 0.4100
Epoch 107/150
10/10 [==============================] - 1s 118ms/step - loss: 1.3628 - acc: 0.3100
100/100 [==============================] - 48s 482ms/step - loss: 0.6940 - acc: 0.7067 - val_loss: 1.3628 - val_acc: 0.3100
Epoch 108/150
10/10 [==============================] - 1s 119ms/step - loss: 1.1627 - acc: 0.3700
100/100 [==============================] - 47s 468ms/step - loss: 0.7737 - acc: 0.6700 - val_loss: 1.1627 - val_acc: 0.3700
Epoch 109/150
10/10 [==============================] - 1s 119ms/step - loss: 1.1773 - acc: 0.4100
100/100 [==============================] - 46s 465ms/step - loss: 0.6391 - acc: 0.7633 - val_loss: 1.1773 - val_acc: 0.4100
Epoch 110/150
10/10 [==============================] - 1s 132ms/step - loss: 1.4486 - acc: 0.3200
100/100 [==============================] - 46s 461ms/step - loss: 0.6427 - acc: 0.7433 - val_loss: 1.4486 - val_acc: 0.3200
Epoch 111/150
10/10 [==============================] - 2s 152ms/step - loss: 1.3387 - acc: 0.4800
100/100 [==============================] - 49s 489ms/step - loss: 0.6527 - acc: 0.7500 - val_loss: 1.3387 - val_acc: 0.4800
Epoch 112/150
10/10 [==============================] - 2s 153ms/step - loss: 1.3182 - acc: 0.4700
100/100 [==============================] - 53s 533ms/step - loss: 0.7273 - acc: 0.6833 - val_loss: 1.3182 - val_acc: 0.4700
Epoch 113/150
10/10 [==============================] - 2s 150ms/step - loss: 1.2634 - acc: 0.3800
100/100 [==============================] - 53s 529ms/step - loss: 0.7717 - acc: 0.6700 - val_loss: 1.2634 - val_acc: 0.3800
Epoch 114/150
10/10 [==============================] - 2s 151ms/step - loss: 1.4121 - acc: 0.3900
100/100 [==============================] - 53s 529ms/step - loss: 0.6492 - acc: 0.7233 - val_loss: 1.4121 - val_acc: 0.3900
Epoch 115/150
10/10 [==============================] - 2s 153ms/step - loss: 1.1966 - acc: 0.4300
100/100 [==============================] - 53s 532ms/step - loss: 0.6712 - acc: 0.7367 - val_loss: 1.1966 - val_acc: 0.4300
Epoch 116/150
10/10 [==============================] - 2s 154ms/step - loss: 1.3187 - acc: 0.3800
100/100 [==============================] - 53s 531ms/step - loss: 0.5877 - acc: 0.7633 - val_loss: 1.3187 - val_acc: 0.3800
Epoch 117/150
10/10 [==============================] - 1s 150ms/step - loss: 1.4791 - acc: 0.3600
100/100 [==============================] - 53s 534ms/step - loss: 0.6040 - acc: 0.7700 - val_loss: 1.4791 - val_acc: 0.3600
Epoch 118/150
10/10 [==============================] - 2s 150ms/step - loss: 1.4407 - acc: 0.4100
100/100 [==============================] - 53s 530ms/step - loss: 0.6107 - acc: 0.7400 - val_loss: 1.4407 - val_acc: 0.4100
Epoch 119/150
10/10 [==============================] - 1s 144ms/step - loss: 1.2023 - acc: 0.3600
100/100 [==============================] - 53s 527ms/step - loss: 0.8093 - acc: 0.6433 - val_loss: 1.2023 - val_acc: 0.3600
Epoch 120/150
10/10 [==============================] - 1s 143ms/step - loss: 1.3380 - acc: 0.4700
100/100 [==============================] - 53s 528ms/step - loss: 0.8008 - acc: 0.6367 - val_loss: 1.3380 - val_acc: 0.4700
Epoch 121/150
10/10 [==============================] - 1s 145ms/step - loss: 1.6563 - acc: 0.3700
100/100 [==============================] - 53s 528ms/step - loss: 0.6938 - acc: 0.7033 - val_loss: 1.6563 - val_acc: 0.3700
Epoch 122/150
10/10 [==============================] - 1s 145ms/step - loss: 1.2002 - acc: 0.4400
100/100 [==============================] - 53s 532ms/step - loss: 0.6738 - acc: 0.7267 - val_loss: 1.2002 - val_acc: 0.4400
Epoch 123/150
10/10 [==============================] - 1s 148ms/step - loss: 1.3563 - acc: 0.4400
100/100 [==============================] - 53s 528ms/step - loss: 0.5378 - acc: 0.8133 - val_loss: 1.3563 - val_acc: 0.4400
Epoch 124/150
10/10 [==============================] - 1s 139ms/step - loss: 1.2258 - acc: 0.4400
100/100 [==============================] - 53s 533ms/step - loss: 0.6636 - acc: 0.6900 - val_loss: 1.2258 - val_acc: 0.4400
Epoch 125/150
10/10 [==============================] - 1s 141ms/step - loss: 1.4054 - acc: 0.4000
100/100 [==============================] - 53s 525ms/step - loss: 0.5655 - acc: 0.7767 - val_loss: 1.4054 - val_acc: 0.4000
Epoch 126/150
10/10 [==============================] - 2s 152ms/step - loss: 1.4347 - acc: 0.4000
100/100 [==============================] - 53s 532ms/step - loss: 0.6206 - acc: 0.7167 - val_loss: 1.4347 - val_acc: 0.4000
Epoch 127/150
10/10 [==============================] - 1s 136ms/step - loss: 1.3569 - acc: 0.3700
100/100 [==============================] - 53s 532ms/step - loss: 0.6071 - acc: 0.7533 - val_loss: 1.3569 - val_acc: 0.3700
Epoch 128/150
10/10 [==============================] - 2s 151ms/step - loss: 1.3868 - acc: 0.4300
100/100 [==============================] - 52s 522ms/step - loss: 0.5776 - acc: 0.7333 - val_loss: 1.3868 - val_acc: 0.4300
Epoch 129/150
10/10 [==============================] - 2s 153ms/step - loss: 1.3234 - acc: 0.3600
100/100 [==============================] - 53s 533ms/step - loss: 0.6397 - acc: 0.7267 - val_loss: 1.3234 - val_acc: 0.3600
Epoch 130/150
10/10 [==============================] - 1s 143ms/step - loss: 1.2936 - acc: 0.4400
100/100 [==============================] - 53s 530ms/step - loss: 0.5833 - acc: 0.7467 - val_loss: 1.2936 - val_acc: 0.4400
Epoch 131/150
10/10 [==============================] - 1s 147ms/step - loss: 1.6224 - acc: 0.2600
100/100 [==============================] - 53s 533ms/step - loss: 0.6302 - acc: 0.7433 - val_loss: 1.6224 - val_acc: 0.2600
Epoch 132/150
10/10 [==============================] - 1s 134ms/step - loss: 1.2130 - acc: 0.4200
100/100 [==============================] - 52s 523ms/step - loss: 0.6447 - acc: 0.7033 - val_loss: 1.2130 - val_acc: 0.4200
Epoch 133/150
10/10 [==============================] - 2s 150ms/step - loss: 1.1867 - acc: 0.4700
100/100 [==============================] - 53s 528ms/step - loss: 0.6466 - acc: 0.7000 - val_loss: 1.1867 - val_acc: 0.4700
Epoch 134/150
10/10 [==============================] - 2s 154ms/step - loss: 1.4578 - acc: 0.3300
100/100 [==============================] - 53s 529ms/step - loss: 0.6556 - acc: 0.7233 - val_loss: 1.4578 - val_acc: 0.3300
Epoch 135/150
10/10 [==============================] - 1s 149ms/step - loss: 1.4563 - acc: 0.4200
100/100 [==============================] - 53s 530ms/step - loss: 0.5615 - acc: 0.7700 - val_loss: 1.4563 - val_acc: 0.4200
Epoch 136/150
10/10 [==============================] - 1s 145ms/step - loss: 1.4176 - acc: 0.5400
100/100 [==============================] - 53s 529ms/step - loss: 0.5260 - acc: 0.7933 - val_loss: 1.4176 - val_acc: 0.5400
Epoch 137/150
10/10 [==============================] - 1s 144ms/step - loss: 1.4778 - acc: 0.3800
100/100 [==============================] - 53s 530ms/step - loss: 0.5731 - acc: 0.7400 - val_loss: 1.4778 - val_acc: 0.3800
Epoch 138/150
10/10 [==============================] - 1s 150ms/step - loss: 1.6131 - acc: 0.3600
100/100 [==============================] - 50s 496ms/step - loss: 0.5770 - acc: 0.7767 - val_loss: 1.6131 - val_acc: 0.3600
Epoch 139/150
10/10 [==============================] - 1s 129ms/step - loss: 1.3063 - acc: 0.4100
100/100 [==============================] - 51s 505ms/step - loss: 0.5497 - acc: 0.7867 - val_loss: 1.3063 - val_acc: 0.4100
Epoch 140/150
10/10 [==============================] - 1s 132ms/step - loss: 1.3732 - acc: 0.3200
100/100 [==============================] - 47s 469ms/step - loss: 0.6055 - acc: 0.7433 - val_loss: 1.3732 - val_acc: 0.3200
Epoch 141/150
10/10 [==============================] - 1s 126ms/step - loss: 1.1129 - acc: 0.4700
100/100 [==============================] - 47s 465ms/step - loss: 0.6913 - acc: 0.6833 - val_loss: 1.1129 - val_acc: 0.4700
Epoch 142/150
10/10 [==============================] - 1s 129ms/step - loss: 1.5055 - acc: 0.3600
100/100 [==============================] - 47s 465ms/step - loss: 0.6171 - acc: 0.7433 - val_loss: 1.5055 - val_acc: 0.3600
Epoch 143/150
10/10 [==============================] - 1s 130ms/step - loss: 1.4565 - acc: 0.3900
100/100 [==============================] - 47s 473ms/step - loss: 0.6051 - acc: 0.7367 - val_loss: 1.4565 - val_acc: 0.3900
Epoch 144/150
10/10 [==============================] - 1s 129ms/step - loss: 1.3117 - acc: 0.4700
100/100 [==============================] - 51s 510ms/step - loss: 0.6325 - acc: 0.7233 - val_loss: 1.3117 - val_acc: 0.4700
Epoch 145/150
10/10 [==============================] - 1s 149ms/step - loss: 1.6325 - acc: 0.3500
100/100 [==============================] - 50s 504ms/step - loss: 0.5943 - acc: 0.7467 - val_loss: 1.6325 - val_acc: 0.3500
Epoch 146/150
10/10 [==============================] - 2s 150ms/step - loss: 1.1116 - acc: 0.4800
100/100 [==============================] - 53s 526ms/step - loss: 0.6881 - acc: 0.6833 - val_loss: 1.1116 - val_acc: 0.4800
Epoch 147/150
10/10 [==============================] - 1s 134ms/step - loss: 1.6567 - acc: 0.3200
100/100 [==============================] - 53s 525ms/step - loss: 0.5426 - acc: 0.7867 - val_loss: 1.6567 - val_acc: 0.3200
Epoch 148/150
10/10 [==============================] - 2s 152ms/step - loss: 1.3478 - acc: 0.3900
100/100 [==============================] - 50s 503ms/step - loss: 0.6169 - acc: 0.7433 - val_loss: 1.3478 - val_acc: 0.3900
Epoch 149/150
10/10 [==============================] - 2s 152ms/step - loss: 1.4499 - acc: 0.3400
100/100 [==============================] - 53s 535ms/step - loss: 0.6476 - acc: 0.7333 - val_loss: 1.4499 - val_acc: 0.3400
Epoch 150/150
10/10 [==============================] - 2s 152ms/step - loss: 1.5165 - acc: 0.3000
100/100 [==============================] - 54s 535ms/step - loss: 0.6081 - acc: 0.7567 - val_loss: 1.5165 - val_acc: 0.3000

real	125m33.504s
user	538m11.490s
sys	148m45.349s
