WARNING:tensorflow:From /usr/local/lib/python3.6/dist-packages/tensorflow/python/ops/resource_variable_ops.py:435: colocate_with (from tensorflow.python.framework.ops) is deprecated and will be removed in a future version.
Instructions for updating:
Colocations handled automatically by placer.
WARNING:tensorflow:From /usr/local/lib/python3.6/dist-packages/tensorflow/python/ops/math_ops.py:3066: to_int32 (from tensorflow.python.ops.math_ops) is deprecated and will be removed in a future version.
Instructions for updating:
Use tf.cast instead.
2019-06-26 13:55:21.288886: I tensorflow/core/platform/profile_utils/cpu_utils.cc:94] CPU Frequency: 2593550000 Hz
2019-06-26 13:55:21.290954: I tensorflow/compiler/xla/service/service.cc:150] XLA service 0x482f5d0 executing computations on platform Host. Devices:
2019-06-26 13:55:21.290979: I tensorflow/compiler/xla/service/service.cc:158]   StreamExecutor device (0): <undefined>, <undefined>
_________________________________________________________________
Layer (type)                 Output Shape              Param #   
=================================================================
input_1 (InputLayer)         (None, 512, 256)          0         
_________________________________________________________________
conv1d (Conv1D)              (None, 16, 32)            262176    
_________________________________________________________________
lstm (LSTM)                  (None, 16, 64)            24832     
_________________________________________________________________
lstm_1 (LSTM)                (None, 3)                 816       
_________________________________________________________________
activation (Activation)      (None, 3)                 0         
=================================================================
Total params: 287,824
Trainable params: 287,824
Non-trainable params: 0
_________________________________________________________________
Epoch 1/150
100/100 [==============================] - 1s 15ms/step - loss: 0.8685 - acc: 0.5930
1000/1000 [==============================] - 42s 42ms/step - loss: 0.8867 - acc: 0.5860 - val_loss: 0.8685 - val_acc: 0.5930
Epoch 2/150
100/100 [==============================] - 1s 13ms/step - loss: 0.7747 - acc: 0.6720
1000/1000 [==============================] - 39s 39ms/step - loss: 0.7644 - acc: 0.6780 - val_loss: 0.7747 - val_acc: 0.6720
Epoch 3/150
100/100 [==============================] - 1s 13ms/step - loss: 0.7423 - acc: 0.6930
1000/1000 [==============================] - 39s 39ms/step - loss: 0.7225 - acc: 0.7093 - val_loss: 0.7423 - val_acc: 0.6930
Epoch 4/150
100/100 [==============================] - 1s 12ms/step - loss: 0.7192 - acc: 0.7150
1000/1000 [==============================] - 40s 40ms/step - loss: 0.6913 - acc: 0.7310 - val_loss: 0.7192 - val_acc: 0.7150
Epoch 5/150
100/100 [==============================] - 1s 13ms/step - loss: 0.6583 - acc: 0.7590
1000/1000 [==============================] - 40s 40ms/step - loss: 0.6829 - acc: 0.7360 - val_loss: 0.6583 - val_acc: 0.7590
Epoch 6/150
100/100 [==============================] - 1s 13ms/step - loss: 0.6321 - acc: 0.7670
1000/1000 [==============================] - 39s 39ms/step - loss: 0.6508 - acc: 0.7563 - val_loss: 0.6321 - val_acc: 0.7670
Epoch 7/150
100/100 [==============================] - 1s 12ms/step - loss: 0.6654 - acc: 0.7600
1000/1000 [==============================] - 39s 39ms/step - loss: 0.6380 - acc: 0.7620 - val_loss: 0.6654 - val_acc: 0.7600
Epoch 8/150
100/100 [==============================] - 1s 13ms/step - loss: 0.6220 - acc: 0.7720
1000/1000 [==============================] - 38s 38ms/step - loss: 0.6095 - acc: 0.7797 - val_loss: 0.6220 - val_acc: 0.7720
Epoch 9/150
100/100 [==============================] - 1s 13ms/step - loss: 0.6283 - acc: 0.7580
1000/1000 [==============================] - 39s 39ms/step - loss: 0.5826 - acc: 0.7963 - val_loss: 0.6283 - val_acc: 0.7580
Epoch 10/150
100/100 [==============================] - 1s 13ms/step - loss: 0.5971 - acc: 0.7980
1000/1000 [==============================] - 39s 39ms/step - loss: 0.5538 - acc: 0.8127 - val_loss: 0.5971 - val_acc: 0.7980
Epoch 11/150
100/100 [==============================] - 1s 13ms/step - loss: 0.5617 - acc: 0.8050
1000/1000 [==============================] - 41s 41ms/step - loss: 0.5649 - acc: 0.8060 - val_loss: 0.5617 - val_acc: 0.8050
Epoch 12/150
100/100 [==============================] - 1s 13ms/step - loss: 0.5961 - acc: 0.7840
1000/1000 [==============================] - 40s 40ms/step - loss: 0.5526 - acc: 0.8107 - val_loss: 0.5961 - val_acc: 0.7840
Epoch 13/150
100/100 [==============================] - 1s 13ms/step - loss: 0.5568 - acc: 0.8080
1000/1000 [==============================] - 40s 40ms/step - loss: 0.5406 - acc: 0.8197 - val_loss: 0.5568 - val_acc: 0.8080
Epoch 14/150
100/100 [==============================] - 1s 12ms/step - loss: 0.5243 - acc: 0.8340
1000/1000 [==============================] - 40s 40ms/step - loss: 0.5476 - acc: 0.8113 - val_loss: 0.5243 - val_acc: 0.8340
Epoch 15/150
100/100 [==============================] - 1s 13ms/step - loss: 0.5603 - acc: 0.7910
1000/1000 [==============================] - 40s 40ms/step - loss: 0.5281 - acc: 0.8313 - val_loss: 0.5603 - val_acc: 0.7910
Epoch 16/150
100/100 [==============================] - 1s 12ms/step - loss: 0.5340 - acc: 0.8180
1000/1000 [==============================] - 40s 40ms/step - loss: 0.5337 - acc: 0.8217 - val_loss: 0.5340 - val_acc: 0.8180
Epoch 17/150
100/100 [==============================] - 1s 13ms/step - loss: 0.5571 - acc: 0.8010
1000/1000 [==============================] - 40s 40ms/step - loss: 0.5283 - acc: 0.8260 - val_loss: 0.5571 - val_acc: 0.8010
Epoch 18/150
100/100 [==============================] - 1s 13ms/step - loss: 0.5276 - acc: 0.8150
1000/1000 [==============================] - 40s 40ms/step - loss: 0.5193 - acc: 0.8277 - val_loss: 0.5276 - val_acc: 0.8150
Epoch 19/150
100/100 [==============================] - 1s 13ms/step - loss: 0.5292 - acc: 0.8220
1000/1000 [==============================] - 41s 41ms/step - loss: 0.5159 - acc: 0.8340 - val_loss: 0.5292 - val_acc: 0.8220
Epoch 20/150
100/100 [==============================] - 1s 13ms/step - loss: 0.5634 - acc: 0.8100
1000/1000 [==============================] - 41s 41ms/step - loss: 0.5038 - acc: 0.8443 - val_loss: 0.5634 - val_acc: 0.8100
Epoch 21/150
100/100 [==============================] - 1s 13ms/step - loss: 0.5444 - acc: 0.8160
1000/1000 [==============================] - 39s 39ms/step - loss: 0.5202 - acc: 0.8247 - val_loss: 0.5444 - val_acc: 0.8160
Epoch 22/150
100/100 [==============================] - 1s 13ms/step - loss: 0.5651 - acc: 0.8120
1000/1000 [==============================] - 40s 40ms/step - loss: 0.5068 - acc: 0.8433 - val_loss: 0.5651 - val_acc: 0.8120
Epoch 23/150
100/100 [==============================] - 1s 13ms/step - loss: 0.5284 - acc: 0.8320
1000/1000 [==============================] - 40s 40ms/step - loss: 0.5115 - acc: 0.8400 - val_loss: 0.5284 - val_acc: 0.8320
Epoch 24/150
100/100 [==============================] - 1s 13ms/step - loss: 0.5224 - acc: 0.8420
1000/1000 [==============================] - 38s 38ms/step - loss: 0.5043 - acc: 0.8453 - val_loss: 0.5224 - val_acc: 0.8420
Epoch 25/150
100/100 [==============================] - 1s 13ms/step - loss: 0.5126 - acc: 0.8310
1000/1000 [==============================] - 40s 40ms/step - loss: 0.4982 - acc: 0.8453 - val_loss: 0.5126 - val_acc: 0.8310
Epoch 26/150
100/100 [==============================] - 1s 13ms/step - loss: 0.5169 - acc: 0.8370
1000/1000 [==============================] - 40s 40ms/step - loss: 0.5006 - acc: 0.8453 - val_loss: 0.5169 - val_acc: 0.8370
Epoch 27/150
100/100 [==============================] - 1s 13ms/step - loss: 0.5198 - acc: 0.8240
1000/1000 [==============================] - 40s 40ms/step - loss: 0.5099 - acc: 0.8350 - val_loss: 0.5198 - val_acc: 0.8240
Epoch 28/150
100/100 [==============================] - 1s 13ms/step - loss: 0.5296 - acc: 0.8350
1000/1000 [==============================] - 41s 41ms/step - loss: 0.5047 - acc: 0.8427 - val_loss: 0.5296 - val_acc: 0.8350
Epoch 29/150
100/100 [==============================] - 1s 13ms/step - loss: 0.5377 - acc: 0.8170
1000/1000 [==============================] - 39s 39ms/step - loss: 0.4887 - acc: 0.8497 - val_loss: 0.5377 - val_acc: 0.8170
Epoch 30/150
100/100 [==============================] - 1s 13ms/step - loss: 0.5064 - acc: 0.8350
1000/1000 [==============================] - 39s 39ms/step - loss: 0.4996 - acc: 0.8503 - val_loss: 0.5064 - val_acc: 0.8350
Epoch 31/150
100/100 [==============================] - 1s 13ms/step - loss: 0.5127 - acc: 0.8320
1000/1000 [==============================] - 39s 39ms/step - loss: 0.4796 - acc: 0.8607 - val_loss: 0.5127 - val_acc: 0.8320
Epoch 32/150
100/100 [==============================] - 1s 13ms/step - loss: 0.5138 - acc: 0.8340
1000/1000 [==============================] - 39s 39ms/step - loss: 0.4820 - acc: 0.8543 - val_loss: 0.5138 - val_acc: 0.8340
Epoch 33/150
100/100 [==============================] - 1s 13ms/step - loss: 0.4792 - acc: 0.8620
1000/1000 [==============================] - 40s 40ms/step - loss: 0.4863 - acc: 0.8537 - val_loss: 0.4792 - val_acc: 0.8620
Epoch 34/150
100/100 [==============================] - 1s 13ms/step - loss: 0.5044 - acc: 0.8460
1000/1000 [==============================] - 40s 40ms/step - loss: 0.4863 - acc: 0.8587 - val_loss: 0.5044 - val_acc: 0.8460
Epoch 35/150
100/100 [==============================] - 1s 13ms/step - loss: 0.4999 - acc: 0.8540
1000/1000 [==============================] - 40s 40ms/step - loss: 0.4860 - acc: 0.8563 - val_loss: 0.4999 - val_acc: 0.8540
Epoch 36/150
100/100 [==============================] - 1s 13ms/step - loss: 0.4986 - acc: 0.8400
1000/1000 [==============================] - 40s 40ms/step - loss: 0.4796 - acc: 0.8583 - val_loss: 0.4986 - val_acc: 0.8400
Epoch 37/150
100/100 [==============================] - 1s 11ms/step - loss: 0.4828 - acc: 0.8580
1000/1000 [==============================] - 40s 40ms/step - loss: 0.4766 - acc: 0.8627 - val_loss: 0.4828 - val_acc: 0.8580
Epoch 38/150
100/100 [==============================] - 1s 13ms/step - loss: 0.5072 - acc: 0.8380
1000/1000 [==============================] - 40s 40ms/step - loss: 0.4625 - acc: 0.8690 - val_loss: 0.5072 - val_acc: 0.8380
Epoch 39/150
100/100 [==============================] - 1s 13ms/step - loss: 0.4858 - acc: 0.8540
1000/1000 [==============================] - 41s 41ms/step - loss: 0.4692 - acc: 0.8643 - val_loss: 0.4858 - val_acc: 0.8540
Epoch 40/150
100/100 [==============================] - 1s 13ms/step - loss: 0.4802 - acc: 0.8480
1000/1000 [==============================] - 41s 41ms/step - loss: 0.4663 - acc: 0.8670 - val_loss: 0.4802 - val_acc: 0.8480
Epoch 41/150
100/100 [==============================] - 1s 14ms/step - loss: 0.4955 - acc: 0.8470
1000/1000 [==============================] - 41s 41ms/step - loss: 0.4896 - acc: 0.8510 - val_loss: 0.4955 - val_acc: 0.8470
Epoch 42/150
100/100 [==============================] - 1s 13ms/step - loss: 0.5023 - acc: 0.8570
1000/1000 [==============================] - 40s 40ms/step - loss: 0.4777 - acc: 0.8600 - val_loss: 0.5023 - val_acc: 0.8570
Epoch 43/150
100/100 [==============================] - 1s 13ms/step - loss: 0.4926 - acc: 0.8420
1000/1000 [==============================] - 39s 39ms/step - loss: 0.4563 - acc: 0.8710 - val_loss: 0.4926 - val_acc: 0.8420
Epoch 44/150
100/100 [==============================] - 1s 13ms/step - loss: 0.4505 - acc: 0.8730
1000/1000 [==============================] - 40s 40ms/step - loss: 0.4646 - acc: 0.8633 - val_loss: 0.4505 - val_acc: 0.8730
Epoch 45/150
100/100 [==============================] - 1s 13ms/step - loss: 0.5264 - acc: 0.8350
1000/1000 [==============================] - 40s 40ms/step - loss: 0.4737 - acc: 0.8620 - val_loss: 0.5264 - val_acc: 0.8350
Epoch 46/150
100/100 [==============================] - 1s 13ms/step - loss: 0.4832 - acc: 0.8610
1000/1000 [==============================] - 40s 40ms/step - loss: 0.4701 - acc: 0.8600 - val_loss: 0.4832 - val_acc: 0.8610
Epoch 47/150
100/100 [==============================] - 1s 13ms/step - loss: 0.4817 - acc: 0.8400
1000/1000 [==============================] - 40s 40ms/step - loss: 0.4737 - acc: 0.8590 - val_loss: 0.4817 - val_acc: 0.8400
Epoch 48/150
100/100 [==============================] - 1s 13ms/step - loss: 0.5102 - acc: 0.8330
1000/1000 [==============================] - 39s 39ms/step - loss: 0.4704 - acc: 0.8653 - val_loss: 0.5102 - val_acc: 0.8330
Epoch 49/150
100/100 [==============================] - 1s 13ms/step - loss: 0.5000 - acc: 0.8430
1000/1000 [==============================] - 39s 39ms/step - loss: 0.4744 - acc: 0.8547 - val_loss: 0.5000 - val_acc: 0.8430
Epoch 50/150
100/100 [==============================] - 1s 13ms/step - loss: 0.4767 - acc: 0.8540
1000/1000 [==============================] - 40s 40ms/step - loss: 0.4745 - acc: 0.8597 - val_loss: 0.4767 - val_acc: 0.8540
Epoch 51/150
100/100 [==============================] - 1s 13ms/step - loss: 0.4968 - acc: 0.8430
1000/1000 [==============================] - 40s 40ms/step - loss: 0.4684 - acc: 0.8577 - val_loss: 0.4968 - val_acc: 0.8430
Epoch 52/150
100/100 [==============================] - 1s 13ms/step - loss: 0.4933 - acc: 0.8430
1000/1000 [==============================] - 40s 40ms/step - loss: 0.4507 - acc: 0.8737 - val_loss: 0.4933 - val_acc: 0.8430
Epoch 53/150
100/100 [==============================] - 1s 13ms/step - loss: 0.4767 - acc: 0.8600
1000/1000 [==============================] - 40s 40ms/step - loss: 0.4608 - acc: 0.8737 - val_loss: 0.4767 - val_acc: 0.8600
Epoch 54/150
100/100 [==============================] - 1s 13ms/step - loss: 0.4763 - acc: 0.8690
1000/1000 [==============================] - 40s 40ms/step - loss: 0.4664 - acc: 0.8667 - val_loss: 0.4763 - val_acc: 0.8690
Epoch 55/150
100/100 [==============================] - 1s 13ms/step - loss: 0.4895 - acc: 0.8480
1000/1000 [==============================] - 40s 40ms/step - loss: 0.4602 - acc: 0.8630 - val_loss: 0.4895 - val_acc: 0.8480
Epoch 56/150
100/100 [==============================] - 1s 13ms/step - loss: 0.4817 - acc: 0.8590
1000/1000 [==============================] - 40s 40ms/step - loss: 0.4623 - acc: 0.8663 - val_loss: 0.4817 - val_acc: 0.8590
Epoch 57/150
100/100 [==============================] - 1s 13ms/step - loss: 0.4776 - acc: 0.8570
1000/1000 [==============================] - 40s 40ms/step - loss: 0.4602 - acc: 0.8710 - val_loss: 0.4776 - val_acc: 0.8570
Epoch 58/150
100/100 [==============================] - 1s 12ms/step - loss: 0.4828 - acc: 0.8480
1000/1000 [==============================] - 39s 39ms/step - loss: 0.4611 - acc: 0.8693 - val_loss: 0.4828 - val_acc: 0.8480
Epoch 59/150
100/100 [==============================] - 1s 12ms/step - loss: 0.4958 - acc: 0.8540
1000/1000 [==============================] - 40s 40ms/step - loss: 0.4472 - acc: 0.8787 - val_loss: 0.4958 - val_acc: 0.8540
Epoch 60/150
100/100 [==============================] - 1s 13ms/step - loss: 0.4815 - acc: 0.8530
1000/1000 [==============================] - 39s 39ms/step - loss: 0.4533 - acc: 0.8787 - val_loss: 0.4815 - val_acc: 0.8530
Epoch 61/150
100/100 [==============================] - 1s 13ms/step - loss: 0.5118 - acc: 0.8400
1000/1000 [==============================] - 40s 40ms/step - loss: 0.4554 - acc: 0.8713 - val_loss: 0.5118 - val_acc: 0.8400
Epoch 62/150
100/100 [==============================] - 1s 13ms/step - loss: 0.4744 - acc: 0.8550
1000/1000 [==============================] - 39s 39ms/step - loss: 0.4548 - acc: 0.8717 - val_loss: 0.4744 - val_acc: 0.8550
Epoch 63/150
100/100 [==============================] - 1s 13ms/step - loss: 0.4678 - acc: 0.8610
1000/1000 [==============================] - 39s 39ms/step - loss: 0.4531 - acc: 0.8753 - val_loss: 0.4678 - val_acc: 0.8610
Epoch 64/150
100/100 [==============================] - 1s 13ms/step - loss: 0.4588 - acc: 0.8690
1000/1000 [==============================] - 40s 40ms/step - loss: 0.4529 - acc: 0.8757 - val_loss: 0.4588 - val_acc: 0.8690
Epoch 65/150
100/100 [==============================] - 1s 14ms/step - loss: 0.4478 - acc: 0.8800
1000/1000 [==============================] - 40s 40ms/step - loss: 0.4446 - acc: 0.8780 - val_loss: 0.4478 - val_acc: 0.8800
Epoch 66/150
100/100 [==============================] - 1s 13ms/step - loss: 0.4899 - acc: 0.8410
1000/1000 [==============================] - 40s 40ms/step - loss: 0.4592 - acc: 0.8707 - val_loss: 0.4899 - val_acc: 0.8410
Epoch 67/150
100/100 [==============================] - 1s 13ms/step - loss: 0.4566 - acc: 0.8670
1000/1000 [==============================] - 39s 39ms/step - loss: 0.4566 - acc: 0.8737 - val_loss: 0.4566 - val_acc: 0.8670
Epoch 68/150
100/100 [==============================] - 1s 13ms/step - loss: 0.4637 - acc: 0.8650
1000/1000 [==============================] - 41s 41ms/step - loss: 0.4472 - acc: 0.8800 - val_loss: 0.4637 - val_acc: 0.8650
Epoch 69/150
100/100 [==============================] - 1s 12ms/step - loss: 0.4638 - acc: 0.8710
1000/1000 [==============================] - 41s 41ms/step - loss: 0.4359 - acc: 0.8850 - val_loss: 0.4638 - val_acc: 0.8710
Epoch 70/150
100/100 [==============================] - 1s 13ms/step - loss: 0.4751 - acc: 0.8620
1000/1000 [==============================] - 39s 39ms/step - loss: 0.4433 - acc: 0.8763 - val_loss: 0.4751 - val_acc: 0.8620
Epoch 71/150
100/100 [==============================] - 1s 13ms/step - loss: 0.5019 - acc: 0.8480
1000/1000 [==============================] - 38s 38ms/step - loss: 0.4380 - acc: 0.8863 - val_loss: 0.5019 - val_acc: 0.8480
Epoch 72/150
100/100 [==============================] - 1s 13ms/step - loss: 0.4872 - acc: 0.8570
1000/1000 [==============================] - 41s 41ms/step - loss: 0.4713 - acc: 0.8637 - val_loss: 0.4872 - val_acc: 0.8570
Epoch 73/150
100/100 [==============================] - 1s 13ms/step - loss: 0.4709 - acc: 0.8660
1000/1000 [==============================] - 41s 41ms/step - loss: 0.4549 - acc: 0.8723 - val_loss: 0.4709 - val_acc: 0.8660
Epoch 74/150
100/100 [==============================] - 1s 13ms/step - loss: 0.5077 - acc: 0.8420
1000/1000 [==============================] - 40s 40ms/step - loss: 0.4385 - acc: 0.8817 - val_loss: 0.5077 - val_acc: 0.8420
Epoch 75/150
100/100 [==============================] - 1s 14ms/step - loss: 0.4836 - acc: 0.8520
1000/1000 [==============================] - 41s 41ms/step - loss: 0.4545 - acc: 0.8687 - val_loss: 0.4836 - val_acc: 0.8520
Epoch 76/150
100/100 [==============================] - 1s 13ms/step - loss: 0.4555 - acc: 0.8710
1000/1000 [==============================] - 40s 40ms/step - loss: 0.4502 - acc: 0.8757 - val_loss: 0.4555 - val_acc: 0.8710
Epoch 77/150
100/100 [==============================] - 1s 13ms/step - loss: 0.4787 - acc: 0.8540
1000/1000 [==============================] - 40s 40ms/step - loss: 0.4409 - acc: 0.8860 - val_loss: 0.4787 - val_acc: 0.8540
Epoch 78/150
100/100 [==============================] - 1s 13ms/step - loss: 0.4633 - acc: 0.8560
1000/1000 [==============================] - 41s 41ms/step - loss: 0.4492 - acc: 0.8757 - val_loss: 0.4633 - val_acc: 0.8560
Epoch 79/150
100/100 [==============================] - 1s 13ms/step - loss: 0.4846 - acc: 0.8490
1000/1000 [==============================] - 41s 41ms/step - loss: 0.4573 - acc: 0.8690 - val_loss: 0.4846 - val_acc: 0.8490
Epoch 80/150
100/100 [==============================] - 1s 13ms/step - loss: 0.4673 - acc: 0.8600
1000/1000 [==============================] - 41s 41ms/step - loss: 0.4459 - acc: 0.8810 - val_loss: 0.4673 - val_acc: 0.8600
Epoch 81/150
100/100 [==============================] - 1s 12ms/step - loss: 0.4518 - acc: 0.8760
1000/1000 [==============================] - 39s 39ms/step - loss: 0.4463 - acc: 0.8797 - val_loss: 0.4518 - val_acc: 0.8760
Epoch 82/150
100/100 [==============================] - 1s 13ms/step - loss: 0.4865 - acc: 0.8540
1000/1000 [==============================] - 37s 37ms/step - loss: 0.4352 - acc: 0.8840 - val_loss: 0.4865 - val_acc: 0.8540
Epoch 83/150
100/100 [==============================] - 1s 13ms/step - loss: 0.4632 - acc: 0.8690
1000/1000 [==============================] - 37s 37ms/step - loss: 0.4429 - acc: 0.8767 - val_loss: 0.4632 - val_acc: 0.8690
Epoch 84/150
100/100 [==============================] - 1s 12ms/step - loss: 0.4726 - acc: 0.8590
1000/1000 [==============================] - 37s 37ms/step - loss: 0.4546 - acc: 0.8713 - val_loss: 0.4726 - val_acc: 0.8590
Epoch 85/150
100/100 [==============================] - 1s 13ms/step - loss: 0.4549 - acc: 0.8740
1000/1000 [==============================] - 36s 36ms/step - loss: 0.4493 - acc: 0.8777 - val_loss: 0.4549 - val_acc: 0.8740
Epoch 86/150
100/100 [==============================] - 1s 13ms/step - loss: 0.4842 - acc: 0.8460
1000/1000 [==============================] - 36s 36ms/step - loss: 0.4367 - acc: 0.8777 - val_loss: 0.4842 - val_acc: 0.8460
Epoch 87/150
100/100 [==============================] - 1s 13ms/step - loss: 0.4750 - acc: 0.8550
1000/1000 [==============================] - 39s 39ms/step - loss: 0.4514 - acc: 0.8757 - val_loss: 0.4750 - val_acc: 0.8550
Epoch 88/150
100/100 [==============================] - 1s 13ms/step - loss: 0.4576 - acc: 0.8650
1000/1000 [==============================] - 40s 40ms/step - loss: 0.4392 - acc: 0.8800 - val_loss: 0.4576 - val_acc: 0.8650
Epoch 89/150
100/100 [==============================] - 1s 13ms/step - loss: 0.4863 - acc: 0.8490
1000/1000 [==============================] - 40s 40ms/step - loss: 0.4376 - acc: 0.8850 - val_loss: 0.4863 - val_acc: 0.8490
Epoch 90/150
100/100 [==============================] - 1s 13ms/step - loss: 0.4828 - acc: 0.8470
1000/1000 [==============================] - 39s 39ms/step - loss: 0.4356 - acc: 0.8813 - val_loss: 0.4828 - val_acc: 0.8470
Epoch 91/150
100/100 [==============================] - 1s 12ms/step - loss: 0.4633 - acc: 0.8700
1000/1000 [==============================] - 39s 39ms/step - loss: 0.4393 - acc: 0.8790 - val_loss: 0.4633 - val_acc: 0.8700
Epoch 92/150
100/100 [==============================] - 1s 13ms/step - loss: 0.4781 - acc: 0.8600
1000/1000 [==============================] - 38s 38ms/step - loss: 0.4381 - acc: 0.8827 - val_loss: 0.4781 - val_acc: 0.8600
Epoch 93/150
100/100 [==============================] - 1s 13ms/step - loss: 0.4623 - acc: 0.8660
1000/1000 [==============================] - 38s 38ms/step - loss: 0.4397 - acc: 0.8827 - val_loss: 0.4623 - val_acc: 0.8660
Epoch 94/150
100/100 [==============================] - 1s 13ms/step - loss: 0.4639 - acc: 0.8630
1000/1000 [==============================] - 38s 38ms/step - loss: 0.4424 - acc: 0.8820 - val_loss: 0.4639 - val_acc: 0.8630
Epoch 95/150
100/100 [==============================] - 1s 12ms/step - loss: 0.4611 - acc: 0.8700
1000/1000 [==============================] - 40s 40ms/step - loss: 0.4295 - acc: 0.8857 - val_loss: 0.4611 - val_acc: 0.8700
Epoch 96/150
100/100 [==============================] - 1s 13ms/step - loss: 0.4969 - acc: 0.8410
1000/1000 [==============================] - 40s 40ms/step - loss: 0.4490 - acc: 0.8743 - val_loss: 0.4969 - val_acc: 0.8410
Epoch 97/150
100/100 [==============================] - 1s 13ms/step - loss: 0.4506 - acc: 0.8680
1000/1000 [==============================] - 41s 41ms/step - loss: 0.4354 - acc: 0.8823 - val_loss: 0.4506 - val_acc: 0.8680
Epoch 98/150
100/100 [==============================] - 1s 13ms/step - loss: 0.4790 - acc: 0.8530
1000/1000 [==============================] - 41s 41ms/step - loss: 0.4346 - acc: 0.8847 - val_loss: 0.4790 - val_acc: 0.8530
Epoch 99/150
100/100 [==============================] - 1s 13ms/step - loss: 0.4800 - acc: 0.8570
1000/1000 [==============================] - 40s 40ms/step - loss: 0.4580 - acc: 0.8680 - val_loss: 0.4800 - val_acc: 0.8570
Epoch 100/150
100/100 [==============================] - 1s 12ms/step - loss: 0.4571 - acc: 0.8700
1000/1000 [==============================] - 40s 40ms/step - loss: 0.4414 - acc: 0.8760 - val_loss: 0.4571 - val_acc: 0.8700
Epoch 101/150
100/100 [==============================] - 1s 13ms/step - loss: 0.4818 - acc: 0.8490
1000/1000 [==============================] - 40s 40ms/step - loss: 0.4359 - acc: 0.8833 - val_loss: 0.4818 - val_acc: 0.8490
Epoch 102/150
100/100 [==============================] - 1s 13ms/step - loss: 0.4503 - acc: 0.8760
1000/1000 [==============================] - 41s 41ms/step - loss: 0.4564 - acc: 0.8767 - val_loss: 0.4503 - val_acc: 0.8760
Epoch 103/150
100/100 [==============================] - 1s 13ms/step - loss: 0.4514 - acc: 0.8790
1000/1000 [==============================] - 40s 40ms/step - loss: 0.4420 - acc: 0.8763 - val_loss: 0.4514 - val_acc: 0.8790
Epoch 104/150
100/100 [==============================] - 1s 13ms/step - loss: 0.4686 - acc: 0.8660
1000/1000 [==============================] - 40s 40ms/step - loss: 0.4321 - acc: 0.8867 - val_loss: 0.4686 - val_acc: 0.8660
Epoch 105/150
100/100 [==============================] - 1s 13ms/step - loss: 0.4706 - acc: 0.8590
1000/1000 [==============================] - 40s 40ms/step - loss: 0.4426 - acc: 0.8803 - val_loss: 0.4706 - val_acc: 0.8590
Epoch 106/150
100/100 [==============================] - 1s 13ms/step - loss: 0.4619 - acc: 0.8690
1000/1000 [==============================] - 40s 40ms/step - loss: 0.4309 - acc: 0.8897 - val_loss: 0.4619 - val_acc: 0.8690
Epoch 107/150
100/100 [==============================] - 1s 13ms/step - loss: 0.4604 - acc: 0.8720
1000/1000 [==============================] - 41s 41ms/step - loss: 0.4370 - acc: 0.8827 - val_loss: 0.4604 - val_acc: 0.8720
Epoch 108/150
100/100 [==============================] - 1s 13ms/step - loss: 0.4585 - acc: 0.8750
1000/1000 [==============================] - 41s 41ms/step - loss: 0.4466 - acc: 0.8757 - val_loss: 0.4585 - val_acc: 0.8750
Epoch 109/150
100/100 [==============================] - 1s 13ms/step - loss: 0.4548 - acc: 0.8730
1000/1000 [==============================] - 40s 40ms/step - loss: 0.4374 - acc: 0.8820 - val_loss: 0.4548 - val_acc: 0.8730
Epoch 110/150
100/100 [==============================] - 1s 13ms/step - loss: 0.4618 - acc: 0.8600
1000/1000 [==============================] - 41s 41ms/step - loss: 0.4325 - acc: 0.8860 - val_loss: 0.4618 - val_acc: 0.8600
Epoch 111/150
100/100 [==============================] - 1s 13ms/step - loss: 0.4673 - acc: 0.8650
1000/1000 [==============================] - 41s 41ms/step - loss: 0.4292 - acc: 0.8897 - val_loss: 0.4673 - val_acc: 0.8650
Epoch 112/150
100/100 [==============================] - 1s 13ms/step - loss: 0.4631 - acc: 0.8610
1000/1000 [==============================] - 41s 41ms/step - loss: 0.4334 - acc: 0.8857 - val_loss: 0.4631 - val_acc: 0.8610
Epoch 113/150
100/100 [==============================] - 1s 12ms/step - loss: 0.4343 - acc: 0.8840
1000/1000 [==============================] - 40s 40ms/step - loss: 0.4409 - acc: 0.8803 - val_loss: 0.4343 - val_acc: 0.8840
Epoch 114/150
100/100 [==============================] - 1s 13ms/step - loss: 0.4579 - acc: 0.8710
1000/1000 [==============================] - 41s 41ms/step - loss: 0.4266 - acc: 0.8887 - val_loss: 0.4579 - val_acc: 0.8710
Epoch 115/150
100/100 [==============================] - 1s 14ms/step - loss: 0.4532 - acc: 0.8720
1000/1000 [==============================] - 41s 41ms/step - loss: 0.4343 - acc: 0.8893 - val_loss: 0.4532 - val_acc: 0.8720
Epoch 116/150
100/100 [==============================] - 1s 13ms/step - loss: 0.4587 - acc: 0.8730
1000/1000 [==============================] - 41s 41ms/step - loss: 0.4295 - acc: 0.8887 - val_loss: 0.4587 - val_acc: 0.8730
Epoch 117/150
100/100 [==============================] - 1s 12ms/step - loss: 0.4655 - acc: 0.8590
1000/1000 [==============================] - 40s 40ms/step - loss: 0.4310 - acc: 0.8850 - val_loss: 0.4655 - val_acc: 0.8590
Epoch 118/150
100/100 [==============================] - 1s 13ms/step - loss: 0.4434 - acc: 0.8770
1000/1000 [==============================] - 40s 40ms/step - loss: 0.4186 - acc: 0.8927 - val_loss: 0.4434 - val_acc: 0.8770
Epoch 119/150
100/100 [==============================] - 1s 13ms/step - loss: 0.4566 - acc: 0.8730
1000/1000 [==============================] - 40s 40ms/step - loss: 0.4310 - acc: 0.8840 - val_loss: 0.4566 - val_acc: 0.8730
Epoch 120/150
100/100 [==============================] - 1s 13ms/step - loss: 0.4769 - acc: 0.8630
1000/1000 [==============================] - 40s 40ms/step - loss: 0.4357 - acc: 0.8843 - val_loss: 0.4769 - val_acc: 0.8630
Epoch 121/150
100/100 [==============================] - 1s 13ms/step - loss: 0.4565 - acc: 0.8660
1000/1000 [==============================] - 40s 40ms/step - loss: 0.4405 - acc: 0.8830 - val_loss: 0.4565 - val_acc: 0.8660
Epoch 122/150
100/100 [==============================] - 1s 13ms/step - loss: 0.4262 - acc: 0.8930
1000/1000 [==============================] - 41s 41ms/step - loss: 0.4272 - acc: 0.8973 - val_loss: 0.4262 - val_acc: 0.8930
Epoch 123/150
100/100 [==============================] - 1s 13ms/step - loss: 0.4668 - acc: 0.8690
1000/1000 [==============================] - 41s 41ms/step - loss: 0.4242 - acc: 0.8943 - val_loss: 0.4668 - val_acc: 0.8690
Epoch 124/150
100/100 [==============================] - 1s 13ms/step - loss: 0.4655 - acc: 0.8630
1000/1000 [==============================] - 41s 41ms/step - loss: 0.4225 - acc: 0.8903 - val_loss: 0.4655 - val_acc: 0.8630
Epoch 125/150
100/100 [==============================] - 1s 12ms/step - loss: 0.4434 - acc: 0.8780
1000/1000 [==============================] - 40s 40ms/step - loss: 0.4390 - acc: 0.8783 - val_loss: 0.4434 - val_acc: 0.8780
Epoch 126/150
100/100 [==============================] - 1s 13ms/step - loss: 0.4840 - acc: 0.8560
1000/1000 [==============================] - 37s 37ms/step - loss: 0.4327 - acc: 0.8860 - val_loss: 0.4840 - val_acc: 0.8560
Epoch 127/150
100/100 [==============================] - 1s 13ms/step - loss: 0.4710 - acc: 0.8620
1000/1000 [==============================] - 38s 38ms/step - loss: 0.4193 - acc: 0.8887 - val_loss: 0.4710 - val_acc: 0.8620
Epoch 128/150
100/100 [==============================] - 1s 13ms/step - loss: 0.4522 - acc: 0.8650
1000/1000 [==============================] - 40s 40ms/step - loss: 0.4363 - acc: 0.8820 - val_loss: 0.4522 - val_acc: 0.8650
Epoch 129/150
100/100 [==============================] - 1s 13ms/step - loss: 0.4591 - acc: 0.8680
1000/1000 [==============================] - 40s 40ms/step - loss: 0.4133 - acc: 0.9030 - val_loss: 0.4591 - val_acc: 0.8680

real	85m38.252s
user	389m41.819s
sys	100m0.980s
