WARNING:tensorflow:From /usr/local/lib/python3.6/dist-packages/tensorflow/python/ops/resource_variable_ops.py:435: colocate_with (from tensorflow.python.framework.ops) is deprecated and will be removed in a future version.
Instructions for updating:
Colocations handled automatically by placer.
WARNING:tensorflow:From /usr/local/lib/python3.6/dist-packages/tensorflow/python/ops/math_ops.py:3066: to_int32 (from tensorflow.python.ops.math_ops) is deprecated and will be removed in a future version.
Instructions for updating:
Use tf.cast instead.
2019-06-27 13:50:45.959991: I tensorflow/core/platform/profile_utils/cpu_utils.cc:94] CPU Frequency: 2593550000 Hz
2019-06-27 13:50:45.962382: I tensorflow/compiler/xla/service/service.cc:150] XLA service 0x1590fc0 executing computations on platform Host. Devices:
2019-06-27 13:50:45.962410: I tensorflow/compiler/xla/service/service.cc:158]   StreamExecutor device (0): <undefined>, <undefined>
_________________________________________________________________
Layer (type)                 Output Shape              Param #   
=================================================================
input_1 (InputLayer)         (None, 512, 256)          0         
_________________________________________________________________
conv1d (Conv1D)              (None, 32, 256)           1048832   
_________________________________________________________________
lstm (LSTM)                  (None, 128)               197120    
_________________________________________________________________
dense (Dense)                (None, 3)                 387       
_________________________________________________________________
activation (Activation)      (None, 3)                 0         
=================================================================
Total params: 1,246,339
Trainable params: 1,246,339
Non-trainable params: 0
_________________________________________________________________
Epoch 1/150
100/100 [==============================] - 2s 16ms/step - loss: 0.8209 - acc: 0.6110
1000/1000 [==============================] - 53s 53ms/step - loss: 0.9658 - acc: 0.5250 - val_loss: 0.8209 - val_acc: 0.6110
Epoch 2/150
100/100 [==============================] - 2s 16ms/step - loss: 0.7254 - acc: 0.6730
1000/1000 [==============================] - 50s 50ms/step - loss: 0.7762 - acc: 0.6507 - val_loss: 0.7254 - val_acc: 0.6730
Epoch 3/150
100/100 [==============================] - 2s 16ms/step - loss: 0.6465 - acc: 0.7310
1000/1000 [==============================] - 49s 49ms/step - loss: 0.6819 - acc: 0.7073 - val_loss: 0.6465 - val_acc: 0.7310
Epoch 4/150
100/100 [==============================] - 2s 16ms/step - loss: 0.5579 - acc: 0.7690
1000/1000 [==============================] - 50s 50ms/step - loss: 0.5953 - acc: 0.7427 - val_loss: 0.5579 - val_acc: 0.7690
Epoch 5/150
100/100 [==============================] - 2s 16ms/step - loss: 0.5257 - acc: 0.7820
1000/1000 [==============================] - 50s 50ms/step - loss: 0.5343 - acc: 0.7923 - val_loss: 0.5257 - val_acc: 0.7820
Epoch 6/150
100/100 [==============================] - 2s 16ms/step - loss: 0.5324 - acc: 0.7920
1000/1000 [==============================] - 49s 49ms/step - loss: 0.5294 - acc: 0.7800 - val_loss: 0.5324 - val_acc: 0.7920
Epoch 7/150
100/100 [==============================] - 2s 15ms/step - loss: 0.5056 - acc: 0.7930
1000/1000 [==============================] - 49s 49ms/step - loss: 0.4891 - acc: 0.8077 - val_loss: 0.5056 - val_acc: 0.7930
Epoch 8/150
100/100 [==============================] - 2s 16ms/step - loss: 0.4512 - acc: 0.8250
1000/1000 [==============================] - 49s 49ms/step - loss: 0.4908 - acc: 0.7943 - val_loss: 0.4512 - val_acc: 0.8250
Epoch 9/150
100/100 [==============================] - 2s 16ms/step - loss: 0.5191 - acc: 0.7810
1000/1000 [==============================] - 50s 50ms/step - loss: 0.4669 - acc: 0.8170 - val_loss: 0.5191 - val_acc: 0.7810
Epoch 10/150
100/100 [==============================] - 2s 16ms/step - loss: 0.4398 - acc: 0.8310
1000/1000 [==============================] - 50s 50ms/step - loss: 0.4779 - acc: 0.8137 - val_loss: 0.4398 - val_acc: 0.8310
Epoch 11/150
100/100 [==============================] - 2s 16ms/step - loss: 0.5252 - acc: 0.7910
1000/1000 [==============================] - 50s 50ms/step - loss: 0.4501 - acc: 0.8147 - val_loss: 0.5252 - val_acc: 0.7910
Epoch 12/150
100/100 [==============================] - 2s 16ms/step - loss: 0.4712 - acc: 0.8080
1000/1000 [==============================] - 50s 50ms/step - loss: 0.4628 - acc: 0.8117 - val_loss: 0.4712 - val_acc: 0.8080
Epoch 13/150
100/100 [==============================] - 2s 16ms/step - loss: 0.4681 - acc: 0.8080
1000/1000 [==============================] - 50s 50ms/step - loss: 0.4497 - acc: 0.8250 - val_loss: 0.4681 - val_acc: 0.8080
Epoch 14/150
100/100 [==============================] - 2s 16ms/step - loss: 0.4779 - acc: 0.8050
1000/1000 [==============================] - 50s 50ms/step - loss: 0.4402 - acc: 0.8277 - val_loss: 0.4779 - val_acc: 0.8050
Epoch 15/150
100/100 [==============================] - 2s 16ms/step - loss: 0.4533 - acc: 0.8080
1000/1000 [==============================] - 50s 50ms/step - loss: 0.4379 - acc: 0.8273 - val_loss: 0.4533 - val_acc: 0.8080
Epoch 16/150
100/100 [==============================] - 2s 16ms/step - loss: 0.4972 - acc: 0.8060
1000/1000 [==============================] - 50s 50ms/step - loss: 0.4026 - acc: 0.8440 - val_loss: 0.4972 - val_acc: 0.8060
Epoch 17/150
100/100 [==============================] - 2s 16ms/step - loss: 0.4370 - acc: 0.8100
1000/1000 [==============================] - 50s 50ms/step - loss: 0.4084 - acc: 0.8340 - val_loss: 0.4370 - val_acc: 0.8100
Epoch 18/150
100/100 [==============================] - 2s 16ms/step - loss: 0.4673 - acc: 0.8100
1000/1000 [==============================] - 50s 50ms/step - loss: 0.4123 - acc: 0.8433 - val_loss: 0.4673 - val_acc: 0.8100
Epoch 19/150
100/100 [==============================] - 2s 16ms/step - loss: 0.4187 - acc: 0.8270
1000/1000 [==============================] - 50s 50ms/step - loss: 0.3896 - acc: 0.8493 - val_loss: 0.4187 - val_acc: 0.8270
Epoch 20/150
100/100 [==============================] - 2s 16ms/step - loss: 0.4067 - acc: 0.8390
1000/1000 [==============================] - 50s 50ms/step - loss: 0.4139 - acc: 0.8320 - val_loss: 0.4067 - val_acc: 0.8390
Epoch 21/150
100/100 [==============================] - 2s 16ms/step - loss: 0.4535 - acc: 0.8200
1000/1000 [==============================] - 50s 50ms/step - loss: 0.3859 - acc: 0.8490 - val_loss: 0.4535 - val_acc: 0.8200
Epoch 22/150
100/100 [==============================] - 2s 16ms/step - loss: 0.3947 - acc: 0.8490
1000/1000 [==============================] - 50s 50ms/step - loss: 0.3838 - acc: 0.8510 - val_loss: 0.3947 - val_acc: 0.8490
Epoch 23/150
100/100 [==============================] - 2s 16ms/step - loss: 0.4215 - acc: 0.8430
1000/1000 [==============================] - 50s 50ms/step - loss: 0.3801 - acc: 0.8573 - val_loss: 0.4215 - val_acc: 0.8430
Epoch 24/150
100/100 [==============================] - 2s 16ms/step - loss: 0.4160 - acc: 0.8320
1000/1000 [==============================] - 50s 50ms/step - loss: 0.3787 - acc: 0.8543 - val_loss: 0.4160 - val_acc: 0.8320
Epoch 25/150
100/100 [==============================] - 2s 16ms/step - loss: 0.3701 - acc: 0.8660
1000/1000 [==============================] - 50s 50ms/step - loss: 0.3893 - acc: 0.8483 - val_loss: 0.3701 - val_acc: 0.8660
Epoch 26/150
100/100 [==============================] - 2s 15ms/step - loss: 0.4076 - acc: 0.8370
1000/1000 [==============================] - 50s 50ms/step - loss: 0.3765 - acc: 0.8507 - val_loss: 0.4076 - val_acc: 0.8370
Epoch 27/150
100/100 [==============================] - 2s 16ms/step - loss: 0.3712 - acc: 0.8440
1000/1000 [==============================] - 49s 49ms/step - loss: 0.3768 - acc: 0.8540 - val_loss: 0.3712 - val_acc: 0.8440
Epoch 28/150
100/100 [==============================] - 2s 16ms/step - loss: 0.3629 - acc: 0.8680
1000/1000 [==============================] - 49s 49ms/step - loss: 0.3450 - acc: 0.8630 - val_loss: 0.3629 - val_acc: 0.8680
Epoch 29/150
100/100 [==============================] - 2s 16ms/step - loss: 0.3463 - acc: 0.8650
1000/1000 [==============================] - 49s 49ms/step - loss: 0.3359 - acc: 0.8713 - val_loss: 0.3463 - val_acc: 0.8650
Epoch 30/150
100/100 [==============================] - 2s 16ms/step - loss: 0.4106 - acc: 0.8310
1000/1000 [==============================] - 50s 50ms/step - loss: 0.3466 - acc: 0.8630 - val_loss: 0.4106 - val_acc: 0.8310
Epoch 31/150
100/100 [==============================] - 2s 16ms/step - loss: 0.4047 - acc: 0.8420
1000/1000 [==============================] - 50s 50ms/step - loss: 0.3513 - acc: 0.8650 - val_loss: 0.4047 - val_acc: 0.8420
Epoch 32/150
100/100 [==============================] - 2s 15ms/step - loss: 0.3657 - acc: 0.8460
1000/1000 [==============================] - 50s 50ms/step - loss: 0.3369 - acc: 0.8707 - val_loss: 0.3657 - val_acc: 0.8460
Epoch 33/150
100/100 [==============================] - 2s 16ms/step - loss: 0.3717 - acc: 0.8630
1000/1000 [==============================] - 49s 49ms/step - loss: 0.3479 - acc: 0.8633 - val_loss: 0.3717 - val_acc: 0.8630
Epoch 34/150
100/100 [==============================] - 2s 16ms/step - loss: 0.4018 - acc: 0.8380
1000/1000 [==============================] - 50s 50ms/step - loss: 0.3361 - acc: 0.8727 - val_loss: 0.4018 - val_acc: 0.8380
Epoch 35/150
100/100 [==============================] - 2s 16ms/step - loss: 0.3834 - acc: 0.8400
1000/1000 [==============================] - 50s 50ms/step - loss: 0.3243 - acc: 0.8733 - val_loss: 0.3834 - val_acc: 0.8400
Epoch 36/150
100/100 [==============================] - 2s 16ms/step - loss: 0.3583 - acc: 0.8550
1000/1000 [==============================] - 50s 50ms/step - loss: 0.3454 - acc: 0.8677 - val_loss: 0.3583 - val_acc: 0.8550
Epoch 37/150
100/100 [==============================] - 2s 16ms/step - loss: 0.3390 - acc: 0.8780
1000/1000 [==============================] - 49s 49ms/step - loss: 0.3325 - acc: 0.8697 - val_loss: 0.3390 - val_acc: 0.8780
Epoch 38/150
100/100 [==============================] - 2s 16ms/step - loss: 0.3033 - acc: 0.8870
1000/1000 [==============================] - 49s 49ms/step - loss: 0.3529 - acc: 0.8663 - val_loss: 0.3033 - val_acc: 0.8870
Epoch 39/150
100/100 [==============================] - 2s 16ms/step - loss: 0.3270 - acc: 0.8690
1000/1000 [==============================] - 51s 51ms/step - loss: 0.3143 - acc: 0.8780 - val_loss: 0.3270 - val_acc: 0.8690
Epoch 40/150
100/100 [==============================] - 2s 16ms/step - loss: 0.3449 - acc: 0.8670
1000/1000 [==============================] - 50s 50ms/step - loss: 0.3393 - acc: 0.8740 - val_loss: 0.3449 - val_acc: 0.8670
Epoch 41/150
100/100 [==============================] - 2s 16ms/step - loss: 0.3241 - acc: 0.8730
1000/1000 [==============================] - 50s 50ms/step - loss: 0.3279 - acc: 0.8767 - val_loss: 0.3241 - val_acc: 0.8730
Epoch 42/150
100/100 [==============================] - 2s 16ms/step - loss: 0.3226 - acc: 0.8720
1000/1000 [==============================] - 50s 50ms/step - loss: 0.3242 - acc: 0.8763 - val_loss: 0.3226 - val_acc: 0.8720
Epoch 43/150
100/100 [==============================] - 2s 16ms/step - loss: 0.3256 - acc: 0.8730
1000/1000 [==============================] - 50s 50ms/step - loss: 0.3365 - acc: 0.8607 - val_loss: 0.3256 - val_acc: 0.8730
Epoch 44/150
100/100 [==============================] - 2s 16ms/step - loss: 0.3191 - acc: 0.8640
1000/1000 [==============================] - 50s 50ms/step - loss: 0.3103 - acc: 0.8820 - val_loss: 0.3191 - val_acc: 0.8640
Epoch 45/150
100/100 [==============================] - 2s 16ms/step - loss: 0.3177 - acc: 0.8760
1000/1000 [==============================] - 50s 50ms/step - loss: 0.3213 - acc: 0.8757 - val_loss: 0.3177 - val_acc: 0.8760
Epoch 46/150
100/100 [==============================] - 2s 16ms/step - loss: 0.3436 - acc: 0.8540
1000/1000 [==============================] - 50s 50ms/step - loss: 0.3253 - acc: 0.8753 - val_loss: 0.3436 - val_acc: 0.8540
Epoch 47/150
100/100 [==============================] - 2s 16ms/step - loss: 0.3272 - acc: 0.8710
1000/1000 [==============================] - 50s 50ms/step - loss: 0.3090 - acc: 0.8897 - val_loss: 0.3272 - val_acc: 0.8710
Epoch 48/150
100/100 [==============================] - 2s 16ms/step - loss: 0.3155 - acc: 0.8850
1000/1000 [==============================] - 50s 50ms/step - loss: 0.3017 - acc: 0.8880 - val_loss: 0.3155 - val_acc: 0.8850
Epoch 49/150
100/100 [==============================] - 2s 16ms/step - loss: 0.3939 - acc: 0.8580
1000/1000 [==============================] - 50s 50ms/step - loss: 0.3314 - acc: 0.8770 - val_loss: 0.3939 - val_acc: 0.8580
Epoch 50/150
100/100 [==============================] - 2s 15ms/step - loss: 0.3497 - acc: 0.8680
1000/1000 [==============================] - 50s 50ms/step - loss: 0.3291 - acc: 0.8827 - val_loss: 0.3497 - val_acc: 0.8680
Epoch 51/150
100/100 [==============================] - 2s 16ms/step - loss: 0.3196 - acc: 0.8850
1000/1000 [==============================] - 50s 50ms/step - loss: 0.2911 - acc: 0.8857 - val_loss: 0.3196 - val_acc: 0.8850
Epoch 52/150
100/100 [==============================] - 2s 15ms/step - loss: 0.3901 - acc: 0.8340
1000/1000 [==============================] - 50s 50ms/step - loss: 0.3144 - acc: 0.8833 - val_loss: 0.3901 - val_acc: 0.8340
Epoch 53/150
100/100 [==============================] - 2s 17ms/step - loss: 0.3584 - acc: 0.8740
1000/1000 [==============================] - 50s 50ms/step - loss: 0.3140 - acc: 0.8700 - val_loss: 0.3584 - val_acc: 0.8740
Epoch 54/150
100/100 [==============================] - 2s 16ms/step - loss: 0.3336 - acc: 0.8680
1000/1000 [==============================] - 50s 50ms/step - loss: 0.3266 - acc: 0.8747 - val_loss: 0.3336 - val_acc: 0.8680
Epoch 55/150
100/100 [==============================] - 2s 16ms/step - loss: 0.3523 - acc: 0.8650
1000/1000 [==============================] - 50s 50ms/step - loss: 0.3219 - acc: 0.8760 - val_loss: 0.3523 - val_acc: 0.8650
Epoch 56/150
100/100 [==============================] - 2s 16ms/step - loss: 0.3303 - acc: 0.8780
1000/1000 [==============================] - 50s 50ms/step - loss: 0.2856 - acc: 0.8833 - val_loss: 0.3303 - val_acc: 0.8780
Epoch 57/150
100/100 [==============================] - 2s 16ms/step - loss: 0.3017 - acc: 0.8990
1000/1000 [==============================] - 50s 50ms/step - loss: 0.3140 - acc: 0.8753 - val_loss: 0.3017 - val_acc: 0.8990
Epoch 58/150
100/100 [==============================] - 2s 16ms/step - loss: 0.3497 - acc: 0.8630
1000/1000 [==============================] - 50s 50ms/step - loss: 0.3018 - acc: 0.8853 - val_loss: 0.3497 - val_acc: 0.8630
Epoch 59/150
100/100 [==============================] - 2s 16ms/step - loss: 0.3545 - acc: 0.8580
1000/1000 [==============================] - 51s 51ms/step - loss: 0.3311 - acc: 0.8717 - val_loss: 0.3545 - val_acc: 0.8580
Epoch 60/150
100/100 [==============================] - 2s 16ms/step - loss: 0.3590 - acc: 0.8600
1000/1000 [==============================] - 50s 50ms/step - loss: 0.3237 - acc: 0.8780 - val_loss: 0.3590 - val_acc: 0.8600
Epoch 61/150
100/100 [==============================] - 2s 16ms/step - loss: 0.3586 - acc: 0.8560
1000/1000 [==============================] - 50s 50ms/step - loss: 0.3145 - acc: 0.8767 - val_loss: 0.3586 - val_acc: 0.8560
Epoch 62/150
100/100 [==============================] - 2s 16ms/step - loss: 0.3181 - acc: 0.8860
1000/1000 [==============================] - 50s 50ms/step - loss: 0.2949 - acc: 0.8897 - val_loss: 0.3181 - val_acc: 0.8860
Epoch 63/150
100/100 [==============================] - 2s 16ms/step - loss: 0.3295 - acc: 0.8720
1000/1000 [==============================] - 50s 50ms/step - loss: 0.3118 - acc: 0.8807 - val_loss: 0.3295 - val_acc: 0.8720
Epoch 64/150
100/100 [==============================] - 2s 16ms/step - loss: 0.4088 - acc: 0.8420
1000/1000 [==============================] - 50s 50ms/step - loss: 0.3329 - acc: 0.8723 - val_loss: 0.4088 - val_acc: 0.8420
Epoch 65/150
100/100 [==============================] - 2s 16ms/step - loss: 0.3595 - acc: 0.8660
1000/1000 [==============================] - 50s 50ms/step - loss: 0.3310 - acc: 0.8720 - val_loss: 0.3595 - val_acc: 0.8660
Epoch 66/150
100/100 [==============================] - 2s 16ms/step - loss: 0.3051 - acc: 0.8800
1000/1000 [==============================] - 50s 50ms/step - loss: 0.3200 - acc: 0.8727 - val_loss: 0.3051 - val_acc: 0.8800
Epoch 67/150
100/100 [==============================] - 2s 16ms/step - loss: 0.2971 - acc: 0.8800
1000/1000 [==============================] - 49s 49ms/step - loss: 0.2948 - acc: 0.8913 - val_loss: 0.2971 - val_acc: 0.8800
Epoch 68/150
100/100 [==============================] - 2s 16ms/step - loss: 0.3120 - acc: 0.8770
1000/1000 [==============================] - 50s 50ms/step - loss: 0.3130 - acc: 0.8810 - val_loss: 0.3120 - val_acc: 0.8770
Epoch 69/150
100/100 [==============================] - 2s 16ms/step - loss: 0.3401 - acc: 0.8580
1000/1000 [==============================] - 50s 50ms/step - loss: 0.3083 - acc: 0.8840 - val_loss: 0.3401 - val_acc: 0.8580
Epoch 70/150
100/100 [==============================] - 2s 16ms/step - loss: 0.3476 - acc: 0.8680
1000/1000 [==============================] - 50s 50ms/step - loss: 0.3002 - acc: 0.8837 - val_loss: 0.3476 - val_acc: 0.8680
Epoch 71/150
100/100 [==============================] - 2s 16ms/step - loss: 0.3419 - acc: 0.8710
1000/1000 [==============================] - 52s 52ms/step - loss: 0.2947 - acc: 0.8880 - val_loss: 0.3419 - val_acc: 0.8710
Epoch 72/150
100/100 [==============================] - 2s 15ms/step - loss: 0.3323 - acc: 0.8730
1000/1000 [==============================] - 51s 51ms/step - loss: 0.3121 - acc: 0.8810 - val_loss: 0.3323 - val_acc: 0.8730
Epoch 73/150
100/100 [==============================] - 2s 15ms/step - loss: 0.3482 - acc: 0.8630
1000/1000 [==============================] - 51s 51ms/step - loss: 0.3004 - acc: 0.8827 - val_loss: 0.3482 - val_acc: 0.8630
Epoch 74/150
100/100 [==============================] - 2s 15ms/step - loss: 0.3528 - acc: 0.8600
1000/1000 [==============================] - 49s 49ms/step - loss: 0.3025 - acc: 0.8853 - val_loss: 0.3528 - val_acc: 0.8600
Epoch 75/150
100/100 [==============================] - 2s 16ms/step - loss: 0.3160 - acc: 0.8830
1000/1000 [==============================] - 51s 51ms/step - loss: 0.3081 - acc: 0.8873 - val_loss: 0.3160 - val_acc: 0.8830
Epoch 76/150
100/100 [==============================] - 2s 17ms/step - loss: 0.3514 - acc: 0.8550
1000/1000 [==============================] - 50s 50ms/step - loss: 0.3282 - acc: 0.8777 - val_loss: 0.3514 - val_acc: 0.8550
Epoch 77/150
100/100 [==============================] - 2s 16ms/step - loss: 0.3232 - acc: 0.8720
1000/1000 [==============================] - 51s 51ms/step - loss: 0.2988 - acc: 0.8813 - val_loss: 0.3232 - val_acc: 0.8720
Epoch 78/150
100/100 [==============================] - 2s 16ms/step - loss: 0.3132 - acc: 0.8870
1000/1000 [==============================] - 50s 50ms/step - loss: 0.3160 - acc: 0.8820 - val_loss: 0.3132 - val_acc: 0.8870
Epoch 79/150
100/100 [==============================] - 2s 16ms/step - loss: 0.3404 - acc: 0.8770
1000/1000 [==============================] - 50s 50ms/step - loss: 0.2999 - acc: 0.8800 - val_loss: 0.3404 - val_acc: 0.8770
Epoch 80/150
100/100 [==============================] - 2s 16ms/step - loss: 0.3519 - acc: 0.8690
1000/1000 [==============================] - 49s 49ms/step - loss: 0.3014 - acc: 0.8853 - val_loss: 0.3519 - val_acc: 0.8690
Epoch 81/150
100/100 [==============================] - 2s 16ms/step - loss: 0.3606 - acc: 0.8520
1000/1000 [==============================] - 49s 49ms/step - loss: 0.3070 - acc: 0.8810 - val_loss: 0.3606 - val_acc: 0.8520
Epoch 82/150
100/100 [==============================] - 2s 16ms/step - loss: 0.3296 - acc: 0.8850
1000/1000 [==============================] - 49s 49ms/step - loss: 0.3032 - acc: 0.8900 - val_loss: 0.3296 - val_acc: 0.8850
Epoch 83/150
100/100 [==============================] - 2s 16ms/step - loss: 0.3195 - acc: 0.8700
1000/1000 [==============================] - 49s 49ms/step - loss: 0.3068 - acc: 0.8827 - val_loss: 0.3195 - val_acc: 0.8700
Epoch 84/150
100/100 [==============================] - 2s 16ms/step - loss: 0.3003 - acc: 0.8870
1000/1000 [==============================] - 49s 49ms/step - loss: 0.2977 - acc: 0.8877 - val_loss: 0.3003 - val_acc: 0.8870
Epoch 85/150
100/100 [==============================] - 2s 16ms/step - loss: 0.3338 - acc: 0.8760
1000/1000 [==============================] - 49s 49ms/step - loss: 0.3239 - acc: 0.8807 - val_loss: 0.3338 - val_acc: 0.8760
Epoch 86/150
100/100 [==============================] - 2s 16ms/step - loss: 0.3365 - acc: 0.8670
1000/1000 [==============================] - 49s 49ms/step - loss: 0.2991 - acc: 0.8857 - val_loss: 0.3365 - val_acc: 0.8670
Epoch 87/150
100/100 [==============================] - 2s 16ms/step - loss: 0.3188 - acc: 0.8830
1000/1000 [==============================] - 49s 49ms/step - loss: 0.3123 - acc: 0.8820 - val_loss: 0.3188 - val_acc: 0.8830
Epoch 88/150
100/100 [==============================] - 2s 16ms/step - loss: 0.3299 - acc: 0.8710
1000/1000 [==============================] - 50s 50ms/step - loss: 0.3002 - acc: 0.8900 - val_loss: 0.3299 - val_acc: 0.8710
Epoch 89/150
100/100 [==============================] - 2s 16ms/step - loss: 0.3301 - acc: 0.8780
1000/1000 [==============================] - 50s 50ms/step - loss: 0.2995 - acc: 0.8923 - val_loss: 0.3301 - val_acc: 0.8780
Epoch 90/150
100/100 [==============================] - 2s 16ms/step - loss: 0.3046 - acc: 0.8820
1000/1000 [==============================] - 50s 50ms/step - loss: 0.3077 - acc: 0.8900 - val_loss: 0.3046 - val_acc: 0.8820
Epoch 91/150
100/100 [==============================] - 2s 16ms/step - loss: 0.3072 - acc: 0.8780
1000/1000 [==============================] - 50s 50ms/step - loss: 0.3071 - acc: 0.8823 - val_loss: 0.3072 - val_acc: 0.8780
Epoch 92/150
100/100 [==============================] - 2s 16ms/step - loss: 0.3306 - acc: 0.8680
1000/1000 [==============================] - 50s 50ms/step - loss: 0.3153 - acc: 0.8790 - val_loss: 0.3306 - val_acc: 0.8680
Epoch 93/150
100/100 [==============================] - 2s 16ms/step - loss: 0.3704 - acc: 0.8520
1000/1000 [==============================] - 50s 50ms/step - loss: 0.3123 - acc: 0.8827 - val_loss: 0.3704 - val_acc: 0.8520
Epoch 94/150
100/100 [==============================] - 2s 16ms/step - loss: 0.3294 - acc: 0.8650
1000/1000 [==============================] - 50s 50ms/step - loss: 0.2780 - acc: 0.8930 - val_loss: 0.3294 - val_acc: 0.8650
Epoch 95/150
100/100 [==============================] - 2s 16ms/step - loss: 0.3623 - acc: 0.8630
1000/1000 [==============================] - 50s 50ms/step - loss: 0.2963 - acc: 0.8863 - val_loss: 0.3623 - val_acc: 0.8630
Epoch 96/150
100/100 [==============================] - 2s 17ms/step - loss: 0.3399 - acc: 0.8610
1000/1000 [==============================] - 50s 50ms/step - loss: 0.2886 - acc: 0.8960 - val_loss: 0.3399 - val_acc: 0.8610
Epoch 97/150
100/100 [==============================] - 2s 16ms/step - loss: 0.3065 - acc: 0.8840
1000/1000 [==============================] - 50s 50ms/step - loss: 0.2850 - acc: 0.8923 - val_loss: 0.3065 - val_acc: 0.8840
Epoch 98/150
100/100 [==============================] - 2s 16ms/step - loss: 0.3002 - acc: 0.8930
1000/1000 [==============================] - 49s 49ms/step - loss: 0.2935 - acc: 0.8933 - val_loss: 0.3002 - val_acc: 0.8930
Epoch 99/150
100/100 [==============================] - 2s 16ms/step - loss: 0.3209 - acc: 0.8740
1000/1000 [==============================] - 50s 50ms/step - loss: 0.2986 - acc: 0.8847 - val_loss: 0.3209 - val_acc: 0.8740
Epoch 100/150
100/100 [==============================] - 2s 16ms/step - loss: 0.3331 - acc: 0.8640
1000/1000 [==============================] - 50s 50ms/step - loss: 0.2982 - acc: 0.8857 - val_loss: 0.3331 - val_acc: 0.8640
Epoch 101/150
100/100 [==============================] - 2s 16ms/step - loss: 0.3094 - acc: 0.8820
1000/1000 [==============================] - 50s 50ms/step - loss: 0.2812 - acc: 0.8893 - val_loss: 0.3094 - val_acc: 0.8820
Epoch 102/150
100/100 [==============================] - 2s 16ms/step - loss: 0.3480 - acc: 0.8710
1000/1000 [==============================] - 50s 50ms/step - loss: 0.2880 - acc: 0.8870 - val_loss: 0.3480 - val_acc: 0.8710
Epoch 103/150
100/100 [==============================] - 2s 15ms/step - loss: 0.3549 - acc: 0.8600
1000/1000 [==============================] - 50s 50ms/step - loss: 0.3077 - acc: 0.8810 - val_loss: 0.3549 - val_acc: 0.8600
Epoch 104/150
100/100 [==============================] - 2s 15ms/step - loss: 0.3393 - acc: 0.8780
1000/1000 [==============================] - 51s 51ms/step - loss: 0.3185 - acc: 0.8760 - val_loss: 0.3393 - val_acc: 0.8780
Epoch 105/150
100/100 [==============================] - 2s 16ms/step - loss: 0.2907 - acc: 0.8920
1000/1000 [==============================] - 50s 50ms/step - loss: 0.3050 - acc: 0.8850 - val_loss: 0.2907 - val_acc: 0.8920
Epoch 106/150
100/100 [==============================] - 2s 16ms/step - loss: 0.3126 - acc: 0.8820
1000/1000 [==============================] - 50s 50ms/step - loss: 0.2970 - acc: 0.8890 - val_loss: 0.3126 - val_acc: 0.8820
Epoch 107/150
100/100 [==============================] - 2s 16ms/step - loss: 0.3123 - acc: 0.8640
1000/1000 [==============================] - 50s 50ms/step - loss: 0.2902 - acc: 0.8870 - val_loss: 0.3123 - val_acc: 0.8640
Epoch 108/150
100/100 [==============================] - 2s 16ms/step - loss: 0.3933 - acc: 0.8540
1000/1000 [==============================] - 50s 50ms/step - loss: 0.2739 - acc: 0.8973 - val_loss: 0.3933 - val_acc: 0.8540
Epoch 109/150
100/100 [==============================] - 2s 15ms/step - loss: 0.3640 - acc: 0.8550
1000/1000 [==============================] - 50s 50ms/step - loss: 0.3203 - acc: 0.8770 - val_loss: 0.3640 - val_acc: 0.8550
Epoch 110/150
100/100 [==============================] - 2s 17ms/step - loss: 0.3417 - acc: 0.8760
1000/1000 [==============================] - 50s 50ms/step - loss: 0.3029 - acc: 0.8780 - val_loss: 0.3417 - val_acc: 0.8760
Epoch 111/150
100/100 [==============================] - 2s 16ms/step - loss: 0.3837 - acc: 0.8640
1000/1000 [==============================] - 50s 50ms/step - loss: 0.2904 - acc: 0.8930 - val_loss: 0.3837 - val_acc: 0.8640
Epoch 112/150
100/100 [==============================] - 2s 16ms/step - loss: 0.3204 - acc: 0.8800
1000/1000 [==============================] - 50s 50ms/step - loss: 0.3046 - acc: 0.8830 - val_loss: 0.3204 - val_acc: 0.8800
Epoch 113/150
100/100 [==============================] - 2s 16ms/step - loss: 0.3493 - acc: 0.8600
1000/1000 [==============================] - 50s 50ms/step - loss: 0.3030 - acc: 0.8850 - val_loss: 0.3493 - val_acc: 0.8600
Epoch 114/150
100/100 [==============================] - 2s 16ms/step - loss: 0.3421 - acc: 0.8700
1000/1000 [==============================] - 50s 50ms/step - loss: 0.3109 - acc: 0.8773 - val_loss: 0.3421 - val_acc: 0.8700
Epoch 115/150
100/100 [==============================] - 2s 16ms/step - loss: 0.3292 - acc: 0.8750
1000/1000 [==============================] - 50s 50ms/step - loss: 0.2991 - acc: 0.8943 - val_loss: 0.3292 - val_acc: 0.8750
Epoch 116/150
100/100 [==============================] - 2s 16ms/step - loss: 0.3276 - acc: 0.8740
1000/1000 [==============================] - 50s 50ms/step - loss: 0.2984 - acc: 0.8870 - val_loss: 0.3276 - val_acc: 0.8740
Epoch 117/150
100/100 [==============================] - 2s 15ms/step - loss: 0.3080 - acc: 0.8810
1000/1000 [==============================] - 50s 50ms/step - loss: 0.2853 - acc: 0.8950 - val_loss: 0.3080 - val_acc: 0.8810
Epoch 118/150
100/100 [==============================] - 2s 16ms/step - loss: 0.3427 - acc: 0.8670
1000/1000 [==============================] - 50s 50ms/step - loss: 0.2799 - acc: 0.8973 - val_loss: 0.3427 - val_acc: 0.8670
Epoch 119/150
100/100 [==============================] - 2s 15ms/step - loss: 0.3422 - acc: 0.8760
1000/1000 [==============================] - 50s 50ms/step - loss: 0.2958 - acc: 0.8863 - val_loss: 0.3422 - val_acc: 0.8760
Epoch 120/150
100/100 [==============================] - 2s 16ms/step - loss: 0.3217 - acc: 0.8650
1000/1000 [==============================] - 49s 49ms/step - loss: 0.3144 - acc: 0.8827 - val_loss: 0.3217 - val_acc: 0.8650
Epoch 121/150
100/100 [==============================] - 2s 16ms/step - loss: 0.3366 - acc: 0.8730
1000/1000 [==============================] - 50s 50ms/step - loss: 0.3068 - acc: 0.8880 - val_loss: 0.3366 - val_acc: 0.8730
Epoch 122/150
100/100 [==============================] - 2s 16ms/step - loss: 0.2936 - acc: 0.8830
1000/1000 [==============================] - 50s 50ms/step - loss: 0.3000 - acc: 0.8800 - val_loss: 0.2936 - val_acc: 0.8830
Epoch 123/150
100/100 [==============================] - 2s 15ms/step - loss: 0.3064 - acc: 0.8730
1000/1000 [==============================] - 50s 50ms/step - loss: 0.2990 - acc: 0.8833 - val_loss: 0.3064 - val_acc: 0.8730
Epoch 124/150
100/100 [==============================] - 2s 16ms/step - loss: 0.3190 - acc: 0.8840
1000/1000 [==============================] - 50s 50ms/step - loss: 0.2991 - acc: 0.8880 - val_loss: 0.3190 - val_acc: 0.8840
Epoch 125/150
100/100 [==============================] - 2s 15ms/step - loss: 0.3235 - acc: 0.8720
1000/1000 [==============================] - 50s 50ms/step - loss: 0.3173 - acc: 0.8747 - val_loss: 0.3235 - val_acc: 0.8720
Epoch 126/150
100/100 [==============================] - 2s 15ms/step - loss: 0.3205 - acc: 0.8840
1000/1000 [==============================] - 50s 50ms/step - loss: 0.2932 - acc: 0.8907 - val_loss: 0.3205 - val_acc: 0.8840
Epoch 127/150
100/100 [==============================] - 2s 16ms/step - loss: 0.2909 - acc: 0.8980
1000/1000 [==============================] - 50s 50ms/step - loss: 0.2955 - acc: 0.8907 - val_loss: 0.2909 - val_acc: 0.8980
Epoch 128/150
100/100 [==============================] - 2s 16ms/step - loss: 0.3145 - acc: 0.8770
1000/1000 [==============================] - 50s 50ms/step - loss: 0.2876 - acc: 0.8913 - val_loss: 0.3145 - val_acc: 0.8770
Epoch 129/150
100/100 [==============================] - 2s 16ms/step - loss: 0.3245 - acc: 0.8730
1000/1000 [==============================] - 50s 50ms/step - loss: 0.2915 - acc: 0.8933 - val_loss: 0.3245 - val_acc: 0.8730
Epoch 130/150
100/100 [==============================] - 2s 16ms/step - loss: 0.3354 - acc: 0.8520
1000/1000 [==============================] - 50s 50ms/step - loss: 0.2815 - acc: 0.8903 - val_loss: 0.3354 - val_acc: 0.8520
Epoch 131/150
100/100 [==============================] - 2s 16ms/step - loss: 0.3447 - acc: 0.8680
1000/1000 [==============================] - 49s 49ms/step - loss: 0.3121 - acc: 0.8843 - val_loss: 0.3447 - val_acc: 0.8680
Epoch 132/150
100/100 [==============================] - 2s 16ms/step - loss: 0.3300 - acc: 0.8710
1000/1000 [==============================] - 49s 49ms/step - loss: 0.2778 - acc: 0.8967 - val_loss: 0.3300 - val_acc: 0.8710
Epoch 133/150
100/100 [==============================] - 2s 16ms/step - loss: 0.3463 - acc: 0.8710
1000/1000 [==============================] - 49s 49ms/step - loss: 0.3023 - acc: 0.8870 - val_loss: 0.3463 - val_acc: 0.8710
Epoch 134/150
100/100 [==============================] - 2s 16ms/step - loss: 0.3289 - acc: 0.8800
1000/1000 [==============================] - 50s 50ms/step - loss: 0.2854 - acc: 0.8963 - val_loss: 0.3289 - val_acc: 0.8800
Epoch 135/150
100/100 [==============================] - 2s 16ms/step - loss: 0.3615 - acc: 0.8550
1000/1000 [==============================] - 49s 49ms/step - loss: 0.3185 - acc: 0.8777 - val_loss: 0.3615 - val_acc: 0.8550
Epoch 136/150
100/100 [==============================] - 2s 16ms/step - loss: 0.3125 - acc: 0.8780
1000/1000 [==============================] - 50s 50ms/step - loss: 0.3084 - acc: 0.8813 - val_loss: 0.3125 - val_acc: 0.8780
Epoch 137/150
100/100 [==============================] - 2s 16ms/step - loss: 0.3753 - acc: 0.8620
1000/1000 [==============================] - 50s 50ms/step - loss: 0.2920 - acc: 0.8933 - val_loss: 0.3753 - val_acc: 0.8620
Epoch 138/150
100/100 [==============================] - 2s 16ms/step - loss: 0.3142 - acc: 0.8780
1000/1000 [==============================] - 49s 49ms/step - loss: 0.3029 - acc: 0.8840 - val_loss: 0.3142 - val_acc: 0.8780
Epoch 139/150
100/100 [==============================] - 2s 16ms/step - loss: 0.2936 - acc: 0.8810
1000/1000 [==============================] - 50s 50ms/step - loss: 0.2902 - acc: 0.8870 - val_loss: 0.2936 - val_acc: 0.8810
Epoch 140/150
100/100 [==============================] - 2s 16ms/step - loss: 0.3814 - acc: 0.8530
1000/1000 [==============================] - 50s 50ms/step - loss: 0.2776 - acc: 0.8940 - val_loss: 0.3814 - val_acc: 0.8530
Epoch 141/150
100/100 [==============================] - 2s 15ms/step - loss: 0.3017 - acc: 0.8830
1000/1000 [==============================] - 50s 50ms/step - loss: 0.3157 - acc: 0.8780 - val_loss: 0.3017 - val_acc: 0.8830
Epoch 142/150
100/100 [==============================] - 2s 16ms/step - loss: 0.3284 - acc: 0.8670
1000/1000 [==============================] - 49s 49ms/step - loss: 0.2984 - acc: 0.8907 - val_loss: 0.3284 - val_acc: 0.8670
Epoch 143/150
100/100 [==============================] - 2s 17ms/step - loss: 0.3288 - acc: 0.8660
1000/1000 [==============================] - 52s 52ms/step - loss: 0.3040 - acc: 0.8893 - val_loss: 0.3288 - val_acc: 0.8660
Epoch 144/150
100/100 [==============================] - 2s 16ms/step - loss: 0.3449 - acc: 0.8650
1000/1000 [==============================] - 52s 52ms/step - loss: 0.2850 - acc: 0.8880 - val_loss: 0.3449 - val_acc: 0.8650
Epoch 145/150
100/100 [==============================] - 2s 15ms/step - loss: 0.3120 - acc: 0.8830
1000/1000 [==============================] - 51s 51ms/step - loss: 0.2886 - acc: 0.8897 - val_loss: 0.3120 - val_acc: 0.8830
Epoch 146/150
100/100 [==============================] - 2s 16ms/step - loss: 0.3378 - acc: 0.8770
1000/1000 [==============================] - 49s 49ms/step - loss: 0.2968 - acc: 0.8867 - val_loss: 0.3378 - val_acc: 0.8770
Epoch 147/150
100/100 [==============================] - 2s 17ms/step - loss: 0.3409 - acc: 0.8610
1000/1000 [==============================] - 49s 49ms/step - loss: 0.3016 - acc: 0.8853 - val_loss: 0.3409 - val_acc: 0.8610
Epoch 148/150
100/100 [==============================] - 2s 16ms/step - loss: 0.3294 - acc: 0.8680
1000/1000 [==============================] - 49s 49ms/step - loss: 0.2746 - acc: 0.8923 - val_loss: 0.3294 - val_acc: 0.8680
Epoch 149/150
100/100 [==============================] - 2s 16ms/step - loss: 0.3109 - acc: 0.8880
1000/1000 [==============================] - 49s 49ms/step - loss: 0.2843 - acc: 0.8883 - val_loss: 0.3109 - val_acc: 0.8880
Epoch 150/150
100/100 [==============================] - 2s 16ms/step - loss: 0.3601 - acc: 0.8630
1000/1000 [==============================] - 49s 49ms/step - loss: 0.2873 - acc: 0.8940 - val_loss: 0.3601 - val_acc: 0.8630

real	124m47.069s
user	1139m4.854s
sys	163m8.416s
