WARNING:tensorflow:From /usr/local/lib/python3.6/dist-packages/tensorflow/python/ops/resource_variable_ops.py:435: colocate_with (from tensorflow.python.framework.ops) is deprecated and will be removed in a future version.
Instructions for updating:
Colocations handled automatically by placer.
2019-06-27 12:05:18.494049: I tensorflow/core/platform/profile_utils/cpu_utils.cc:94] CPU Frequency: 2593550000 Hz
2019-06-27 12:05:18.496158: I tensorflow/compiler/xla/service/service.cc:150] XLA service 0x32c74e0 executing computations on platform Host. Devices:
2019-06-27 12:05:18.496195: I tensorflow/compiler/xla/service/service.cc:158]   StreamExecutor device (0): <undefined>, <undefined>
WARNING:tensorflow:From /usr/local/lib/python3.6/dist-packages/tensorflow/python/ops/math_ops.py:3066: to_int32 (from tensorflow.python.ops.math_ops) is deprecated and will be removed in a future version.
Instructions for updating:
Use tf.cast instead.
_________________________________________________________________
Layer (type)                 Output Shape              Param #   
=================================================================
input_1 (InputLayer)         (None, 512, 256)          0         
_________________________________________________________________
conv1d (Conv1D)              (None, 64, 128)           262272    
_________________________________________________________________
max_pooling1d (MaxPooling1D) (None, 64, 64)            0         
_________________________________________________________________
conv1d_1 (Conv1D)            (None, 8, 64)             32832     
_________________________________________________________________
max_pooling1d_1 (MaxPooling1 (None, 8, 32)             0         
_________________________________________________________________
lstm (LSTM)                  (None, 3)                 432       
_________________________________________________________________
activation (Activation)      (None, 3)                 0         
=================================================================
Total params: 295,536
Trainable params: 295,536
Non-trainable params: 0
_________________________________________________________________
Epoch 1/150
100/100 [==============================] - 1s 11ms/step - loss: 0.8105 - acc: 0.6200
1000/1000 [==============================] - 24s 24ms/step - loss: 0.9278 - acc: 0.5403 - val_loss: 0.8105 - val_acc: 0.6200
Epoch 2/150
100/100 [==============================] - 1s 10ms/step - loss: 0.6912 - acc: 0.7460
1000/1000 [==============================] - 23s 23ms/step - loss: 0.7162 - acc: 0.7280 - val_loss: 0.6912 - val_acc: 0.7460
Epoch 3/150
100/100 [==============================] - 1s 11ms/step - loss: 0.6854 - acc: 0.7340
1000/1000 [==============================] - 22s 22ms/step - loss: 0.6778 - acc: 0.7430 - val_loss: 0.6854 - val_acc: 0.7340
Epoch 4/150
100/100 [==============================] - 1s 10ms/step - loss: 0.5958 - acc: 0.7940
1000/1000 [==============================] - 23s 23ms/step - loss: 0.6283 - acc: 0.7807 - val_loss: 0.5958 - val_acc: 0.7940
Epoch 5/150
100/100 [==============================] - 1s 9ms/step - loss: 0.6264 - acc: 0.7830
1000/1000 [==============================] - 22s 22ms/step - loss: 0.5976 - acc: 0.7913 - val_loss: 0.6264 - val_acc: 0.7830
Epoch 6/150
100/100 [==============================] - 1s 9ms/step - loss: 0.6058 - acc: 0.8170
1000/1000 [==============================] - 23s 23ms/step - loss: 0.5878 - acc: 0.7983 - val_loss: 0.6058 - val_acc: 0.8170
Epoch 7/150
100/100 [==============================] - 1s 9ms/step - loss: 0.5325 - acc: 0.8250
1000/1000 [==============================] - 23s 23ms/step - loss: 0.5480 - acc: 0.8220 - val_loss: 0.5325 - val_acc: 0.8250
Epoch 8/150
100/100 [==============================] - 1s 9ms/step - loss: 0.5650 - acc: 0.8150
1000/1000 [==============================] - 23s 23ms/step - loss: 0.5453 - acc: 0.8203 - val_loss: 0.5650 - val_acc: 0.8150
Epoch 9/150
100/100 [==============================] - 1s 9ms/step - loss: 0.5538 - acc: 0.8160
1000/1000 [==============================] - 22s 22ms/step - loss: 0.5363 - acc: 0.8363 - val_loss: 0.5538 - val_acc: 0.8160
Epoch 10/150
100/100 [==============================] - 1s 9ms/step - loss: 0.6225 - acc: 0.7820
1000/1000 [==============================] - 23s 23ms/step - loss: 0.5356 - acc: 0.8300 - val_loss: 0.6225 - val_acc: 0.7820
Epoch 11/150
100/100 [==============================] - 1s 9ms/step - loss: 0.5310 - acc: 0.8360
1000/1000 [==============================] - 22s 22ms/step - loss: 0.4958 - acc: 0.8607 - val_loss: 0.5310 - val_acc: 0.8360
Epoch 12/150
100/100 [==============================] - 1s 9ms/step - loss: 0.5507 - acc: 0.8350
1000/1000 [==============================] - 22s 22ms/step - loss: 0.5217 - acc: 0.8370 - val_loss: 0.5507 - val_acc: 0.8350
Epoch 13/150
100/100 [==============================] - 1s 9ms/step - loss: 0.5196 - acc: 0.8370
1000/1000 [==============================] - 22s 22ms/step - loss: 0.5013 - acc: 0.8543 - val_loss: 0.5196 - val_acc: 0.8370
Epoch 14/150
100/100 [==============================] - 1s 9ms/step - loss: 0.5268 - acc: 0.8420
1000/1000 [==============================] - 22s 22ms/step - loss: 0.5020 - acc: 0.8543 - val_loss: 0.5268 - val_acc: 0.8420
Epoch 15/150
100/100 [==============================] - 1s 8ms/step - loss: 0.5037 - acc: 0.8440
1000/1000 [==============================] - 22s 22ms/step - loss: 0.4922 - acc: 0.8593 - val_loss: 0.5037 - val_acc: 0.8440
Epoch 16/150
100/100 [==============================] - 1s 9ms/step - loss: 0.5216 - acc: 0.8450
1000/1000 [==============================] - 22s 22ms/step - loss: 0.5014 - acc: 0.8510 - val_loss: 0.5216 - val_acc: 0.8450
Epoch 17/150
100/100 [==============================] - 1s 9ms/step - loss: 0.5071 - acc: 0.8330
1000/1000 [==============================] - 22s 22ms/step - loss: 0.4993 - acc: 0.8517 - val_loss: 0.5071 - val_acc: 0.8330
Epoch 18/150
100/100 [==============================] - 1s 11ms/step - loss: 0.5301 - acc: 0.8380
1000/1000 [==============================] - 23s 23ms/step - loss: 0.4909 - acc: 0.8550 - val_loss: 0.5301 - val_acc: 0.8380
Epoch 19/150
100/100 [==============================] - 1s 9ms/step - loss: 0.5182 - acc: 0.8450
1000/1000 [==============================] - 22s 22ms/step - loss: 0.5045 - acc: 0.8503 - val_loss: 0.5182 - val_acc: 0.8450
Epoch 20/150
100/100 [==============================] - 1s 11ms/step - loss: 0.5152 - acc: 0.8380
1000/1000 [==============================] - 23s 23ms/step - loss: 0.5007 - acc: 0.8577 - val_loss: 0.5152 - val_acc: 0.8380
Epoch 21/150
100/100 [==============================] - 1s 12ms/step - loss: 0.4902 - acc: 0.8610
1000/1000 [==============================] - 23s 23ms/step - loss: 0.4816 - acc: 0.8637 - val_loss: 0.4902 - val_acc: 0.8610
Epoch 22/150
100/100 [==============================] - 1s 11ms/step - loss: 0.4850 - acc: 0.8610
1000/1000 [==============================] - 22s 22ms/step - loss: 0.4908 - acc: 0.8587 - val_loss: 0.4850 - val_acc: 0.8610
Epoch 23/150
100/100 [==============================] - 1s 11ms/step - loss: 0.5063 - acc: 0.8470
1000/1000 [==============================] - 22s 22ms/step - loss: 0.4772 - acc: 0.8620 - val_loss: 0.5063 - val_acc: 0.8470
Epoch 24/150
100/100 [==============================] - 1s 11ms/step - loss: 0.4992 - acc: 0.8580
1000/1000 [==============================] - 22s 22ms/step - loss: 0.4706 - acc: 0.8680 - val_loss: 0.4992 - val_acc: 0.8580
Epoch 25/150
100/100 [==============================] - 1s 11ms/step - loss: 0.4851 - acc: 0.8660
1000/1000 [==============================] - 22s 22ms/step - loss: 0.4847 - acc: 0.8570 - val_loss: 0.4851 - val_acc: 0.8660
Epoch 26/150
100/100 [==============================] - 1s 11ms/step - loss: 0.4976 - acc: 0.8490
1000/1000 [==============================] - 22s 22ms/step - loss: 0.4839 - acc: 0.8580 - val_loss: 0.4976 - val_acc: 0.8490
Epoch 27/150
100/100 [==============================] - 1s 11ms/step - loss: 0.5141 - acc: 0.8360
1000/1000 [==============================] - 23s 23ms/step - loss: 0.4698 - acc: 0.8717 - val_loss: 0.5141 - val_acc: 0.8360
Epoch 28/150
100/100 [==============================] - 1s 11ms/step - loss: 0.5032 - acc: 0.8440
1000/1000 [==============================] - 22s 22ms/step - loss: 0.4654 - acc: 0.8727 - val_loss: 0.5032 - val_acc: 0.8440
Epoch 29/150
100/100 [==============================] - 1s 11ms/step - loss: 0.5103 - acc: 0.8450
1000/1000 [==============================] - 22s 22ms/step - loss: 0.4790 - acc: 0.8610 - val_loss: 0.5103 - val_acc: 0.8450
Epoch 30/150
100/100 [==============================] - 1s 11ms/step - loss: 0.4969 - acc: 0.8580
1000/1000 [==============================] - 23s 23ms/step - loss: 0.4583 - acc: 0.8763 - val_loss: 0.4969 - val_acc: 0.8580
Epoch 31/150
100/100 [==============================] - 1s 11ms/step - loss: 0.4852 - acc: 0.8580
1000/1000 [==============================] - 22s 22ms/step - loss: 0.4613 - acc: 0.8750 - val_loss: 0.4852 - val_acc: 0.8580
Epoch 32/150
100/100 [==============================] - 1s 11ms/step - loss: 0.4948 - acc: 0.8540
1000/1000 [==============================] - 22s 22ms/step - loss: 0.4705 - acc: 0.8647 - val_loss: 0.4948 - val_acc: 0.8540
Epoch 33/150
100/100 [==============================] - 1s 11ms/step - loss: 0.4936 - acc: 0.8600
1000/1000 [==============================] - 22s 22ms/step - loss: 0.4590 - acc: 0.8767 - val_loss: 0.4936 - val_acc: 0.8600
Epoch 34/150
100/100 [==============================] - 1s 12ms/step - loss: 0.4719 - acc: 0.8670
1000/1000 [==============================] - 21s 21ms/step - loss: 0.4570 - acc: 0.8767 - val_loss: 0.4719 - val_acc: 0.8670
Epoch 35/150
100/100 [==============================] - 1s 11ms/step - loss: 0.4934 - acc: 0.8530
1000/1000 [==============================] - 21s 21ms/step - loss: 0.4594 - acc: 0.8757 - val_loss: 0.4934 - val_acc: 0.8530
Epoch 36/150
100/100 [==============================] - 1s 10ms/step - loss: 0.4732 - acc: 0.8690
1000/1000 [==============================] - 22s 22ms/step - loss: 0.4598 - acc: 0.8740 - val_loss: 0.4732 - val_acc: 0.8690
Epoch 37/150
100/100 [==============================] - 1s 10ms/step - loss: 0.4796 - acc: 0.8650
1000/1000 [==============================] - 22s 22ms/step - loss: 0.4558 - acc: 0.8777 - val_loss: 0.4796 - val_acc: 0.8650
Epoch 38/150
100/100 [==============================] - 1s 10ms/step - loss: 0.4639 - acc: 0.8720
1000/1000 [==============================] - 22s 22ms/step - loss: 0.4669 - acc: 0.8747 - val_loss: 0.4639 - val_acc: 0.8720
Epoch 39/150
100/100 [==============================] - 1s 11ms/step - loss: 0.4692 - acc: 0.8670
1000/1000 [==============================] - 22s 22ms/step - loss: 0.4576 - acc: 0.8813 - val_loss: 0.4692 - val_acc: 0.8670
Epoch 40/150
100/100 [==============================] - 1s 9ms/step - loss: 0.4780 - acc: 0.8680
1000/1000 [==============================] - 22s 22ms/step - loss: 0.4615 - acc: 0.8780 - val_loss: 0.4780 - val_acc: 0.8680
Epoch 41/150
100/100 [==============================] - 1s 11ms/step - loss: 0.5138 - acc: 0.8460
1000/1000 [==============================] - 22s 22ms/step - loss: 0.4533 - acc: 0.8827 - val_loss: 0.5138 - val_acc: 0.8460
Epoch 42/150
100/100 [==============================] - 1s 9ms/step - loss: 0.4753 - acc: 0.8700
1000/1000 [==============================] - 22s 22ms/step - loss: 0.4508 - acc: 0.8780 - val_loss: 0.4753 - val_acc: 0.8700
Epoch 43/150
100/100 [==============================] - 1s 11ms/step - loss: 0.4552 - acc: 0.8820
1000/1000 [==============================] - 23s 23ms/step - loss: 0.4525 - acc: 0.8730 - val_loss: 0.4552 - val_acc: 0.8820
Epoch 44/150
100/100 [==============================] - 1s 10ms/step - loss: 0.4979 - acc: 0.8480
1000/1000 [==============================] - 22s 22ms/step - loss: 0.4491 - acc: 0.8817 - val_loss: 0.4979 - val_acc: 0.8480
Epoch 45/150
100/100 [==============================] - 1s 10ms/step - loss: 0.5046 - acc: 0.8490
1000/1000 [==============================] - 22s 22ms/step - loss: 0.4677 - acc: 0.8750 - val_loss: 0.5046 - val_acc: 0.8490
Epoch 46/150
100/100 [==============================] - 1s 9ms/step - loss: 0.4714 - acc: 0.8720
1000/1000 [==============================] - 22s 22ms/step - loss: 0.4378 - acc: 0.8860 - val_loss: 0.4714 - val_acc: 0.8720
Epoch 47/150
100/100 [==============================] - 1s 9ms/step - loss: 0.4907 - acc: 0.8620
1000/1000 [==============================] - 22s 22ms/step - loss: 0.4535 - acc: 0.8823 - val_loss: 0.4907 - val_acc: 0.8620
Epoch 48/150
100/100 [==============================] - 1s 9ms/step - loss: 0.4697 - acc: 0.8700
1000/1000 [==============================] - 22s 22ms/step - loss: 0.4380 - acc: 0.8830 - val_loss: 0.4697 - val_acc: 0.8700
Epoch 49/150
100/100 [==============================] - 1s 10ms/step - loss: 0.4722 - acc: 0.8640
1000/1000 [==============================] - 21s 21ms/step - loss: 0.4445 - acc: 0.8807 - val_loss: 0.4722 - val_acc: 0.8640
Epoch 50/150
100/100 [==============================] - 1s 10ms/step - loss: 0.4402 - acc: 0.8940
1000/1000 [==============================] - 22s 22ms/step - loss: 0.4417 - acc: 0.8860 - val_loss: 0.4402 - val_acc: 0.8940
Epoch 51/150
100/100 [==============================] - 1s 10ms/step - loss: 0.4719 - acc: 0.8700
1000/1000 [==============================] - 22s 22ms/step - loss: 0.4494 - acc: 0.8830 - val_loss: 0.4719 - val_acc: 0.8700
Epoch 52/150
100/100 [==============================] - 1s 9ms/step - loss: 0.4673 - acc: 0.8730
1000/1000 [==============================] - 22s 22ms/step - loss: 0.4396 - acc: 0.8893 - val_loss: 0.4673 - val_acc: 0.8730
Epoch 53/150
100/100 [==============================] - 1s 9ms/step - loss: 0.4497 - acc: 0.8900
1000/1000 [==============================] - 23s 23ms/step - loss: 0.4432 - acc: 0.8893 - val_loss: 0.4497 - val_acc: 0.8900
Epoch 54/150
100/100 [==============================] - 1s 10ms/step - loss: 0.4644 - acc: 0.8730
1000/1000 [==============================] - 22s 22ms/step - loss: 0.4416 - acc: 0.8810 - val_loss: 0.4644 - val_acc: 0.8730
Epoch 55/150
100/100 [==============================] - 1s 10ms/step - loss: 0.4669 - acc: 0.8790
1000/1000 [==============================] - 23s 23ms/step - loss: 0.4254 - acc: 0.8940 - val_loss: 0.4669 - val_acc: 0.8790
Epoch 56/150
100/100 [==============================] - 1s 9ms/step - loss: 0.4630 - acc: 0.8710
1000/1000 [==============================] - 23s 23ms/step - loss: 0.4395 - acc: 0.8887 - val_loss: 0.4630 - val_acc: 0.8710
Epoch 57/150
100/100 [==============================] - 1s 9ms/step - loss: 0.4821 - acc: 0.8670
1000/1000 [==============================] - 22s 22ms/step - loss: 0.4276 - acc: 0.8987 - val_loss: 0.4821 - val_acc: 0.8670
Epoch 58/150
100/100 [==============================] - 1s 10ms/step - loss: 0.4761 - acc: 0.8740
1000/1000 [==============================] - 22s 22ms/step - loss: 0.4328 - acc: 0.8900 - val_loss: 0.4761 - val_acc: 0.8740
Epoch 59/150
100/100 [==============================] - 1s 11ms/step - loss: 0.4857 - acc: 0.8590
1000/1000 [==============================] - 22s 22ms/step - loss: 0.4347 - acc: 0.8897 - val_loss: 0.4857 - val_acc: 0.8590
Epoch 60/150
100/100 [==============================] - 1s 9ms/step - loss: 0.4885 - acc: 0.8680
1000/1000 [==============================] - 22s 22ms/step - loss: 0.4398 - acc: 0.8880 - val_loss: 0.4885 - val_acc: 0.8680
Epoch 61/150
100/100 [==============================] - 1s 9ms/step - loss: 0.4893 - acc: 0.8490
1000/1000 [==============================] - 23s 23ms/step - loss: 0.4328 - acc: 0.8887 - val_loss: 0.4893 - val_acc: 0.8490
Epoch 62/150
100/100 [==============================] - 1s 9ms/step - loss: 0.4627 - acc: 0.8780
1000/1000 [==============================] - 22s 22ms/step - loss: 0.4430 - acc: 0.8873 - val_loss: 0.4627 - val_acc: 0.8780
Epoch 63/150
100/100 [==============================] - 1s 10ms/step - loss: 0.4810 - acc: 0.8590
1000/1000 [==============================] - 22s 22ms/step - loss: 0.4397 - acc: 0.8873 - val_loss: 0.4810 - val_acc: 0.8590
Epoch 64/150
100/100 [==============================] - 1s 10ms/step - loss: 0.4455 - acc: 0.8820
1000/1000 [==============================] - 22s 22ms/step - loss: 0.4370 - acc: 0.8863 - val_loss: 0.4455 - val_acc: 0.8820
Epoch 65/150
100/100 [==============================] - 1s 9ms/step - loss: 0.4707 - acc: 0.8720
1000/1000 [==============================] - 22s 22ms/step - loss: 0.4399 - acc: 0.8890 - val_loss: 0.4707 - val_acc: 0.8720
Epoch 66/150
100/100 [==============================] - 1s 9ms/step - loss: 0.4541 - acc: 0.8750
1000/1000 [==============================] - 22s 22ms/step - loss: 0.4483 - acc: 0.8827 - val_loss: 0.4541 - val_acc: 0.8750
Epoch 67/150
100/100 [==============================] - 1s 9ms/step - loss: 0.4545 - acc: 0.8690
1000/1000 [==============================] - 22s 22ms/step - loss: 0.4380 - acc: 0.8873 - val_loss: 0.4545 - val_acc: 0.8690
Epoch 68/150
100/100 [==============================] - 1s 9ms/step - loss: 0.4633 - acc: 0.8740
1000/1000 [==============================] - 22s 22ms/step - loss: 0.4350 - acc: 0.8890 - val_loss: 0.4633 - val_acc: 0.8740
Epoch 69/150
100/100 [==============================] - 1s 9ms/step - loss: 0.4844 - acc: 0.8630
1000/1000 [==============================] - 23s 23ms/step - loss: 0.4307 - acc: 0.8980 - val_loss: 0.4844 - val_acc: 0.8630
Epoch 70/150
100/100 [==============================] - 1s 10ms/step - loss: 0.4655 - acc: 0.8740
1000/1000 [==============================] - 23s 23ms/step - loss: 0.4459 - acc: 0.8823 - val_loss: 0.4655 - val_acc: 0.8740
Epoch 71/150
100/100 [==============================] - 1s 10ms/step - loss: 0.4658 - acc: 0.8680
1000/1000 [==============================] - 22s 22ms/step - loss: 0.4218 - acc: 0.8970 - val_loss: 0.4658 - val_acc: 0.8680
Epoch 72/150
100/100 [==============================] - 1s 9ms/step - loss: 0.4669 - acc: 0.8630
1000/1000 [==============================] - 22s 22ms/step - loss: 0.4267 - acc: 0.8940 - val_loss: 0.4669 - val_acc: 0.8630
Epoch 73/150
100/100 [==============================] - 1s 9ms/step - loss: 0.4376 - acc: 0.8900
1000/1000 [==============================] - 22s 22ms/step - loss: 0.4478 - acc: 0.8823 - val_loss: 0.4376 - val_acc: 0.8900
Epoch 74/150
100/100 [==============================] - 1s 9ms/step - loss: 0.4574 - acc: 0.8800
1000/1000 [==============================] - 22s 22ms/step - loss: 0.4416 - acc: 0.8890 - val_loss: 0.4574 - val_acc: 0.8800
Epoch 75/150
100/100 [==============================] - 1s 9ms/step - loss: 0.4498 - acc: 0.8730
1000/1000 [==============================] - 22s 22ms/step - loss: 0.4331 - acc: 0.8947 - val_loss: 0.4498 - val_acc: 0.8730
Epoch 76/150
100/100 [==============================] - 1s 9ms/step - loss: 0.4811 - acc: 0.8590
1000/1000 [==============================] - 22s 22ms/step - loss: 0.4303 - acc: 0.8957 - val_loss: 0.4811 - val_acc: 0.8590
Epoch 77/150
100/100 [==============================] - 1s 9ms/step - loss: 0.4799 - acc: 0.8590
1000/1000 [==============================] - 22s 22ms/step - loss: 0.4505 - acc: 0.8853 - val_loss: 0.4799 - val_acc: 0.8590
Epoch 78/150
100/100 [==============================] - 1s 9ms/step - loss: 0.4710 - acc: 0.8660
1000/1000 [==============================] - 23s 23ms/step - loss: 0.4323 - acc: 0.8910 - val_loss: 0.4710 - val_acc: 0.8660
Epoch 79/150
100/100 [==============================] - 1s 8ms/step - loss: 0.4720 - acc: 0.8760
1000/1000 [==============================] - 22s 22ms/step - loss: 0.4332 - acc: 0.8887 - val_loss: 0.4720 - val_acc: 0.8760
Epoch 80/150
100/100 [==============================] - 1s 9ms/step - loss: 0.4686 - acc: 0.8730
1000/1000 [==============================] - 23s 23ms/step - loss: 0.4305 - acc: 0.8940 - val_loss: 0.4686 - val_acc: 0.8730
Epoch 81/150
100/100 [==============================] - 1s 9ms/step - loss: 0.4751 - acc: 0.8680
1000/1000 [==============================] - 23s 23ms/step - loss: 0.4272 - acc: 0.8990 - val_loss: 0.4751 - val_acc: 0.8680
Epoch 82/150
100/100 [==============================] - 1s 9ms/step - loss: 0.4630 - acc: 0.8780
1000/1000 [==============================] - 22s 22ms/step - loss: 0.4328 - acc: 0.8927 - val_loss: 0.4630 - val_acc: 0.8780
Epoch 83/150
100/100 [==============================] - 1s 9ms/step - loss: 0.4556 - acc: 0.8740
1000/1000 [==============================] - 22s 22ms/step - loss: 0.4318 - acc: 0.8923 - val_loss: 0.4556 - val_acc: 0.8740
Epoch 84/150
100/100 [==============================] - 1s 11ms/step - loss: 0.4566 - acc: 0.8780
1000/1000 [==============================] - 23s 23ms/step - loss: 0.4403 - acc: 0.8897 - val_loss: 0.4566 - val_acc: 0.8780
Epoch 85/150
100/100 [==============================] - 1s 9ms/step - loss: 0.4639 - acc: 0.8770
1000/1000 [==============================] - 22s 22ms/step - loss: 0.4412 - acc: 0.8880 - val_loss: 0.4639 - val_acc: 0.8770
Epoch 86/150
100/100 [==============================] - 1s 9ms/step - loss: 0.4617 - acc: 0.8710
1000/1000 [==============================] - 23s 23ms/step - loss: 0.4441 - acc: 0.8870 - val_loss: 0.4617 - val_acc: 0.8710
Epoch 87/150
100/100 [==============================] - 1s 9ms/step - loss: 0.4840 - acc: 0.8610
1000/1000 [==============================] - 23s 23ms/step - loss: 0.4286 - acc: 0.8907 - val_loss: 0.4840 - val_acc: 0.8610
Epoch 88/150
100/100 [==============================] - 1s 9ms/step - loss: 0.4712 - acc: 0.8720
1000/1000 [==============================] - 22s 22ms/step - loss: 0.4523 - acc: 0.8797 - val_loss: 0.4712 - val_acc: 0.8720
Epoch 89/150
100/100 [==============================] - 1s 11ms/step - loss: 0.4580 - acc: 0.8800
1000/1000 [==============================] - 22s 22ms/step - loss: 0.4348 - acc: 0.8910 - val_loss: 0.4580 - val_acc: 0.8800
Epoch 90/150
100/100 [==============================] - 1s 10ms/step - loss: 0.4547 - acc: 0.8730
1000/1000 [==============================] - 23s 23ms/step - loss: 0.4303 - acc: 0.8973 - val_loss: 0.4547 - val_acc: 0.8730
Epoch 91/150
100/100 [==============================] - 1s 9ms/step - loss: 0.4612 - acc: 0.8740
1000/1000 [==============================] - 22s 22ms/step - loss: 0.4284 - acc: 0.8963 - val_loss: 0.4612 - val_acc: 0.8740
Epoch 92/150
100/100 [==============================] - 1s 9ms/step - loss: 0.4619 - acc: 0.8700
1000/1000 [==============================] - 22s 22ms/step - loss: 0.4356 - acc: 0.8887 - val_loss: 0.4619 - val_acc: 0.8700
Epoch 93/150
100/100 [==============================] - 1s 9ms/step - loss: 0.4493 - acc: 0.8800
1000/1000 [==============================] - 22s 22ms/step - loss: 0.4533 - acc: 0.8813 - val_loss: 0.4493 - val_acc: 0.8800
Epoch 94/150
100/100 [==============================] - 1s 9ms/step - loss: 0.4487 - acc: 0.8790
1000/1000 [==============================] - 23s 23ms/step - loss: 0.4380 - acc: 0.8877 - val_loss: 0.4487 - val_acc: 0.8790
Epoch 95/150
100/100 [==============================] - 1s 9ms/step - loss: 0.4737 - acc: 0.8720
1000/1000 [==============================] - 22s 22ms/step - loss: 0.4242 - acc: 0.8987 - val_loss: 0.4737 - val_acc: 0.8720
Epoch 96/150
100/100 [==============================] - 1s 9ms/step - loss: 0.4520 - acc: 0.8740
1000/1000 [==============================] - 22s 22ms/step - loss: 0.4278 - acc: 0.8950 - val_loss: 0.4520 - val_acc: 0.8740
Epoch 97/150
100/100 [==============================] - 1s 9ms/step - loss: 0.4823 - acc: 0.8600
1000/1000 [==============================] - 23s 23ms/step - loss: 0.4366 - acc: 0.8900 - val_loss: 0.4823 - val_acc: 0.8600
Epoch 98/150
100/100 [==============================] - 1s 9ms/step - loss: 0.4589 - acc: 0.8730
1000/1000 [==============================] - 23s 23ms/step - loss: 0.4472 - acc: 0.8830 - val_loss: 0.4589 - val_acc: 0.8730
Epoch 99/150
100/100 [==============================] - 1s 9ms/step - loss: 0.4592 - acc: 0.8780
1000/1000 [==============================] - 22s 22ms/step - loss: 0.4203 - acc: 0.8983 - val_loss: 0.4592 - val_acc: 0.8780
Epoch 100/150
100/100 [==============================] - 1s 9ms/step - loss: 0.4911 - acc: 0.8520
1000/1000 [==============================] - 22s 22ms/step - loss: 0.4277 - acc: 0.8990 - val_loss: 0.4911 - val_acc: 0.8520
Epoch 101/150
100/100 [==============================] - 1s 9ms/step - loss: 0.4760 - acc: 0.8660
1000/1000 [==============================] - 22s 22ms/step - loss: 0.4378 - acc: 0.8863 - val_loss: 0.4760 - val_acc: 0.8660
Epoch 102/150
100/100 [==============================] - 1s 9ms/step - loss: 0.4525 - acc: 0.8680
1000/1000 [==============================] - 22s 22ms/step - loss: 0.4254 - acc: 0.8993 - val_loss: 0.4525 - val_acc: 0.8680
Epoch 103/150
100/100 [==============================] - 1s 9ms/step - loss: 0.4528 - acc: 0.8690
1000/1000 [==============================] - 22s 22ms/step - loss: 0.4215 - acc: 0.8990 - val_loss: 0.4528 - val_acc: 0.8690
Epoch 104/150
100/100 [==============================] - 1s 9ms/step - loss: 0.4515 - acc: 0.8780
1000/1000 [==============================] - 22s 22ms/step - loss: 0.4255 - acc: 0.8953 - val_loss: 0.4515 - val_acc: 0.8780
Epoch 105/150
100/100 [==============================] - 1s 9ms/step - loss: 0.4468 - acc: 0.8810
1000/1000 [==============================] - 22s 22ms/step - loss: 0.4337 - acc: 0.8930 - val_loss: 0.4468 - val_acc: 0.8810
Epoch 106/150
100/100 [==============================] - 1s 9ms/step - loss: 0.4452 - acc: 0.8780
1000/1000 [==============================] - 22s 22ms/step - loss: 0.4270 - acc: 0.8927 - val_loss: 0.4452 - val_acc: 0.8780
Epoch 107/150
100/100 [==============================] - 1s 10ms/step - loss: 0.4633 - acc: 0.8730
1000/1000 [==============================] - 22s 22ms/step - loss: 0.4335 - acc: 0.8947 - val_loss: 0.4633 - val_acc: 0.8730
Epoch 108/150
100/100 [==============================] - 1s 9ms/step - loss: 0.4670 - acc: 0.8650
1000/1000 [==============================] - 22s 22ms/step - loss: 0.4249 - acc: 0.8960 - val_loss: 0.4670 - val_acc: 0.8650
Epoch 109/150
100/100 [==============================] - 1s 10ms/step - loss: 0.4392 - acc: 0.8920
1000/1000 [==============================] - 22s 22ms/step - loss: 0.4505 - acc: 0.8807 - val_loss: 0.4392 - val_acc: 0.8920
Epoch 110/150
100/100 [==============================] - 1s 10ms/step - loss: 0.4876 - acc: 0.8580
1000/1000 [==============================] - 22s 22ms/step - loss: 0.4312 - acc: 0.8920 - val_loss: 0.4876 - val_acc: 0.8580
Epoch 111/150
100/100 [==============================] - 1s 9ms/step - loss: 0.4657 - acc: 0.8680
1000/1000 [==============================] - 22s 22ms/step - loss: 0.4361 - acc: 0.8853 - val_loss: 0.4657 - val_acc: 0.8680
Epoch 112/150
100/100 [==============================] - 1s 10ms/step - loss: 0.4707 - acc: 0.8740
1000/1000 [==============================] - 23s 23ms/step - loss: 0.4334 - acc: 0.8910 - val_loss: 0.4707 - val_acc: 0.8740
Epoch 113/150
100/100 [==============================] - 1s 9ms/step - loss: 0.4390 - acc: 0.8810
1000/1000 [==============================] - 22s 22ms/step - loss: 0.4263 - acc: 0.9013 - val_loss: 0.4390 - val_acc: 0.8810

real	42m7.482s
user	194m37.701s
sys	39m33.106s
