WARNING:tensorflow:From /usr/local/lib/python3.6/dist-packages/tensorflow/python/ops/resource_variable_ops.py:435: colocate_with (from tensorflow.python.framework.ops) is deprecated and will be removed in a future version.
Instructions for updating:
Colocations handled automatically by placer.
WARNING:tensorflow:From /usr/local/lib/python3.6/dist-packages/tensorflow/python/ops/math_ops.py:3066: to_int32 (from tensorflow.python.ops.math_ops) is deprecated and will be removed in a future version.
Instructions for updating:
Use tf.cast instead.
2019-06-27 17:51:14.526891: I tensorflow/core/platform/profile_utils/cpu_utils.cc:94] CPU Frequency: 2593550000 Hz
2019-06-27 17:51:14.528692: I tensorflow/compiler/xla/service/service.cc:150] XLA service 0x2a0bfc0 executing computations on platform Host. Devices:
2019-06-27 17:51:14.528718: I tensorflow/compiler/xla/service/service.cc:158]   StreamExecutor device (0): <undefined>, <undefined>
_________________________________________________________________
Layer (type)                 Output Shape              Param #   
=================================================================
input_1 (InputLayer)         (None, 512, 256)          0         
_________________________________________________________________
conv1d (Conv1D)              (None, 57, 64)            1048640   
_________________________________________________________________
flatten (Flatten)            (None, 3648)              0         
_________________________________________________________________
dense (Dense)                (None, 3)                 10947     
_________________________________________________________________
activation (Activation)      (None, 3)                 0         
=================================================================
Total params: 1,059,587
Trainable params: 1,059,587
Non-trainable params: 0
_________________________________________________________________
Epoch 1/150
100/100 [==============================] - 1s 13ms/step - loss: 0.9361 - acc: 0.6520
1000/1000 [==============================] - 21s 21ms/step - loss: 0.9021 - acc: 0.6010 - val_loss: 0.9361 - val_acc: 0.6520
Epoch 2/150
100/100 [==============================] - 1s 14ms/step - loss: 0.9079 - acc: 0.6920
1000/1000 [==============================] - 20s 20ms/step - loss: 0.9275 - acc: 0.6743 - val_loss: 0.9079 - val_acc: 0.6920
Epoch 3/150
100/100 [==============================] - 1s 14ms/step - loss: 1.0023 - acc: 0.6960
1000/1000 [==============================] - 20s 20ms/step - loss: 0.9374 - acc: 0.7103 - val_loss: 1.0023 - val_acc: 0.6960
Epoch 4/150
100/100 [==============================] - 1s 14ms/step - loss: 1.1074 - acc: 0.6920
1000/1000 [==============================] - 20s 20ms/step - loss: 0.9781 - acc: 0.6937 - val_loss: 1.1074 - val_acc: 0.6920
Epoch 5/150
100/100 [==============================] - 1s 14ms/step - loss: 1.0426 - acc: 0.6930
1000/1000 [==============================] - 20s 20ms/step - loss: 1.0523 - acc: 0.7137 - val_loss: 1.0426 - val_acc: 0.6930
Epoch 6/150
100/100 [==============================] - 1s 13ms/step - loss: 1.0973 - acc: 0.7320
1000/1000 [==============================] - 20s 20ms/step - loss: 1.0506 - acc: 0.7153 - val_loss: 1.0973 - val_acc: 0.7320
Epoch 7/150
100/100 [==============================] - 1s 14ms/step - loss: 1.3664 - acc: 0.6620
1000/1000 [==============================] - 20s 20ms/step - loss: 1.1529 - acc: 0.7087 - val_loss: 1.3664 - val_acc: 0.6620
Epoch 8/150
100/100 [==============================] - 1s 14ms/step - loss: 1.1417 - acc: 0.6990
1000/1000 [==============================] - 20s 20ms/step - loss: 1.1632 - acc: 0.7220 - val_loss: 1.1417 - val_acc: 0.6990
Epoch 9/150
100/100 [==============================] - 1s 13ms/step - loss: 1.1626 - acc: 0.7270
1000/1000 [==============================] - 20s 20ms/step - loss: 1.1856 - acc: 0.7180 - val_loss: 1.1626 - val_acc: 0.7270
Epoch 10/150
100/100 [==============================] - 1s 13ms/step - loss: 1.4360 - acc: 0.7070
1000/1000 [==============================] - 20s 20ms/step - loss: 1.1509 - acc: 0.7203 - val_loss: 1.4360 - val_acc: 0.7070
Epoch 11/150
100/100 [==============================] - 1s 14ms/step - loss: 1.3414 - acc: 0.7240
1000/1000 [==============================] - 20s 20ms/step - loss: 1.2889 - acc: 0.7200 - val_loss: 1.3414 - val_acc: 0.7240
Epoch 12/150
100/100 [==============================] - 1s 14ms/step - loss: 1.4355 - acc: 0.7270
1000/1000 [==============================] - 20s 20ms/step - loss: 1.2707 - acc: 0.7213 - val_loss: 1.4355 - val_acc: 0.7270
Epoch 13/150
100/100 [==============================] - 1s 13ms/step - loss: 1.4159 - acc: 0.6960
1000/1000 [==============================] - 20s 20ms/step - loss: 1.2477 - acc: 0.7413 - val_loss: 1.4159 - val_acc: 0.6960
Epoch 14/150
100/100 [==============================] - 1s 13ms/step - loss: 1.4692 - acc: 0.7220
1000/1000 [==============================] - 20s 20ms/step - loss: 1.4045 - acc: 0.7227 - val_loss: 1.4692 - val_acc: 0.7220
Epoch 15/150
100/100 [==============================] - 1s 13ms/step - loss: 1.4224 - acc: 0.7510
1000/1000 [==============================] - 20s 20ms/step - loss: 1.3262 - acc: 0.7347 - val_loss: 1.4224 - val_acc: 0.7510
Epoch 16/150
100/100 [==============================] - 1s 14ms/step - loss: 1.7978 - acc: 0.6950
1000/1000 [==============================] - 20s 20ms/step - loss: 1.3550 - acc: 0.7423 - val_loss: 1.7978 - val_acc: 0.6950
Epoch 17/150
100/100 [==============================] - 1s 14ms/step - loss: 1.6959 - acc: 0.7010
1000/1000 [==============================] - 19s 19ms/step - loss: 1.3795 - acc: 0.7260 - val_loss: 1.6959 - val_acc: 0.7010
Epoch 18/150
100/100 [==============================] - 1s 13ms/step - loss: 1.4493 - acc: 0.7370
1000/1000 [==============================] - 20s 20ms/step - loss: 1.5894 - acc: 0.7247 - val_loss: 1.4493 - val_acc: 0.7370
Epoch 19/150
100/100 [==============================] - 1s 13ms/step - loss: 1.6277 - acc: 0.7200
1000/1000 [==============================] - 20s 20ms/step - loss: 1.4098 - acc: 0.7463 - val_loss: 1.6277 - val_acc: 0.7200
Epoch 20/150
100/100 [==============================] - 1s 14ms/step - loss: 1.7465 - acc: 0.7330
1000/1000 [==============================] - 20s 20ms/step - loss: 1.4311 - acc: 0.7553 - val_loss: 1.7465 - val_acc: 0.7330
Epoch 21/150
100/100 [==============================] - 1s 13ms/step - loss: 1.4721 - acc: 0.7570
1000/1000 [==============================] - 20s 20ms/step - loss: 1.5762 - acc: 0.7400 - val_loss: 1.4721 - val_acc: 0.7570
Epoch 22/150
100/100 [==============================] - 1s 13ms/step - loss: 1.7501 - acc: 0.7350
1000/1000 [==============================] - 19s 19ms/step - loss: 1.7005 - acc: 0.7313 - val_loss: 1.7501 - val_acc: 0.7350
Epoch 23/150
100/100 [==============================] - 1s 14ms/step - loss: 1.6676 - acc: 0.7290
1000/1000 [==============================] - 19s 19ms/step - loss: 1.6217 - acc: 0.7430 - val_loss: 1.6676 - val_acc: 0.7290
Epoch 24/150
100/100 [==============================] - 1s 14ms/step - loss: 1.7647 - acc: 0.7620
1000/1000 [==============================] - 19s 19ms/step - loss: 1.6986 - acc: 0.7360 - val_loss: 1.7647 - val_acc: 0.7620
Epoch 25/150
100/100 [==============================] - 1s 13ms/step - loss: 1.8811 - acc: 0.7310
1000/1000 [==============================] - 19s 19ms/step - loss: 1.6560 - acc: 0.7600 - val_loss: 1.8811 - val_acc: 0.7310
Epoch 26/150
100/100 [==============================] - 1s 13ms/step - loss: 1.9259 - acc: 0.7360
1000/1000 [==============================] - 19s 19ms/step - loss: 1.7867 - acc: 0.7477 - val_loss: 1.9259 - val_acc: 0.7360
Epoch 27/150
100/100 [==============================] - 1s 13ms/step - loss: 1.9647 - acc: 0.7510
1000/1000 [==============================] - 19s 19ms/step - loss: 1.8171 - acc: 0.7490 - val_loss: 1.9647 - val_acc: 0.7510
Epoch 28/150
100/100 [==============================] - 1s 14ms/step - loss: 1.9910 - acc: 0.7420
1000/1000 [==============================] - 19s 19ms/step - loss: 1.7448 - acc: 0.7680 - val_loss: 1.9910 - val_acc: 0.7420
Epoch 29/150
100/100 [==============================] - 1s 13ms/step - loss: 2.0422 - acc: 0.7490
1000/1000 [==============================] - 19s 19ms/step - loss: 1.8569 - acc: 0.7573 - val_loss: 2.0422 - val_acc: 0.7490
Epoch 30/150
100/100 [==============================] - 1s 13ms/step - loss: 1.9255 - acc: 0.7630
1000/1000 [==============================] - 19s 19ms/step - loss: 1.9213 - acc: 0.7563 - val_loss: 1.9255 - val_acc: 0.7630
Epoch 31/150
100/100 [==============================] - 1s 13ms/step - loss: 2.4765 - acc: 0.7090
1000/1000 [==============================] - 19s 19ms/step - loss: 2.0478 - acc: 0.7573 - val_loss: 2.4765 - val_acc: 0.7090
Epoch 32/150
100/100 [==============================] - 1s 14ms/step - loss: 2.1170 - acc: 0.7470
1000/1000 [==============================] - 19s 19ms/step - loss: 2.0179 - acc: 0.7683 - val_loss: 2.1170 - val_acc: 0.7470
Epoch 33/150
100/100 [==============================] - 1s 13ms/step - loss: 2.3171 - acc: 0.7590
1000/1000 [==============================] - 19s 19ms/step - loss: 2.0159 - acc: 0.7657 - val_loss: 2.3171 - val_acc: 0.7590
Epoch 34/150
100/100 [==============================] - 1s 13ms/step - loss: 2.6168 - acc: 0.7310
1000/1000 [==============================] - 19s 19ms/step - loss: 2.1253 - acc: 0.7757 - val_loss: 2.6168 - val_acc: 0.7310
Epoch 35/150
100/100 [==============================] - 1s 13ms/step - loss: 2.5329 - acc: 0.7550
1000/1000 [==============================] - 19s 19ms/step - loss: 2.2088 - acc: 0.7690 - val_loss: 2.5329 - val_acc: 0.7550
Epoch 36/150
100/100 [==============================] - 1s 13ms/step - loss: 2.4920 - acc: 0.7510
1000/1000 [==============================] - 19s 19ms/step - loss: 2.2639 - acc: 0.7643 - val_loss: 2.4920 - val_acc: 0.7510
Epoch 37/150
100/100 [==============================] - 1s 14ms/step - loss: 2.1809 - acc: 0.7740
1000/1000 [==============================] - 19s 19ms/step - loss: 2.1852 - acc: 0.7840 - val_loss: 2.1809 - val_acc: 0.7740
Epoch 38/150
100/100 [==============================] - 1s 14ms/step - loss: 2.6430 - acc: 0.7320
1000/1000 [==============================] - 19s 19ms/step - loss: 2.3103 - acc: 0.7763 - val_loss: 2.6430 - val_acc: 0.7320
Epoch 39/150
100/100 [==============================] - 1s 13ms/step - loss: 2.6957 - acc: 0.7540
1000/1000 [==============================] - 19s 19ms/step - loss: 2.2934 - acc: 0.7837 - val_loss: 2.6957 - val_acc: 0.7540
Epoch 40/150
100/100 [==============================] - 1s 14ms/step - loss: 2.5087 - acc: 0.7690
1000/1000 [==============================] - 19s 19ms/step - loss: 2.5433 - acc: 0.7667 - val_loss: 2.5087 - val_acc: 0.7690
Epoch 41/150
100/100 [==============================] - 1s 13ms/step - loss: 2.7424 - acc: 0.7580
1000/1000 [==============================] - 20s 20ms/step - loss: 2.4442 - acc: 0.7797 - val_loss: 2.7424 - val_acc: 0.7580
Epoch 42/150
100/100 [==============================] - 1s 14ms/step - loss: 2.7451 - acc: 0.7650
1000/1000 [==============================] - 20s 20ms/step - loss: 2.4790 - acc: 0.7767 - val_loss: 2.7451 - val_acc: 0.7650
Epoch 43/150
100/100 [==============================] - 1s 14ms/step - loss: 3.0536 - acc: 0.7640
1000/1000 [==============================] - 19s 19ms/step - loss: 2.5144 - acc: 0.7790 - val_loss: 3.0536 - val_acc: 0.7640
Epoch 44/150
100/100 [==============================] - 1s 14ms/step - loss: 2.8746 - acc: 0.7570
1000/1000 [==============================] - 19s 19ms/step - loss: 2.5684 - acc: 0.7843 - val_loss: 2.8746 - val_acc: 0.7570
Epoch 45/150
100/100 [==============================] - 1s 14ms/step - loss: 3.0088 - acc: 0.7660
1000/1000 [==============================] - 19s 19ms/step - loss: 2.6149 - acc: 0.7840 - val_loss: 3.0088 - val_acc: 0.7660
Epoch 46/150
100/100 [==============================] - 1s 13ms/step - loss: 3.0227 - acc: 0.7630
1000/1000 [==============================] - 19s 19ms/step - loss: 2.4398 - acc: 0.7927 - val_loss: 3.0227 - val_acc: 0.7630
Epoch 47/150
100/100 [==============================] - 1s 13ms/step - loss: 2.9874 - acc: 0.7550
1000/1000 [==============================] - 19s 19ms/step - loss: 2.6660 - acc: 0.7857 - val_loss: 2.9874 - val_acc: 0.7550
Epoch 48/150
100/100 [==============================] - 1s 14ms/step - loss: 3.5007 - acc: 0.7290
1000/1000 [==============================] - 19s 19ms/step - loss: 2.7543 - acc: 0.7797 - val_loss: 3.5007 - val_acc: 0.7290
Epoch 49/150
100/100 [==============================] - 1s 14ms/step - loss: 2.5341 - acc: 0.8030
1000/1000 [==============================] - 19s 19ms/step - loss: 2.7237 - acc: 0.7783 - val_loss: 2.5341 - val_acc: 0.8030
Epoch 50/150
100/100 [==============================] - 1s 14ms/step - loss: 2.9881 - acc: 0.7710
1000/1000 [==============================] - 19s 19ms/step - loss: 2.9871 - acc: 0.7687 - val_loss: 2.9881 - val_acc: 0.7710
Epoch 51/150
100/100 [==============================] - 1s 13ms/step - loss: 3.0586 - acc: 0.7700
1000/1000 [==============================] - 19s 19ms/step - loss: 2.6623 - acc: 0.7937 - val_loss: 3.0586 - val_acc: 0.7700
Epoch 52/150
100/100 [==============================] - 1s 13ms/step - loss: 3.0949 - acc: 0.7610
1000/1000 [==============================] - 19s 19ms/step - loss: 2.8394 - acc: 0.7870 - val_loss: 3.0949 - val_acc: 0.7610
Epoch 53/150
100/100 [==============================] - 1s 13ms/step - loss: 3.2045 - acc: 0.7570
1000/1000 [==============================] - 19s 19ms/step - loss: 3.0124 - acc: 0.7773 - val_loss: 3.2045 - val_acc: 0.7570
Epoch 54/150
100/100 [==============================] - 1s 14ms/step - loss: 3.2862 - acc: 0.7550
1000/1000 [==============================] - 19s 19ms/step - loss: 2.8956 - acc: 0.7923 - val_loss: 3.2862 - val_acc: 0.7550
Epoch 55/150
100/100 [==============================] - 1s 13ms/step - loss: 3.0409 - acc: 0.7770
1000/1000 [==============================] - 19s 19ms/step - loss: 2.8193 - acc: 0.7870 - val_loss: 3.0409 - val_acc: 0.7770
Epoch 56/150
100/100 [==============================] - 1s 13ms/step - loss: 3.2958 - acc: 0.7610
1000/1000 [==============================] - 19s 19ms/step - loss: 3.0538 - acc: 0.7750 - val_loss: 3.2958 - val_acc: 0.7610
Epoch 57/150
100/100 [==============================] - 1s 13ms/step - loss: 3.1796 - acc: 0.7760
1000/1000 [==============================] - 19s 19ms/step - loss: 2.9061 - acc: 0.7920 - val_loss: 3.1796 - val_acc: 0.7760
Epoch 58/150
100/100 [==============================] - 1s 13ms/step - loss: 3.1890 - acc: 0.7800
1000/1000 [==============================] - 19s 19ms/step - loss: 2.8376 - acc: 0.7970 - val_loss: 3.1890 - val_acc: 0.7800
Epoch 59/150
100/100 [==============================] - 1s 13ms/step - loss: 2.8356 - acc: 0.8000
1000/1000 [==============================] - 19s 19ms/step - loss: 2.9715 - acc: 0.7830 - val_loss: 2.8356 - val_acc: 0.8000
Epoch 60/150
100/100 [==============================] - 1s 13ms/step - loss: 3.2856 - acc: 0.7690
1000/1000 [==============================] - 19s 19ms/step - loss: 3.0721 - acc: 0.7840 - val_loss: 3.2856 - val_acc: 0.7690
Epoch 61/150
100/100 [==============================] - 1s 14ms/step - loss: 3.1365 - acc: 0.7820
1000/1000 [==============================] - 19s 19ms/step - loss: 3.1473 - acc: 0.7780 - val_loss: 3.1365 - val_acc: 0.7820
Epoch 62/150
100/100 [==============================] - 1s 14ms/step - loss: 3.1658 - acc: 0.7800
1000/1000 [==============================] - 19s 19ms/step - loss: 2.8289 - acc: 0.8023 - val_loss: 3.1658 - val_acc: 0.7800
Epoch 63/150
100/100 [==============================] - 1s 13ms/step - loss: 2.8624 - acc: 0.8000
1000/1000 [==============================] - 19s 19ms/step - loss: 3.0058 - acc: 0.7933 - val_loss: 2.8624 - val_acc: 0.8000
Epoch 64/150
100/100 [==============================] - 1s 13ms/step - loss: 3.1411 - acc: 0.7840
1000/1000 [==============================] - 19s 19ms/step - loss: 2.8436 - acc: 0.8023 - val_loss: 3.1411 - val_acc: 0.7840
Epoch 65/150
100/100 [==============================] - 1s 14ms/step - loss: 3.0184 - acc: 0.7940
1000/1000 [==============================] - 19s 19ms/step - loss: 3.0715 - acc: 0.7850 - val_loss: 3.0184 - val_acc: 0.7940
Epoch 66/150
100/100 [==============================] - 1s 12ms/step - loss: 3.0546 - acc: 0.7850
1000/1000 [==============================] - 19s 19ms/step - loss: 3.1375 - acc: 0.7820 - val_loss: 3.0546 - val_acc: 0.7850
Epoch 67/150
100/100 [==============================] - 1s 13ms/step - loss: 3.3414 - acc: 0.7790
1000/1000 [==============================] - 19s 19ms/step - loss: 3.1215 - acc: 0.7870 - val_loss: 3.3414 - val_acc: 0.7790
Epoch 68/150
100/100 [==============================] - 1s 12ms/step - loss: 3.1243 - acc: 0.7860
1000/1000 [==============================] - 19s 19ms/step - loss: 2.9852 - acc: 0.7937 - val_loss: 3.1243 - val_acc: 0.7860
Epoch 69/150
100/100 [==============================] - 1s 13ms/step - loss: 3.2625 - acc: 0.7810
1000/1000 [==============================] - 19s 19ms/step - loss: 2.7760 - acc: 0.8083 - val_loss: 3.2625 - val_acc: 0.7810
Epoch 70/150
100/100 [==============================] - 1s 13ms/step - loss: 3.0628 - acc: 0.7880
1000/1000 [==============================] - 19s 19ms/step - loss: 3.0786 - acc: 0.7927 - val_loss: 3.0628 - val_acc: 0.7880
Epoch 71/150
100/100 [==============================] - 1s 13ms/step - loss: 3.4344 - acc: 0.7630
1000/1000 [==============================] - 19s 19ms/step - loss: 2.9504 - acc: 0.7980 - val_loss: 3.4344 - val_acc: 0.7630
Epoch 72/150
100/100 [==============================] - 1s 13ms/step - loss: 3.4017 - acc: 0.7700
1000/1000 [==============================] - 19s 19ms/step - loss: 2.9801 - acc: 0.8007 - val_loss: 3.4017 - val_acc: 0.7700
Epoch 73/150
100/100 [==============================] - 1s 13ms/step - loss: 3.4619 - acc: 0.7650
1000/1000 [==============================] - 19s 19ms/step - loss: 2.9913 - acc: 0.7967 - val_loss: 3.4619 - val_acc: 0.7650
Epoch 74/150
100/100 [==============================] - 1s 13ms/step - loss: 2.9185 - acc: 0.8050
1000/1000 [==============================] - 20s 20ms/step - loss: 3.0001 - acc: 0.7997 - val_loss: 2.9185 - val_acc: 0.8050
Epoch 75/150
100/100 [==============================] - 1s 14ms/step - loss: 3.3561 - acc: 0.7790
1000/1000 [==============================] - 19s 19ms/step - loss: 2.9720 - acc: 0.7970 - val_loss: 3.3561 - val_acc: 0.7790
Epoch 76/150
100/100 [==============================] - 1s 13ms/step - loss: 3.3217 - acc: 0.7730
1000/1000 [==============================] - 19s 19ms/step - loss: 3.0404 - acc: 0.7940 - val_loss: 3.3217 - val_acc: 0.7730
Epoch 77/150
100/100 [==============================] - 1s 13ms/step - loss: 3.0837 - acc: 0.7980
1000/1000 [==============================] - 19s 19ms/step - loss: 3.0477 - acc: 0.7953 - val_loss: 3.0837 - val_acc: 0.7980
Epoch 78/150
100/100 [==============================] - 1s 13ms/step - loss: 3.5578 - acc: 0.7590
1000/1000 [==============================] - 18s 18ms/step - loss: 2.8849 - acc: 0.8080 - val_loss: 3.5578 - val_acc: 0.7590
Epoch 79/150
100/100 [==============================] - 1s 13ms/step - loss: 3.4559 - acc: 0.7720
1000/1000 [==============================] - 19s 19ms/step - loss: 3.1121 - acc: 0.7927 - val_loss: 3.4559 - val_acc: 0.7720
Epoch 80/150
100/100 [==============================] - 1s 14ms/step - loss: 3.1650 - acc: 0.7890
1000/1000 [==============================] - 19s 19ms/step - loss: 3.0601 - acc: 0.7940 - val_loss: 3.1650 - val_acc: 0.7890
Epoch 81/150
100/100 [==============================] - 1s 13ms/step - loss: 3.5256 - acc: 0.7640
1000/1000 [==============================] - 19s 19ms/step - loss: 3.2392 - acc: 0.7857 - val_loss: 3.5256 - val_acc: 0.7640
Epoch 82/150
100/100 [==============================] - 1s 13ms/step - loss: 3.6246 - acc: 0.7660
1000/1000 [==============================] - 19s 19ms/step - loss: 3.4575 - acc: 0.7747 - val_loss: 3.6246 - val_acc: 0.7660
Epoch 83/150
100/100 [==============================] - 1s 13ms/step - loss: 3.3801 - acc: 0.7800
1000/1000 [==============================] - 19s 19ms/step - loss: 3.3078 - acc: 0.7843 - val_loss: 3.3801 - val_acc: 0.7800
Epoch 84/150
100/100 [==============================] - 1s 13ms/step - loss: 3.3615 - acc: 0.7770
1000/1000 [==============================] - 19s 19ms/step - loss: 3.2098 - acc: 0.7890 - val_loss: 3.3615 - val_acc: 0.7770
Epoch 85/150
100/100 [==============================] - 1s 14ms/step - loss: 3.3672 - acc: 0.7760
1000/1000 [==============================] - 18s 18ms/step - loss: 3.3663 - acc: 0.7790 - val_loss: 3.3672 - val_acc: 0.7760
Epoch 86/150
100/100 [==============================] - 1s 14ms/step - loss: 3.5391 - acc: 0.7660
1000/1000 [==============================] - 19s 19ms/step - loss: 3.3069 - acc: 0.7847 - val_loss: 3.5391 - val_acc: 0.7660
Epoch 87/150
100/100 [==============================] - 1s 13ms/step - loss: 2.8932 - acc: 0.8100
1000/1000 [==============================] - 19s 19ms/step - loss: 3.1121 - acc: 0.7950 - val_loss: 2.8932 - val_acc: 0.8100
Epoch 88/150
100/100 [==============================] - 1s 13ms/step - loss: 3.5536 - acc: 0.7660
1000/1000 [==============================] - 19s 19ms/step - loss: 3.2031 - acc: 0.7920 - val_loss: 3.5536 - val_acc: 0.7660
Epoch 89/150
100/100 [==============================] - 1s 13ms/step - loss: 3.6528 - acc: 0.7630
1000/1000 [==============================] - 19s 19ms/step - loss: 3.2758 - acc: 0.7847 - val_loss: 3.6528 - val_acc: 0.7630
Epoch 90/150
100/100 [==============================] - 1s 14ms/step - loss: 3.7051 - acc: 0.7620
1000/1000 [==============================] - 19s 19ms/step - loss: 2.9686 - acc: 0.8040 - val_loss: 3.7051 - val_acc: 0.7620
Epoch 91/150
100/100 [==============================] - 1s 14ms/step - loss: 3.2457 - acc: 0.7890
1000/1000 [==============================] - 19s 19ms/step - loss: 3.1167 - acc: 0.7950 - val_loss: 3.2457 - val_acc: 0.7890
Epoch 92/150
100/100 [==============================] - 1s 13ms/step - loss: 3.6012 - acc: 0.7680
1000/1000 [==============================] - 19s 19ms/step - loss: 3.0323 - acc: 0.8017 - val_loss: 3.6012 - val_acc: 0.7680
Epoch 93/150
100/100 [==============================] - 1s 14ms/step - loss: 3.4845 - acc: 0.7780
1000/1000 [==============================] - 19s 19ms/step - loss: 3.1533 - acc: 0.7917 - val_loss: 3.4845 - val_acc: 0.7780
Epoch 94/150
100/100 [==============================] - 1s 14ms/step - loss: 3.3518 - acc: 0.7800
1000/1000 [==============================] - 19s 19ms/step - loss: 3.2765 - acc: 0.7863 - val_loss: 3.3518 - val_acc: 0.7800
Epoch 95/150
100/100 [==============================] - 1s 13ms/step - loss: 3.5633 - acc: 0.7630
1000/1000 [==============================] - 19s 19ms/step - loss: 3.2117 - acc: 0.7883 - val_loss: 3.5633 - val_acc: 0.7630
Epoch 96/150
100/100 [==============================] - 1s 14ms/step - loss: 3.2249 - acc: 0.7880
1000/1000 [==============================] - 19s 19ms/step - loss: 3.1924 - acc: 0.7943 - val_loss: 3.2249 - val_acc: 0.7880
Epoch 97/150
100/100 [==============================] - 1s 13ms/step - loss: 3.4365 - acc: 0.7780
1000/1000 [==============================] - 19s 19ms/step - loss: 3.1697 - acc: 0.7917 - val_loss: 3.4365 - val_acc: 0.7780
Epoch 98/150
100/100 [==============================] - 1s 13ms/step - loss: 3.0529 - acc: 0.8020
1000/1000 [==============================] - 19s 19ms/step - loss: 3.2281 - acc: 0.7897 - val_loss: 3.0529 - val_acc: 0.8020
Epoch 99/150
100/100 [==============================] - 1s 14ms/step - loss: 3.2702 - acc: 0.7840
1000/1000 [==============================] - 19s 19ms/step - loss: 3.2790 - acc: 0.7870 - val_loss: 3.2702 - val_acc: 0.7840
Epoch 100/150
100/100 [==============================] - 1s 14ms/step - loss: 3.4291 - acc: 0.7770
1000/1000 [==============================] - 19s 19ms/step - loss: 3.3161 - acc: 0.7853 - val_loss: 3.4291 - val_acc: 0.7770
Epoch 101/150
100/100 [==============================] - 1s 13ms/step - loss: 3.1440 - acc: 0.7970
1000/1000 [==============================] - 19s 19ms/step - loss: 3.4107 - acc: 0.7813 - val_loss: 3.1440 - val_acc: 0.7970
Epoch 102/150
100/100 [==============================] - 1s 13ms/step - loss: 3.4560 - acc: 0.7750
1000/1000 [==============================] - 19s 19ms/step - loss: 3.2165 - acc: 0.7893 - val_loss: 3.4560 - val_acc: 0.7750
Epoch 103/150
100/100 [==============================] - 1s 14ms/step - loss: 3.3435 - acc: 0.7840
1000/1000 [==============================] - 19s 19ms/step - loss: 3.2613 - acc: 0.7883 - val_loss: 3.3435 - val_acc: 0.7840
Epoch 104/150
100/100 [==============================] - 1s 12ms/step - loss: 3.4339 - acc: 0.7790
1000/1000 [==============================] - 19s 19ms/step - loss: 3.0956 - acc: 0.7967 - val_loss: 3.4339 - val_acc: 0.7790
Epoch 105/150
100/100 [==============================] - 1s 14ms/step - loss: 3.1992 - acc: 0.7940
1000/1000 [==============================] - 19s 19ms/step - loss: 3.3886 - acc: 0.7820 - val_loss: 3.1992 - val_acc: 0.7940
Epoch 106/150
100/100 [==============================] - 1s 14ms/step - loss: 3.4033 - acc: 0.7780
1000/1000 [==============================] - 19s 19ms/step - loss: 3.1149 - acc: 0.8003 - val_loss: 3.4033 - val_acc: 0.7780
Epoch 107/150
100/100 [==============================] - 1s 14ms/step - loss: 3.2258 - acc: 0.7940
1000/1000 [==============================] - 19s 19ms/step - loss: 3.2580 - acc: 0.7890 - val_loss: 3.2258 - val_acc: 0.7940
Epoch 108/150
100/100 [==============================] - 1s 14ms/step - loss: 3.2852 - acc: 0.7880
1000/1000 [==============================] - 19s 19ms/step - loss: 3.1597 - acc: 0.7973 - val_loss: 3.2852 - val_acc: 0.7880
Epoch 109/150
100/100 [==============================] - 1s 13ms/step - loss: 3.5910 - acc: 0.7700
1000/1000 [==============================] - 19s 19ms/step - loss: 3.2158 - acc: 0.7927 - val_loss: 3.5910 - val_acc: 0.7700
Epoch 110/150
100/100 [==============================] - 1s 13ms/step - loss: 3.4088 - acc: 0.7780
1000/1000 [==============================] - 19s 19ms/step - loss: 3.2757 - acc: 0.7890 - val_loss: 3.4088 - val_acc: 0.7780
Epoch 111/150
100/100 [==============================] - 1s 14ms/step - loss: 3.2194 - acc: 0.7930
1000/1000 [==============================] - 19s 19ms/step - loss: 3.4222 - acc: 0.7807 - val_loss: 3.2194 - val_acc: 0.7930
Epoch 112/150
100/100 [==============================] - 1s 13ms/step - loss: 4.1357 - acc: 0.7320
1000/1000 [==============================] - 19s 19ms/step - loss: 3.2881 - acc: 0.7893 - val_loss: 4.1357 - val_acc: 0.7320
Epoch 113/150
100/100 [==============================] - 1s 13ms/step - loss: 3.5216 - acc: 0.7730
1000/1000 [==============================] - 19s 19ms/step - loss: 3.0476 - acc: 0.8043 - val_loss: 3.5216 - val_acc: 0.7730
Epoch 114/150
100/100 [==============================] - 1s 14ms/step - loss: 3.2086 - acc: 0.7910
1000/1000 [==============================] - 19s 19ms/step - loss: 3.2050 - acc: 0.7933 - val_loss: 3.2086 - val_acc: 0.7910
Epoch 115/150
100/100 [==============================] - 1s 13ms/step - loss: 3.5277 - acc: 0.7750
1000/1000 [==============================] - 19s 19ms/step - loss: 3.3563 - acc: 0.7853 - val_loss: 3.5277 - val_acc: 0.7750
Epoch 116/150
100/100 [==============================] - 1s 14ms/step - loss: 3.1685 - acc: 0.7910
1000/1000 [==============================] - 19s 19ms/step - loss: 3.3982 - acc: 0.7827 - val_loss: 3.1685 - val_acc: 0.7910
Epoch 117/150
100/100 [==============================] - 1s 14ms/step - loss: 3.6753 - acc: 0.7630
1000/1000 [==============================] - 19s 19ms/step - loss: 3.2921 - acc: 0.7907 - val_loss: 3.6753 - val_acc: 0.7630
Epoch 118/150
100/100 [==============================] - 1s 14ms/step - loss: 3.0336 - acc: 0.8040
1000/1000 [==============================] - 19s 19ms/step - loss: 3.3621 - acc: 0.7843 - val_loss: 3.0336 - val_acc: 0.8040
Epoch 119/150
100/100 [==============================] - 1s 14ms/step - loss: 3.7835 - acc: 0.7560
1000/1000 [==============================] - 19s 19ms/step - loss: 3.3857 - acc: 0.7810 - val_loss: 3.7835 - val_acc: 0.7560
Epoch 120/150
100/100 [==============================] - 1s 13ms/step - loss: 3.5422 - acc: 0.7740
1000/1000 [==============================] - 19s 19ms/step - loss: 3.3015 - acc: 0.7887 - val_loss: 3.5422 - val_acc: 0.7740
Epoch 121/150
100/100 [==============================] - 1s 12ms/step - loss: 3.3370 - acc: 0.7870
1000/1000 [==============================] - 19s 19ms/step - loss: 3.2717 - acc: 0.7893 - val_loss: 3.3370 - val_acc: 0.7870
Epoch 122/150
100/100 [==============================] - 1s 13ms/step - loss: 3.2546 - acc: 0.7910
1000/1000 [==============================] - 19s 19ms/step - loss: 3.1994 - acc: 0.7940 - val_loss: 3.2546 - val_acc: 0.7910
Epoch 123/150
100/100 [==============================] - 1s 13ms/step - loss: 3.5075 - acc: 0.7760
1000/1000 [==============================] - 19s 19ms/step - loss: 3.1539 - acc: 0.7987 - val_loss: 3.5075 - val_acc: 0.7760
Epoch 124/150
100/100 [==============================] - 1s 13ms/step - loss: 3.4254 - acc: 0.7780
1000/1000 [==============================] - 19s 19ms/step - loss: 3.1124 - acc: 0.7980 - val_loss: 3.4254 - val_acc: 0.7780
Epoch 125/150
100/100 [==============================] - 1s 13ms/step - loss: 3.2502 - acc: 0.7890
1000/1000 [==============================] - 19s 19ms/step - loss: 3.2963 - acc: 0.7910 - val_loss: 3.2502 - val_acc: 0.7890
Epoch 126/150
100/100 [==============================] - 1s 13ms/step - loss: 3.0642 - acc: 0.8030
1000/1000 [==============================] - 19s 19ms/step - loss: 3.1773 - acc: 0.7983 - val_loss: 3.0642 - val_acc: 0.8030
Epoch 127/150
100/100 [==============================] - 1s 13ms/step - loss: 3.5266 - acc: 0.7730
1000/1000 [==============================] - 19s 19ms/step - loss: 3.0842 - acc: 0.8020 - val_loss: 3.5266 - val_acc: 0.7730
Epoch 128/150
100/100 [==============================] - 1s 13ms/step - loss: 3.5240 - acc: 0.7760
1000/1000 [==============================] - 18s 18ms/step - loss: 3.1262 - acc: 0.7980 - val_loss: 3.5240 - val_acc: 0.7760
Epoch 129/150
100/100 [==============================] - 1s 13ms/step - loss: 3.7733 - acc: 0.7590
1000/1000 [==============================] - 19s 19ms/step - loss: 3.1055 - acc: 0.8010 - val_loss: 3.7733 - val_acc: 0.7590
Epoch 130/150
100/100 [==============================] - 1s 14ms/step - loss: 3.4016 - acc: 0.7860
1000/1000 [==============================] - 19s 19ms/step - loss: 3.3305 - acc: 0.7867 - val_loss: 3.4016 - val_acc: 0.7860
Epoch 131/150
100/100 [==============================] - 1s 14ms/step - loss: 3.2897 - acc: 0.7880
1000/1000 [==============================] - 18s 18ms/step - loss: 3.1040 - acc: 0.8027 - val_loss: 3.2897 - val_acc: 0.7880
Epoch 132/150
100/100 [==============================] - 1s 13ms/step - loss: 3.1470 - acc: 0.7960
1000/1000 [==============================] - 18s 18ms/step - loss: 3.2879 - acc: 0.7897 - val_loss: 3.1470 - val_acc: 0.7960
Epoch 133/150
100/100 [==============================] - 1s 13ms/step - loss: 3.1044 - acc: 0.8020
1000/1000 [==============================] - 19s 19ms/step - loss: 3.1371 - acc: 0.8013 - val_loss: 3.1044 - val_acc: 0.8020
Epoch 134/150
100/100 [==============================] - 1s 13ms/step - loss: 3.3738 - acc: 0.7840
1000/1000 [==============================] - 19s 19ms/step - loss: 3.5144 - acc: 0.7763 - val_loss: 3.3738 - val_acc: 0.7840
Epoch 135/150
100/100 [==============================] - 1s 13ms/step - loss: 3.3936 - acc: 0.7850
1000/1000 [==============================] - 19s 19ms/step - loss: 3.2761 - acc: 0.7897 - val_loss: 3.3936 - val_acc: 0.7850
Epoch 136/150
100/100 [==============================] - 1s 13ms/step - loss: 3.2946 - acc: 0.7900
1000/1000 [==============================] - 19s 19ms/step - loss: 3.1041 - acc: 0.8000 - val_loss: 3.2946 - val_acc: 0.7900
Epoch 137/150
100/100 [==============================] - 1s 13ms/step - loss: 3.6252 - acc: 0.7680
1000/1000 [==============================] - 19s 19ms/step - loss: 3.2559 - acc: 0.7917 - val_loss: 3.6252 - val_acc: 0.7680
Epoch 138/150
100/100 [==============================] - 1s 13ms/step - loss: 3.6471 - acc: 0.7670
1000/1000 [==============================] - 19s 19ms/step - loss: 3.3895 - acc: 0.7833 - val_loss: 3.6471 - val_acc: 0.7670
Epoch 139/150
100/100 [==============================] - 1s 14ms/step - loss: 3.3922 - acc: 0.7830
1000/1000 [==============================] - 19s 19ms/step - loss: 3.1838 - acc: 0.7983 - val_loss: 3.3922 - val_acc: 0.7830
Epoch 140/150
100/100 [==============================] - 1s 13ms/step - loss: 3.1837 - acc: 0.7950
1000/1000 [==============================] - 19s 19ms/step - loss: 3.3104 - acc: 0.7880 - val_loss: 3.1837 - val_acc: 0.7950
Epoch 141/150
100/100 [==============================] - 1s 13ms/step - loss: 3.2831 - acc: 0.7900
1000/1000 [==============================] - 19s 19ms/step - loss: 3.4104 - acc: 0.7843 - val_loss: 3.2831 - val_acc: 0.7900
Epoch 142/150
100/100 [==============================] - 1s 14ms/step - loss: 3.5709 - acc: 0.7720
1000/1000 [==============================] - 19s 19ms/step - loss: 3.0854 - acc: 0.8047 - val_loss: 3.5709 - val_acc: 0.7720
Epoch 143/150
100/100 [==============================] - 1s 13ms/step - loss: 3.3221 - acc: 0.7920
1000/1000 [==============================] - 19s 19ms/step - loss: 3.1178 - acc: 0.8013 - val_loss: 3.3221 - val_acc: 0.7920
Epoch 144/150
100/100 [==============================] - 1s 13ms/step - loss: 3.1489 - acc: 0.7990
1000/1000 [==============================] - 19s 19ms/step - loss: 3.1826 - acc: 0.7977 - val_loss: 3.1489 - val_acc: 0.7990
Epoch 145/150
100/100 [==============================] - 1s 13ms/step - loss: 3.6327 - acc: 0.7640
1000/1000 [==============================] - 19s 19ms/step - loss: 3.1098 - acc: 0.8010 - val_loss: 3.6327 - val_acc: 0.7640
Epoch 146/150
100/100 [==============================] - 1s 13ms/step - loss: 3.2468 - acc: 0.7940
1000/1000 [==============================] - 19s 19ms/step - loss: 3.6342 - acc: 0.7700 - val_loss: 3.2468 - val_acc: 0.7940
Epoch 147/150
100/100 [==============================] - 1s 14ms/step - loss: 3.1463 - acc: 0.7970
1000/1000 [==============================] - 19s 19ms/step - loss: 3.1100 - acc: 0.8023 - val_loss: 3.1463 - val_acc: 0.7970
Epoch 148/150
100/100 [==============================] - 1s 14ms/step - loss: 3.4207 - acc: 0.7830
1000/1000 [==============================] - 19s 19ms/step - loss: 3.3708 - acc: 0.7847 - val_loss: 3.4207 - val_acc: 0.7830
Epoch 149/150
100/100 [==============================] - 1s 14ms/step - loss: 3.3618 - acc: 0.7900
1000/1000 [==============================] - 19s 19ms/step - loss: 3.1754 - acc: 0.7993 - val_loss: 3.3618 - val_acc: 0.7900
Epoch 150/150
100/100 [==============================] - 1s 13ms/step - loss: 2.9349 - acc: 0.8110
1000/1000 [==============================] - 19s 19ms/step - loss: 3.2322 - acc: 0.7933 - val_loss: 2.9349 - val_acc: 0.8110

real	48m0.976s
user	346m37.425s
sys	55m22.952s
