WARNING:tensorflow:From /usr/local/lib/python3.6/dist-packages/tensorflow/python/ops/resource_variable_ops.py:435: colocate_with (from tensorflow.python.framework.ops) is deprecated and will be removed in a future version.
Instructions for updating:
Colocations handled automatically by placer.
WARNING:tensorflow:From /usr/local/lib/python3.6/dist-packages/tensorflow/python/ops/math_ops.py:3066: to_int32 (from tensorflow.python.ops.math_ops) is deprecated and will be removed in a future version.
Instructions for updating:
Use tf.cast instead.
2019-06-28 10:00:42.542005: I tensorflow/core/platform/profile_utils/cpu_utils.cc:94] CPU Frequency: 2593550000 Hz
2019-06-28 10:00:42.544772: I tensorflow/compiler/xla/service/service.cc:150] XLA service 0x1fbd4f0 executing computations on platform Host. Devices:
2019-06-28 10:00:42.544808: I tensorflow/compiler/xla/service/service.cc:158]   StreamExecutor device (0): <undefined>, <undefined>
_________________________________________________________________
Layer (type)                 Output Shape              Param #   
=================================================================
input_1 (InputLayer)         (None, 512, 256)          0         
_________________________________________________________________
conv1d (Conv1D)              (None, 481, 3)            24579     
_________________________________________________________________
conv1d_1 (Conv1D)            (None, 240, 3)            21        
_________________________________________________________________
max_pooling1d (MaxPooling1D) (None, 1, 3)              0         
_________________________________________________________________
flatten (Flatten)            (None, 3)                 0         
_________________________________________________________________
activation (Activation)      (None, 3)                 0         
=================================================================
Total params: 24,600
Trainable params: 24,600
Non-trainable params: 0
_________________________________________________________________
Epoch 1/150
100/100 [==============================] - 1s 10ms/step - loss: 0.9049 - acc: 0.6040
1000/1000 [==============================] - 24s 24ms/step - loss: 1.0108 - acc: 0.4767 - val_loss: 0.9049 - val_acc: 0.6040
Epoch 2/150
100/100 [==============================] - 1s 10ms/step - loss: 0.7673 - acc: 0.6580
1000/1000 [==============================] - 23s 23ms/step - loss: 0.7964 - acc: 0.6600 - val_loss: 0.7673 - val_acc: 0.6580
Epoch 3/150
100/100 [==============================] - 1s 10ms/step - loss: 0.6837 - acc: 0.7110
1000/1000 [==============================] - 23s 23ms/step - loss: 0.7141 - acc: 0.6793 - val_loss: 0.6837 - val_acc: 0.7110
Epoch 4/150
100/100 [==============================] - 1s 10ms/step - loss: 0.6572 - acc: 0.7340
1000/1000 [==============================] - 23s 23ms/step - loss: 0.6519 - acc: 0.7303 - val_loss: 0.6572 - val_acc: 0.7340
Epoch 5/150
100/100 [==============================] - 1s 10ms/step - loss: 0.6261 - acc: 0.7660
1000/1000 [==============================] - 23s 23ms/step - loss: 0.6474 - acc: 0.7313 - val_loss: 0.6261 - val_acc: 0.7660
Epoch 6/150
100/100 [==============================] - 1s 10ms/step - loss: 0.5987 - acc: 0.7670
1000/1000 [==============================] - 23s 23ms/step - loss: 0.6171 - acc: 0.7450 - val_loss: 0.5987 - val_acc: 0.7670
Epoch 7/150
100/100 [==============================] - 1s 10ms/step - loss: 0.5779 - acc: 0.7600
1000/1000 [==============================] - 23s 23ms/step - loss: 0.5903 - acc: 0.7590 - val_loss: 0.5779 - val_acc: 0.7600
Epoch 8/150
100/100 [==============================] - 1s 10ms/step - loss: 0.5995 - acc: 0.7680
1000/1000 [==============================] - 23s 23ms/step - loss: 0.6008 - acc: 0.7493 - val_loss: 0.5995 - val_acc: 0.7680
Epoch 9/150
100/100 [==============================] - 1s 10ms/step - loss: 0.6529 - acc: 0.7330
1000/1000 [==============================] - 23s 23ms/step - loss: 0.5616 - acc: 0.7797 - val_loss: 0.6529 - val_acc: 0.7330
Epoch 10/150
100/100 [==============================] - 1s 10ms/step - loss: 0.5515 - acc: 0.7690
1000/1000 [==============================] - 23s 23ms/step - loss: 0.5654 - acc: 0.7523 - val_loss: 0.5515 - val_acc: 0.7690
Epoch 11/150
100/100 [==============================] - 1s 10ms/step - loss: 0.5904 - acc: 0.7660
1000/1000 [==============================] - 23s 23ms/step - loss: 0.5626 - acc: 0.7680 - val_loss: 0.5904 - val_acc: 0.7660
Epoch 12/150
100/100 [==============================] - 1s 10ms/step - loss: 0.5566 - acc: 0.7600
1000/1000 [==============================] - 23s 23ms/step - loss: 0.5676 - acc: 0.7690 - val_loss: 0.5566 - val_acc: 0.7600
Epoch 13/150
100/100 [==============================] - 1s 11ms/step - loss: 0.5772 - acc: 0.7700
1000/1000 [==============================] - 23s 23ms/step - loss: 0.5463 - acc: 0.7707 - val_loss: 0.5772 - val_acc: 0.7700
Epoch 14/150
100/100 [==============================] - 1s 10ms/step - loss: 0.6505 - acc: 0.7410
1000/1000 [==============================] - 23s 23ms/step - loss: 0.5538 - acc: 0.7670 - val_loss: 0.6505 - val_acc: 0.7410
Epoch 15/150
100/100 [==============================] - 1s 10ms/step - loss: 0.5890 - acc: 0.7510
1000/1000 [==============================] - 23s 23ms/step - loss: 0.5625 - acc: 0.7653 - val_loss: 0.5890 - val_acc: 0.7510
Epoch 16/150
100/100 [==============================] - 1s 10ms/step - loss: 0.5925 - acc: 0.7630
1000/1000 [==============================] - 23s 23ms/step - loss: 0.5639 - acc: 0.7737 - val_loss: 0.5925 - val_acc: 0.7630
Epoch 17/150
100/100 [==============================] - 1s 10ms/step - loss: 0.5955 - acc: 0.7550
1000/1000 [==============================] - 23s 23ms/step - loss: 0.5483 - acc: 0.7730 - val_loss: 0.5955 - val_acc: 0.7550
Epoch 18/150
100/100 [==============================] - 1s 10ms/step - loss: 0.6178 - acc: 0.7490
1000/1000 [==============================] - 23s 23ms/step - loss: 0.5384 - acc: 0.7760 - val_loss: 0.6178 - val_acc: 0.7490
Epoch 19/150
100/100 [==============================] - 1s 10ms/step - loss: 0.6061 - acc: 0.7550
1000/1000 [==============================] - 23s 23ms/step - loss: 0.5314 - acc: 0.7797 - val_loss: 0.6061 - val_acc: 0.7550
Epoch 20/150
100/100 [==============================] - 1s 10ms/step - loss: 0.6124 - acc: 0.7530
1000/1000 [==============================] - 23s 23ms/step - loss: 0.5401 - acc: 0.7713 - val_loss: 0.6124 - val_acc: 0.7530
Epoch 21/150
100/100 [==============================] - 1s 10ms/step - loss: 0.6015 - acc: 0.7610
1000/1000 [==============================] - 23s 23ms/step - loss: 0.5289 - acc: 0.7850 - val_loss: 0.6015 - val_acc: 0.7610
Epoch 22/150
100/100 [==============================] - 1s 10ms/step - loss: 0.5833 - acc: 0.7620
1000/1000 [==============================] - 23s 23ms/step - loss: 0.5302 - acc: 0.7930 - val_loss: 0.5833 - val_acc: 0.7620
Epoch 23/150
100/100 [==============================] - 1s 10ms/step - loss: 0.5745 - acc: 0.7720
1000/1000 [==============================] - 23s 23ms/step - loss: 0.5360 - acc: 0.7780 - val_loss: 0.5745 - val_acc: 0.7720
Epoch 24/150
100/100 [==============================] - 1s 10ms/step - loss: 0.5306 - acc: 0.7840
1000/1000 [==============================] - 23s 23ms/step - loss: 0.5196 - acc: 0.7850 - val_loss: 0.5306 - val_acc: 0.7840
Epoch 25/150
100/100 [==============================] - 1s 10ms/step - loss: 0.5849 - acc: 0.7710
1000/1000 [==============================] - 25s 25ms/step - loss: 0.5343 - acc: 0.7757 - val_loss: 0.5849 - val_acc: 0.7710
Epoch 26/150
100/100 [==============================] - 1s 10ms/step - loss: 0.5457 - acc: 0.7610
1000/1000 [==============================] - 24s 24ms/step - loss: 0.5467 - acc: 0.7803 - val_loss: 0.5457 - val_acc: 0.7610
Epoch 27/150
100/100 [==============================] - 1s 10ms/step - loss: 0.6136 - acc: 0.7470
1000/1000 [==============================] - 24s 24ms/step - loss: 0.5248 - acc: 0.7870 - val_loss: 0.6136 - val_acc: 0.7470
Epoch 28/150
100/100 [==============================] - 1s 10ms/step - loss: 0.5271 - acc: 0.7860
1000/1000 [==============================] - 20s 20ms/step - loss: 0.5335 - acc: 0.7917 - val_loss: 0.5271 - val_acc: 0.7860
Epoch 29/150
100/100 [==============================] - 1s 10ms/step - loss: 0.5752 - acc: 0.7610
1000/1000 [==============================] - 20s 20ms/step - loss: 0.5097 - acc: 0.7850 - val_loss: 0.5752 - val_acc: 0.7610
Epoch 30/150
100/100 [==============================] - 1s 10ms/step - loss: 0.5720 - acc: 0.7810
1000/1000 [==============================] - 20s 20ms/step - loss: 0.5433 - acc: 0.7847 - val_loss: 0.5720 - val_acc: 0.7810
Epoch 31/150
100/100 [==============================] - 1s 10ms/step - loss: 0.5963 - acc: 0.7500
1000/1000 [==============================] - 20s 20ms/step - loss: 0.5079 - acc: 0.7853 - val_loss: 0.5963 - val_acc: 0.7500
Epoch 32/150
100/100 [==============================] - 1s 13ms/step - loss: 0.5213 - acc: 0.7690
1000/1000 [==============================] - 23s 23ms/step - loss: 0.5161 - acc: 0.8003 - val_loss: 0.5213 - val_acc: 0.7690
Epoch 33/150
100/100 [==============================] - 2s 15ms/step - loss: 0.5066 - acc: 0.8010
1000/1000 [==============================] - 25s 25ms/step - loss: 0.5428 - acc: 0.7867 - val_loss: 0.5066 - val_acc: 0.8010
Epoch 34/150
100/100 [==============================] - 2s 17ms/step - loss: 0.5102 - acc: 0.7760
1000/1000 [==============================] - 29s 29ms/step - loss: 0.5346 - acc: 0.7857 - val_loss: 0.5102 - val_acc: 0.7760
Epoch 35/150
100/100 [==============================] - 1s 14ms/step - loss: 0.5361 - acc: 0.7890
1000/1000 [==============================] - 32s 32ms/step - loss: 0.5240 - acc: 0.7840 - val_loss: 0.5361 - val_acc: 0.7890
Epoch 36/150
100/100 [==============================] - 2s 19ms/step - loss: 0.5433 - acc: 0.7840
1000/1000 [==============================] - 33s 33ms/step - loss: 0.5312 - acc: 0.7880 - val_loss: 0.5433 - val_acc: 0.7840
Epoch 37/150
100/100 [==============================] - 1s 12ms/step - loss: 0.5343 - acc: 0.7950
1000/1000 [==============================] - 34s 34ms/step - loss: 0.5473 - acc: 0.7767 - val_loss: 0.5343 - val_acc: 0.7950
Epoch 38/150
100/100 [==============================] - 1s 15ms/step - loss: 0.5524 - acc: 0.7770
1000/1000 [==============================] - 33s 33ms/step - loss: 0.5096 - acc: 0.7890 - val_loss: 0.5524 - val_acc: 0.7770
Epoch 39/150
100/100 [==============================] - 2s 19ms/step - loss: 0.5275 - acc: 0.7810
1000/1000 [==============================] - 32s 32ms/step - loss: 0.5131 - acc: 0.7883 - val_loss: 0.5275 - val_acc: 0.7810
Epoch 40/150
100/100 [==============================] - 2s 15ms/step - loss: 0.5559 - acc: 0.7610
1000/1000 [==============================] - 31s 31ms/step - loss: 0.5219 - acc: 0.7837 - val_loss: 0.5559 - val_acc: 0.7610
Epoch 41/150
100/100 [==============================] - 2s 19ms/step - loss: 0.5429 - acc: 0.7660
1000/1000 [==============================] - 32s 32ms/step - loss: 0.5177 - acc: 0.7930 - val_loss: 0.5429 - val_acc: 0.7660
Epoch 42/150
100/100 [==============================] - 1s 13ms/step - loss: 0.5293 - acc: 0.7840
1000/1000 [==============================] - 30s 30ms/step - loss: 0.5093 - acc: 0.7940 - val_loss: 0.5293 - val_acc: 0.7840
Epoch 43/150
100/100 [==============================] - 2s 19ms/step - loss: 0.5547 - acc: 0.7760
1000/1000 [==============================] - 32s 32ms/step - loss: 0.4977 - acc: 0.8060 - val_loss: 0.5547 - val_acc: 0.7760
Epoch 44/150
100/100 [==============================] - 2s 19ms/step - loss: 0.5267 - acc: 0.7840
1000/1000 [==============================] - 31s 31ms/step - loss: 0.5274 - acc: 0.7890 - val_loss: 0.5267 - val_acc: 0.7840
Epoch 45/150
100/100 [==============================] - 2s 16ms/step - loss: 0.5558 - acc: 0.7660
1000/1000 [==============================] - 31s 31ms/step - loss: 0.5373 - acc: 0.7880 - val_loss: 0.5558 - val_acc: 0.7660
Epoch 46/150
100/100 [==============================] - 2s 17ms/step - loss: 0.5497 - acc: 0.7770
1000/1000 [==============================] - 33s 33ms/step - loss: 0.5095 - acc: 0.7940 - val_loss: 0.5497 - val_acc: 0.7770
Epoch 47/150
100/100 [==============================] - 2s 18ms/step - loss: 0.5800 - acc: 0.7620
1000/1000 [==============================] - 32s 32ms/step - loss: 0.5001 - acc: 0.7920 - val_loss: 0.5800 - val_acc: 0.7620
Epoch 48/150
100/100 [==============================] - 2s 18ms/step - loss: 0.5339 - acc: 0.7910
1000/1000 [==============================] - 32s 32ms/step - loss: 0.5037 - acc: 0.7917 - val_loss: 0.5339 - val_acc: 0.7910
Epoch 49/150
100/100 [==============================] - 2s 18ms/step - loss: 0.6064 - acc: 0.7600
1000/1000 [==============================] - 32s 32ms/step - loss: 0.5063 - acc: 0.7933 - val_loss: 0.6064 - val_acc: 0.7600
Epoch 50/150
100/100 [==============================] - 2s 17ms/step - loss: 0.5689 - acc: 0.7780
1000/1000 [==============================] - 34s 34ms/step - loss: 0.4978 - acc: 0.7940 - val_loss: 0.5689 - val_acc: 0.7780
Epoch 51/150
100/100 [==============================] - 2s 15ms/step - loss: 0.5150 - acc: 0.7910
1000/1000 [==============================] - 33s 33ms/step - loss: 0.4852 - acc: 0.7993 - val_loss: 0.5150 - val_acc: 0.7910
Epoch 52/150
100/100 [==============================] - 2s 16ms/step - loss: 0.5054 - acc: 0.7830
1000/1000 [==============================] - 34s 34ms/step - loss: 0.5219 - acc: 0.7943 - val_loss: 0.5054 - val_acc: 0.7830
Epoch 53/150
100/100 [==============================] - 2s 19ms/step - loss: 0.5078 - acc: 0.7860
1000/1000 [==============================] - 35s 35ms/step - loss: 0.5022 - acc: 0.7953 - val_loss: 0.5078 - val_acc: 0.7860
Epoch 54/150
100/100 [==============================] - 2s 18ms/step - loss: 0.5226 - acc: 0.7790
1000/1000 [==============================] - 35s 35ms/step - loss: 0.5022 - acc: 0.7970 - val_loss: 0.5226 - val_acc: 0.7790
Epoch 55/150
100/100 [==============================] - 2s 20ms/step - loss: 0.5220 - acc: 0.7740
1000/1000 [==============================] - 34s 34ms/step - loss: 0.4982 - acc: 0.7983 - val_loss: 0.5220 - val_acc: 0.7740
Epoch 56/150
100/100 [==============================] - 2s 19ms/step - loss: 0.5686 - acc: 0.7710
1000/1000 [==============================] - 34s 34ms/step - loss: 0.5097 - acc: 0.7933 - val_loss: 0.5686 - val_acc: 0.7710
Epoch 57/150
100/100 [==============================] - 2s 18ms/step - loss: 0.5709 - acc: 0.7680
1000/1000 [==============================] - 36s 36ms/step - loss: 0.5055 - acc: 0.7957 - val_loss: 0.5709 - val_acc: 0.7680
Epoch 58/150
100/100 [==============================] - 1s 11ms/step - loss: 0.5321 - acc: 0.7870
1000/1000 [==============================] - 24s 24ms/step - loss: 0.4905 - acc: 0.7987 - val_loss: 0.5321 - val_acc: 0.7870
Epoch 59/150
100/100 [==============================] - 2s 19ms/step - loss: 0.6171 - acc: 0.7760
1000/1000 [==============================] - 38s 38ms/step - loss: 0.4938 - acc: 0.7950 - val_loss: 0.6171 - val_acc: 0.7760
Epoch 60/150
100/100 [==============================] - 1s 11ms/step - loss: 0.5210 - acc: 0.7860
1000/1000 [==============================] - 25s 25ms/step - loss: 0.4959 - acc: 0.8053 - val_loss: 0.5210 - val_acc: 0.7860
Epoch 61/150
100/100 [==============================] - 1s 10ms/step - loss: 0.5541 - acc: 0.7760
1000/1000 [==============================] - 22s 22ms/step - loss: 0.5017 - acc: 0.7977 - val_loss: 0.5541 - val_acc: 0.7760
Epoch 62/150
100/100 [==============================] - 1s 11ms/step - loss: 0.5685 - acc: 0.7660
1000/1000 [==============================] - 23s 23ms/step - loss: 0.5207 - acc: 0.7907 - val_loss: 0.5685 - val_acc: 0.7660
Epoch 63/150
100/100 [==============================] - 1s 10ms/step - loss: 0.5233 - acc: 0.8040
1000/1000 [==============================] - 22s 22ms/step - loss: 0.5145 - acc: 0.7900 - val_loss: 0.5233 - val_acc: 0.8040
Epoch 64/150
100/100 [==============================] - 1s 11ms/step - loss: 0.5179 - acc: 0.7920
1000/1000 [==============================] - 22s 22ms/step - loss: 0.4881 - acc: 0.7943 - val_loss: 0.5179 - val_acc: 0.7920
Epoch 65/150
100/100 [==============================] - 1s 12ms/step - loss: 0.5115 - acc: 0.7740
1000/1000 [==============================] - 22s 22ms/step - loss: 0.5131 - acc: 0.7923 - val_loss: 0.5115 - val_acc: 0.7740
Epoch 66/150
100/100 [==============================] - 1s 11ms/step - loss: 0.5915 - acc: 0.7480
1000/1000 [==============================] - 23s 23ms/step - loss: 0.4704 - acc: 0.8053 - val_loss: 0.5915 - val_acc: 0.7480
Epoch 67/150
100/100 [==============================] - 1s 11ms/step - loss: 0.5390 - acc: 0.7800
1000/1000 [==============================] - 22s 22ms/step - loss: 0.5074 - acc: 0.7863 - val_loss: 0.5390 - val_acc: 0.7800
Epoch 68/150
100/100 [==============================] - 1s 11ms/step - loss: 0.5459 - acc: 0.7940
1000/1000 [==============================] - 22s 22ms/step - loss: 0.5010 - acc: 0.7923 - val_loss: 0.5459 - val_acc: 0.7940
Epoch 69/150
100/100 [==============================] - 1s 11ms/step - loss: 0.5978 - acc: 0.7680
1000/1000 [==============================] - 22s 22ms/step - loss: 0.4798 - acc: 0.8090 - val_loss: 0.5978 - val_acc: 0.7680
Epoch 70/150
100/100 [==============================] - 1s 10ms/step - loss: 0.5252 - acc: 0.7880
1000/1000 [==============================] - 22s 22ms/step - loss: 0.5010 - acc: 0.7997 - val_loss: 0.5252 - val_acc: 0.7880
Epoch 71/150
100/100 [==============================] - 1s 10ms/step - loss: 0.5644 - acc: 0.7720
1000/1000 [==============================] - 22s 22ms/step - loss: 0.5012 - acc: 0.8007 - val_loss: 0.5644 - val_acc: 0.7720
Epoch 72/150
100/100 [==============================] - 1s 10ms/step - loss: 0.5465 - acc: 0.7820
1000/1000 [==============================] - 22s 22ms/step - loss: 0.4930 - acc: 0.7990 - val_loss: 0.5465 - val_acc: 0.7820
Epoch 73/150
100/100 [==============================] - 1s 10ms/step - loss: 0.5349 - acc: 0.7910
1000/1000 [==============================] - 22s 22ms/step - loss: 0.4869 - acc: 0.8067 - val_loss: 0.5349 - val_acc: 0.7910
Epoch 74/150
100/100 [==============================] - 1s 11ms/step - loss: 0.5454 - acc: 0.7770
1000/1000 [==============================] - 22s 22ms/step - loss: 0.4852 - acc: 0.8080 - val_loss: 0.5454 - val_acc: 0.7770
Epoch 75/150
100/100 [==============================] - 2s 21ms/step - loss: 0.5282 - acc: 0.7870
1000/1000 [==============================] - 25s 25ms/step - loss: 0.4634 - acc: 0.8120 - val_loss: 0.5282 - val_acc: 0.7870
Epoch 76/150
100/100 [==============================] - 1s 13ms/step - loss: 0.5242 - acc: 0.7960
1000/1000 [==============================] - 35s 35ms/step - loss: 0.5183 - acc: 0.8070 - val_loss: 0.5242 - val_acc: 0.7960
Epoch 77/150
100/100 [==============================] - 2s 19ms/step - loss: 0.5561 - acc: 0.7670
1000/1000 [==============================] - 31s 31ms/step - loss: 0.5007 - acc: 0.7913 - val_loss: 0.5561 - val_acc: 0.7670
Epoch 78/150
100/100 [==============================] - 2s 19ms/step - loss: 0.5666 - acc: 0.7840
1000/1000 [==============================] - 38s 38ms/step - loss: 0.5135 - acc: 0.7900 - val_loss: 0.5666 - val_acc: 0.7840
Epoch 79/150
100/100 [==============================] - 2s 19ms/step - loss: 0.5549 - acc: 0.7690
1000/1000 [==============================] - 38s 38ms/step - loss: 0.4763 - acc: 0.8087 - val_loss: 0.5549 - val_acc: 0.7690
Epoch 80/150
100/100 [==============================] - 2s 21ms/step - loss: 0.5342 - acc: 0.7910
1000/1000 [==============================] - 37s 37ms/step - loss: 0.5102 - acc: 0.7877 - val_loss: 0.5342 - val_acc: 0.7910
Epoch 81/150
100/100 [==============================] - 2s 20ms/step - loss: 0.5246 - acc: 0.7940
1000/1000 [==============================] - 39s 39ms/step - loss: 0.4873 - acc: 0.8030 - val_loss: 0.5246 - val_acc: 0.7940
Epoch 82/150
100/100 [==============================] - 2s 20ms/step - loss: 0.5454 - acc: 0.7800
1000/1000 [==============================] - 37s 37ms/step - loss: 0.5018 - acc: 0.7990 - val_loss: 0.5454 - val_acc: 0.7800
Epoch 83/150
100/100 [==============================] - 2s 19ms/step - loss: 0.5227 - acc: 0.8050
1000/1000 [==============================] - 36s 36ms/step - loss: 0.4930 - acc: 0.8083 - val_loss: 0.5227 - val_acc: 0.8050
Epoch 84/150
100/100 [==============================] - 2s 19ms/step - loss: 0.5455 - acc: 0.7790
1000/1000 [==============================] - 37s 37ms/step - loss: 0.5136 - acc: 0.7933 - val_loss: 0.5455 - val_acc: 0.7790
Epoch 85/150
100/100 [==============================] - 1s 11ms/step - loss: 0.5732 - acc: 0.7730
1000/1000 [==============================] - 38s 38ms/step - loss: 0.4821 - acc: 0.8040 - val_loss: 0.5732 - val_acc: 0.7730
Epoch 86/150
100/100 [==============================] - 2s 20ms/step - loss: 0.5567 - acc: 0.7590
1000/1000 [==============================] - 40s 40ms/step - loss: 0.5138 - acc: 0.7883 - val_loss: 0.5567 - val_acc: 0.7590
Epoch 87/150
100/100 [==============================] - 2s 19ms/step - loss: 0.5813 - acc: 0.7570
1000/1000 [==============================] - 32s 32ms/step - loss: 0.4862 - acc: 0.8063 - val_loss: 0.5813 - val_acc: 0.7570
Epoch 88/150
100/100 [==============================] - 1s 14ms/step - loss: 0.5407 - acc: 0.7870
1000/1000 [==============================] - 37s 37ms/step - loss: 0.4818 - acc: 0.8100 - val_loss: 0.5407 - val_acc: 0.7870
Epoch 89/150
100/100 [==============================] - 2s 19ms/step - loss: 0.5390 - acc: 0.7720
1000/1000 [==============================] - 38s 38ms/step - loss: 0.5087 - acc: 0.7923 - val_loss: 0.5390 - val_acc: 0.7720
Epoch 90/150
100/100 [==============================] - 2s 18ms/step - loss: 0.5284 - acc: 0.7880
1000/1000 [==============================] - 36s 36ms/step - loss: 0.5043 - acc: 0.8033 - val_loss: 0.5284 - val_acc: 0.7880
Epoch 91/150
100/100 [==============================] - 2s 21ms/step - loss: 0.5672 - acc: 0.7830
1000/1000 [==============================] - 28s 28ms/step - loss: 0.5123 - acc: 0.7947 - val_loss: 0.5672 - val_acc: 0.7830
Epoch 92/150
100/100 [==============================] - 2s 18ms/step - loss: 0.5291 - acc: 0.7950
1000/1000 [==============================] - 32s 32ms/step - loss: 0.4745 - acc: 0.8050 - val_loss: 0.5291 - val_acc: 0.7950
Epoch 93/150
100/100 [==============================] - 1s 11ms/step - loss: 0.5552 - acc: 0.7900
1000/1000 [==============================] - 25s 25ms/step - loss: 0.4633 - acc: 0.8183 - val_loss: 0.5552 - val_acc: 0.7900
Epoch 94/150
100/100 [==============================] - 2s 20ms/step - loss: 0.5727 - acc: 0.7710
1000/1000 [==============================] - 29s 29ms/step - loss: 0.4754 - acc: 0.8070 - val_loss: 0.5727 - val_acc: 0.7710
Epoch 95/150
100/100 [==============================] - 1s 11ms/step - loss: 0.5513 - acc: 0.7860
1000/1000 [==============================] - 23s 23ms/step - loss: 0.4840 - acc: 0.8097 - val_loss: 0.5513 - val_acc: 0.7860
Epoch 96/150
100/100 [==============================] - 1s 11ms/step - loss: 0.4864 - acc: 0.8030
1000/1000 [==============================] - 22s 22ms/step - loss: 0.4602 - acc: 0.8167 - val_loss: 0.4864 - val_acc: 0.8030
Epoch 97/150
100/100 [==============================] - 1s 11ms/step - loss: 0.4860 - acc: 0.8140
1000/1000 [==============================] - 22s 22ms/step - loss: 0.4912 - acc: 0.7953 - val_loss: 0.4860 - val_acc: 0.8140
Epoch 98/150
100/100 [==============================] - 2s 15ms/step - loss: 0.5319 - acc: 0.7990
1000/1000 [==============================] - 29s 29ms/step - loss: 0.4687 - acc: 0.8107 - val_loss: 0.5319 - val_acc: 0.7990
Epoch 99/150
100/100 [==============================] - 2s 15ms/step - loss: 0.5361 - acc: 0.7940
1000/1000 [==============================] - 30s 30ms/step - loss: 0.4819 - acc: 0.8127 - val_loss: 0.5361 - val_acc: 0.7940
Epoch 100/150
100/100 [==============================] - 2s 18ms/step - loss: 0.5264 - acc: 0.7950
1000/1000 [==============================] - 33s 33ms/step - loss: 0.4614 - acc: 0.8123 - val_loss: 0.5264 - val_acc: 0.7950
Epoch 101/150
100/100 [==============================] - 1s 10ms/step - loss: 0.5344 - acc: 0.7710
1000/1000 [==============================] - 22s 22ms/step - loss: 0.4916 - acc: 0.7980 - val_loss: 0.5344 - val_acc: 0.7710
Epoch 102/150
100/100 [==============================] - 1s 12ms/step - loss: 0.5649 - acc: 0.7540
1000/1000 [==============================] - 22s 22ms/step - loss: 0.4682 - acc: 0.8070 - val_loss: 0.5649 - val_acc: 0.7540
Epoch 103/150
100/100 [==============================] - 1s 10ms/step - loss: 0.5392 - acc: 0.7870
1000/1000 [==============================] - 22s 22ms/step - loss: 0.4735 - acc: 0.8093 - val_loss: 0.5392 - val_acc: 0.7870
Epoch 104/150
100/100 [==============================] - 1s 13ms/step - loss: 0.5938 - acc: 0.7470
1000/1000 [==============================] - 22s 22ms/step - loss: 0.4900 - acc: 0.7970 - val_loss: 0.5938 - val_acc: 0.7470
Epoch 105/150
100/100 [==============================] - 1s 10ms/step - loss: 0.5421 - acc: 0.7740
1000/1000 [==============================] - 22s 22ms/step - loss: 0.4838 - acc: 0.8047 - val_loss: 0.5421 - val_acc: 0.7740
Epoch 106/150
100/100 [==============================] - 1s 12ms/step - loss: 0.5274 - acc: 0.7890
1000/1000 [==============================] - 22s 22ms/step - loss: 0.4677 - acc: 0.8133 - val_loss: 0.5274 - val_acc: 0.7890
Epoch 107/150
100/100 [==============================] - 1s 12ms/step - loss: 0.5103 - acc: 0.7870
1000/1000 [==============================] - 22s 22ms/step - loss: 0.4922 - acc: 0.8017 - val_loss: 0.5103 - val_acc: 0.7870
Epoch 108/150
100/100 [==============================] - 1s 11ms/step - loss: 0.5174 - acc: 0.7990
1000/1000 [==============================] - 22s 22ms/step - loss: 0.4667 - acc: 0.8110 - val_loss: 0.5174 - val_acc: 0.7990
Epoch 109/150
100/100 [==============================] - 1s 11ms/step - loss: 0.5370 - acc: 0.7860
1000/1000 [==============================] - 23s 23ms/step - loss: 0.5024 - acc: 0.8070 - val_loss: 0.5370 - val_acc: 0.7860
Epoch 110/150
100/100 [==============================] - 1s 11ms/step - loss: 0.5221 - acc: 0.7950
1000/1000 [==============================] - 22s 22ms/step - loss: 0.4698 - acc: 0.8153 - val_loss: 0.5221 - val_acc: 0.7950
Epoch 111/150
100/100 [==============================] - 1s 11ms/step - loss: 0.5589 - acc: 0.7810
1000/1000 [==============================] - 22s 22ms/step - loss: 0.4655 - acc: 0.8077 - val_loss: 0.5589 - val_acc: 0.7810
Epoch 112/150
100/100 [==============================] - 1s 11ms/step - loss: 0.5490 - acc: 0.7930
1000/1000 [==============================] - 22s 22ms/step - loss: 0.4938 - acc: 0.7957 - val_loss: 0.5490 - val_acc: 0.7930
Epoch 113/150
100/100 [==============================] - 1s 11ms/step - loss: 0.5155 - acc: 0.7870
1000/1000 [==============================] - 21s 21ms/step - loss: 0.4928 - acc: 0.8083 - val_loss: 0.5155 - val_acc: 0.7870
Epoch 114/150
100/100 [==============================] - 1s 10ms/step - loss: 0.5387 - acc: 0.7870
1000/1000 [==============================] - 22s 22ms/step - loss: 0.4691 - acc: 0.8097 - val_loss: 0.5387 - val_acc: 0.7870
Epoch 115/150
100/100 [==============================] - 1s 11ms/step - loss: 0.5478 - acc: 0.7880
1000/1000 [==============================] - 22s 22ms/step - loss: 0.4954 - acc: 0.8027 - val_loss: 0.5478 - val_acc: 0.7880
Epoch 116/150
100/100 [==============================] - 1s 11ms/step - loss: 0.5455 - acc: 0.7760
1000/1000 [==============================] - 23s 23ms/step - loss: 0.4532 - acc: 0.8103 - val_loss: 0.5455 - val_acc: 0.7760
Epoch 117/150
100/100 [==============================] - 1s 10ms/step - loss: 0.5183 - acc: 0.7970
1000/1000 [==============================] - 23s 23ms/step - loss: 0.4686 - acc: 0.8110 - val_loss: 0.5183 - val_acc: 0.7970
Epoch 118/150
100/100 [==============================] - 1s 10ms/step - loss: 0.5090 - acc: 0.7860
1000/1000 [==============================] - 23s 23ms/step - loss: 0.4699 - acc: 0.8053 - val_loss: 0.5090 - val_acc: 0.7860
Epoch 119/150
100/100 [==============================] - 1s 11ms/step - loss: 0.5025 - acc: 0.7860
1000/1000 [==============================] - 22s 22ms/step - loss: 0.4811 - acc: 0.8087 - val_loss: 0.5025 - val_acc: 0.7860
Epoch 120/150
100/100 [==============================] - 1s 10ms/step - loss: 0.5523 - acc: 0.7760
1000/1000 [==============================] - 22s 22ms/step - loss: 0.4690 - acc: 0.8123 - val_loss: 0.5523 - val_acc: 0.7760
Epoch 121/150
100/100 [==============================] - 1s 10ms/step - loss: 0.5137 - acc: 0.8120
1000/1000 [==============================] - 22s 22ms/step - loss: 0.4608 - acc: 0.8183 - val_loss: 0.5137 - val_acc: 0.8120
Epoch 122/150
100/100 [==============================] - 1s 10ms/step - loss: 0.5279 - acc: 0.7930
1000/1000 [==============================] - 23s 23ms/step - loss: 0.4830 - acc: 0.8050 - val_loss: 0.5279 - val_acc: 0.7930
Epoch 123/150
100/100 [==============================] - 1s 11ms/step - loss: 0.5693 - acc: 0.7970
1000/1000 [==============================] - 23s 23ms/step - loss: 0.4868 - acc: 0.7977 - val_loss: 0.5693 - val_acc: 0.7970
Epoch 124/150
100/100 [==============================] - 1s 11ms/step - loss: 0.5107 - acc: 0.7950
1000/1000 [==============================] - 23s 23ms/step - loss: 0.4655 - acc: 0.8140 - val_loss: 0.5107 - val_acc: 0.7950
Epoch 125/150
100/100 [==============================] - 1s 10ms/step - loss: 0.5080 - acc: 0.7830
1000/1000 [==============================] - 23s 23ms/step - loss: 0.4804 - acc: 0.8080 - val_loss: 0.5080 - val_acc: 0.7830
Epoch 126/150
100/100 [==============================] - 1s 10ms/step - loss: 0.5665 - acc: 0.7720
1000/1000 [==============================] - 22s 22ms/step - loss: 0.4822 - acc: 0.8050 - val_loss: 0.5665 - val_acc: 0.7720
Epoch 127/150
100/100 [==============================] - 1s 11ms/step - loss: 0.5131 - acc: 0.8030
1000/1000 [==============================] - 24s 24ms/step - loss: 0.4743 - acc: 0.8077 - val_loss: 0.5131 - val_acc: 0.8030
Epoch 128/150
100/100 [==============================] - 1s 10ms/step - loss: 0.4927 - acc: 0.8020
1000/1000 [==============================] - 23s 23ms/step - loss: 0.4858 - acc: 0.7997 - val_loss: 0.4927 - val_acc: 0.8020
Epoch 129/150
100/100 [==============================] - 1s 10ms/step - loss: 0.5638 - acc: 0.7710
1000/1000 [==============================] - 23s 23ms/step - loss: 0.4781 - acc: 0.8047 - val_loss: 0.5638 - val_acc: 0.7710
Epoch 130/150
100/100 [==============================] - 1s 10ms/step - loss: 0.5581 - acc: 0.7800
1000/1000 [==============================] - 24s 24ms/step - loss: 0.4582 - acc: 0.8243 - val_loss: 0.5581 - val_acc: 0.7800
Epoch 131/150
100/100 [==============================] - 1s 10ms/step - loss: 0.5232 - acc: 0.7910
1000/1000 [==============================] - 24s 24ms/step - loss: 0.4748 - acc: 0.8100 - val_loss: 0.5232 - val_acc: 0.7910
Epoch 132/150
100/100 [==============================] - 1s 11ms/step - loss: 0.5324 - acc: 0.7870
1000/1000 [==============================] - 24s 24ms/step - loss: 0.4785 - acc: 0.8103 - val_loss: 0.5324 - val_acc: 0.7870
Epoch 133/150
100/100 [==============================] - 1s 10ms/step - loss: 0.5468 - acc: 0.7820
1000/1000 [==============================] - 24s 24ms/step - loss: 0.4747 - acc: 0.8060 - val_loss: 0.5468 - val_acc: 0.7820
Epoch 134/150
100/100 [==============================] - 1s 10ms/step - loss: 0.5057 - acc: 0.8070
1000/1000 [==============================] - 23s 23ms/step - loss: 0.4657 - acc: 0.8110 - val_loss: 0.5057 - val_acc: 0.8070
Epoch 135/150
100/100 [==============================] - 1s 10ms/step - loss: 0.5081 - acc: 0.7960
1000/1000 [==============================] - 23s 23ms/step - loss: 0.4346 - acc: 0.8337 - val_loss: 0.5081 - val_acc: 0.7960
Epoch 136/150
100/100 [==============================] - 1s 12ms/step - loss: 0.5007 - acc: 0.7980
1000/1000 [==============================] - 23s 23ms/step - loss: 0.4763 - acc: 0.8007 - val_loss: 0.5007 - val_acc: 0.7980
Epoch 137/150
100/100 [==============================] - 1s 11ms/step - loss: 0.5421 - acc: 0.7860
1000/1000 [==============================] - 23s 23ms/step - loss: 0.4662 - acc: 0.8097 - val_loss: 0.5421 - val_acc: 0.7860
Epoch 138/150
100/100 [==============================] - 1s 10ms/step - loss: 0.5349 - acc: 0.7820
1000/1000 [==============================] - 21s 21ms/step - loss: 0.4896 - acc: 0.8007 - val_loss: 0.5349 - val_acc: 0.7820
Epoch 139/150
100/100 [==============================] - 1s 10ms/step - loss: 0.5562 - acc: 0.7700
1000/1000 [==============================] - 22s 22ms/step - loss: 0.4893 - acc: 0.8047 - val_loss: 0.5562 - val_acc: 0.7700
Epoch 140/150
100/100 [==============================] - 1s 10ms/step - loss: 0.5155 - acc: 0.7890
1000/1000 [==============================] - 22s 22ms/step - loss: 0.4774 - acc: 0.8133 - val_loss: 0.5155 - val_acc: 0.7890
Epoch 141/150
100/100 [==============================] - 1s 10ms/step - loss: 0.5354 - acc: 0.7830
1000/1000 [==============================] - 22s 22ms/step - loss: 0.4563 - acc: 0.8223 - val_loss: 0.5354 - val_acc: 0.7830
Epoch 142/150
100/100 [==============================] - 1s 10ms/step - loss: 0.5201 - acc: 0.7790
1000/1000 [==============================] - 21s 21ms/step - loss: 0.4631 - acc: 0.8127 - val_loss: 0.5201 - val_acc: 0.7790
Epoch 143/150
100/100 [==============================] - 1s 11ms/step - loss: 0.4982 - acc: 0.8160
1000/1000 [==============================] - 22s 22ms/step - loss: 0.4609 - acc: 0.8187 - val_loss: 0.4982 - val_acc: 0.8160
Epoch 144/150
100/100 [==============================] - 1s 10ms/step - loss: 0.5187 - acc: 0.7920
1000/1000 [==============================] - 21s 21ms/step - loss: 0.4869 - acc: 0.7977 - val_loss: 0.5187 - val_acc: 0.7920
Epoch 145/150
100/100 [==============================] - 1s 11ms/step - loss: 0.5423 - acc: 0.7930
1000/1000 [==============================] - 22s 22ms/step - loss: 0.4548 - acc: 0.8200 - val_loss: 0.5423 - val_acc: 0.7930
Epoch 146/150
100/100 [==============================] - 1s 11ms/step - loss: 0.5510 - acc: 0.7830
1000/1000 [==============================] - 21s 21ms/step - loss: 0.4958 - acc: 0.8067 - val_loss: 0.5510 - val_acc: 0.7830
Epoch 147/150
100/100 [==============================] - 1s 10ms/step - loss: 0.4969 - acc: 0.8030
1000/1000 [==============================] - 22s 22ms/step - loss: 0.4711 - acc: 0.8117 - val_loss: 0.4969 - val_acc: 0.8030
Epoch 148/150
100/100 [==============================] - 1s 10ms/step - loss: 0.5611 - acc: 0.7600
1000/1000 [==============================] - 22s 22ms/step - loss: 0.4729 - acc: 0.8057 - val_loss: 0.5611 - val_acc: 0.7600
Epoch 149/150
100/100 [==============================] - 1s 10ms/step - loss: 0.5191 - acc: 0.8030
1000/1000 [==============================] - 22s 22ms/step - loss: 0.4539 - acc: 0.8283 - val_loss: 0.5191 - val_acc: 0.8030
Epoch 150/150
100/100 [==============================] - 1s 10ms/step - loss: 0.5761 - acc: 0.7830
1000/1000 [==============================] - 22s 22ms/step - loss: 0.4705 - acc: 0.8147 - val_loss: 0.5761 - val_acc: 0.7830

real	65m6.771s
user	322m12.266s
sys	19m10.576s
